<testsuites id="" name="" tests="280" failures="270" skipped="0" errors="0" time="93.161639">
<testsuite name="tests/01-onboarding.spec.ts" timestamp="2025-09-10T19:16:53.435Z" hostname="chromium" tests="4" failures="4" skipped="0" time="49.591" errors="0">
<testcase name="User Onboarding Flow › new user can complete full onboarding" classname="tests/01-onboarding.spec.ts" time="6.67">
<failure message="01-onboarding.spec.ts:4:7 new user can complete full onboarding" type="FAILURE">
<![CDATA[  [chromium] › tests/01-onboarding.spec.ts:4:7 › User Onboarding Flow › new user can complete full onboarding 

    Error: expect(locator).toBeVisible() failed

    Locator:  getByRole('heading', { name: /Welcome to Moshimoshi/i })
    Expected: visible
    Received: <element(s) not found>
    Timeout:  5000ms

    Call log:
      - Expect "toBeVisible" with timeout 5000ms
      - waiting for getByRole('heading', { name: /Welcome to Moshimoshi/i })


       7 |     
       8 |     // Check landing page elements
    >  9 |     await expect(page.getByRole('heading', { name: /Welcome to Moshimoshi/i })).toBeVisible();
         |                                                                                 ^
      10 |     await expect(page.getByRole('link', { name: /Get Started/i })).toBeVisible();
      11 |     
      12 |     // Navigate to signup
        at /home/beano/DevProjects/next_js/moshimoshi/e2e/tests/01-onboarding.spec.ts:9:81

    attachment #1: screenshot (image/png) ──────────────────────────────────────────────────────────
    ../test-results/tests-01-onboarding-User-O-9b3e3-an-complete-full-onboarding-chromium/test-failed-1.png
    ────────────────────────────────────────────────────────────────────────────────────────────────

    attachment #2: video (video/webm) ──────────────────────────────────────────────────────────────
    ../test-results/tests-01-onboarding-User-O-9b3e3-an-complete-full-onboarding-chromium/video.webm
    ────────────────────────────────────────────────────────────────────────────────────────────────

    Error Context: ../test-results/tests-01-onboarding-User-O-9b3e3-an-complete-full-onboarding-chromium/error-context.md
]]>
</failure>
<system-out>
<![CDATA[
[[ATTACHMENT|tests-01-onboarding-User-O-9b3e3-an-complete-full-onboarding-chromium/test-failed-1.png]]

[[ATTACHMENT|tests-01-onboarding-User-O-9b3e3-an-complete-full-onboarding-chromium/video.webm]]

[[ATTACHMENT|tests-01-onboarding-User-O-9b3e3-an-complete-full-onboarding-chromium/error-context.md]]
]]>
</system-out>
</testcase>
<testcase name="User Onboarding Flow › existing user can login" classname="tests/01-onboarding.spec.ts" time="17.994">
<failure message="01-onboarding.spec.ts:54:7 existing user can login" type="FAILURE">
<![CDATA[  [chromium] › tests/01-onboarding.spec.ts:54:7 › User Onboarding Flow › existing user can login ───

    TimeoutError: page.fill: Timeout 15000ms exceeded.
    Call log:
      - waiting for locator('input[name="password"]')


      59 |     
      60 |     await page.fill('input[name="email"]', testEmail);
    > 61 |     await page.fill('input[name="password"]', testPassword);
         |                ^
      62 |     await page.fill('input[name="confirmPassword"]', testPassword);
      63 |     
      64 |     const termsCheckbox = page.locator('input[type="checkbox"][name="terms"]');
        at /home/beano/DevProjects/next_js/moshimoshi/e2e/tests/01-onboarding.spec.ts:61:16

    attachment #1: screenshot (image/png) ──────────────────────────────────────────────────────────
    ../test-results/tests-01-onboarding-User-O-5b3b1-low-existing-user-can-login-chromium/test-failed-1.png
    ────────────────────────────────────────────────────────────────────────────────────────────────

    attachment #2: video (video/webm) ──────────────────────────────────────────────────────────────
    ../test-results/tests-01-onboarding-User-O-5b3b1-low-existing-user-can-login-chromium/video.webm
    ────────────────────────────────────────────────────────────────────────────────────────────────

    Error Context: ../test-results/tests-01-onboarding-User-O-5b3b1-low-existing-user-can-login-chromium/error-context.md
]]>
</failure>
<system-out>
<![CDATA[
[[ATTACHMENT|tests-01-onboarding-User-O-5b3b1-low-existing-user-can-login-chromium/test-failed-1.png]]

[[ATTACHMENT|tests-01-onboarding-User-O-5b3b1-low-existing-user-can-login-chromium/video.webm]]

[[ATTACHMENT|tests-01-onboarding-User-O-5b3b1-low-existing-user-can-login-chromium/error-context.md]]
]]>
</system-out>
</testcase>
<testcase name="User Onboarding Flow › password reset flow works" classname="tests/01-onboarding.spec.ts" time="16.813">
<failure message="01-onboarding.spec.ts:93:7 password reset flow works" type="FAILURE">
<![CDATA[  [chromium] › tests/01-onboarding.spec.ts:93:7 › User Onboarding Flow › password reset flow works ─

    TimeoutError: page.click: Timeout 15000ms exceeded.
    Call log:
      - waiting for locator('text=Forgot password')


       95 |     
       96 |     // Click forgot password
    >  97 |     await page.click('text=Forgot password');
          |                ^
       98 |     await expect(page).toHaveURL(/\/auth\/forgot-password/);
       99 |     
      100 |     // Enter email
        at /home/beano/DevProjects/next_js/moshimoshi/e2e/tests/01-onboarding.spec.ts:97:16

    attachment #1: screenshot (image/png) ──────────────────────────────────────────────────────────
    ../test-results/tests-01-onboarding-User-O-15728-w-password-reset-flow-works-chromium/test-failed-1.png
    ────────────────────────────────────────────────────────────────────────────────────────────────

    attachment #2: video (video/webm) ──────────────────────────────────────────────────────────────
    ../test-results/tests-01-onboarding-User-O-15728-w-password-reset-flow-works-chromium/video.webm
    ────────────────────────────────────────────────────────────────────────────────────────────────

    Error Context: ../test-results/tests-01-onboarding-User-O-15728-w-password-reset-flow-works-chromium/error-context.md
]]>
</failure>
<system-out>
<![CDATA[
[[ATTACHMENT|tests-01-onboarding-User-O-15728-w-password-reset-flow-works-chromium/test-failed-1.png]]

[[ATTACHMENT|tests-01-onboarding-User-O-15728-w-password-reset-flow-works-chromium/video.webm]]

[[ATTACHMENT|tests-01-onboarding-User-O-15728-w-password-reset-flow-works-chromium/error-context.md]]
]]>
</system-out>
</testcase>
<testcase name="User Onboarding Flow › validates signup form fields" classname="tests/01-onboarding.spec.ts" time="8.114">
<failure message="01-onboarding.spec.ts:109:7 validates signup form fields" type="FAILURE">
<![CDATA[  [chromium] › tests/01-onboarding.spec.ts:109:7 › User Onboarding Flow › validates signup form fields 

    Error: expect(locator).toBeVisible() failed

    Locator:  getByText(/email.*required/i)
    Expected: visible
    Received: <element(s) not found>
    Timeout:  5000ms

    Call log:
      - Expect "toBeVisible" with timeout 5000ms
      - waiting for getByText(/email.*required/i)


      114 |     
      115 |     // Check for validation errors
    > 116 |     await expect(page.getByText(/email.*required/i)).toBeVisible();
          |                                                      ^
      117 |     await expect(page.getByText(/password.*required/i)).toBeVisible();
      118 |     
      119 |     // Test invalid email
        at /home/beano/DevProjects/next_js/moshimoshi/e2e/tests/01-onboarding.spec.ts:116:54

    attachment #1: screenshot (image/png) ──────────────────────────────────────────────────────────
    ../test-results/tests-01-onboarding-User-O-dfae6-alidates-signup-form-fields-chromium/test-failed-1.png
    ────────────────────────────────────────────────────────────────────────────────────────────────

    attachment #2: video (video/webm) ──────────────────────────────────────────────────────────────
    ../test-results/tests-01-onboarding-User-O-dfae6-alidates-signup-form-fields-chromium/video.webm
    ────────────────────────────────────────────────────────────────────────────────────────────────

    Error Context: ../test-results/tests-01-onboarding-User-O-dfae6-alidates-signup-form-fields-chromium/error-context.md
]]>
</failure>
<system-out>
<![CDATA[
[[ATTACHMENT|tests-01-onboarding-User-O-dfae6-alidates-signup-form-fields-chromium/test-failed-1.png]]

[[ATTACHMENT|tests-01-onboarding-User-O-dfae6-alidates-signup-form-fields-chromium/video.webm]]

[[ATTACHMENT|tests-01-onboarding-User-O-dfae6-alidates-signup-form-fields-chromium/error-context.md]]
]]>
</system-out>
</testcase>
</testsuite>
<testsuite name="tests/02-review-session.spec.ts" timestamp="2025-09-10T19:16:53.435Z" hostname="chromium" tests="5" failures="5" skipped="0" time="88.725" errors="0">
<testcase name="Review Session Flow › can start and complete a review session" classname="tests/02-review-session.spec.ts" time="17.465">
<failure message="02-review-session.spec.ts:10:7 can start and complete a review session" type="FAILURE">
<![CDATA[  [chromium] › tests/02-review-session.spec.ts:10:7 › Review Session Flow › can start and complete a review session 

    TimeoutError: page.fill: Timeout 15000ms exceeded.
    Call log:
      - waiting for locator('input[name="password"]')


       at helpers/test-user.ts:14

      12 |     await this.page.goto('/signup');
      13 |     await this.page.fill('input[name="email"]', testEmail);
    > 14 |     await this.page.fill('input[name="password"]', testPassword);
         |                     ^
      15 |     await this.page.fill('input[name="confirmPassword"]', testPassword);
      16 |     await this.page.click('button[type="submit"]');
      17 |     
        at TestUser.signUp (/home/beano/DevProjects/next_js/moshimoshi/e2e/helpers/test-user.ts:14:21)
        at /home/beano/DevProjects/next_js/moshimoshi/e2e/tests/02-review-session.spec.ts:6:33

    attachment #1: screenshot (image/png) ──────────────────────────────────────────────────────────
    ../test-results/tests-02-review-session-Re-42260-d-complete-a-review-session-chromium/test-failed-1.png
    ────────────────────────────────────────────────────────────────────────────────────────────────

    attachment #2: video (video/webm) ──────────────────────────────────────────────────────────────
    ../test-results/tests-02-review-session-Re-42260-d-complete-a-review-session-chromium/video.webm
    ────────────────────────────────────────────────────────────────────────────────────────────────

    Error Context: ../test-results/tests-02-review-session-Re-42260-d-complete-a-review-session-chromium/error-context.md
]]>
</failure>
<system-out>
<![CDATA[
[[ATTACHMENT|tests-02-review-session-Re-42260-d-complete-a-review-session-chromium/test-failed-1.png]]

[[ATTACHMENT|tests-02-review-session-Re-42260-d-complete-a-review-session-chromium/video.webm]]

[[ATTACHMENT|tests-02-review-session-Re-42260-d-complete-a-review-session-chromium/error-context.md]]
]]>
</system-out>
</testcase>
<testcase name="Review Session Flow › SRS algorithm updates intervals correctly" classname="tests/02-review-session.spec.ts" time="17.413">
<failure message="02-review-session.spec.ts:60:7 SRS algorithm updates intervals correctly" type="FAILURE">
<![CDATA[  [chromium] › tests/02-review-session.spec.ts:60:7 › Review Session Flow › SRS algorithm updates intervals correctly 

    TimeoutError: page.fill: Timeout 15000ms exceeded.
    Call log:
      - waiting for locator('input[name="password"]')


       at helpers/test-user.ts:14

      12 |     await this.page.goto('/signup');
      13 |     await this.page.fill('input[name="email"]', testEmail);
    > 14 |     await this.page.fill('input[name="password"]', testPassword);
         |                     ^
      15 |     await this.page.fill('input[name="confirmPassword"]', testPassword);
      16 |     await this.page.click('button[type="submit"]');
      17 |     
        at TestUser.signUp (/home/beano/DevProjects/next_js/moshimoshi/e2e/helpers/test-user.ts:14:21)
        at /home/beano/DevProjects/next_js/moshimoshi/e2e/tests/02-review-session.spec.ts:6:33

    attachment #1: screenshot (image/png) ──────────────────────────────────────────────────────────
    ../test-results/tests-02-review-session-Re-9f255-updates-intervals-correctly-chromium/test-failed-1.png
    ────────────────────────────────────────────────────────────────────────────────────────────────

    attachment #2: video (video/webm) ──────────────────────────────────────────────────────────────
    ../test-results/tests-02-review-session-Re-9f255-updates-intervals-correctly-chromium/video.webm
    ────────────────────────────────────────────────────────────────────────────────────────────────

    Error Context: ../test-results/tests-02-review-session-Re-9f255-updates-intervals-correctly-chromium/error-context.md
]]>
</failure>
<system-out>
<![CDATA[
[[ATTACHMENT|tests-02-review-session-Re-9f255-updates-intervals-correctly-chromium/test-failed-1.png]]

[[ATTACHMENT|tests-02-review-session-Re-9f255-updates-intervals-correctly-chromium/video.webm]]

[[ATTACHMENT|tests-02-review-session-Re-9f255-updates-intervals-correctly-chromium/error-context.md]]
]]>
</system-out>
</testcase>
<testcase name="Review Session Flow › review session persists progress" classname="tests/02-review-session.spec.ts" time="17.825">
<failure message="02-review-session.spec.ts:93:7 review session persists progress" type="FAILURE">
<![CDATA[  [chromium] › tests/02-review-session.spec.ts:93:7 › Review Session Flow › review session persists progress 

    TimeoutError: page.fill: Timeout 15000ms exceeded.
    Call log:
      - waiting for locator('input[name="password"]')


       at helpers/test-user.ts:14

      12 |     await this.page.goto('/signup');
      13 |     await this.page.fill('input[name="email"]', testEmail);
    > 14 |     await this.page.fill('input[name="password"]', testPassword);
         |                     ^
      15 |     await this.page.fill('input[name="confirmPassword"]', testPassword);
      16 |     await this.page.click('button[type="submit"]');
      17 |     
        at TestUser.signUp (/home/beano/DevProjects/next_js/moshimoshi/e2e/helpers/test-user.ts:14:21)
        at /home/beano/DevProjects/next_js/moshimoshi/e2e/tests/02-review-session.spec.ts:6:33

    attachment #1: screenshot (image/png) ──────────────────────────────────────────────────────────
    ../test-results/tests-02-review-session-Re-705a2-w-session-persists-progress-chromium/test-failed-1.png
    ────────────────────────────────────────────────────────────────────────────────────────────────

    attachment #2: video (video/webm) ──────────────────────────────────────────────────────────────
    ../test-results/tests-02-review-session-Re-705a2-w-session-persists-progress-chromium/video.webm
    ────────────────────────────────────────────────────────────────────────────────────────────────

    Error Context: ../test-results/tests-02-review-session-Re-705a2-w-session-persists-progress-chromium/error-context.md
]]>
</failure>
<system-out>
<![CDATA[
[[ATTACHMENT|tests-02-review-session-Re-705a2-w-session-persists-progress-chromium/test-failed-1.png]]

[[ATTACHMENT|tests-02-review-session-Re-705a2-w-session-persists-progress-chromium/video.webm]]

[[ATTACHMENT|tests-02-review-session-Re-705a2-w-session-persists-progress-chromium/error-context.md]]
]]>
</system-out>
</testcase>
<testcase name="Review Session Flow › handles empty review queue gracefully" classname="tests/02-review-session.spec.ts" time="18.061">
<failure message="02-review-session.spec.ts:135:7 handles empty review queue gracefully" type="FAILURE">
<![CDATA[  [chromium] › tests/02-review-session.spec.ts:135:7 › Review Session Flow › handles empty review queue gracefully 

    TimeoutError: page.fill: Timeout 15000ms exceeded.
    Call log:
      - waiting for locator('input[name="password"]')


       at helpers/test-user.ts:14

      12 |     await this.page.goto('/signup');
      13 |     await this.page.fill('input[name="email"]', testEmail);
    > 14 |     await this.page.fill('input[name="password"]', testPassword);
         |                     ^
      15 |     await this.page.fill('input[name="confirmPassword"]', testPassword);
      16 |     await this.page.click('button[type="submit"]');
      17 |     
        at TestUser.signUp (/home/beano/DevProjects/next_js/moshimoshi/e2e/helpers/test-user.ts:14:21)
        at /home/beano/DevProjects/next_js/moshimoshi/e2e/tests/02-review-session.spec.ts:6:33

    attachment #1: screenshot (image/png) ──────────────────────────────────────────────────────────
    ../test-results/tests-02-review-session-Re-851ef-pty-review-queue-gracefully-chromium/test-failed-1.png
    ────────────────────────────────────────────────────────────────────────────────────────────────

    attachment #2: video (video/webm) ──────────────────────────────────────────────────────────────
    ../test-results/tests-02-review-session-Re-851ef-pty-review-queue-gracefully-chromium/video.webm
    ────────────────────────────────────────────────────────────────────────────────────────────────

    Error Context: ../test-results/tests-02-review-session-Re-851ef-pty-review-queue-gracefully-chromium/error-context.md
]]>
</failure>
<system-out>
<![CDATA[
[[ATTACHMENT|tests-02-review-session-Re-851ef-pty-review-queue-gracefully-chromium/test-failed-1.png]]

[[ATTACHMENT|tests-02-review-session-Re-851ef-pty-review-queue-gracefully-chromium/video.webm]]

[[ATTACHMENT|tests-02-review-session-Re-851ef-pty-review-queue-gracefully-chromium/error-context.md]]
]]>
</system-out>
</testcase>
<testcase name="Review Session Flow › review statistics are tracked" classname="tests/02-review-session.spec.ts" time="17.961">
<failure message="02-review-session.spec.ts:149:7 review statistics are tracked" type="FAILURE">
<![CDATA[  [chromium] › tests/02-review-session.spec.ts:149:7 › Review Session Flow › review statistics are tracked 

    TimeoutError: page.fill: Timeout 15000ms exceeded.
    Call log:
      - waiting for locator('input[name="password"]')


       at helpers/test-user.ts:14

      12 |     await this.page.goto('/signup');
      13 |     await this.page.fill('input[name="email"]', testEmail);
    > 14 |     await this.page.fill('input[name="password"]', testPassword);
         |                     ^
      15 |     await this.page.fill('input[name="confirmPassword"]', testPassword);
      16 |     await this.page.click('button[type="submit"]');
      17 |     
        at TestUser.signUp (/home/beano/DevProjects/next_js/moshimoshi/e2e/helpers/test-user.ts:14:21)
        at /home/beano/DevProjects/next_js/moshimoshi/e2e/tests/02-review-session.spec.ts:6:33

    attachment #1: screenshot (image/png) ──────────────────────────────────────────────────────────
    ../test-results/tests-02-review-session-Re-71ae7-view-statistics-are-tracked-chromium/test-failed-1.png
    ────────────────────────────────────────────────────────────────────────────────────────────────

    attachment #2: video (video/webm) ──────────────────────────────────────────────────────────────
    ../test-results/tests-02-review-session-Re-71ae7-view-statistics-are-tracked-chromium/video.webm
    ────────────────────────────────────────────────────────────────────────────────────────────────

    Error Context: ../test-results/tests-02-review-session-Re-71ae7-view-statistics-are-tracked-chromium/error-context.md
]]>
</failure>
<system-out>
<![CDATA[
[[ATTACHMENT|tests-02-review-session-Re-71ae7-view-statistics-are-tracked-chromium/test-failed-1.png]]

[[ATTACHMENT|tests-02-review-session-Re-71ae7-view-statistics-are-tracked-chromium/video.webm]]

[[ATTACHMENT|tests-02-review-session-Re-71ae7-view-statistics-are-tracked-chromium/error-context.md]]
]]>
</system-out>
</testcase>
</testsuite>
<testsuite name="tests/03-offline-online.spec.ts" timestamp="2025-09-10T19:16:53.435Z" hostname="chromium" tests="5" failures="5" skipped="0" time="89.636" errors="0">
<testcase name="Offline/Online Transition › app works offline and syncs when back online" classname="tests/03-offline-online.spec.ts" time="17.986">
<failure message="03-offline-online.spec.ts:10:7 app works offline and syncs when back online" type="FAILURE">
<![CDATA[  [chromium] › tests/03-offline-online.spec.ts:10:7 › Offline/Online Transition › app works offline and syncs when back online 

    TimeoutError: page.fill: Timeout 15000ms exceeded.
    Call log:
      - waiting for locator('input[name="password"]')


       at helpers/test-user.ts:14

      12 |     await this.page.goto('/signup');
      13 |     await this.page.fill('input[name="email"]', testEmail);
    > 14 |     await this.page.fill('input[name="password"]', testPassword);
         |                     ^
      15 |     await this.page.fill('input[name="confirmPassword"]', testPassword);
      16 |     await this.page.click('button[type="submit"]');
      17 |     
        at TestUser.signUp (/home/beano/DevProjects/next_js/moshimoshi/e2e/helpers/test-user.ts:14:21)
        at /home/beano/DevProjects/next_js/moshimoshi/e2e/tests/03-offline-online.spec.ts:6:33

    attachment #1: screenshot (image/png) ──────────────────────────────────────────────────────────
    ../test-results/tests-03-offline-online-Of-baaca--and-syncs-when-back-online-chromium/test-failed-1.png
    ────────────────────────────────────────────────────────────────────────────────────────────────

    attachment #2: video (video/webm) ──────────────────────────────────────────────────────────────
    ../test-results/tests-03-offline-online-Of-baaca--and-syncs-when-back-online-chromium/video.webm
    ────────────────────────────────────────────────────────────────────────────────────────────────

    Error Context: ../test-results/tests-03-offline-online-Of-baaca--and-syncs-when-back-online-chromium/error-context.md
]]>
</failure>
<system-out>
<![CDATA[
[[ATTACHMENT|tests-03-offline-online-Of-baaca--and-syncs-when-back-online-chromium/test-failed-1.png]]

[[ATTACHMENT|tests-03-offline-online-Of-baaca--and-syncs-when-back-online-chromium/video.webm]]

[[ATTACHMENT|tests-03-offline-online-Of-baaca--and-syncs-when-back-online-chromium/error-context.md]]
]]>
</system-out>
</testcase>
<testcase name="Offline/Online Transition › handles offline mode gracefully" classname="tests/03-offline-online.spec.ts" time="17.988">
<failure message="03-offline-online.spec.ts:75:7 handles offline mode gracefully" type="FAILURE">
<![CDATA[  [chromium] › tests/03-offline-online.spec.ts:75:7 › Offline/Online Transition › handles offline mode gracefully 

    TimeoutError: page.fill: Timeout 15000ms exceeded.
    Call log:
      - waiting for locator('input[name="password"]')


       at helpers/test-user.ts:14

      12 |     await this.page.goto('/signup');
      13 |     await this.page.fill('input[name="email"]', testEmail);
    > 14 |     await this.page.fill('input[name="password"]', testPassword);
         |                     ^
      15 |     await this.page.fill('input[name="confirmPassword"]', testPassword);
      16 |     await this.page.click('button[type="submit"]');
      17 |     
        at TestUser.signUp (/home/beano/DevProjects/next_js/moshimoshi/e2e/helpers/test-user.ts:14:21)
        at /home/beano/DevProjects/next_js/moshimoshi/e2e/tests/03-offline-online.spec.ts:6:33

    attachment #1: screenshot (image/png) ──────────────────────────────────────────────────────────
    ../test-results/tests-03-offline-online-Of-62653-les-offline-mode-gracefully-chromium/test-failed-1.png
    ────────────────────────────────────────────────────────────────────────────────────────────────

    attachment #2: video (video/webm) ──────────────────────────────────────────────────────────────
    ../test-results/tests-03-offline-online-Of-62653-les-offline-mode-gracefully-chromium/video.webm
    ────────────────────────────────────────────────────────────────────────────────────────────────

    Error Context: ../test-results/tests-03-offline-online-Of-62653-les-offline-mode-gracefully-chromium/error-context.md
]]>
</failure>
<system-out>
<![CDATA[
[[ATTACHMENT|tests-03-offline-online-Of-62653-les-offline-mode-gracefully-chromium/test-failed-1.png]]

[[ATTACHMENT|tests-03-offline-online-Of-62653-les-offline-mode-gracefully-chromium/video.webm]]

[[ATTACHMENT|tests-03-offline-online-Of-62653-les-offline-mode-gracefully-chromium/error-context.md]]
]]>
</system-out>
</testcase>
<testcase name="Offline/Online Transition › queues actions while offline" classname="tests/03-offline-online.spec.ts" time="17.924">
<failure message="03-offline-online.spec.ts:100:7 queues actions while offline" type="FAILURE">
<![CDATA[  [chromium] › tests/03-offline-online.spec.ts:100:7 › Offline/Online Transition › queues actions while offline 

    TimeoutError: page.fill: Timeout 15000ms exceeded.
    Call log:
      - waiting for locator('input[name="password"]')


       at helpers/test-user.ts:14

      12 |     await this.page.goto('/signup');
      13 |     await this.page.fill('input[name="email"]', testEmail);
    > 14 |     await this.page.fill('input[name="password"]', testPassword);
         |                     ^
      15 |     await this.page.fill('input[name="confirmPassword"]', testPassword);
      16 |     await this.page.click('button[type="submit"]');
      17 |     
        at TestUser.signUp (/home/beano/DevProjects/next_js/moshimoshi/e2e/helpers/test-user.ts:14:21)
        at /home/beano/DevProjects/next_js/moshimoshi/e2e/tests/03-offline-online.spec.ts:6:33

    attachment #1: screenshot (image/png) ──────────────────────────────────────────────────────────
    ../test-results/tests-03-offline-online-Of-1ff09-ueues-actions-while-offline-chromium/test-failed-1.png
    ────────────────────────────────────────────────────────────────────────────────────────────────

    attachment #2: video (video/webm) ──────────────────────────────────────────────────────────────
    ../test-results/tests-03-offline-online-Of-1ff09-ueues-actions-while-offline-chromium/video.webm
    ────────────────────────────────────────────────────────────────────────────────────────────────

    Error Context: ../test-results/tests-03-offline-online-Of-1ff09-ueues-actions-while-offline-chromium/error-context.md
]]>
</failure>
<system-out>
<![CDATA[
[[ATTACHMENT|tests-03-offline-online-Of-1ff09-ueues-actions-while-offline-chromium/test-failed-1.png]]

[[ATTACHMENT|tests-03-offline-online-Of-1ff09-ueues-actions-while-offline-chromium/video.webm]]

[[ATTACHMENT|tests-03-offline-online-Of-1ff09-ueues-actions-while-offline-chromium/error-context.md]]
]]>
</system-out>
</testcase>
<testcase name="Offline/Online Transition › service worker caches essential resources" classname="tests/03-offline-online.spec.ts" time="17.782">
<failure message="03-offline-online.spec.ts:153:7 service worker caches essential resources" type="FAILURE">
<![CDATA[  [chromium] › tests/03-offline-online.spec.ts:153:7 › Offline/Online Transition › service worker caches essential resources 

    TimeoutError: page.fill: Timeout 15000ms exceeded.
    Call log:
      - waiting for locator('input[name="password"]')


       at helpers/test-user.ts:14

      12 |     await this.page.goto('/signup');
      13 |     await this.page.fill('input[name="email"]', testEmail);
    > 14 |     await this.page.fill('input[name="password"]', testPassword);
         |                     ^
      15 |     await this.page.fill('input[name="confirmPassword"]', testPassword);
      16 |     await this.page.click('button[type="submit"]');
      17 |     
        at TestUser.signUp (/home/beano/DevProjects/next_js/moshimoshi/e2e/helpers/test-user.ts:14:21)
        at /home/beano/DevProjects/next_js/moshimoshi/e2e/tests/03-offline-online.spec.ts:6:33

    attachment #1: screenshot (image/png) ──────────────────────────────────────────────────────────
    ../test-results/tests-03-offline-online-Of-703c8--caches-essential-resources-chromium/test-failed-1.png
    ────────────────────────────────────────────────────────────────────────────────────────────────

    attachment #2: video (video/webm) ──────────────────────────────────────────────────────────────
    ../test-results/tests-03-offline-online-Of-703c8--caches-essential-resources-chromium/video.webm
    ────────────────────────────────────────────────────────────────────────────────────────────────

    Error Context: ../test-results/tests-03-offline-online-Of-703c8--caches-essential-resources-chromium/error-context.md
]]>
</failure>
<system-out>
<![CDATA[
[[ATTACHMENT|tests-03-offline-online-Of-703c8--caches-essential-resources-chromium/test-failed-1.png]]

[[ATTACHMENT|tests-03-offline-online-Of-703c8--caches-essential-resources-chromium/video.webm]]

[[ATTACHMENT|tests-03-offline-online-Of-703c8--caches-essential-resources-chromium/error-context.md]]
]]>
</system-out>
</testcase>
<testcase name="Offline/Online Transition › conflict resolution when syncing" classname="tests/03-offline-online.spec.ts" time="17.956">
<failure message="03-offline-online.spec.ts:179:7 conflict resolution when syncing" type="FAILURE">
<![CDATA[  [chromium] › tests/03-offline-online.spec.ts:179:7 › Offline/Online Transition › conflict resolution when syncing 

    TimeoutError: page.fill: Timeout 15000ms exceeded.
    Call log:
      - waiting for locator('input[name="password"]')


       at helpers/test-user.ts:14

      12 |     await this.page.goto('/signup');
      13 |     await this.page.fill('input[name="email"]', testEmail);
    > 14 |     await this.page.fill('input[name="password"]', testPassword);
         |                     ^
      15 |     await this.page.fill('input[name="confirmPassword"]', testPassword);
      16 |     await this.page.click('button[type="submit"]');
      17 |     
        at TestUser.signUp (/home/beano/DevProjects/next_js/moshimoshi/e2e/helpers/test-user.ts:14:21)
        at /home/beano/DevProjects/next_js/moshimoshi/e2e/tests/03-offline-online.spec.ts:6:33

    attachment #1: screenshot (image/png) ──────────────────────────────────────────────────────────
    ../test-results/tests-03-offline-online-Of-b04fc-ict-resolution-when-syncing-chromium/test-failed-1.png
    ────────────────────────────────────────────────────────────────────────────────────────────────

    attachment #2: video (video/webm) ──────────────────────────────────────────────────────────────
    ../test-results/tests-03-offline-online-Of-b04fc-ict-resolution-when-syncing-chromium/video.webm
    ────────────────────────────────────────────────────────────────────────────────────────────────

    Error Context: ../test-results/tests-03-offline-online-Of-b04fc-ict-resolution-when-syncing-chromium/error-context.md
]]>
</failure>
<system-out>
<![CDATA[
[[ATTACHMENT|tests-03-offline-online-Of-b04fc-ict-resolution-when-syncing-chromium/test-failed-1.png]]

[[ATTACHMENT|tests-03-offline-online-Of-b04fc-ict-resolution-when-syncing-chromium/video.webm]]

[[ATTACHMENT|tests-03-offline-online-Of-b04fc-ict-resolution-when-syncing-chromium/error-context.md]]
]]>
</system-out>
</testcase>
</testsuite>
<testsuite name="tests/04-payment-flow.spec.ts" timestamp="2025-09-10T19:16:53.435Z" hostname="chromium" tests="7" failures="7" skipped="0" time="113.359" errors="0">
<testcase name="Payment and Subscription Flow › can view subscription plans" classname="tests/04-payment-flow.spec.ts" time="17.871">
<failure message="04-payment-flow.spec.ts:10:7 can view subscription plans" type="FAILURE">
<![CDATA[  [chromium] › tests/04-payment-flow.spec.ts:10:7 › Payment and Subscription Flow › can view subscription plans 

    TimeoutError: page.fill: Timeout 15000ms exceeded.
    Call log:
      - waiting for locator('input[name="password"]')


       at helpers/test-user.ts:14

      12 |     await this.page.goto('/signup');
      13 |     await this.page.fill('input[name="email"]', testEmail);
    > 14 |     await this.page.fill('input[name="password"]', testPassword);
         |                     ^
      15 |     await this.page.fill('input[name="confirmPassword"]', testPassword);
      16 |     await this.page.click('button[type="submit"]');
      17 |     
        at TestUser.signUp (/home/beano/DevProjects/next_js/moshimoshi/e2e/helpers/test-user.ts:14:21)
        at /home/beano/DevProjects/next_js/moshimoshi/e2e/tests/04-payment-flow.spec.ts:6:33

    attachment #1: screenshot (image/png) ──────────────────────────────────────────────────────────
    ../test-results/tests-04-payment-flow-Paym-543d1-can-view-subscription-plans-chromium/test-failed-1.png
    ────────────────────────────────────────────────────────────────────────────────────────────────

    attachment #2: video (video/webm) ──────────────────────────────────────────────────────────────
    ../test-results/tests-04-payment-flow-Paym-543d1-can-view-subscription-plans-chromium/video.webm
    ────────────────────────────────────────────────────────────────────────────────────────────────

    Error Context: ../test-results/tests-04-payment-flow-Paym-543d1-can-view-subscription-plans-chromium/error-context.md
]]>
</failure>
<system-out>
<![CDATA[
[[ATTACHMENT|tests-04-payment-flow-Paym-543d1-can-view-subscription-plans-chromium/test-failed-1.png]]

[[ATTACHMENT|tests-04-payment-flow-Paym-543d1-can-view-subscription-plans-chromium/video.webm]]

[[ATTACHMENT|tests-04-payment-flow-Paym-543d1-can-view-subscription-plans-chromium/error-context.md]]
]]>
</system-out>
</testcase>
<testcase name="Payment and Subscription Flow › can initiate premium subscription" classname="tests/04-payment-flow.spec.ts" time="17.956">
<failure message="04-payment-flow.spec.ts:34:7 can initiate premium subscription" type="FAILURE">
<![CDATA[  [chromium] › tests/04-payment-flow.spec.ts:34:7 › Payment and Subscription Flow › can initiate premium subscription 

    TimeoutError: page.fill: Timeout 15000ms exceeded.
    Call log:
      - waiting for locator('input[name="password"]')


       at helpers/test-user.ts:14

      12 |     await this.page.goto('/signup');
      13 |     await this.page.fill('input[name="email"]', testEmail);
    > 14 |     await this.page.fill('input[name="password"]', testPassword);
         |                     ^
      15 |     await this.page.fill('input[name="confirmPassword"]', testPassword);
      16 |     await this.page.click('button[type="submit"]');
      17 |     
        at TestUser.signUp (/home/beano/DevProjects/next_js/moshimoshi/e2e/helpers/test-user.ts:14:21)
        at /home/beano/DevProjects/next_js/moshimoshi/e2e/tests/04-payment-flow.spec.ts:6:33

    attachment #1: screenshot (image/png) ──────────────────────────────────────────────────────────
    ../test-results/tests-04-payment-flow-Paym-2fd78-itiate-premium-subscription-chromium/test-failed-1.png
    ────────────────────────────────────────────────────────────────────────────────────────────────

    attachment #2: video (video/webm) ──────────────────────────────────────────────────────────────
    ../test-results/tests-04-payment-flow-Paym-2fd78-itiate-premium-subscription-chromium/video.webm
    ────────────────────────────────────────────────────────────────────────────────────────────────

    Error Context: ../test-results/tests-04-payment-flow-Paym-2fd78-itiate-premium-subscription-chromium/error-context.md
]]>
</failure>
<system-out>
<![CDATA[
[[ATTACHMENT|tests-04-payment-flow-Paym-2fd78-itiate-premium-subscription-chromium/test-failed-1.png]]

[[ATTACHMENT|tests-04-payment-flow-Paym-2fd78-itiate-premium-subscription-chromium/video.webm]]

[[ATTACHMENT|tests-04-payment-flow-Paym-2fd78-itiate-premium-subscription-chromium/error-context.md]]
]]>
</system-out>
</testcase>
<testcase name="Payment and Subscription Flow › test payment with test card" classname="tests/04-payment-flow.spec.ts" time="15.512">
<failure message="04-payment-flow.spec.ts:54:7 test payment with test card" type="FAILURE">
<![CDATA[  [chromium] › tests/04-payment-flow.spec.ts:54:7 › Payment and Subscription Flow › test payment with test card 

    TimeoutError: page.fill: Timeout 15000ms exceeded.
    Call log:
      - waiting for locator('input[name="password"]')


       at helpers/test-user.ts:14

      12 |     await this.page.goto('/signup');
      13 |     await this.page.fill('input[name="email"]', testEmail);
    > 14 |     await this.page.fill('input[name="password"]', testPassword);
         |                     ^
      15 |     await this.page.fill('input[name="confirmPassword"]', testPassword);
      16 |     await this.page.click('button[type="submit"]');
      17 |     
        at TestUser.signUp (/home/beano/DevProjects/next_js/moshimoshi/e2e/helpers/test-user.ts:14:21)
        at /home/beano/DevProjects/next_js/moshimoshi/e2e/tests/04-payment-flow.spec.ts:6:33

    attachment #1: screenshot (image/png) ──────────────────────────────────────────────────────────
    ../test-results/tests-04-payment-flow-Paym-3347c-test-payment-with-test-card-chromium/test-failed-1.png
    ────────────────────────────────────────────────────────────────────────────────────────────────

    attachment #2: video (video/webm) ──────────────────────────────────────────────────────────────
    ../test-results/tests-04-payment-flow-Paym-3347c-test-payment-with-test-card-chromium/video.webm
    ────────────────────────────────────────────────────────────────────────────────────────────────

    Error Context: ../test-results/tests-04-payment-flow-Paym-3347c-test-payment-with-test-card-chromium/error-context.md
]]>
</failure>
<system-out>
<![CDATA[
[[ATTACHMENT|tests-04-payment-flow-Paym-3347c-test-payment-with-test-card-chromium/test-failed-1.png]]

[[ATTACHMENT|tests-04-payment-flow-Paym-3347c-test-payment-with-test-card-chromium/video.webm]]

[[ATTACHMENT|tests-04-payment-flow-Paym-3347c-test-payment-with-test-card-chromium/error-context.md]]
]]>
</system-out>
</testcase>
<testcase name="Payment and Subscription Flow › subscription status is reflected in UI" classname="tests/04-payment-flow.spec.ts" time="15.414">
<failure message="04-payment-flow.spec.ts:91:7 subscription status is reflected in UI" type="FAILURE">
<![CDATA[  [chromium] › tests/04-payment-flow.spec.ts:91:7 › Payment and Subscription Flow › subscription status is reflected in UI 

    TimeoutError: page.fill: Timeout 15000ms exceeded.
    Call log:
      - waiting for locator('input[name="password"]')


       at helpers/test-user.ts:14

      12 |     await this.page.goto('/signup');
      13 |     await this.page.fill('input[name="email"]', testEmail);
    > 14 |     await this.page.fill('input[name="password"]', testPassword);
         |                     ^
      15 |     await this.page.fill('input[name="confirmPassword"]', testPassword);
      16 |     await this.page.click('button[type="submit"]');
      17 |     
        at TestUser.signUp (/home/beano/DevProjects/next_js/moshimoshi/e2e/helpers/test-user.ts:14:21)
        at /home/beano/DevProjects/next_js/moshimoshi/e2e/tests/04-payment-flow.spec.ts:6:33

    attachment #1: screenshot (image/png) ──────────────────────────────────────────────────────────
    ../test-results/tests-04-payment-flow-Paym-3e8e1-n-status-is-reflected-in-UI-chromium/test-failed-1.png
    ────────────────────────────────────────────────────────────────────────────────────────────────

    attachment #2: video (video/webm) ──────────────────────────────────────────────────────────────
    ../test-results/tests-04-payment-flow-Paym-3e8e1-n-status-is-reflected-in-UI-chromium/video.webm
    ────────────────────────────────────────────────────────────────────────────────────────────────

    Error Context: ../test-results/tests-04-payment-flow-Paym-3e8e1-n-status-is-reflected-in-UI-chromium/error-context.md
]]>
</failure>
<system-out>
<![CDATA[
[[ATTACHMENT|tests-04-payment-flow-Paym-3e8e1-n-status-is-reflected-in-UI-chromium/test-failed-1.png]]

[[ATTACHMENT|tests-04-payment-flow-Paym-3e8e1-n-status-is-reflected-in-UI-chromium/video.webm]]

[[ATTACHMENT|tests-04-payment-flow-Paym-3e8e1-n-status-is-reflected-in-UI-chromium/error-context.md]]
]]>
</system-out>
</testcase>
<testcase name="Payment and Subscription Flow › can manage subscription" classname="tests/04-payment-flow.spec.ts" time="15.374">
<failure message="04-payment-flow.spec.ts:109:7 can manage subscription" type="FAILURE">
<![CDATA[  [chromium] › tests/04-payment-flow.spec.ts:109:7 › Payment and Subscription Flow › can manage subscription 

    TimeoutError: page.fill: Timeout 15000ms exceeded.
    Call log:
      - waiting for locator('input[name="password"]')


       at helpers/test-user.ts:14

      12 |     await this.page.goto('/signup');
      13 |     await this.page.fill('input[name="email"]', testEmail);
    > 14 |     await this.page.fill('input[name="password"]', testPassword);
         |                     ^
      15 |     await this.page.fill('input[name="confirmPassword"]', testPassword);
      16 |     await this.page.click('button[type="submit"]');
      17 |     
        at TestUser.signUp (/home/beano/DevProjects/next_js/moshimoshi/e2e/helpers/test-user.ts:14:21)
        at /home/beano/DevProjects/next_js/moshimoshi/e2e/tests/04-payment-flow.spec.ts:6:33

    attachment #1: screenshot (image/png) ──────────────────────────────────────────────────────────
    ../test-results/tests-04-payment-flow-Paym-09bcc-low-can-manage-subscription-chromium/test-failed-1.png
    ────────────────────────────────────────────────────────────────────────────────────────────────

    attachment #2: video (video/webm) ──────────────────────────────────────────────────────────────
    ../test-results/tests-04-payment-flow-Paym-09bcc-low-can-manage-subscription-chromium/video.webm
    ────────────────────────────────────────────────────────────────────────────────────────────────

    Error Context: ../test-results/tests-04-payment-flow-Paym-09bcc-low-can-manage-subscription-chromium/error-context.md
]]>
</failure>
<system-out>
<![CDATA[
[[ATTACHMENT|tests-04-payment-flow-Paym-09bcc-low-can-manage-subscription-chromium/test-failed-1.png]]

[[ATTACHMENT|tests-04-payment-flow-Paym-09bcc-low-can-manage-subscription-chromium/video.webm]]

[[ATTACHMENT|tests-04-payment-flow-Paym-09bcc-low-can-manage-subscription-chromium/error-context.md]]
]]>
</system-out>
</testcase>
<testcase name="Payment and Subscription Flow › handles payment errors gracefully" classname="tests/04-payment-flow.spec.ts" time="15.606">
<failure message="04-payment-flow.spec.ts:123:7 handles payment errors gracefully" type="FAILURE">
<![CDATA[  [chromium] › tests/04-payment-flow.spec.ts:123:7 › Payment and Subscription Flow › handles payment errors gracefully 

    TimeoutError: page.fill: Timeout 15000ms exceeded.
    Call log:
      - waiting for locator('input[name="password"]')


       at helpers/test-user.ts:14

      12 |     await this.page.goto('/signup');
      13 |     await this.page.fill('input[name="email"]', testEmail);
    > 14 |     await this.page.fill('input[name="password"]', testPassword);
         |                     ^
      15 |     await this.page.fill('input[name="confirmPassword"]', testPassword);
      16 |     await this.page.click('button[type="submit"]');
      17 |     
        at TestUser.signUp (/home/beano/DevProjects/next_js/moshimoshi/e2e/helpers/test-user.ts:14:21)
        at /home/beano/DevProjects/next_js/moshimoshi/e2e/tests/04-payment-flow.spec.ts:6:33

    attachment #1: screenshot (image/png) ──────────────────────────────────────────────────────────
    ../test-results/tests-04-payment-flow-Paym-1ce9d-s-payment-errors-gracefully-chromium/test-failed-1.png
    ────────────────────────────────────────────────────────────────────────────────────────────────

    attachment #2: video (video/webm) ──────────────────────────────────────────────────────────────
    ../test-results/tests-04-payment-flow-Paym-1ce9d-s-payment-errors-gracefully-chromium/video.webm
    ────────────────────────────────────────────────────────────────────────────────────────────────

    Error Context: ../test-results/tests-04-payment-flow-Paym-1ce9d-s-payment-errors-gracefully-chromium/error-context.md
]]>
</failure>
<system-out>
<![CDATA[
[[ATTACHMENT|tests-04-payment-flow-Paym-1ce9d-s-payment-errors-gracefully-chromium/test-failed-1.png]]

[[ATTACHMENT|tests-04-payment-flow-Paym-1ce9d-s-payment-errors-gracefully-chromium/video.webm]]

[[ATTACHMENT|tests-04-payment-flow-Paym-1ce9d-s-payment-errors-gracefully-chromium/error-context.md]]
]]>
</system-out>
</testcase>
<testcase name="Payment and Subscription Flow › premium features are accessible after subscription" classname="tests/04-payment-flow.spec.ts" time="15.626">
<failure message="04-payment-flow.spec.ts:157:7 premium features are accessible after subscription" type="FAILURE">
<![CDATA[  [chromium] › tests/04-payment-flow.spec.ts:157:7 › Payment and Subscription Flow › premium features are accessible after subscription 

    TimeoutError: page.fill: Timeout 15000ms exceeded.
    Call log:
      - waiting for locator('input[name="password"]')


       at helpers/test-user.ts:14

      12 |     await this.page.goto('/signup');
      13 |     await this.page.fill('input[name="email"]', testEmail);
    > 14 |     await this.page.fill('input[name="password"]', testPassword);
         |                     ^
      15 |     await this.page.fill('input[name="confirmPassword"]', testPassword);
      16 |     await this.page.click('button[type="submit"]');
      17 |     
        at TestUser.signUp (/home/beano/DevProjects/next_js/moshimoshi/e2e/helpers/test-user.ts:14:21)
        at /home/beano/DevProjects/next_js/moshimoshi/e2e/tests/04-payment-flow.spec.ts:6:33

    attachment #1: screenshot (image/png) ──────────────────────────────────────────────────────────
    ../test-results/tests-04-payment-flow-Paym-42542-cessible-after-subscription-chromium/test-failed-1.png
    ────────────────────────────────────────────────────────────────────────────────────────────────

    attachment #2: video (video/webm) ──────────────────────────────────────────────────────────────
    ../test-results/tests-04-payment-flow-Paym-42542-cessible-after-subscription-chromium/video.webm
    ────────────────────────────────────────────────────────────────────────────────────────────────

    Error Context: ../test-results/tests-04-payment-flow-Paym-42542-cessible-after-subscription-chromium/error-context.md
]]>
</failure>
<system-out>
<![CDATA[
[[ATTACHMENT|tests-04-payment-flow-Paym-42542-cessible-after-subscription-chromium/test-failed-1.png]]

[[ATTACHMENT|tests-04-payment-flow-Paym-42542-cessible-after-subscription-chromium/video.webm]]

[[ATTACHMENT|tests-04-payment-flow-Paym-42542-cessible-after-subscription-chromium/error-context.md]]
]]>
</system-out>
</testcase>
</testsuite>
<testsuite name="tests/05-accessibility.spec.ts" timestamp="2025-09-10T19:16:53.435Z" hostname="chromium" tests="10" failures="9" skipped="0" time="46.09" errors="0">
<testcase name="Accessibility Tests (WCAG 2.1 AA) › homepage meets WCAG 2.1 AA standards" classname="tests/05-accessibility.spec.ts" time="0.774">
<failure message="05-accessibility.spec.ts:5:7 homepage meets WCAG 2.1 AA standards" type="FAILURE">
<![CDATA[  [chromium] › tests/05-accessibility.spec.ts:5:7 › Accessibility Tests (WCAG 2.1 AA) › homepage meets WCAG 2.1 AA standards 

    Error: expect(received).toEqual(expected) // deep equality

    - Expected  -   1
    + Received  + 122

    - Array []
    + Array [
    +   Object {
    +     "description": "Ensure <img> elements have alternative text or a role of none or presentation",
    +     "help": "Images must have alternative text",
    +     "helpUrl": "https://dequeuniversity.com/rules/axe/4.10/image-alt?application=playwright",
    +     "id": "image-alt",
    +     "impact": "critical",
    +     "nodes": Array [
    +       Object {
    +         "all": Array [],
    +         "any": Array [
    +           Object {
    +             "data": null,
    +             "id": "has-alt",
    +             "impact": "critical",
    +             "message": "Element does not have an alt attribute",
    +             "relatedNodes": Array [],
    +           },
    +           Object {
    +             "data": null,
    +             "id": "aria-label",
    +             "impact": "critical",
    +             "message": "aria-label attribute does not exist or is empty",
    +             "relatedNodes": Array [],
    +           },
    +           Object {
    +             "data": null,
    +             "id": "aria-labelledby",
    +             "impact": "critical",
    +             "message": "aria-labelledby attribute does not exist, references elements that do not exist or references elements that are empty",
    +             "relatedNodes": Array [],
    +           },
    +           Object {
    +             "data": Object {
    +               "messageKey": "noAttr",
    +             },
    +             "id": "non-empty-title",
    +             "impact": "critical",
    +             "message": "Element has no title attribute",
    +             "relatedNodes": Array [],
    +           },
    +           Object {
    +             "data": null,
    +             "id": "presentational-role",
    +             "impact": "critical",
    +             "message": "Element's default semantics were not overridden with role=\"none\" or role=\"presentation\"",
    +             "relatedNodes": Array [],
    +           },
    +         ],
    +         "failureSummary": "Fix any of the following:
    +   Element does not have an alt attribute
    +   aria-label attribute does not exist or is empty
    +   aria-labelledby attribute does not exist, references elements that do not exist or references elements that are empty
    +   Element has no title attribute
    +   Element's default semantics were not overridden with role=\"none\" or role=\"presentation\"",
    +         "html": "<img id=\"logo\" style=\"
    + 					position: absolute;
    + 					width: auto;
    + 					height: 6rem;
    + 					top: 44%;
    + 					left: 50%;
    + 					transform: translateX(-50%);
    + 				\" src=\"/static/splash.png\">",
    +         "impact": "critical",
    +         "none": Array [],
    +         "target": Array [
    +           "#logo",
    +         ],
    +       },
    +     ],
    +     "tags": Array [
    +       "cat.text-alternatives",
    +       "wcag2a",
    +       "wcag111",
    +       "section508",
    +       "section508.22.a",
    +       "TTv5",
    +       "TT7.a",
    +       "TT7.b",
    +       "EN-301-549",
    +       "EN-9.1.1.1",
    +       "ACT",
    +     ],
    +   },
    +   Object {
    +     "description": "Ensure <meta name=\"viewport\"> does not disable text scaling and zooming",
    +     "help": "Zooming and scaling must not be disabled",
    +     "helpUrl": "https://dequeuniversity.com/rules/axe/4.10/meta-viewport?application=playwright",
    +     "id": "meta-viewport",
    +     "impact": "critical",
    +     "nodes": Array [
    +       Object {
    +         "all": Array [],
    +         "any": Array [
    +           Object {
    +             "data": "maximum-scale",
    +             "id": "meta-viewport",
    +             "impact": "critical",
    +             "message": "maximum-scale on <meta> tag disables zooming on mobile devices",
    +             "relatedNodes": Array [],
    +           },
    +         ],
    +         "failureSummary": "Fix any of the following:
    +   maximum-scale on <meta> tag disables zooming on mobile devices",
    +         "html": "<meta name=\"viewport\" content=\"width=device-width, initial-scale=1, maximum-scale=1, viewport-fit=cover\">",
    +         "impact": "critical",
    +         "none": Array [],
    +         "target": Array [
    +           "meta[name=\"viewport\"]",
    +         ],
    +       },
    +     ],
    +     "tags": Array [
    +       "cat.sensory-and-visual-cues",
    +       "wcag2aa",
    +       "wcag144",
    +       "EN-301-549",
    +       "EN-9.1.4.4",
    +       "ACT",
    +     ],
    +   },
    + ]

      10 |       .analyze();
      11 |     
    > 12 |     expect(accessibilityScanResults.violations).toEqual([]);
         |                                                 ^
      13 |   });
      14 |
      15 |   test('authentication pages are accessible', async ({ page }) => {
        at /home/beano/DevProjects/next_js/moshimoshi/e2e/tests/05-accessibility.spec.ts:12:49

    attachment #1: screenshot (image/png) ──────────────────────────────────────────────────────────
    ../test-results/tests-05-accessibility-Acc-f4c59-meets-WCAG-2-1-AA-standards-chromium/test-failed-1.png
    ────────────────────────────────────────────────────────────────────────────────────────────────

    attachment #2: video (video/webm) ──────────────────────────────────────────────────────────────
    ../test-results/tests-05-accessibility-Acc-f4c59-meets-WCAG-2-1-AA-standards-chromium/video.webm
    ────────────────────────────────────────────────────────────────────────────────────────────────

    attachment #3: video (video/webm) ──────────────────────────────────────────────────────────────
    ../test-results/tests-05-accessibility-Acc-f4c59-meets-WCAG-2-1-AA-standards-chromium/video-1.webm
    ────────────────────────────────────────────────────────────────────────────────────────────────

    Error Context: ../test-results/tests-05-accessibility-Acc-f4c59-meets-WCAG-2-1-AA-standards-chromium/error-context.md
]]>
</failure>
<system-out>
<![CDATA[
[[ATTACHMENT|tests-05-accessibility-Acc-f4c59-meets-WCAG-2-1-AA-standards-chromium/test-failed-1.png]]

[[ATTACHMENT|tests-05-accessibility-Acc-f4c59-meets-WCAG-2-1-AA-standards-chromium/video.webm]]

[[ATTACHMENT|tests-05-accessibility-Acc-f4c59-meets-WCAG-2-1-AA-standards-chromium/video-1.webm]]

[[ATTACHMENT|tests-05-accessibility-Acc-f4c59-meets-WCAG-2-1-AA-standards-chromium/error-context.md]]
]]>
</system-out>
</testcase>
<testcase name="Accessibility Tests (WCAG 2.1 AA) › authentication pages are accessible" classname="tests/05-accessibility.spec.ts" time="0.619">
<failure message="05-accessibility.spec.ts:15:7 authentication pages are accessible" type="FAILURE">
<![CDATA[  [chromium] › tests/05-accessibility.spec.ts:15:7 › Accessibility Tests (WCAG 2.1 AA) › authentication pages are accessible 

    Error: expect(received).toEqual(expected) // deep equality

    - Expected  -   1
    + Received  + 122

    - Array []
    + Array [
    +   Object {
    +     "description": "Ensure <img> elements have alternative text or a role of none or presentation",
    +     "help": "Images must have alternative text",
    +     "helpUrl": "https://dequeuniversity.com/rules/axe/4.10/image-alt?application=playwright",
    +     "id": "image-alt",
    +     "impact": "critical",
    +     "nodes": Array [
    +       Object {
    +         "all": Array [],
    +         "any": Array [
    +           Object {
    +             "data": null,
    +             "id": "has-alt",
    +             "impact": "critical",
    +             "message": "Element does not have an alt attribute",
    +             "relatedNodes": Array [],
    +           },
    +           Object {
    +             "data": null,
    +             "id": "aria-label",
    +             "impact": "critical",
    +             "message": "aria-label attribute does not exist or is empty",
    +             "relatedNodes": Array [],
    +           },
    +           Object {
    +             "data": null,
    +             "id": "aria-labelledby",
    +             "impact": "critical",
    +             "message": "aria-labelledby attribute does not exist, references elements that do not exist or references elements that are empty",
    +             "relatedNodes": Array [],
    +           },
    +           Object {
    +             "data": Object {
    +               "messageKey": "noAttr",
    +             },
    +             "id": "non-empty-title",
    +             "impact": "critical",
    +             "message": "Element has no title attribute",
    +             "relatedNodes": Array [],
    +           },
    +           Object {
    +             "data": null,
    +             "id": "presentational-role",
    +             "impact": "critical",
    +             "message": "Element's default semantics were not overridden with role=\"none\" or role=\"presentation\"",
    +             "relatedNodes": Array [],
    +           },
    +         ],
    +         "failureSummary": "Fix any of the following:
    +   Element does not have an alt attribute
    +   aria-label attribute does not exist or is empty
    +   aria-labelledby attribute does not exist, references elements that do not exist or references elements that are empty
    +   Element has no title attribute
    +   Element's default semantics were not overridden with role=\"none\" or role=\"presentation\"",
    +         "html": "<img id=\"logo\" style=\"
    + 					position: absolute;
    + 					width: auto;
    + 					height: 6rem;
    + 					top: 44%;
    + 					left: 50%;
    + 					transform: translateX(-50%);
    + 				\" src=\"/static/splash.png\">",
    +         "impact": "critical",
    +         "none": Array [],
    +         "target": Array [
    +           "#logo",
    +         ],
    +       },
    +     ],
    +     "tags": Array [
    +       "cat.text-alternatives",
    +       "wcag2a",
    +       "wcag111",
    +       "section508",
    +       "section508.22.a",
    +       "TTv5",
    +       "TT7.a",
    +       "TT7.b",
    +       "EN-301-549",
    +       "EN-9.1.1.1",
    +       "ACT",
    +     ],
    +   },
    +   Object {
    +     "description": "Ensure <meta name=\"viewport\"> does not disable text scaling and zooming",
    +     "help": "Zooming and scaling must not be disabled",
    +     "helpUrl": "https://dequeuniversity.com/rules/axe/4.10/meta-viewport?application=playwright",
    +     "id": "meta-viewport",
    +     "impact": "critical",
    +     "nodes": Array [
    +       Object {
    +         "all": Array [],
    +         "any": Array [
    +           Object {
    +             "data": "maximum-scale",
    +             "id": "meta-viewport",
    +             "impact": "critical",
    +             "message": "maximum-scale on <meta> tag disables zooming on mobile devices",
    +             "relatedNodes": Array [],
    +           },
    +         ],
    +         "failureSummary": "Fix any of the following:
    +   maximum-scale on <meta> tag disables zooming on mobile devices",
    +         "html": "<meta name=\"viewport\" content=\"width=device-width, initial-scale=1, maximum-scale=1, viewport-fit=cover\">",
    +         "impact": "critical",
    +         "none": Array [],
    +         "target": Array [
    +           "meta[name=\"viewport\"]",
    +         ],
    +       },
    +     ],
    +     "tags": Array [
    +       "cat.sensory-and-visual-cues",
    +       "wcag2aa",
    +       "wcag144",
    +       "EN-301-549",
    +       "EN-9.1.4.4",
    +       "ACT",
    +     ],
    +   },
    + ]

      21 |       .analyze();
      22 |     
    > 23 |     expect(loginScan.violations).toEqual([]);
         |                                  ^
      24 |     
      25 |     // Test signup page
      26 |     await page.goto('/auth/signup');
        at /home/beano/DevProjects/next_js/moshimoshi/e2e/tests/05-accessibility.spec.ts:23:34

    attachment #1: screenshot (image/png) ──────────────────────────────────────────────────────────
    ../test-results/tests-05-accessibility-Acc-7cb0d-cation-pages-are-accessible-chromium/test-failed-1.png
    ────────────────────────────────────────────────────────────────────────────────────────────────

    attachment #2: video (video/webm) ──────────────────────────────────────────────────────────────
    ../test-results/tests-05-accessibility-Acc-7cb0d-cation-pages-are-accessible-chromium/video.webm
    ────────────────────────────────────────────────────────────────────────────────────────────────

    attachment #3: video (video/webm) ──────────────────────────────────────────────────────────────
    ../test-results/tests-05-accessibility-Acc-7cb0d-cation-pages-are-accessible-chromium/video-1.webm
    ────────────────────────────────────────────────────────────────────────────────────────────────

    Error Context: ../test-results/tests-05-accessibility-Acc-7cb0d-cation-pages-are-accessible-chromium/error-context.md
]]>
</failure>
<system-out>
<![CDATA[
[[ATTACHMENT|tests-05-accessibility-Acc-7cb0d-cation-pages-are-accessible-chromium/test-failed-1.png]]

[[ATTACHMENT|tests-05-accessibility-Acc-7cb0d-cation-pages-are-accessible-chromium/video.webm]]

[[ATTACHMENT|tests-05-accessibility-Acc-7cb0d-cation-pages-are-accessible-chromium/video-1.webm]]

[[ATTACHMENT|tests-05-accessibility-Acc-7cb0d-cation-pages-are-accessible-chromium/error-context.md]]
]]>
</system-out>
</testcase>
<testcase name="Accessibility Tests (WCAG 2.1 AA) › keyboard navigation works throughout the app" classname="tests/05-accessibility.spec.ts" time="1.4">
</testcase>
<testcase name="Accessibility Tests (WCAG 2.1 AA) › ARIA labels and roles are properly implemented" classname="tests/05-accessibility.spec.ts" time="5.398">
<failure message="05-accessibility.spec.ts:74:7 ARIA labels and roles are properly implemented" type="FAILURE">
<![CDATA[  [chromium] › tests/05-accessibility.spec.ts:74:7 › Accessibility Tests (WCAG 2.1 AA) › ARIA labels and roles are properly implemented 

    Error: expect(locator).toBeVisible() failed

    Locator:  locator('nav[role="navigation"], nav[aria-label]').first()
    Expected: visible
    Received: <element(s) not found>
    Timeout:  5000ms

    Call log:
      - Expect "toBeVisible" with timeout 5000ms
      - waiting for locator('nav[role="navigation"], nav[aria-label]').first()


      77 |     // Check for main navigation landmark
      78 |     const nav = page.locator('nav[role="navigation"], nav[aria-label]');
    > 79 |     await expect(nav.first()).toBeVisible();
         |                               ^
      80 |     
      81 |     // Check for main content landmark
      82 |     const main = page.locator('main, [role="main"]');
        at /home/beano/DevProjects/next_js/moshimoshi/e2e/tests/05-accessibility.spec.ts:79:31

    attachment #1: screenshot (image/png) ──────────────────────────────────────────────────────────
    ../test-results/tests-05-accessibility-Acc-b44c8-es-are-properly-implemented-chromium/test-failed-1.png
    ────────────────────────────────────────────────────────────────────────────────────────────────

    attachment #2: video (video/webm) ──────────────────────────────────────────────────────────────
    ../test-results/tests-05-accessibility-Acc-b44c8-es-are-properly-implemented-chromium/video.webm
    ────────────────────────────────────────────────────────────────────────────────────────────────

    Error Context: ../test-results/tests-05-accessibility-Acc-b44c8-es-are-properly-implemented-chromium/error-context.md
]]>
</failure>
<system-out>
<![CDATA[
[[ATTACHMENT|tests-05-accessibility-Acc-b44c8-es-are-properly-implemented-chromium/test-failed-1.png]]

[[ATTACHMENT|tests-05-accessibility-Acc-b44c8-es-are-properly-implemented-chromium/video.webm]]

[[ATTACHMENT|tests-05-accessibility-Acc-b44c8-es-are-properly-implemented-chromium/error-context.md]]
]]>
</system-out>
</testcase>
<testcase name="Accessibility Tests (WCAG 2.1 AA) › color contrast meets WCAG standards" classname="tests/05-accessibility.spec.ts" time="0.637">
<failure message="05-accessibility.spec.ts:112:7 color contrast meets WCAG standards" type="FAILURE">
<![CDATA[  [chromium] › tests/05-accessibility.spec.ts:112:7 › Accessibility Tests (WCAG 2.1 AA) › color contrast meets WCAG standards 

    Error: frame.evaluate: Error: No elements found for include in page Context
        at validateContext (eval at evaluate (:291:30), <anonymous>:18811:15)
        at new Context (eval at evaluate (:291:30), <anonymous>:18792:7)
        at Object._getFrameContexts (eval at evaluate (:291:30), <anonymous>:18833:22)
        at eval (eval at evaluate (:291:30), <anonymous>:4:27)
        at UtilityScript.evaluate (<anonymous>:293:16)
        at UtilityScript.<anonymous> (<anonymous>:1:44)
        at validateContext (eval at evaluate (:291:30), <anonymous>:18811:15)
        at Context (eval at evaluate (:291:30), <anonymous>:18792:7)
        at Object._getFrameContexts (eval at evaluate (:291:30), <anonymous>:18833:22)
        at eval (eval at evaluate (:291:30), <anonymous>:4:27)
        at UtilityScript.evaluate (<anonymous>:293:16)
        at UtilityScript.<anonymous> (<anonymous>:1:44)
        at AxeBuilder.runPartialRecursive (/home/beano/DevProjects/next_js/moshimoshi/node_modules/@axe-core/playwright/dist/index.js:315:39)
        at AxeBuilder.analyze (/home/beano/DevProjects/next_js/moshimoshi/node_modules/@axe-core/playwright/dist/index.js:245:39)
        at /home/beano/DevProjects/next_js/moshimoshi/e2e/tests/05-accessibility.spec.ts:116:29

    attachment #1: screenshot (image/png) ──────────────────────────────────────────────────────────
    ../test-results/tests-05-accessibility-Acc-aab81-ntrast-meets-WCAG-standards-chromium/test-failed-1.png
    ────────────────────────────────────────────────────────────────────────────────────────────────

    attachment #2: video (video/webm) ──────────────────────────────────────────────────────────────
    ../test-results/tests-05-accessibility-Acc-aab81-ntrast-meets-WCAG-standards-chromium/video.webm
    ────────────────────────────────────────────────────────────────────────────────────────────────

    Error Context: ../test-results/tests-05-accessibility-Acc-aab81-ntrast-meets-WCAG-standards-chromium/error-context.md
]]>
</failure>
<system-out>
<![CDATA[
[[ATTACHMENT|tests-05-accessibility-Acc-aab81-ntrast-meets-WCAG-standards-chromium/test-failed-1.png]]

[[ATTACHMENT|tests-05-accessibility-Acc-aab81-ntrast-meets-WCAG-standards-chromium/video.webm]]

[[ATTACHMENT|tests-05-accessibility-Acc-aab81-ntrast-meets-WCAG-standards-chromium/error-context.md]]
]]>
</system-out>
</testcase>
<testcase name="Accessibility Tests (WCAG 2.1 AA) › images have alt text" classname="tests/05-accessibility.spec.ts" time="0.506">
<failure message="05-accessibility.spec.ts:128:7 images have alt text" type="FAILURE">
<![CDATA[  [chromium] › tests/05-accessibility.spec.ts:128:7 › Accessibility Tests (WCAG 2.1 AA) › images have alt text 

    Error: expect(received).toBeTruthy()

    Received: null

      132 |     for (const img of images) {
      133 |       const altText = await img.getAttribute('alt');
    > 134 |       expect(altText).toBeTruthy();
          |                       ^
      135 |       expect(altText.length).toBeGreaterThan(0);
      136 |     }
      137 |   });
        at /home/beano/DevProjects/next_js/moshimoshi/e2e/tests/05-accessibility.spec.ts:134:23

    attachment #1: screenshot (image/png) ──────────────────────────────────────────────────────────
    ../test-results/tests-05-accessibility-Acc-16471-2-1-AA-images-have-alt-text-chromium/test-failed-1.png
    ────────────────────────────────────────────────────────────────────────────────────────────────

    attachment #2: video (video/webm) ──────────────────────────────────────────────────────────────
    ../test-results/tests-05-accessibility-Acc-16471-2-1-AA-images-have-alt-text-chromium/video.webm
    ────────────────────────────────────────────────────────────────────────────────────────────────

    Error Context: ../test-results/tests-05-accessibility-Acc-16471-2-1-AA-images-have-alt-text-chromium/error-context.md
]]>
</failure>
<system-out>
<![CDATA[
[[ATTACHMENT|tests-05-accessibility-Acc-16471-2-1-AA-images-have-alt-text-chromium/test-failed-1.png]]

[[ATTACHMENT|tests-05-accessibility-Acc-16471-2-1-AA-images-have-alt-text-chromium/video.webm]]

[[ATTACHMENT|tests-05-accessibility-Acc-16471-2-1-AA-images-have-alt-text-chromium/error-context.md]]
]]>
</system-out>
</testcase>
<testcase name="Accessibility Tests (WCAG 2.1 AA) › focus management in modals and overlays" classname="tests/05-accessibility.spec.ts" time="16.52">
<failure message="05-accessibility.spec.ts:139:7 focus management in modals and overlays" type="FAILURE">
<![CDATA[  [chromium] › tests/05-accessibility.spec.ts:139:7 › Accessibility Tests (WCAG 2.1 AA) › focus management in modals and overlays 

    TimeoutError: page.fill: Timeout 15000ms exceeded.
    Call log:
      - waiting for locator('input[name="password"]')


       at helpers/test-user.ts:14

      12 |     await this.page.goto('/signup');
      13 |     await this.page.fill('input[name="email"]', testEmail);
    > 14 |     await this.page.fill('input[name="password"]', testPassword);
         |                     ^
      15 |     await this.page.fill('input[name="confirmPassword"]', testPassword);
      16 |     await this.page.click('button[type="submit"]');
      17 |     
        at TestUser.signUp (/home/beano/DevProjects/next_js/moshimoshi/e2e/helpers/test-user.ts:14:21)
        at /home/beano/DevProjects/next_js/moshimoshi/e2e/tests/05-accessibility.spec.ts:140:33

    attachment #1: screenshot (image/png) ──────────────────────────────────────────────────────────
    ../test-results/tests-05-accessibility-Acc-8f469-ment-in-modals-and-overlays-chromium/test-failed-1.png
    ────────────────────────────────────────────────────────────────────────────────────────────────

    attachment #2: video (video/webm) ──────────────────────────────────────────────────────────────
    ../test-results/tests-05-accessibility-Acc-8f469-ment-in-modals-and-overlays-chromium/video.webm
    ────────────────────────────────────────────────────────────────────────────────────────────────

    Error Context: ../test-results/tests-05-accessibility-Acc-8f469-ment-in-modals-and-overlays-chromium/error-context.md
]]>
</failure>
<system-out>
<![CDATA[
[[ATTACHMENT|tests-05-accessibility-Acc-8f469-ment-in-modals-and-overlays-chromium/test-failed-1.png]]

[[ATTACHMENT|tests-05-accessibility-Acc-8f469-ment-in-modals-and-overlays-chromium/video.webm]]

[[ATTACHMENT|tests-05-accessibility-Acc-8f469-ment-in-modals-and-overlays-chromium/error-context.md]]
]]>
</system-out>
</testcase>
<testcase name="Accessibility Tests (WCAG 2.1 AA) › screen reader announcements for dynamic content" classname="tests/05-accessibility.spec.ts" time="16.975">
<failure message="05-accessibility.spec.ts:182:7 screen reader announcements for dynamic content" type="FAILURE">
<![CDATA[  [chromium] › tests/05-accessibility.spec.ts:182:7 › Accessibility Tests (WCAG 2.1 AA) › screen reader announcements for dynamic content 

    TimeoutError: page.fill: Timeout 15000ms exceeded.
    Call log:
      - waiting for locator('input[name="password"]')


       at helpers/test-user.ts:14

      12 |     await this.page.goto('/signup');
      13 |     await this.page.fill('input[name="email"]', testEmail);
    > 14 |     await this.page.fill('input[name="password"]', testPassword);
         |                     ^
      15 |     await this.page.fill('input[name="confirmPassword"]', testPassword);
      16 |     await this.page.click('button[type="submit"]');
      17 |     
        at TestUser.signUp (/home/beano/DevProjects/next_js/moshimoshi/e2e/helpers/test-user.ts:14:21)
        at /home/beano/DevProjects/next_js/moshimoshi/e2e/tests/05-accessibility.spec.ts:183:33

    attachment #1: screenshot (image/png) ──────────────────────────────────────────────────────────
    ../test-results/tests-05-accessibility-Acc-5a4a0-cements-for-dynamic-content-chromium/test-failed-1.png
    ────────────────────────────────────────────────────────────────────────────────────────────────

    attachment #2: video (video/webm) ──────────────────────────────────────────────────────────────
    ../test-results/tests-05-accessibility-Acc-5a4a0-cements-for-dynamic-content-chromium/video.webm
    ────────────────────────────────────────────────────────────────────────────────────────────────

    Error Context: ../test-results/tests-05-accessibility-Acc-5a4a0-cements-for-dynamic-content-chromium/error-context.md
]]>
</failure>
<system-out>
<![CDATA[
[[ATTACHMENT|tests-05-accessibility-Acc-5a4a0-cements-for-dynamic-content-chromium/test-failed-1.png]]

[[ATTACHMENT|tests-05-accessibility-Acc-5a4a0-cements-for-dynamic-content-chromium/video.webm]]

[[ATTACHMENT|tests-05-accessibility-Acc-5a4a0-cements-for-dynamic-content-chromium/error-context.md]]
]]>
</system-out>
</testcase>
<testcase name="Accessibility Tests (WCAG 2.1 AA) › form validation messages are accessible" classname="tests/05-accessibility.spec.ts" time="2.029">
<failure message="05-accessibility.spec.ts:204:7 form validation messages are accessible" type="FAILURE">
<![CDATA[  [chromium] › tests/05-accessibility.spec.ts:204:7 › Accessibility Tests (WCAG 2.1 AA) › form validation messages are accessible 

    Error: expect(received).toBeGreaterThan(expected)

    Expected: > 0
    Received:   0

      210 |     // Check for accessible error messages
      211 |     const errors = await page.locator('[role="alert"], [aria-invalid="true"]').all();
    > 212 |     expect(errors.length).toBeGreaterThan(0);
          |                           ^
      213 |     
      214 |     // Check error messages are associated with inputs
      215 |     const emailInput = page.locator('input[name="email"]');
        at /home/beano/DevProjects/next_js/moshimoshi/e2e/tests/05-accessibility.spec.ts:212:27

    attachment #1: screenshot (image/png) ──────────────────────────────────────────────────────────
    ../test-results/tests-05-accessibility-Acc-4f45f-ion-messages-are-accessible-chromium/test-failed-1.png
    ────────────────────────────────────────────────────────────────────────────────────────────────

    attachment #2: video (video/webm) ──────────────────────────────────────────────────────────────
    ../test-results/tests-05-accessibility-Acc-4f45f-ion-messages-are-accessible-chromium/video.webm
    ────────────────────────────────────────────────────────────────────────────────────────────────

    Error Context: ../test-results/tests-05-accessibility-Acc-4f45f-ion-messages-are-accessible-chromium/error-context.md
]]>
</failure>
<system-out>
<![CDATA[
[[ATTACHMENT|tests-05-accessibility-Acc-4f45f-ion-messages-are-accessible-chromium/test-failed-1.png]]

[[ATTACHMENT|tests-05-accessibility-Acc-4f45f-ion-messages-are-accessible-chromium/video.webm]]

[[ATTACHMENT|tests-05-accessibility-Acc-4f45f-ion-messages-are-accessible-chromium/error-context.md]]
]]>
</system-out>
</testcase>
<testcase name="Accessibility Tests (WCAG 2.1 AA) › responsive design maintains accessibility" classname="tests/05-accessibility.spec.ts" time="1.232">
<failure message="05-accessibility.spec.ts:227:7 responsive design maintains accessibility" type="FAILURE">
<![CDATA[  [chromium] › tests/05-accessibility.spec.ts:227:7 › Accessibility Tests (WCAG 2.1 AA) › responsive design maintains accessibility 

    Error: expect(received).toEqual(expected) // deep equality

    - Expected  -   1
    + Received  + 122

    - Array []
    + Array [
    +   Object {
    +     "description": "Ensure <img> elements have alternative text or a role of none or presentation",
    +     "help": "Images must have alternative text",
    +     "helpUrl": "https://dequeuniversity.com/rules/axe/4.10/image-alt?application=playwright",
    +     "id": "image-alt",
    +     "impact": "critical",
    +     "nodes": Array [
    +       Object {
    +         "all": Array [],
    +         "any": Array [
    +           Object {
    +             "data": null,
    +             "id": "has-alt",
    +             "impact": "critical",
    +             "message": "Element does not have an alt attribute",
    +             "relatedNodes": Array [],
    +           },
    +           Object {
    +             "data": null,
    +             "id": "aria-label",
    +             "impact": "critical",
    +             "message": "aria-label attribute does not exist or is empty",
    +             "relatedNodes": Array [],
    +           },
    +           Object {
    +             "data": null,
    +             "id": "aria-labelledby",
    +             "impact": "critical",
    +             "message": "aria-labelledby attribute does not exist, references elements that do not exist or references elements that are empty",
    +             "relatedNodes": Array [],
    +           },
    +           Object {
    +             "data": Object {
    +               "messageKey": "noAttr",
    +             },
    +             "id": "non-empty-title",
    +             "impact": "critical",
    +             "message": "Element has no title attribute",
    +             "relatedNodes": Array [],
    +           },
    +           Object {
    +             "data": null,
    +             "id": "presentational-role",
    +             "impact": "critical",
    +             "message": "Element's default semantics were not overridden with role=\"none\" or role=\"presentation\"",
    +             "relatedNodes": Array [],
    +           },
    +         ],
    +         "failureSummary": "Fix any of the following:
    +   Element does not have an alt attribute
    +   aria-label attribute does not exist or is empty
    +   aria-labelledby attribute does not exist, references elements that do not exist or references elements that are empty
    +   Element has no title attribute
    +   Element's default semantics were not overridden with role=\"none\" or role=\"presentation\"",
    +         "html": "<img id=\"logo\" style=\"
    + 					position: absolute;
    + 					width: auto;
    + 					height: 6rem;
    + 					top: 44%;
    + 					left: 50%;
    + 					transform: translateX(-50%);
    + 				\" src=\"/static/splash.png\">",
    +         "impact": "critical",
    +         "none": Array [],
    +         "target": Array [
    +           "#logo",
    +         ],
    +       },
    +     ],
    +     "tags": Array [
    +       "cat.text-alternatives",
    +       "wcag2a",
    +       "wcag111",
    +       "section508",
    +       "section508.22.a",
    +       "TTv5",
    +       "TT7.a",
    +       "TT7.b",
    +       "EN-301-549",
    +       "EN-9.1.1.1",
    +       "ACT",
    +     ],
    +   },
    +   Object {
    +     "description": "Ensure <meta name=\"viewport\"> does not disable text scaling and zooming",
    +     "help": "Zooming and scaling must not be disabled",
    +     "helpUrl": "https://dequeuniversity.com/rules/axe/4.10/meta-viewport?application=playwright",
    +     "id": "meta-viewport",
    +     "impact": "critical",
    +     "nodes": Array [
    +       Object {
    +         "all": Array [],
    +         "any": Array [
    +           Object {
    +             "data": "maximum-scale",
    +             "id": "meta-viewport",
    +             "impact": "critical",
    +             "message": "maximum-scale on <meta> tag disables zooming on mobile devices",
    +             "relatedNodes": Array [],
    +           },
    +         ],
    +         "failureSummary": "Fix any of the following:
    +   maximum-scale on <meta> tag disables zooming on mobile devices",
    +         "html": "<meta name=\"viewport\" content=\"width=device-width, initial-scale=1, maximum-scale=1, viewport-fit=cover\">",
    +         "impact": "critical",
    +         "none": Array [],
    +         "target": Array [
    +           "meta[name=\"viewport\"]",
    +         ],
    +       },
    +     ],
    +     "tags": Array [
    +       "cat.sensory-and-visual-cues",
    +       "wcag2aa",
    +       "wcag144",
    +       "EN-301-549",
    +       "EN-9.1.4.4",
    +       "ACT",
    +     ],
    +   },
    + ]

      234 |       .analyze();
      235 |     
    > 236 |     expect(mobileScan.violations).toEqual([]);
          |                                   ^
      237 |     
      238 |     // Test tablet viewport
      239 |     await page.setViewportSize({ width: 768, height: 1024 });
        at /home/beano/DevProjects/next_js/moshimoshi/e2e/tests/05-accessibility.spec.ts:236:35

    attachment #1: screenshot (image/png) ──────────────────────────────────────────────────────────
    ../test-results/tests-05-accessibility-Acc-7465e-ign-maintains-accessibility-chromium/test-failed-1.png
    ────────────────────────────────────────────────────────────────────────────────────────────────

    attachment #2: video (video/webm) ──────────────────────────────────────────────────────────────
    ../test-results/tests-05-accessibility-Acc-7465e-ign-maintains-accessibility-chromium/video-1.webm
    ────────────────────────────────────────────────────────────────────────────────────────────────

    attachment #3: video (video/webm) ──────────────────────────────────────────────────────────────
    ../test-results/tests-05-accessibility-Acc-7465e-ign-maintains-accessibility-chromium/video.webm
    ────────────────────────────────────────────────────────────────────────────────────────────────

    Error Context: ../test-results/tests-05-accessibility-Acc-7465e-ign-maintains-accessibility-chromium/error-context.md
]]>
</failure>
<system-out>
<![CDATA[
[[ATTACHMENT|tests-05-accessibility-Acc-7465e-ign-maintains-accessibility-chromium/test-failed-1.png]]

[[ATTACHMENT|tests-05-accessibility-Acc-7465e-ign-maintains-accessibility-chromium/video-1.webm]]

[[ATTACHMENT|tests-05-accessibility-Acc-7465e-ign-maintains-accessibility-chromium/video.webm]]

[[ATTACHMENT|tests-05-accessibility-Acc-7465e-ign-maintains-accessibility-chromium/error-context.md]]
]]>
</system-out>
</testcase>
</testsuite>
<testsuite name="tests/06-security.spec.ts" timestamp="2025-09-10T19:16:53.435Z" hostname="chromium" tests="11" failures="9" skipped="0" time="90.749" errors="0">
<testcase name="Security Tests - OWASP Top 10 › protects against XSS attacks" classname="tests/06-security.spec.ts" time="17.18">
<failure message="06-security.spec.ts:4:7 protects against XSS attacks" type="FAILURE">
<![CDATA[  [chromium] › tests/06-security.spec.ts:4:7 › Security Tests - OWASP Top 10 › protects against XSS attacks 

    TimeoutError: page.fill: Timeout 15000ms exceeded.
    Call log:
      - waiting for locator('input[name="password"]')


       8 |     const xssPayload = '<script>alert("XSS")</script>';
       9 |     await page.fill('input[name="email"]', xssPayload);
    > 10 |     await page.fill('input[name="password"]', 'password123');
         |                ^
      11 |     await page.click('button[type="submit"]');
      12 |     
      13 |     // Check that script is not executed
        at /home/beano/DevProjects/next_js/moshimoshi/e2e/tests/06-security.spec.ts:10:16

    attachment #1: screenshot (image/png) ──────────────────────────────────────────────────────────
    ../test-results/tests-06-security-Security-a7e89-rotects-against-XSS-attacks-chromium/test-failed-1.png
    ────────────────────────────────────────────────────────────────────────────────────────────────

    attachment #2: video (video/webm) ──────────────────────────────────────────────────────────────
    ../test-results/tests-06-security-Security-a7e89-rotects-against-XSS-attacks-chromium/video.webm
    ────────────────────────────────────────────────────────────────────────────────────────────────

    Error Context: ../test-results/tests-06-security-Security-a7e89-rotects-against-XSS-attacks-chromium/error-context.md
]]>
</failure>
<system-out>
<![CDATA[
[[ATTACHMENT|tests-06-security-Security-a7e89-rotects-against-XSS-attacks-chromium/test-failed-1.png]]

[[ATTACHMENT|tests-06-security-Security-a7e89-rotects-against-XSS-attacks-chromium/video.webm]]

[[ATTACHMENT|tests-06-security-Security-a7e89-rotects-against-XSS-attacks-chromium/error-context.md]]
]]>
</system-out>
</testcase>
<testcase name="Security Tests - OWASP Top 10 › prevents SQL injection attempts" classname="tests/06-security.spec.ts" time="16.797">
<failure message="06-security.spec.ts:35:7 prevents SQL injection attempts" type="FAILURE">
<![CDATA[  [chromium] › tests/06-security.spec.ts:35:7 › Security Tests - OWASP Top 10 › prevents SQL injection attempts 

    TimeoutError: page.fill: Timeout 15000ms exceeded.
    Call log:
      - waiting for locator('input[name="password"]')


      46 |     for (const payload of sqlPayloads) {
      47 |       await page.fill('input[name="email"]', payload);
    > 48 |       await page.fill('input[name="password"]', payload);
         |                  ^
      49 |       await page.click('button[type="submit"]');
      50 |       
      51 |       // Should show validation error, not database error
        at /home/beano/DevProjects/next_js/moshimoshi/e2e/tests/06-security.spec.ts:48:18

    attachment #1: screenshot (image/png) ──────────────────────────────────────────────────────────
    ../test-results/tests-06-security-Security-cd7e9-ents-SQL-injection-attempts-chromium/test-failed-1.png
    ────────────────────────────────────────────────────────────────────────────────────────────────

    attachment #2: video (video/webm) ──────────────────────────────────────────────────────────────
    ../test-results/tests-06-security-Security-cd7e9-ents-SQL-injection-attempts-chromium/video.webm
    ────────────────────────────────────────────────────────────────────────────────────────────────

    Error Context: ../test-results/tests-06-security-Security-cd7e9-ents-SQL-injection-attempts-chromium/error-context.md
]]>
</failure>
<system-out>
<![CDATA[
[[ATTACHMENT|tests-06-security-Security-cd7e9-ents-SQL-injection-attempts-chromium/test-failed-1.png]]

[[ATTACHMENT|tests-06-security-Security-cd7e9-ents-SQL-injection-attempts-chromium/video.webm]]

[[ATTACHMENT|tests-06-security-Security-cd7e9-ents-SQL-injection-attempts-chromium/error-context.md]]
]]>
</system-out>
</testcase>
<testcase name="Security Tests - OWASP Top 10 › implements proper authentication" classname="tests/06-security.spec.ts" time="1.707">
</testcase>
<testcase name="Security Tests - OWASP Top 10 › implements CSRF protection" classname="tests/06-security.spec.ts" time="16.448">
<failure message="06-security.spec.ts:84:7 implements CSRF protection" type="FAILURE">
<![CDATA[  [chromium] › tests/06-security.spec.ts:84:7 › Security Tests - OWASP Top 10 › implements CSRF protection 

    TimeoutError: page.fill: Timeout 15000ms exceeded.
    Call log:
      - waiting for locator('input[name="password"]')


       at helpers/test-user.ts:14

      12 |     await this.page.goto('/signup');
      13 |     await this.page.fill('input[name="email"]', testEmail);
    > 14 |     await this.page.fill('input[name="password"]', testPassword);
         |                     ^
      15 |     await this.page.fill('input[name="confirmPassword"]', testPassword);
      16 |     await this.page.click('button[type="submit"]');
      17 |     
        at TestUser.signUp (/home/beano/DevProjects/next_js/moshimoshi/e2e/helpers/test-user.ts:14:21)
        at /home/beano/DevProjects/next_js/moshimoshi/e2e/tests/06-security.spec.ts:85:33

    attachment #1: screenshot (image/png) ──────────────────────────────────────────────────────────
    ../test-results/tests-06-security-Security-d88ab--implements-CSRF-protection-chromium/test-failed-1.png
    ────────────────────────────────────────────────────────────────────────────────────────────────

    attachment #2: video (video/webm) ──────────────────────────────────────────────────────────────
    ../test-results/tests-06-security-Security-d88ab--implements-CSRF-protection-chromium/video.webm
    ────────────────────────────────────────────────────────────────────────────────────────────────

    Error Context: ../test-results/tests-06-security-Security-d88ab--implements-CSRF-protection-chromium/error-context.md
]]>
</failure>
<system-out>
<![CDATA[
[[ATTACHMENT|tests-06-security-Security-d88ab--implements-CSRF-protection-chromium/test-failed-1.png]]

[[ATTACHMENT|tests-06-security-Security-d88ab--implements-CSRF-protection-chromium/video.webm]]

[[ATTACHMENT|tests-06-security-Security-d88ab--implements-CSRF-protection-chromium/error-context.md]]
]]>
</system-out>
</testcase>
<testcase name="Security Tests - OWASP Top 10 › enforces secure headers" classname="tests/06-security.spec.ts" time="0.866">
</testcase>
<testcase name="Security Tests - OWASP Top 10 › rate limiting is implemented" classname="tests/06-security.spec.ts" time="0.64">
<failure message="06-security.spec.ts:139:7 rate limiting is implemented" type="FAILURE">
<![CDATA[  [chromium] › tests/06-security.spec.ts:139:7 › Security Tests - OWASP Top 10 › rate limiting is implemented 

    Error: expect(received).toBeTruthy()

    Received: false

      162 |     // Should see rate limiting (429) after multiple attempts
      163 |     const rateLimited = results.some(status => status === 429);
    > 164 |     expect(rateLimited).toBeTruthy();
          |                         ^
      165 |   });
      166 |
      167 |   test('sensitive data is not exposed in responses', async ({ page }) => {
        at /home/beano/DevProjects/next_js/moshimoshi/e2e/tests/06-security.spec.ts:164:25

    attachment #1: screenshot (image/png) ──────────────────────────────────────────────────────────
    ../test-results/tests-06-security-Security-a3c49-ate-limiting-is-implemented-chromium/test-failed-1.png
    ────────────────────────────────────────────────────────────────────────────────────────────────

    attachment #2: video (video/webm) ──────────────────────────────────────────────────────────────
    ../test-results/tests-06-security-Security-a3c49-ate-limiting-is-implemented-chromium/video.webm
    ────────────────────────────────────────────────────────────────────────────────────────────────

    Error Context: ../test-results/tests-06-security-Security-a3c49-ate-limiting-is-implemented-chromium/error-context.md
]]>
</failure>
<system-out>
<![CDATA[
[[ATTACHMENT|tests-06-security-Security-a3c49-ate-limiting-is-implemented-chromium/test-failed-1.png]]

[[ATTACHMENT|tests-06-security-Security-a3c49-ate-limiting-is-implemented-chromium/video.webm]]

[[ATTACHMENT|tests-06-security-Security-a3c49-ate-limiting-is-implemented-chromium/error-context.md]]
]]>
</system-out>
</testcase>
<testcase name="Security Tests - OWASP Top 10 › sensitive data is not exposed in responses" classname="tests/06-security.spec.ts" time="0.195">
<failure message="06-security.spec.ts:167:7 sensitive data is not exposed in responses" type="FAILURE">
<![CDATA[  [chromium] › tests/06-security.spec.ts:167:7 › Security Tests - OWASP Top 10 › sensitive data is not exposed in responses 

    ReferenceError: testUser is not defined

      167 |   test('sensitive data is not exposed in responses', async ({ page }) => {
      168 |     // Create a test user and login
    > 169 |     const { email, password } = await testUser.signUp();
          |                                 ^
      170 |     
      171 |     // Intercept API responses
      172 |     const apiResponses: any[] = [];
        at /home/beano/DevProjects/next_js/moshimoshi/e2e/tests/06-security.spec.ts:169:33

    attachment #1: screenshot (image/png) ──────────────────────────────────────────────────────────
    ../test-results/tests-06-security-Security-b1cfd-is-not-exposed-in-responses-chromium/test-failed-1.png
    ────────────────────────────────────────────────────────────────────────────────────────────────

    attachment #2: video (video/webm) ──────────────────────────────────────────────────────────────
    ../test-results/tests-06-security-Security-b1cfd-is-not-exposed-in-responses-chromium/video.webm
    ────────────────────────────────────────────────────────────────────────────────────────────────
]]>
</failure>
<system-out>
<![CDATA[
[[ATTACHMENT|tests-06-security-Security-b1cfd-is-not-exposed-in-responses-chromium/test-failed-1.png]]

[[ATTACHMENT|tests-06-security-Security-b1cfd-is-not-exposed-in-responses-chromium/video.webm]]
]]>
</system-out>
</testcase>
<testcase name="Security Tests - OWASP Top 10 › implements secure password requirements" classname="tests/06-security.spec.ts" time="15.637">
<failure message="06-security.spec.ts:206:7 implements secure password requirements" type="FAILURE">
<![CDATA[  [chromium] › tests/06-security.spec.ts:206:7 › Security Tests - OWASP Top 10 › implements secure password requirements 

    TimeoutError: page.fill: Timeout 15000ms exceeded.
    Call log:
      - waiting for locator('input[name="password"]')


      217 |     
      218 |     for (const weakPassword of weakPasswords) {
    > 219 |       await page.fill('input[name="password"]', weakPassword);
          |                  ^
      220 |       await page.fill('input[name="confirmPassword"]', weakPassword);
      221 |       
      222 |       // Trigger validation
        at /home/beano/DevProjects/next_js/moshimoshi/e2e/tests/06-security.spec.ts:219:18

    attachment #1: screenshot (image/png) ──────────────────────────────────────────────────────────
    ../test-results/tests-06-security-Security-80336-ecure-password-requirements-chromium/test-failed-1.png
    ────────────────────────────────────────────────────────────────────────────────────────────────

    attachment #2: video (video/webm) ──────────────────────────────────────────────────────────────
    ../test-results/tests-06-security-Security-80336-ecure-password-requirements-chromium/video.webm
    ────────────────────────────────────────────────────────────────────────────────────────────────

    Error Context: ../test-results/tests-06-security-Security-80336-ecure-password-requirements-chromium/error-context.md
]]>
</failure>
<system-out>
<![CDATA[
[[ATTACHMENT|tests-06-security-Security-80336-ecure-password-requirements-chromium/test-failed-1.png]]

[[ATTACHMENT|tests-06-security-Security-80336-ecure-password-requirements-chromium/video.webm]]

[[ATTACHMENT|tests-06-security-Security-80336-ecure-password-requirements-chromium/error-context.md]]
]]>
</system-out>
</testcase>
<testcase name="Security Tests - OWASP Top 10 › prevents path traversal attacks" classname="tests/06-security.spec.ts" time="0.211">
<failure message="06-security.spec.ts:234:7 prevents path traversal attacks" type="FAILURE">
<![CDATA[  [chromium] › tests/06-security.spec.ts:234:7 › Security Tests - OWASP Top 10 › prevents path traversal attacks 

    Error: expect(received).toContain(expected) // indexOf

    Expected value: 200
    Received array: [400, 404, 403]

      245 |       
      246 |       // Should return 400 or 404, not file contents
    > 247 |       expect([400, 404, 403]).toContain(response.status());
          |                               ^
      248 |       
      249 |       const text = await response.text();
      250 |       expect(text).not.toContain('root:');
        at /home/beano/DevProjects/next_js/moshimoshi/e2e/tests/06-security.spec.ts:247:31

    attachment #1: screenshot (image/png) ──────────────────────────────────────────────────────────
    ../test-results/tests-06-security-Security-efc07-ents-path-traversal-attacks-chromium/test-failed-1.png
    ────────────────────────────────────────────────────────────────────────────────────────────────

    attachment #2: video (video/webm) ──────────────────────────────────────────────────────────────
    ../test-results/tests-06-security-Security-efc07-ents-path-traversal-attacks-chromium/video.webm
    ────────────────────────────────────────────────────────────────────────────────────────────────
]]>
</failure>
<system-out>
<![CDATA[
[[ATTACHMENT|tests-06-security-Security-efc07-ents-path-traversal-attacks-chromium/test-failed-1.png]]

[[ATTACHMENT|tests-06-security-Security-efc07-ents-path-traversal-attacks-chromium/video.webm]]
]]>
</system-out>
</testcase>
<testcase name="Security Tests - OWASP Top 10 › validates and sanitizes all inputs" classname="tests/06-security.spec.ts" time="5.58">
<failure message="06-security.spec.ts:255:7 validates and sanitizes all inputs" type="FAILURE">
<![CDATA[  [chromium] › tests/06-security.spec.ts:255:7 › Security Tests - OWASP Top 10 › validates and sanitizes all inputs 

    Error: expect(locator).toBeVisible() failed

    Locator:  locator('[role="alert"], .error').first()
    Expected: visible
    Received: <element(s) not found>
    Timeout:  5000ms

    Call log:
      - Expect "toBeVisible" with timeout 5000ms
      - waiting for locator('[role="alert"], .error').first()


      274 |       // Should show validation error
      275 |       const error = await page.locator('[role="alert"], .error').first();
    > 276 |       await expect(error).toBeVisible();
          |                           ^
      277 |       
      278 |       // Error should not execute or render malicious content
      279 |       const errorHtml = await error.innerHTML();
        at /home/beano/DevProjects/next_js/moshimoshi/e2e/tests/06-security.spec.ts:276:27

    attachment #1: screenshot (image/png) ──────────────────────────────────────────────────────────
    ../test-results/tests-06-security-Security-fa15a-es-and-sanitizes-all-inputs-chromium/test-failed-1.png
    ────────────────────────────────────────────────────────────────────────────────────────────────

    attachment #2: video (video/webm) ──────────────────────────────────────────────────────────────
    ../test-results/tests-06-security-Security-fa15a-es-and-sanitizes-all-inputs-chromium/video.webm
    ────────────────────────────────────────────────────────────────────────────────────────────────

    Error Context: ../test-results/tests-06-security-Security-fa15a-es-and-sanitizes-all-inputs-chromium/error-context.md
]]>
</failure>
<system-out>
<![CDATA[
[[ATTACHMENT|tests-06-security-Security-fa15a-es-and-sanitizes-all-inputs-chromium/test-failed-1.png]]

[[ATTACHMENT|tests-06-security-Security-fa15a-es-and-sanitizes-all-inputs-chromium/video.webm]]

[[ATTACHMENT|tests-06-security-Security-fa15a-es-and-sanitizes-all-inputs-chromium/error-context.md]]
]]>
</system-out>
</testcase>
<testcase name="Security Tests - OWASP Top 10 › implements secure session management" classname="tests/06-security.spec.ts" time="15.488">
<failure message="06-security.spec.ts:286:7 implements secure session management" type="FAILURE">
<![CDATA[  [chromium] › tests/06-security.spec.ts:286:7 › Security Tests - OWASP Top 10 › implements secure session management 

    TimeoutError: page.fill: Timeout 15000ms exceeded.
    Call log:
      - waiting for locator('input[name="password"]')


       at helpers/test-user.ts:14

      12 |     await this.page.goto('/signup');
      13 |     await this.page.fill('input[name="email"]', testEmail);
    > 14 |     await this.page.fill('input[name="password"]', testPassword);
         |                     ^
      15 |     await this.page.fill('input[name="confirmPassword"]', testPassword);
      16 |     await this.page.click('button[type="submit"]');
      17 |     
        at TestUser.signUp (/home/beano/DevProjects/next_js/moshimoshi/e2e/helpers/test-user.ts:14:21)
        at /home/beano/DevProjects/next_js/moshimoshi/e2e/tests/06-security.spec.ts:287:33

    attachment #1: screenshot (image/png) ──────────────────────────────────────────────────────────
    ../test-results/tests-06-security-Security-0a442-s-secure-session-management-chromium/test-failed-1.png
    ────────────────────────────────────────────────────────────────────────────────────────────────

    attachment #2: video (video/webm) ──────────────────────────────────────────────────────────────
    ../test-results/tests-06-security-Security-0a442-s-secure-session-management-chromium/video.webm
    ────────────────────────────────────────────────────────────────────────────────────────────────

    Error Context: ../test-results/tests-06-security-Security-0a442-s-secure-session-management-chromium/error-context.md
]]>
</failure>
<system-out>
<![CDATA[
[[ATTACHMENT|tests-06-security-Security-0a442-s-secure-session-management-chromium/test-failed-1.png]]

[[ATTACHMENT|tests-06-security-Security-0a442-s-secure-session-management-chromium/video.webm]]

[[ATTACHMENT|tests-06-security-Security-0a442-s-secure-session-management-chromium/error-context.md]]
]]>
</system-out>
</testcase>
</testsuite>
<testsuite name="tests/07-integration.spec.ts" timestamp="2025-09-10T19:16:53.435Z" hostname="chromium" tests="6" failures="5" skipped="0" time="77.993" errors="0">
<testcase name="Full System Integration Tests › complete user journey from signup to premium" classname="tests/07-integration.spec.ts" time="15.404">
<failure message="07-integration.spec.ts:4:7 complete user journey from signup to premium" type="FAILURE">
<![CDATA[  [chromium] › tests/07-integration.spec.ts:4:7 › Full System Integration Tests › complete user journey from signup to premium 

    TimeoutError: page.fill: Timeout 15000ms exceeded.
    Call log:
      - waiting for locator('input[name="password"]')


       9 |     await page.goto('/auth/signup');
      10 |     await page.fill('input[name="email"]', testEmail);
    > 11 |     await page.fill('input[name="password"]', testPassword);
         |                ^
      12 |     await page.fill('input[name="confirmPassword"]', testPassword);
      13 |     
      14 |     const termsCheckbox = page.locator('input[type="checkbox"][name="terms"]');
        at /home/beano/DevProjects/next_js/moshimoshi/e2e/tests/07-integration.spec.ts:11:16

    attachment #1: screenshot (image/png) ──────────────────────────────────────────────────────────
    ../test-results/tests-07-integration-Full--f833e-rney-from-signup-to-premium-chromium/test-failed-1.png
    ────────────────────────────────────────────────────────────────────────────────────────────────

    attachment #2: video (video/webm) ──────────────────────────────────────────────────────────────
    ../test-results/tests-07-integration-Full--f833e-rney-from-signup-to-premium-chromium/video.webm
    ────────────────────────────────────────────────────────────────────────────────────────────────

    Error Context: ../test-results/tests-07-integration-Full--f833e-rney-from-signup-to-premium-chromium/error-context.md
]]>
</failure>
<system-out>
<![CDATA[
[[ATTACHMENT|tests-07-integration-Full--f833e-rney-from-signup-to-premium-chromium/test-failed-1.png]]

[[ATTACHMENT|tests-07-integration-Full--f833e-rney-from-signup-to-premium-chromium/video.webm]]

[[ATTACHMENT|tests-07-integration-Full--f833e-rney-from-signup-to-premium-chromium/error-context.md]]
]]>
</system-out>
</testcase>
<testcase name="Full System Integration Tests › API and frontend synchronization" classname="tests/07-integration.spec.ts" time="15.339">
<failure message="07-integration.spec.ts:97:7 API and frontend synchronization" type="FAILURE">
<![CDATA[  [chromium] › tests/07-integration.spec.ts:97:7 › Full System Integration Tests › API and frontend synchronization 

    TimeoutError: page.fill: Timeout 15000ms exceeded.
    Call log:
      - waiting for locator('input[name="password"]')


       at helpers/test-user.ts:14

      12 |     await this.page.goto('/signup');
      13 |     await this.page.fill('input[name="email"]', testEmail);
    > 14 |     await this.page.fill('input[name="password"]', testPassword);
         |                     ^
      15 |     await this.page.fill('input[name="confirmPassword"]', testPassword);
      16 |     await this.page.click('button[type="submit"]');
      17 |     
        at TestUser.signUp (/home/beano/DevProjects/next_js/moshimoshi/e2e/helpers/test-user.ts:14:21)
        at /home/beano/DevProjects/next_js/moshimoshi/e2e/tests/07-integration.spec.ts:98:33

    attachment #1: screenshot (image/png) ──────────────────────────────────────────────────────────
    ../test-results/tests-07-integration-Full--ba121-nd-frontend-synchronization-chromium/test-failed-1.png
    ────────────────────────────────────────────────────────────────────────────────────────────────

    attachment #2: video (video/webm) ──────────────────────────────────────────────────────────────
    ../test-results/tests-07-integration-Full--ba121-nd-frontend-synchronization-chromium/video.webm
    ────────────────────────────────────────────────────────────────────────────────────────────────

    Error Context: ../test-results/tests-07-integration-Full--ba121-nd-frontend-synchronization-chromium/error-context.md
]]>
</failure>
<system-out>
<![CDATA[
[[ATTACHMENT|tests-07-integration-Full--ba121-nd-frontend-synchronization-chromium/test-failed-1.png]]

[[ATTACHMENT|tests-07-integration-Full--ba121-nd-frontend-synchronization-chromium/video.webm]]

[[ATTACHMENT|tests-07-integration-Full--ba121-nd-frontend-synchronization-chromium/error-context.md]]
]]>
</system-out>
</testcase>
<testcase name="Full System Integration Tests › error recovery and resilience" classname="tests/07-integration.spec.ts" time="15.419">
<failure message="07-integration.spec.ts:140:7 error recovery and resilience" type="FAILURE">
<![CDATA[  [chromium] › tests/07-integration.spec.ts:140:7 › Full System Integration Tests › error recovery and resilience 

    TimeoutError: page.fill: Timeout 15000ms exceeded.
    Call log:
      - waiting for locator('input[name="password"]')


       at helpers/test-user.ts:14

      12 |     await this.page.goto('/signup');
      13 |     await this.page.fill('input[name="email"]', testEmail);
    > 14 |     await this.page.fill('input[name="password"]', testPassword);
         |                     ^
      15 |     await this.page.fill('input[name="confirmPassword"]', testPassword);
      16 |     await this.page.click('button[type="submit"]');
      17 |     
        at TestUser.signUp (/home/beano/DevProjects/next_js/moshimoshi/e2e/helpers/test-user.ts:14:21)
        at /home/beano/DevProjects/next_js/moshimoshi/e2e/tests/07-integration.spec.ts:141:33

    attachment #1: screenshot (image/png) ──────────────────────────────────────────────────────────
    ../test-results/tests-07-integration-Full--19551-ror-recovery-and-resilience-chromium/test-failed-1.png
    ────────────────────────────────────────────────────────────────────────────────────────────────

    attachment #2: video (video/webm) ──────────────────────────────────────────────────────────────
    ../test-results/tests-07-integration-Full--19551-ror-recovery-and-resilience-chromium/video.webm
    ────────────────────────────────────────────────────────────────────────────────────────────────

    Error Context: ../test-results/tests-07-integration-Full--19551-ror-recovery-and-resilience-chromium/error-context.md
]]>
</failure>
<system-out>
<![CDATA[
[[ATTACHMENT|tests-07-integration-Full--19551-ror-recovery-and-resilience-chromium/test-failed-1.png]]

[[ATTACHMENT|tests-07-integration-Full--19551-ror-recovery-and-resilience-chromium/video.webm]]

[[ATTACHMENT|tests-07-integration-Full--19551-ror-recovery-and-resilience-chromium/error-context.md]]
]]>
</system-out>
</testcase>
<testcase name="Full System Integration Tests › data migration and backward compatibility" classname="tests/07-integration.spec.ts" time="0.275">
</testcase>
<testcase name="Full System Integration Tests › performance under load" classname="tests/07-integration.spec.ts" time="16.2">
<failure message="07-integration.spec.ts:212:7 performance under load" type="FAILURE">
<![CDATA[  [chromium] › tests/07-integration.spec.ts:212:7 › Full System Integration Tests › performance under load 

    TimeoutError: page.fill: Timeout 15000ms exceeded.
    Call log:
      - waiting for locator('input[name="email"]')


       at helpers/test-user.ts:13

      11 |     
      12 |     await this.page.goto('/signup');
    > 13 |     await this.page.fill('input[name="email"]', testEmail);
         |                     ^
      14 |     await this.page.fill('input[name="password"]', testPassword);
      15 |     await this.page.fill('input[name="confirmPassword"]', testPassword);
      16 |     await this.page.click('button[type="submit"]');
        at TestUser.signUp (/home/beano/DevProjects/next_js/moshimoshi/e2e/helpers/test-user.ts:13:21)
        at /home/beano/DevProjects/next_js/moshimoshi/e2e/tests/07-integration.spec.ts:213:33

    attachment #1: screenshot (image/png) ──────────────────────────────────────────────────────────
    ../test-results/tests-07-integration-Full--feb1f-ests-performance-under-load-chromium/test-failed-1.png
    ────────────────────────────────────────────────────────────────────────────────────────────────

    attachment #2: video (video/webm) ──────────────────────────────────────────────────────────────
    ../test-results/tests-07-integration-Full--feb1f-ests-performance-under-load-chromium/video.webm
    ────────────────────────────────────────────────────────────────────────────────────────────────

    Error Context: ../test-results/tests-07-integration-Full--feb1f-ests-performance-under-load-chromium/error-context.md
]]>
</failure>
<system-out>
<![CDATA[
[[ATTACHMENT|tests-07-integration-Full--feb1f-ests-performance-under-load-chromium/test-failed-1.png]]

[[ATTACHMENT|tests-07-integration-Full--feb1f-ests-performance-under-load-chromium/video.webm]]

[[ATTACHMENT|tests-07-integration-Full--feb1f-ests-performance-under-load-chromium/error-context.md]]
]]>
</system-out>
</testcase>
<testcase name="Full System Integration Tests › cross-feature integration" classname="tests/07-integration.spec.ts" time="15.356">
<failure message="07-integration.spec.ts:248:7 cross-feature integration" type="FAILURE">
<![CDATA[  [chromium] › tests/07-integration.spec.ts:248:7 › Full System Integration Tests › cross-feature integration 

    TimeoutError: page.fill: Timeout 15000ms exceeded.
    Call log:
      - waiting for locator('input[name="password"]')


       at helpers/test-user.ts:14

      12 |     await this.page.goto('/signup');
      13 |     await this.page.fill('input[name="email"]', testEmail);
    > 14 |     await this.page.fill('input[name="password"]', testPassword);
         |                     ^
      15 |     await this.page.fill('input[name="confirmPassword"]', testPassword);
      16 |     await this.page.click('button[type="submit"]');
      17 |     
        at TestUser.signUp (/home/beano/DevProjects/next_js/moshimoshi/e2e/helpers/test-user.ts:14:21)
        at /home/beano/DevProjects/next_js/moshimoshi/e2e/tests/07-integration.spec.ts:249:33

    attachment #1: screenshot (image/png) ──────────────────────────────────────────────────────────
    ../test-results/tests-07-integration-Full--65909-s-cross-feature-integration-chromium/test-failed-1.png
    ────────────────────────────────────────────────────────────────────────────────────────────────

    attachment #2: video (video/webm) ──────────────────────────────────────────────────────────────
    ../test-results/tests-07-integration-Full--65909-s-cross-feature-integration-chromium/video.webm
    ────────────────────────────────────────────────────────────────────────────────────────────────

    Error Context: ../test-results/tests-07-integration-Full--65909-s-cross-feature-integration-chromium/error-context.md
]]>
</failure>
<system-out>
<![CDATA[
[[ATTACHMENT|tests-07-integration-Full--65909-s-cross-feature-integration-chromium/test-failed-1.png]]

[[ATTACHMENT|tests-07-integration-Full--65909-s-cross-feature-integration-chromium/video.webm]]

[[ATTACHMENT|tests-07-integration-Full--65909-s-cross-feature-integration-chromium/error-context.md]]
]]>
</system-out>
</testcase>
</testsuite>
<testsuite name="tests/08-performance.spec.ts" timestamp="2025-09-10T19:16:53.435Z" hostname="chromium" tests="8" failures="7" skipped="0" time="94.765" errors="0">
<testcase name="Performance Regression Tests › page load performance metrics" classname="tests/08-performance.spec.ts" time="1.102">
</testcase>
<testcase name="Performance Regression Tests › API response time performance" classname="tests/08-performance.spec.ts" time="15.321">
<failure message="08-performance.spec.ts:25:7 API response time performance" type="FAILURE">
<![CDATA[  [chromium] › tests/08-performance.spec.ts:25:7 › Performance Regression Tests › API response time performance 

    TimeoutError: page.fill: Timeout 15000ms exceeded.
    Call log:
      - waiting for locator('input[name="password"]')


       at helpers/test-user.ts:14

      12 |     await this.page.goto('/signup');
      13 |     await this.page.fill('input[name="email"]', testEmail);
    > 14 |     await this.page.fill('input[name="password"]', testPassword);
         |                     ^
      15 |     await this.page.fill('input[name="confirmPassword"]', testPassword);
      16 |     await this.page.click('button[type="submit"]');
      17 |     
        at TestUser.signUp (/home/beano/DevProjects/next_js/moshimoshi/e2e/helpers/test-user.ts:14:21)
        at /home/beano/DevProjects/next_js/moshimoshi/e2e/tests/08-performance.spec.ts:26:33

    attachment #1: screenshot (image/png) ──────────────────────────────────────────────────────────
    ../test-results/tests-08-performance-Perfo-6fc1b-I-response-time-performance-chromium/test-failed-1.png
    ────────────────────────────────────────────────────────────────────────────────────────────────

    attachment #2: video (video/webm) ──────────────────────────────────────────────────────────────
    ../test-results/tests-08-performance-Perfo-6fc1b-I-response-time-performance-chromium/video.webm
    ────────────────────────────────────────────────────────────────────────────────────────────────

    Error Context: ../test-results/tests-08-performance-Perfo-6fc1b-I-response-time-performance-chromium/error-context.md
]]>
</failure>
<system-out>
<![CDATA[
[[ATTACHMENT|tests-08-performance-Perfo-6fc1b-I-response-time-performance-chromium/test-failed-1.png]]

[[ATTACHMENT|tests-08-performance-Perfo-6fc1b-I-response-time-performance-chromium/video.webm]]

[[ATTACHMENT|tests-08-performance-Perfo-6fc1b-I-response-time-performance-chromium/error-context.md]]
]]>
</system-out>
</testcase>
<testcase name="Performance Regression Tests › review session performance" classname="tests/08-performance.spec.ts" time="15.426">
<failure message="08-performance.spec.ts:53:7 review session performance" type="FAILURE">
<![CDATA[  [chromium] › tests/08-performance.spec.ts:53:7 › Performance Regression Tests › review session performance 

    TimeoutError: page.fill: Timeout 15000ms exceeded.
    Call log:
      - waiting for locator('input[name="password"]')


       at helpers/test-user.ts:14

      12 |     await this.page.goto('/signup');
      13 |     await this.page.fill('input[name="email"]', testEmail);
    > 14 |     await this.page.fill('input[name="password"]', testPassword);
         |                     ^
      15 |     await this.page.fill('input[name="confirmPassword"]', testPassword);
      16 |     await this.page.click('button[type="submit"]');
      17 |     
        at TestUser.signUp (/home/beano/DevProjects/next_js/moshimoshi/e2e/helpers/test-user.ts:14:21)
        at /home/beano/DevProjects/next_js/moshimoshi/e2e/tests/08-performance.spec.ts:54:33

    attachment #1: screenshot (image/png) ──────────────────────────────────────────────────────────
    ../test-results/tests-08-performance-Perfo-d8fad--review-session-performance-chromium/test-failed-1.png
    ────────────────────────────────────────────────────────────────────────────────────────────────

    attachment #2: video (video/webm) ──────────────────────────────────────────────────────────────
    ../test-results/tests-08-performance-Perfo-d8fad--review-session-performance-chromium/video.webm
    ────────────────────────────────────────────────────────────────────────────────────────────────

    Error Context: ../test-results/tests-08-performance-Perfo-d8fad--review-session-performance-chromium/error-context.md
]]>
</failure>
<system-out>
<![CDATA[
[[ATTACHMENT|tests-08-performance-Perfo-d8fad--review-session-performance-chromium/test-failed-1.png]]

[[ATTACHMENT|tests-08-performance-Perfo-d8fad--review-session-performance-chromium/video.webm]]

[[ATTACHMENT|tests-08-performance-Perfo-d8fad--review-session-performance-chromium/error-context.md]]
]]>
</system-out>
</testcase>
<testcase name="Performance Regression Tests › memory usage remains stable" classname="tests/08-performance.spec.ts" time="15.466">
<failure message="08-performance.spec.ts:94:7 memory usage remains stable" type="FAILURE">
<![CDATA[  [chromium] › tests/08-performance.spec.ts:94:7 › Performance Regression Tests › memory usage remains stable 

    TimeoutError: page.fill: Timeout 15000ms exceeded.
    Call log:
      - waiting for locator('input[name="password"]')


       at helpers/test-user.ts:14

      12 |     await this.page.goto('/signup');
      13 |     await this.page.fill('input[name="email"]', testEmail);
    > 14 |     await this.page.fill('input[name="password"]', testPassword);
         |                     ^
      15 |     await this.page.fill('input[name="confirmPassword"]', testPassword);
      16 |     await this.page.click('button[type="submit"]');
      17 |     
        at TestUser.signUp (/home/beano/DevProjects/next_js/moshimoshi/e2e/helpers/test-user.ts:14:21)
        at /home/beano/DevProjects/next_js/moshimoshi/e2e/tests/08-performance.spec.ts:95:33

    attachment #1: screenshot (image/png) ──────────────────────────────────────────────────────────
    ../test-results/tests-08-performance-Perfo-4211c-memory-usage-remains-stable-chromium/test-failed-1.png
    ────────────────────────────────────────────────────────────────────────────────────────────────

    attachment #2: video (video/webm) ──────────────────────────────────────────────────────────────
    ../test-results/tests-08-performance-Perfo-4211c-memory-usage-remains-stable-chromium/video.webm
    ────────────────────────────────────────────────────────────────────────────────────────────────

    Error Context: ../test-results/tests-08-performance-Perfo-4211c-memory-usage-remains-stable-chromium/error-context.md
]]>
</failure>
<system-out>
<![CDATA[
[[ATTACHMENT|tests-08-performance-Perfo-4211c-memory-usage-remains-stable-chromium/test-failed-1.png]]

[[ATTACHMENT|tests-08-performance-Perfo-4211c-memory-usage-remains-stable-chromium/video.webm]]

[[ATTACHMENT|tests-08-performance-Perfo-4211c-memory-usage-remains-stable-chromium/error-context.md]]
]]>
</system-out>
</testcase>
<testcase name="Performance Regression Tests › bundle size and resource loading" classname="tests/08-performance.spec.ts" time="1.167">
<failure message="08-performance.spec.ts:144:7 bundle size and resource loading" type="FAILURE">
<![CDATA[  [chromium] › tests/08-performance.spec.ts:144:7 › Performance Regression Tests › bundle size and resource loading 

    Error: expect(received).toBeLessThan(expected)

    Expected: < 512000
    Received:   9773587

      168 |     
      169 |     // Bundle size limits (in bytes)
    > 170 |     expect(jsSize).toBeLessThan(500 * 1024); // JS under 500KB
          |                    ^
      171 |     expect(cssSize).toBeLessThan(100 * 1024); // CSS under 100KB
      172 |     
      173 |     // Check for code splitting (should have multiple JS chunks)
        at /home/beano/DevProjects/next_js/moshimoshi/e2e/tests/08-performance.spec.ts:170:20

    attachment #1: screenshot (image/png) ──────────────────────────────────────────────────────────
    ../test-results/tests-08-performance-Perfo-baf53-e-size-and-resource-loading-chromium/test-failed-1.png
    ────────────────────────────────────────────────────────────────────────────────────────────────

    attachment #2: video (video/webm) ──────────────────────────────────────────────────────────────
    ../test-results/tests-08-performance-Perfo-baf53-e-size-and-resource-loading-chromium/video.webm
    ────────────────────────────────────────────────────────────────────────────────────────────────

    Error Context: ../test-results/tests-08-performance-Perfo-baf53-e-size-and-resource-loading-chromium/error-context.md
]]>
</failure>
<system-out>
<![CDATA[
[[ATTACHMENT|tests-08-performance-Perfo-baf53-e-size-and-resource-loading-chromium/test-failed-1.png]]

[[ATTACHMENT|tests-08-performance-Perfo-baf53-e-size-and-resource-loading-chromium/video.webm]]

[[ATTACHMENT|tests-08-performance-Perfo-baf53-e-size-and-resource-loading-chromium/error-context.md]]
]]>
</system-out>
</testcase>
<testcase name="Performance Regression Tests › database query performance" classname="tests/08-performance.spec.ts" time="15.435">
<failure message="08-performance.spec.ts:178:7 database query performance" type="FAILURE">
<![CDATA[  [chromium] › tests/08-performance.spec.ts:178:7 › Performance Regression Tests › database query performance 

    TimeoutError: page.fill: Timeout 15000ms exceeded.
    Call log:
      - waiting for locator('input[name="password"]')


       at helpers/test-user.ts:14

      12 |     await this.page.goto('/signup');
      13 |     await this.page.fill('input[name="email"]', testEmail);
    > 14 |     await this.page.fill('input[name="password"]', testPassword);
         |                     ^
      15 |     await this.page.fill('input[name="confirmPassword"]', testPassword);
      16 |     await this.page.click('button[type="submit"]');
      17 |     
        at TestUser.signUp (/home/beano/DevProjects/next_js/moshimoshi/e2e/helpers/test-user.ts:14:21)
        at /home/beano/DevProjects/next_js/moshimoshi/e2e/tests/08-performance.spec.ts:179:33

    attachment #1: screenshot (image/png) ──────────────────────────────────────────────────────────
    ../test-results/tests-08-performance-Perfo-86725--database-query-performance-chromium/test-failed-1.png
    ────────────────────────────────────────────────────────────────────────────────────────────────

    attachment #2: video (video/webm) ──────────────────────────────────────────────────────────────
    ../test-results/tests-08-performance-Perfo-86725--database-query-performance-chromium/video.webm
    ────────────────────────────────────────────────────────────────────────────────────────────────

    Error Context: ../test-results/tests-08-performance-Perfo-86725--database-query-performance-chromium/error-context.md
]]>
</failure>
<system-out>
<![CDATA[
[[ATTACHMENT|tests-08-performance-Perfo-86725--database-query-performance-chromium/test-failed-1.png]]

[[ATTACHMENT|tests-08-performance-Perfo-86725--database-query-performance-chromium/video.webm]]

[[ATTACHMENT|tests-08-performance-Perfo-86725--database-query-performance-chromium/error-context.md]]
]]>
</system-out>
</testcase>
<testcase name="Performance Regression Tests › concurrent user load simulation" classname="tests/08-performance.spec.ts" time="15.399">
<failure message="08-performance.spec.ts:225:7 concurrent user load simulation" type="FAILURE">
<![CDATA[  [chromium] › tests/08-performance.spec.ts:225:7 › Performance Regression Tests › concurrent user load simulation 

    TimeoutError: page.fill: Timeout 15000ms exceeded.
    Call log:
      - waiting for locator('input[name="password"]')


       at helpers/test-user.ts:14

      12 |     await this.page.goto('/signup');
      13 |     await this.page.fill('input[name="email"]', testEmail);
    > 14 |     await this.page.fill('input[name="password"]', testPassword);
         |                     ^
      15 |     await this.page.fill('input[name="confirmPassword"]', testPassword);
      16 |     await this.page.click('button[type="submit"]');
      17 |     
        at TestUser.signUp (/home/beano/DevProjects/next_js/moshimoshi/e2e/helpers/test-user.ts:14:21)
        at /home/beano/DevProjects/next_js/moshimoshi/e2e/tests/08-performance.spec.ts:226:33

    attachment #1: screenshot (image/png) ──────────────────────────────────────────────────────────
    ../test-results/tests-08-performance-Perfo-a86ee-urrent-user-load-simulation-chromium/test-failed-1.png
    ────────────────────────────────────────────────────────────────────────────────────────────────

    attachment #2: video (video/webm) ──────────────────────────────────────────────────────────────
    ../test-results/tests-08-performance-Perfo-a86ee-urrent-user-load-simulation-chromium/video.webm
    ────────────────────────────────────────────────────────────────────────────────────────────────

    Error Context: ../test-results/tests-08-performance-Perfo-a86ee-urrent-user-load-simulation-chromium/error-context.md
]]>
</failure>
<system-out>
<![CDATA[
[[ATTACHMENT|tests-08-performance-Perfo-a86ee-urrent-user-load-simulation-chromium/test-failed-1.png]]

[[ATTACHMENT|tests-08-performance-Perfo-a86ee-urrent-user-load-simulation-chromium/video.webm]]

[[ATTACHMENT|tests-08-performance-Perfo-a86ee-urrent-user-load-simulation-chromium/error-context.md]]
]]>
</system-out>
</testcase>
<testcase name="Performance Regression Tests › cache effectiveness" classname="tests/08-performance.spec.ts" time="15.449">
<failure message="08-performance.spec.ts:276:7 cache effectiveness" type="FAILURE">
<![CDATA[  [chromium] › tests/08-performance.spec.ts:276:7 › Performance Regression Tests › cache effectiveness 

    TimeoutError: page.fill: Timeout 15000ms exceeded.
    Call log:
      - waiting for locator('input[name="password"]')


       at helpers/test-user.ts:14

      12 |     await this.page.goto('/signup');
      13 |     await this.page.fill('input[name="email"]', testEmail);
    > 14 |     await this.page.fill('input[name="password"]', testPassword);
         |                     ^
      15 |     await this.page.fill('input[name="confirmPassword"]', testPassword);
      16 |     await this.page.click('button[type="submit"]');
      17 |     
        at TestUser.signUp (/home/beano/DevProjects/next_js/moshimoshi/e2e/helpers/test-user.ts:14:21)
        at /home/beano/DevProjects/next_js/moshimoshi/e2e/tests/08-performance.spec.ts:277:33

    attachment #1: screenshot (image/png) ──────────────────────────────────────────────────────────
    ../test-results/tests-08-performance-Perfo-0f20c-n-Tests-cache-effectiveness-chromium/test-failed-1.png
    ────────────────────────────────────────────────────────────────────────────────────────────────

    attachment #2: video (video/webm) ──────────────────────────────────────────────────────────────
    ../test-results/tests-08-performance-Perfo-0f20c-n-Tests-cache-effectiveness-chromium/video.webm
    ────────────────────────────────────────────────────────────────────────────────────────────────

    Error Context: ../test-results/tests-08-performance-Perfo-0f20c-n-Tests-cache-effectiveness-chromium/error-context.md
]]>
</failure>
<system-out>
<![CDATA[
[[ATTACHMENT|tests-08-performance-Perfo-0f20c-n-Tests-cache-effectiveness-chromium/test-failed-1.png]]

[[ATTACHMENT|tests-08-performance-Perfo-0f20c-n-Tests-cache-effectiveness-chromium/video.webm]]

[[ATTACHMENT|tests-08-performance-Perfo-0f20c-n-Tests-cache-effectiveness-chromium/error-context.md]]
]]>
</system-out>
</testcase>
</testsuite>
<testsuite name="tests/01-onboarding.spec.ts" timestamp="2025-09-10T19:16:53.435Z" hostname="firefox" tests="4" failures="4" skipped="0" time="0.004" errors="0">
<testcase name="User Onboarding Flow › new user can complete full onboarding" classname="tests/01-onboarding.spec.ts" time="0.001">
<failure message="01-onboarding.spec.ts:4:7 new user can complete full onboarding" type="FAILURE">
<![CDATA[  [firefox] › tests/01-onboarding.spec.ts:4:7 › User Onboarding Flow › new user can complete full onboarding 

    Error: browserType.launch: Executable doesn't exist at /home/beano/.cache/ms-playwright/firefox-1490/firefox/firefox
    ╔═════════════════════════════════════════════════════════════════════════╗
    ║ Looks like Playwright Test or Playwright was just installed or updated. ║
    ║ Please run the following command to download new browsers:              ║
    ║                                                                         ║
    ║     npx playwright install                                              ║
    ║                                                                         ║
    ║ <3 Playwright Team                                                      ║
    ╚═════════════════════════════════════════════════════════════════════════╝
]]>
</failure>
</testcase>
<testcase name="User Onboarding Flow › existing user can login" classname="tests/01-onboarding.spec.ts" time="0.001">
<failure message="01-onboarding.spec.ts:54:7 existing user can login" type="FAILURE">
<![CDATA[  [firefox] › tests/01-onboarding.spec.ts:54:7 › User Onboarding Flow › existing user can login ────

    Error: browserType.launch: Executable doesn't exist at /home/beano/.cache/ms-playwright/firefox-1490/firefox/firefox
    ╔═════════════════════════════════════════════════════════════════════════╗
    ║ Looks like Playwright Test or Playwright was just installed or updated. ║
    ║ Please run the following command to download new browsers:              ║
    ║                                                                         ║
    ║     npx playwright install                                              ║
    ║                                                                         ║
    ║ <3 Playwright Team                                                      ║
    ╚═════════════════════════════════════════════════════════════════════════╝
]]>
</failure>
</testcase>
<testcase name="User Onboarding Flow › password reset flow works" classname="tests/01-onboarding.spec.ts" time="0.001">
<failure message="01-onboarding.spec.ts:93:7 password reset flow works" type="FAILURE">
<![CDATA[  [firefox] › tests/01-onboarding.spec.ts:93:7 › User Onboarding Flow › password reset flow works ──

    Error: browserType.launch: Executable doesn't exist at /home/beano/.cache/ms-playwright/firefox-1490/firefox/firefox
    ╔═════════════════════════════════════════════════════════════════════════╗
    ║ Looks like Playwright Test or Playwright was just installed or updated. ║
    ║ Please run the following command to download new browsers:              ║
    ║                                                                         ║
    ║     npx playwright install                                              ║
    ║                                                                         ║
    ║ <3 Playwright Team                                                      ║
    ╚═════════════════════════════════════════════════════════════════════════╝
]]>
</failure>
</testcase>
<testcase name="User Onboarding Flow › validates signup form fields" classname="tests/01-onboarding.spec.ts" time="0.001">
<failure message="01-onboarding.spec.ts:109:7 validates signup form fields" type="FAILURE">
<![CDATA[  [firefox] › tests/01-onboarding.spec.ts:109:7 › User Onboarding Flow › validates signup form fields 

    Error: browserType.launch: Executable doesn't exist at /home/beano/.cache/ms-playwright/firefox-1490/firefox/firefox
    ╔═════════════════════════════════════════════════════════════════════════╗
    ║ Looks like Playwright Test or Playwright was just installed or updated. ║
    ║ Please run the following command to download new browsers:              ║
    ║                                                                         ║
    ║     npx playwright install                                              ║
    ║                                                                         ║
    ║ <3 Playwright Team                                                      ║
    ╚═════════════════════════════════════════════════════════════════════════╝
]]>
</failure>
</testcase>
</testsuite>
<testsuite name="tests/02-review-session.spec.ts" timestamp="2025-09-10T19:16:53.435Z" hostname="firefox" tests="5" failures="5" skipped="0" time="0.009" errors="0">
<testcase name="Review Session Flow › can start and complete a review session" classname="tests/02-review-session.spec.ts" time="0.002">
<failure message="02-review-session.spec.ts:10:7 can start and complete a review session" type="FAILURE">
<![CDATA[  [firefox] › tests/02-review-session.spec.ts:10:7 › Review Session Flow › can start and complete a review session 

    Error: browserType.launch: Executable doesn't exist at /home/beano/.cache/ms-playwright/firefox-1490/firefox/firefox
    ╔═════════════════════════════════════════════════════════════════════════╗
    ║ Looks like Playwright Test or Playwright was just installed or updated. ║
    ║ Please run the following command to download new browsers:              ║
    ║                                                                         ║
    ║     npx playwright install                                              ║
    ║                                                                         ║
    ║ <3 Playwright Team                                                      ║
    ╚═════════════════════════════════════════════════════════════════════════╝
]]>
</failure>
</testcase>
<testcase name="Review Session Flow › SRS algorithm updates intervals correctly" classname="tests/02-review-session.spec.ts" time="0.001">
<failure message="02-review-session.spec.ts:60:7 SRS algorithm updates intervals correctly" type="FAILURE">
<![CDATA[  [firefox] › tests/02-review-session.spec.ts:60:7 › Review Session Flow › SRS algorithm updates intervals correctly 

    Error: browserType.launch: Executable doesn't exist at /home/beano/.cache/ms-playwright/firefox-1490/firefox/firefox
    ╔═════════════════════════════════════════════════════════════════════════╗
    ║ Looks like Playwright Test or Playwright was just installed or updated. ║
    ║ Please run the following command to download new browsers:              ║
    ║                                                                         ║
    ║     npx playwright install                                              ║
    ║                                                                         ║
    ║ <3 Playwright Team                                                      ║
    ╚═════════════════════════════════════════════════════════════════════════╝
]]>
</failure>
</testcase>
<testcase name="Review Session Flow › review session persists progress" classname="tests/02-review-session.spec.ts" time="0.002">
<failure message="02-review-session.spec.ts:93:7 review session persists progress" type="FAILURE">
<![CDATA[  [firefox] › tests/02-review-session.spec.ts:93:7 › Review Session Flow › review session persists progress 

    Error: browserType.launch: Executable doesn't exist at /home/beano/.cache/ms-playwright/firefox-1490/firefox/firefox
    ╔═════════════════════════════════════════════════════════════════════════╗
    ║ Looks like Playwright Test or Playwright was just installed or updated. ║
    ║ Please run the following command to download new browsers:              ║
    ║                                                                         ║
    ║     npx playwright install                                              ║
    ║                                                                         ║
    ║ <3 Playwright Team                                                      ║
    ╚═════════════════════════════════════════════════════════════════════════╝
]]>
</failure>
</testcase>
<testcase name="Review Session Flow › handles empty review queue gracefully" classname="tests/02-review-session.spec.ts" time="0.002">
<failure message="02-review-session.spec.ts:135:7 handles empty review queue gracefully" type="FAILURE">
<![CDATA[  [firefox] › tests/02-review-session.spec.ts:135:7 › Review Session Flow › handles empty review queue gracefully 

    Error: browserType.launch: Executable doesn't exist at /home/beano/.cache/ms-playwright/firefox-1490/firefox/firefox
    ╔═════════════════════════════════════════════════════════════════════════╗
    ║ Looks like Playwright Test or Playwright was just installed or updated. ║
    ║ Please run the following command to download new browsers:              ║
    ║                                                                         ║
    ║     npx playwright install                                              ║
    ║                                                                         ║
    ║ <3 Playwright Team                                                      ║
    ╚═════════════════════════════════════════════════════════════════════════╝
]]>
</failure>
</testcase>
<testcase name="Review Session Flow › review statistics are tracked" classname="tests/02-review-session.spec.ts" time="0.002">
<failure message="02-review-session.spec.ts:149:7 review statistics are tracked" type="FAILURE">
<![CDATA[  [firefox] › tests/02-review-session.spec.ts:149:7 › Review Session Flow › review statistics are tracked 

    Error: browserType.launch: Executable doesn't exist at /home/beano/.cache/ms-playwright/firefox-1490/firefox/firefox
    ╔═════════════════════════════════════════════════════════════════════════╗
    ║ Looks like Playwright Test or Playwright was just installed or updated. ║
    ║ Please run the following command to download new browsers:              ║
    ║                                                                         ║
    ║     npx playwright install                                              ║
    ║                                                                         ║
    ║ <3 Playwright Team                                                      ║
    ╚═════════════════════════════════════════════════════════════════════════╝
]]>
</failure>
</testcase>
</testsuite>
<testsuite name="tests/03-offline-online.spec.ts" timestamp="2025-09-10T19:16:53.435Z" hostname="firefox" tests="5" failures="5" skipped="0" time="0.01" errors="0">
<testcase name="Offline/Online Transition › app works offline and syncs when back online" classname="tests/03-offline-online.spec.ts" time="0.003">
<failure message="03-offline-online.spec.ts:10:7 app works offline and syncs when back online" type="FAILURE">
<![CDATA[  [firefox] › tests/03-offline-online.spec.ts:10:7 › Offline/Online Transition › app works offline and syncs when back online 

    Error: browserType.launch: Executable doesn't exist at /home/beano/.cache/ms-playwright/firefox-1490/firefox/firefox
    ╔═════════════════════════════════════════════════════════════════════════╗
    ║ Looks like Playwright Test or Playwright was just installed or updated. ║
    ║ Please run the following command to download new browsers:              ║
    ║                                                                         ║
    ║     npx playwright install                                              ║
    ║                                                                         ║
    ║ <3 Playwright Team                                                      ║
    ╚═════════════════════════════════════════════════════════════════════════╝
]]>
</failure>
</testcase>
<testcase name="Offline/Online Transition › handles offline mode gracefully" classname="tests/03-offline-online.spec.ts" time="0.002">
<failure message="03-offline-online.spec.ts:75:7 handles offline mode gracefully" type="FAILURE">
<![CDATA[  [firefox] › tests/03-offline-online.spec.ts:75:7 › Offline/Online Transition › handles offline mode gracefully 

    Error: browserType.launch: Executable doesn't exist at /home/beano/.cache/ms-playwright/firefox-1490/firefox/firefox
    ╔═════════════════════════════════════════════════════════════════════════╗
    ║ Looks like Playwright Test or Playwright was just installed or updated. ║
    ║ Please run the following command to download new browsers:              ║
    ║                                                                         ║
    ║     npx playwright install                                              ║
    ║                                                                         ║
    ║ <3 Playwright Team                                                      ║
    ╚═════════════════════════════════════════════════════════════════════════╝
]]>
</failure>
</testcase>
<testcase name="Offline/Online Transition › queues actions while offline" classname="tests/03-offline-online.spec.ts" time="0.002">
<failure message="03-offline-online.spec.ts:100:7 queues actions while offline" type="FAILURE">
<![CDATA[  [firefox] › tests/03-offline-online.spec.ts:100:7 › Offline/Online Transition › queues actions while offline 

    Error: browserType.launch: Executable doesn't exist at /home/beano/.cache/ms-playwright/firefox-1490/firefox/firefox
    ╔═════════════════════════════════════════════════════════════════════════╗
    ║ Looks like Playwright Test or Playwright was just installed or updated. ║
    ║ Please run the following command to download new browsers:              ║
    ║                                                                         ║
    ║     npx playwright install                                              ║
    ║                                                                         ║
    ║ <3 Playwright Team                                                      ║
    ╚═════════════════════════════════════════════════════════════════════════╝
]]>
</failure>
</testcase>
<testcase name="Offline/Online Transition › service worker caches essential resources" classname="tests/03-offline-online.spec.ts" time="0.001">
<failure message="03-offline-online.spec.ts:153:7 service worker caches essential resources" type="FAILURE">
<![CDATA[  [firefox] › tests/03-offline-online.spec.ts:153:7 › Offline/Online Transition › service worker caches essential resources 

    Error: browserType.launch: Executable doesn't exist at /home/beano/.cache/ms-playwright/firefox-1490/firefox/firefox
    ╔═════════════════════════════════════════════════════════════════════════╗
    ║ Looks like Playwright Test or Playwright was just installed or updated. ║
    ║ Please run the following command to download new browsers:              ║
    ║                                                                         ║
    ║     npx playwright install                                              ║
    ║                                                                         ║
    ║ <3 Playwright Team                                                      ║
    ╚═════════════════════════════════════════════════════════════════════════╝
]]>
</failure>
</testcase>
<testcase name="Offline/Online Transition › conflict resolution when syncing" classname="tests/03-offline-online.spec.ts" time="0.002">
<failure message="03-offline-online.spec.ts:179:7 conflict resolution when syncing" type="FAILURE">
<![CDATA[  [firefox] › tests/03-offline-online.spec.ts:179:7 › Offline/Online Transition › conflict resolution when syncing 

    Error: browserType.launch: Executable doesn't exist at /home/beano/.cache/ms-playwright/firefox-1490/firefox/firefox
    ╔═════════════════════════════════════════════════════════════════════════╗
    ║ Looks like Playwright Test or Playwright was just installed or updated. ║
    ║ Please run the following command to download new browsers:              ║
    ║                                                                         ║
    ║     npx playwright install                                              ║
    ║                                                                         ║
    ║ <3 Playwright Team                                                      ║
    ╚═════════════════════════════════════════════════════════════════════════╝
]]>
</failure>
</testcase>
</testsuite>
<testsuite name="tests/04-payment-flow.spec.ts" timestamp="2025-09-10T19:16:53.435Z" hostname="firefox" tests="7" failures="7" skipped="0" time="0.014" errors="0">
<testcase name="Payment and Subscription Flow › can view subscription plans" classname="tests/04-payment-flow.spec.ts" time="0.003">
<failure message="04-payment-flow.spec.ts:10:7 can view subscription plans" type="FAILURE">
<![CDATA[  [firefox] › tests/04-payment-flow.spec.ts:10:7 › Payment and Subscription Flow › can view subscription plans 

    Error: browserType.launch: Executable doesn't exist at /home/beano/.cache/ms-playwright/firefox-1490/firefox/firefox
    ╔═════════════════════════════════════════════════════════════════════════╗
    ║ Looks like Playwright Test or Playwright was just installed or updated. ║
    ║ Please run the following command to download new browsers:              ║
    ║                                                                         ║
    ║     npx playwright install                                              ║
    ║                                                                         ║
    ║ <3 Playwright Team                                                      ║
    ╚═════════════════════════════════════════════════════════════════════════╝
]]>
</failure>
</testcase>
<testcase name="Payment and Subscription Flow › can initiate premium subscription" classname="tests/04-payment-flow.spec.ts" time="0.003">
<failure message="04-payment-flow.spec.ts:34:7 can initiate premium subscription" type="FAILURE">
<![CDATA[  [firefox] › tests/04-payment-flow.spec.ts:34:7 › Payment and Subscription Flow › can initiate premium subscription 

    Error: browserType.launch: Executable doesn't exist at /home/beano/.cache/ms-playwright/firefox-1490/firefox/firefox
    ╔═════════════════════════════════════════════════════════════════════════╗
    ║ Looks like Playwright Test or Playwright was just installed or updated. ║
    ║ Please run the following command to download new browsers:              ║
    ║                                                                         ║
    ║     npx playwright install                                              ║
    ║                                                                         ║
    ║ <3 Playwright Team                                                      ║
    ╚═════════════════════════════════════════════════════════════════════════╝
]]>
</failure>
</testcase>
<testcase name="Payment and Subscription Flow › test payment with test card" classname="tests/04-payment-flow.spec.ts" time="0.002">
<failure message="04-payment-flow.spec.ts:54:7 test payment with test card" type="FAILURE">
<![CDATA[  [firefox] › tests/04-payment-flow.spec.ts:54:7 › Payment and Subscription Flow › test payment with test card 

    Error: browserType.launch: Executable doesn't exist at /home/beano/.cache/ms-playwright/firefox-1490/firefox/firefox
    ╔═════════════════════════════════════════════════════════════════════════╗
    ║ Looks like Playwright Test or Playwright was just installed or updated. ║
    ║ Please run the following command to download new browsers:              ║
    ║                                                                         ║
    ║     npx playwright install                                              ║
    ║                                                                         ║
    ║ <3 Playwright Team                                                      ║
    ╚═════════════════════════════════════════════════════════════════════════╝
]]>
</failure>
</testcase>
<testcase name="Payment and Subscription Flow › subscription status is reflected in UI" classname="tests/04-payment-flow.spec.ts" time="0.001">
<failure message="04-payment-flow.spec.ts:91:7 subscription status is reflected in UI" type="FAILURE">
<![CDATA[  [firefox] › tests/04-payment-flow.spec.ts:91:7 › Payment and Subscription Flow › subscription status is reflected in UI 

    Error: browserType.launch: Executable doesn't exist at /home/beano/.cache/ms-playwright/firefox-1490/firefox/firefox
    ╔═════════════════════════════════════════════════════════════════════════╗
    ║ Looks like Playwright Test or Playwright was just installed or updated. ║
    ║ Please run the following command to download new browsers:              ║
    ║                                                                         ║
    ║     npx playwright install                                              ║
    ║                                                                         ║
    ║ <3 Playwright Team                                                      ║
    ╚═════════════════════════════════════════════════════════════════════════╝
]]>
</failure>
</testcase>
<testcase name="Payment and Subscription Flow › can manage subscription" classname="tests/04-payment-flow.spec.ts" time="0.002">
<failure message="04-payment-flow.spec.ts:109:7 can manage subscription" type="FAILURE">
<![CDATA[  [firefox] › tests/04-payment-flow.spec.ts:109:7 › Payment and Subscription Flow › can manage subscription 

    Error: browserType.launch: Executable doesn't exist at /home/beano/.cache/ms-playwright/firefox-1490/firefox/firefox
    ╔═════════════════════════════════════════════════════════════════════════╗
    ║ Looks like Playwright Test or Playwright was just installed or updated. ║
    ║ Please run the following command to download new browsers:              ║
    ║                                                                         ║
    ║     npx playwright install                                              ║
    ║                                                                         ║
    ║ <3 Playwright Team                                                      ║
    ╚═════════════════════════════════════════════════════════════════════════╝
]]>
</failure>
</testcase>
<testcase name="Payment and Subscription Flow › handles payment errors gracefully" classname="tests/04-payment-flow.spec.ts" time="0.001">
<failure message="04-payment-flow.spec.ts:123:7 handles payment errors gracefully" type="FAILURE">
<![CDATA[  [firefox] › tests/04-payment-flow.spec.ts:123:7 › Payment and Subscription Flow › handles payment errors gracefully 

    Error: browserType.launch: Executable doesn't exist at /home/beano/.cache/ms-playwright/firefox-1490/firefox/firefox
    ╔═════════════════════════════════════════════════════════════════════════╗
    ║ Looks like Playwright Test or Playwright was just installed or updated. ║
    ║ Please run the following command to download new browsers:              ║
    ║                                                                         ║
    ║     npx playwright install                                              ║
    ║                                                                         ║
    ║ <3 Playwright Team                                                      ║
    ╚═════════════════════════════════════════════════════════════════════════╝
]]>
</failure>
</testcase>
<testcase name="Payment and Subscription Flow › premium features are accessible after subscription" classname="tests/04-payment-flow.spec.ts" time="0.002">
<failure message="04-payment-flow.spec.ts:157:7 premium features are accessible after subscription" type="FAILURE">
<![CDATA[  [firefox] › tests/04-payment-flow.spec.ts:157:7 › Payment and Subscription Flow › premium features are accessible after subscription 

    Error: browserType.launch: Executable doesn't exist at /home/beano/.cache/ms-playwright/firefox-1490/firefox/firefox
    ╔═════════════════════════════════════════════════════════════════════════╗
    ║ Looks like Playwright Test or Playwright was just installed or updated. ║
    ║ Please run the following command to download new browsers:              ║
    ║                                                                         ║
    ║     npx playwright install                                              ║
    ║                                                                         ║
    ║ <3 Playwright Team                                                      ║
    ╚═════════════════════════════════════════════════════════════════════════╝
]]>
</failure>
</testcase>
</testsuite>
<testsuite name="tests/05-accessibility.spec.ts" timestamp="2025-09-10T19:16:53.435Z" hostname="firefox" tests="10" failures="10" skipped="0" time="0.018" errors="0">
<testcase name="Accessibility Tests (WCAG 2.1 AA) › homepage meets WCAG 2.1 AA standards" classname="tests/05-accessibility.spec.ts" time="0.002">
<failure message="05-accessibility.spec.ts:5:7 homepage meets WCAG 2.1 AA standards" type="FAILURE">
<![CDATA[  [firefox] › tests/05-accessibility.spec.ts:5:7 › Accessibility Tests (WCAG 2.1 AA) › homepage meets WCAG 2.1 AA standards 

    Error: browserType.launch: Executable doesn't exist at /home/beano/.cache/ms-playwright/firefox-1490/firefox/firefox
    ╔═════════════════════════════════════════════════════════════════════════╗
    ║ Looks like Playwright Test or Playwright was just installed or updated. ║
    ║ Please run the following command to download new browsers:              ║
    ║                                                                         ║
    ║     npx playwright install                                              ║
    ║                                                                         ║
    ║ <3 Playwright Team                                                      ║
    ╚═════════════════════════════════════════════════════════════════════════╝
]]>
</failure>
</testcase>
<testcase name="Accessibility Tests (WCAG 2.1 AA) › authentication pages are accessible" classname="tests/05-accessibility.spec.ts" time="0.001">
<failure message="05-accessibility.spec.ts:15:7 authentication pages are accessible" type="FAILURE">
<![CDATA[  [firefox] › tests/05-accessibility.spec.ts:15:7 › Accessibility Tests (WCAG 2.1 AA) › authentication pages are accessible 

    Error: browserType.launch: Executable doesn't exist at /home/beano/.cache/ms-playwright/firefox-1490/firefox/firefox
    ╔═════════════════════════════════════════════════════════════════════════╗
    ║ Looks like Playwright Test or Playwright was just installed or updated. ║
    ║ Please run the following command to download new browsers:              ║
    ║                                                                         ║
    ║     npx playwright install                                              ║
    ║                                                                         ║
    ║ <3 Playwright Team                                                      ║
    ╚═════════════════════════════════════════════════════════════════════════╝
]]>
</failure>
</testcase>
<testcase name="Accessibility Tests (WCAG 2.1 AA) › keyboard navigation works throughout the app" classname="tests/05-accessibility.spec.ts" time="0.001">
<failure message="05-accessibility.spec.ts:35:7 keyboard navigation works throughout the app" type="FAILURE">
<![CDATA[  [firefox] › tests/05-accessibility.spec.ts:35:7 › Accessibility Tests (WCAG 2.1 AA) › keyboard navigation works throughout the app 

    Error: browserType.launch: Executable doesn't exist at /home/beano/.cache/ms-playwright/firefox-1490/firefox/firefox
    ╔═════════════════════════════════════════════════════════════════════════╗
    ║ Looks like Playwright Test or Playwright was just installed or updated. ║
    ║ Please run the following command to download new browsers:              ║
    ║                                                                         ║
    ║     npx playwright install                                              ║
    ║                                                                         ║
    ║ <3 Playwright Team                                                      ║
    ╚═════════════════════════════════════════════════════════════════════════╝
]]>
</failure>
</testcase>
<testcase name="Accessibility Tests (WCAG 2.1 AA) › ARIA labels and roles are properly implemented" classname="tests/05-accessibility.spec.ts" time="0.001">
<failure message="05-accessibility.spec.ts:74:7 ARIA labels and roles are properly implemented" type="FAILURE">
<![CDATA[  [firefox] › tests/05-accessibility.spec.ts:74:7 › Accessibility Tests (WCAG 2.1 AA) › ARIA labels and roles are properly implemented 

    Error: browserType.launch: Executable doesn't exist at /home/beano/.cache/ms-playwright/firefox-1490/firefox/firefox
    ╔═════════════════════════════════════════════════════════════════════════╗
    ║ Looks like Playwright Test or Playwright was just installed or updated. ║
    ║ Please run the following command to download new browsers:              ║
    ║                                                                         ║
    ║     npx playwright install                                              ║
    ║                                                                         ║
    ║ <3 Playwright Team                                                      ║
    ╚═════════════════════════════════════════════════════════════════════════╝
]]>
</failure>
</testcase>
<testcase name="Accessibility Tests (WCAG 2.1 AA) › color contrast meets WCAG standards" classname="tests/05-accessibility.spec.ts" time="0.001">
<failure message="05-accessibility.spec.ts:112:7 color contrast meets WCAG standards" type="FAILURE">
<![CDATA[  [firefox] › tests/05-accessibility.spec.ts:112:7 › Accessibility Tests (WCAG 2.1 AA) › color contrast meets WCAG standards 

    Error: browserType.launch: Executable doesn't exist at /home/beano/.cache/ms-playwright/firefox-1490/firefox/firefox
    ╔═════════════════════════════════════════════════════════════════════════╗
    ║ Looks like Playwright Test or Playwright was just installed or updated. ║
    ║ Please run the following command to download new browsers:              ║
    ║                                                                         ║
    ║     npx playwright install                                              ║
    ║                                                                         ║
    ║ <3 Playwright Team                                                      ║
    ╚═════════════════════════════════════════════════════════════════════════╝
]]>
</failure>
</testcase>
<testcase name="Accessibility Tests (WCAG 2.1 AA) › images have alt text" classname="tests/05-accessibility.spec.ts" time="0.003">
<failure message="05-accessibility.spec.ts:128:7 images have alt text" type="FAILURE">
<![CDATA[  [firefox] › tests/05-accessibility.spec.ts:128:7 › Accessibility Tests (WCAG 2.1 AA) › images have alt text 

    Error: browserType.launch: Executable doesn't exist at /home/beano/.cache/ms-playwright/firefox-1490/firefox/firefox
    ╔═════════════════════════════════════════════════════════════════════════╗
    ║ Looks like Playwright Test or Playwright was just installed or updated. ║
    ║ Please run the following command to download new browsers:              ║
    ║                                                                         ║
    ║     npx playwright install                                              ║
    ║                                                                         ║
    ║ <3 Playwright Team                                                      ║
    ╚═════════════════════════════════════════════════════════════════════════╝
]]>
</failure>
</testcase>
<testcase name="Accessibility Tests (WCAG 2.1 AA) › focus management in modals and overlays" classname="tests/05-accessibility.spec.ts" time="0.002">
<failure message="05-accessibility.spec.ts:139:7 focus management in modals and overlays" type="FAILURE">
<![CDATA[  [firefox] › tests/05-accessibility.spec.ts:139:7 › Accessibility Tests (WCAG 2.1 AA) › focus management in modals and overlays 

    Error: browserType.launch: Executable doesn't exist at /home/beano/.cache/ms-playwright/firefox-1490/firefox/firefox
    ╔═════════════════════════════════════════════════════════════════════════╗
    ║ Looks like Playwright Test or Playwright was just installed or updated. ║
    ║ Please run the following command to download new browsers:              ║
    ║                                                                         ║
    ║     npx playwright install                                              ║
    ║                                                                         ║
    ║ <3 Playwright Team                                                      ║
    ╚═════════════════════════════════════════════════════════════════════════╝
]]>
</failure>
</testcase>
<testcase name="Accessibility Tests (WCAG 2.1 AA) › screen reader announcements for dynamic content" classname="tests/05-accessibility.spec.ts" time="0.002">
<failure message="05-accessibility.spec.ts:182:7 screen reader announcements for dynamic content" type="FAILURE">
<![CDATA[  [firefox] › tests/05-accessibility.spec.ts:182:7 › Accessibility Tests (WCAG 2.1 AA) › screen reader announcements for dynamic content 

    Error: browserType.launch: Executable doesn't exist at /home/beano/.cache/ms-playwright/firefox-1490/firefox/firefox
    ╔═════════════════════════════════════════════════════════════════════════╗
    ║ Looks like Playwright Test or Playwright was just installed or updated. ║
    ║ Please run the following command to download new browsers:              ║
    ║                                                                         ║
    ║     npx playwright install                                              ║
    ║                                                                         ║
    ║ <3 Playwright Team                                                      ║
    ╚═════════════════════════════════════════════════════════════════════════╝
]]>
</failure>
</testcase>
<testcase name="Accessibility Tests (WCAG 2.1 AA) › form validation messages are accessible" classname="tests/05-accessibility.spec.ts" time="0.003">
<failure message="05-accessibility.spec.ts:204:7 form validation messages are accessible" type="FAILURE">
<![CDATA[  [firefox] › tests/05-accessibility.spec.ts:204:7 › Accessibility Tests (WCAG 2.1 AA) › form validation messages are accessible 

    Error: browserType.launch: Executable doesn't exist at /home/beano/.cache/ms-playwright/firefox-1490/firefox/firefox
    ╔═════════════════════════════════════════════════════════════════════════╗
    ║ Looks like Playwright Test or Playwright was just installed or updated. ║
    ║ Please run the following command to download new browsers:              ║
    ║                                                                         ║
    ║     npx playwright install                                              ║
    ║                                                                         ║
    ║ <3 Playwright Team                                                      ║
    ╚═════════════════════════════════════════════════════════════════════════╝
]]>
</failure>
</testcase>
<testcase name="Accessibility Tests (WCAG 2.1 AA) › responsive design maintains accessibility" classname="tests/05-accessibility.spec.ts" time="0.002">
<failure message="05-accessibility.spec.ts:227:7 responsive design maintains accessibility" type="FAILURE">
<![CDATA[  [firefox] › tests/05-accessibility.spec.ts:227:7 › Accessibility Tests (WCAG 2.1 AA) › responsive design maintains accessibility 

    Error: browserType.launch: Executable doesn't exist at /home/beano/.cache/ms-playwright/firefox-1490/firefox/firefox
    ╔═════════════════════════════════════════════════════════════════════════╗
    ║ Looks like Playwright Test or Playwright was just installed or updated. ║
    ║ Please run the following command to download new browsers:              ║
    ║                                                                         ║
    ║     npx playwright install                                              ║
    ║                                                                         ║
    ║ <3 Playwright Team                                                      ║
    ╚═════════════════════════════════════════════════════════════════════════╝
]]>
</failure>
</testcase>
</testsuite>
<testsuite name="tests/06-security.spec.ts" timestamp="2025-09-10T19:16:53.435Z" hostname="firefox" tests="11" failures="11" skipped="0" time="0.024" errors="0">
<testcase name="Security Tests - OWASP Top 10 › protects against XSS attacks" classname="tests/06-security.spec.ts" time="0.003">
<failure message="06-security.spec.ts:4:7 protects against XSS attacks" type="FAILURE">
<![CDATA[  [firefox] › tests/06-security.spec.ts:4:7 › Security Tests - OWASP Top 10 › protects against XSS attacks 

    Error: browserType.launch: Executable doesn't exist at /home/beano/.cache/ms-playwright/firefox-1490/firefox/firefox
    ╔═════════════════════════════════════════════════════════════════════════╗
    ║ Looks like Playwright Test or Playwright was just installed or updated. ║
    ║ Please run the following command to download new browsers:              ║
    ║                                                                         ║
    ║     npx playwright install                                              ║
    ║                                                                         ║
    ║ <3 Playwright Team                                                      ║
    ╚═════════════════════════════════════════════════════════════════════════╝
]]>
</failure>
</testcase>
<testcase name="Security Tests - OWASP Top 10 › prevents SQL injection attempts" classname="tests/06-security.spec.ts" time="0.002">
<failure message="06-security.spec.ts:35:7 prevents SQL injection attempts" type="FAILURE">
<![CDATA[  [firefox] › tests/06-security.spec.ts:35:7 › Security Tests - OWASP Top 10 › prevents SQL injection attempts 

    Error: browserType.launch: Executable doesn't exist at /home/beano/.cache/ms-playwright/firefox-1490/firefox/firefox
    ╔═════════════════════════════════════════════════════════════════════════╗
    ║ Looks like Playwright Test or Playwright was just installed or updated. ║
    ║ Please run the following command to download new browsers:              ║
    ║                                                                         ║
    ║     npx playwright install                                              ║
    ║                                                                         ║
    ║ <3 Playwright Team                                                      ║
    ╚═════════════════════════════════════════════════════════════════════════╝
]]>
</failure>
</testcase>
<testcase name="Security Tests - OWASP Top 10 › implements proper authentication" classname="tests/06-security.spec.ts" time="0.002">
<failure message="06-security.spec.ts:60:7 implements proper authentication" type="FAILURE">
<![CDATA[  [firefox] › tests/06-security.spec.ts:60:7 › Security Tests - OWASP Top 10 › implements proper authentication 

    Error: browserType.launch: Executable doesn't exist at /home/beano/.cache/ms-playwright/firefox-1490/firefox/firefox
    ╔═════════════════════════════════════════════════════════════════════════╗
    ║ Looks like Playwright Test or Playwright was just installed or updated. ║
    ║ Please run the following command to download new browsers:              ║
    ║                                                                         ║
    ║     npx playwright install                                              ║
    ║                                                                         ║
    ║ <3 Playwright Team                                                      ║
    ╚═════════════════════════════════════════════════════════════════════════╝
]]>
</failure>
</testcase>
<testcase name="Security Tests - OWASP Top 10 › implements CSRF protection" classname="tests/06-security.spec.ts" time="0.002">
<failure message="06-security.spec.ts:84:7 implements CSRF protection" type="FAILURE">
<![CDATA[  [firefox] › tests/06-security.spec.ts:84:7 › Security Tests - OWASP Top 10 › implements CSRF protection 

    Error: browserType.launch: Executable doesn't exist at /home/beano/.cache/ms-playwright/firefox-1490/firefox/firefox
    ╔═════════════════════════════════════════════════════════════════════════╗
    ║ Looks like Playwright Test or Playwright was just installed or updated. ║
    ║ Please run the following command to download new browsers:              ║
    ║                                                                         ║
    ║     npx playwright install                                              ║
    ║                                                                         ║
    ║ <3 Playwright Team                                                      ║
    ╚═════════════════════════════════════════════════════════════════════════╝
]]>
</failure>
</testcase>
<testcase name="Security Tests - OWASP Top 10 › enforces secure headers" classname="tests/06-security.spec.ts" time="0.002">
<failure message="06-security.spec.ts:106:7 enforces secure headers" type="FAILURE">
<![CDATA[  [firefox] › tests/06-security.spec.ts:106:7 › Security Tests - OWASP Top 10 › enforces secure headers 

    Error: browserType.launch: Executable doesn't exist at /home/beano/.cache/ms-playwright/firefox-1490/firefox/firefox
    ╔═════════════════════════════════════════════════════════════════════════╗
    ║ Looks like Playwright Test or Playwright was just installed or updated. ║
    ║ Please run the following command to download new browsers:              ║
    ║                                                                         ║
    ║     npx playwright install                                              ║
    ║                                                                         ║
    ║ <3 Playwright Team                                                      ║
    ╚═════════════════════════════════════════════════════════════════════════╝
]]>
</failure>
</testcase>
<testcase name="Security Tests - OWASP Top 10 › rate limiting is implemented" classname="tests/06-security.spec.ts" time="0.003">
<failure message="06-security.spec.ts:139:7 rate limiting is implemented" type="FAILURE">
<![CDATA[  [firefox] › tests/06-security.spec.ts:139:7 › Security Tests - OWASP Top 10 › rate limiting is implemented 

    Error: browserType.launch: Executable doesn't exist at /home/beano/.cache/ms-playwright/firefox-1490/firefox/firefox
    ╔═════════════════════════════════════════════════════════════════════════╗
    ║ Looks like Playwright Test or Playwright was just installed or updated. ║
    ║ Please run the following command to download new browsers:              ║
    ║                                                                         ║
    ║     npx playwright install                                              ║
    ║                                                                         ║
    ║ <3 Playwright Team                                                      ║
    ╚═════════════════════════════════════════════════════════════════════════╝
]]>
</failure>
</testcase>
<testcase name="Security Tests - OWASP Top 10 › sensitive data is not exposed in responses" classname="tests/06-security.spec.ts" time="0.002">
<failure message="06-security.spec.ts:167:7 sensitive data is not exposed in responses" type="FAILURE">
<![CDATA[  [firefox] › tests/06-security.spec.ts:167:7 › Security Tests - OWASP Top 10 › sensitive data is not exposed in responses 

    Error: browserType.launch: Executable doesn't exist at /home/beano/.cache/ms-playwright/firefox-1490/firefox/firefox
    ╔═════════════════════════════════════════════════════════════════════════╗
    ║ Looks like Playwright Test or Playwright was just installed or updated. ║
    ║ Please run the following command to download new browsers:              ║
    ║                                                                         ║
    ║     npx playwright install                                              ║
    ║                                                                         ║
    ║ <3 Playwright Team                                                      ║
    ╚═════════════════════════════════════════════════════════════════════════╝
]]>
</failure>
</testcase>
<testcase name="Security Tests - OWASP Top 10 › implements secure password requirements" classname="tests/06-security.spec.ts" time="0.003">
<failure message="06-security.spec.ts:206:7 implements secure password requirements" type="FAILURE">
<![CDATA[  [firefox] › tests/06-security.spec.ts:206:7 › Security Tests - OWASP Top 10 › implements secure password requirements 

    Error: browserType.launch: Executable doesn't exist at /home/beano/.cache/ms-playwright/firefox-1490/firefox/firefox
    ╔═════════════════════════════════════════════════════════════════════════╗
    ║ Looks like Playwright Test or Playwright was just installed or updated. ║
    ║ Please run the following command to download new browsers:              ║
    ║                                                                         ║
    ║     npx playwright install                                              ║
    ║                                                                         ║
    ║ <3 Playwright Team                                                      ║
    ╚═════════════════════════════════════════════════════════════════════════╝
]]>
</failure>
</testcase>
<testcase name="Security Tests - OWASP Top 10 › prevents path traversal attacks" classname="tests/06-security.spec.ts" time="0.001">
<failure message="06-security.spec.ts:234:7 prevents path traversal attacks" type="FAILURE">
<![CDATA[  [firefox] › tests/06-security.spec.ts:234:7 › Security Tests - OWASP Top 10 › prevents path traversal attacks 

    Error: browserType.launch: Executable doesn't exist at /home/beano/.cache/ms-playwright/firefox-1490/firefox/firefox
    ╔═════════════════════════════════════════════════════════════════════════╗
    ║ Looks like Playwright Test or Playwright was just installed or updated. ║
    ║ Please run the following command to download new browsers:              ║
    ║                                                                         ║
    ║     npx playwright install                                              ║
    ║                                                                         ║
    ║ <3 Playwright Team                                                      ║
    ╚═════════════════════════════════════════════════════════════════════════╝
]]>
</failure>
</testcase>
<testcase name="Security Tests - OWASP Top 10 › validates and sanitizes all inputs" classname="tests/06-security.spec.ts" time="0.003">
<failure message="06-security.spec.ts:255:7 validates and sanitizes all inputs" type="FAILURE">
<![CDATA[  [firefox] › tests/06-security.spec.ts:255:7 › Security Tests - OWASP Top 10 › validates and sanitizes all inputs 

    Error: browserType.launch: Executable doesn't exist at /home/beano/.cache/ms-playwright/firefox-1490/firefox/firefox
    ╔═════════════════════════════════════════════════════════════════════════╗
    ║ Looks like Playwright Test or Playwright was just installed or updated. ║
    ║ Please run the following command to download new browsers:              ║
    ║                                                                         ║
    ║     npx playwright install                                              ║
    ║                                                                         ║
    ║ <3 Playwright Team                                                      ║
    ╚═════════════════════════════════════════════════════════════════════════╝
]]>
</failure>
</testcase>
<testcase name="Security Tests - OWASP Top 10 › implements secure session management" classname="tests/06-security.spec.ts" time="0.001">
<failure message="06-security.spec.ts:286:7 implements secure session management" type="FAILURE">
<![CDATA[  [firefox] › tests/06-security.spec.ts:286:7 › Security Tests - OWASP Top 10 › implements secure session management 

    Error: browserType.launch: Executable doesn't exist at /home/beano/.cache/ms-playwright/firefox-1490/firefox/firefox
    ╔═════════════════════════════════════════════════════════════════════════╗
    ║ Looks like Playwright Test or Playwright was just installed or updated. ║
    ║ Please run the following command to download new browsers:              ║
    ║                                                                         ║
    ║     npx playwright install                                              ║
    ║                                                                         ║
    ║ <3 Playwright Team                                                      ║
    ╚═════════════════════════════════════════════════════════════════════════╝
]]>
</failure>
</testcase>
</testsuite>
<testsuite name="tests/07-integration.spec.ts" timestamp="2025-09-10T19:16:53.435Z" hostname="firefox" tests="6" failures="6" skipped="0" time="0.013" errors="0">
<testcase name="Full System Integration Tests › complete user journey from signup to premium" classname="tests/07-integration.spec.ts" time="0.002">
<failure message="07-integration.spec.ts:4:7 complete user journey from signup to premium" type="FAILURE">
<![CDATA[  [firefox] › tests/07-integration.spec.ts:4:7 › Full System Integration Tests › complete user journey from signup to premium 

    Error: browserType.launch: Executable doesn't exist at /home/beano/.cache/ms-playwright/firefox-1490/firefox/firefox
    ╔═════════════════════════════════════════════════════════════════════════╗
    ║ Looks like Playwright Test or Playwright was just installed or updated. ║
    ║ Please run the following command to download new browsers:              ║
    ║                                                                         ║
    ║     npx playwright install                                              ║
    ║                                                                         ║
    ║ <3 Playwright Team                                                      ║
    ╚═════════════════════════════════════════════════════════════════════════╝
]]>
</failure>
</testcase>
<testcase name="Full System Integration Tests › API and frontend synchronization" classname="tests/07-integration.spec.ts" time="0.002">
<failure message="07-integration.spec.ts:97:7 API and frontend synchronization" type="FAILURE">
<![CDATA[  [firefox] › tests/07-integration.spec.ts:97:7 › Full System Integration Tests › API and frontend synchronization 

    Error: browserType.launch: Executable doesn't exist at /home/beano/.cache/ms-playwright/firefox-1490/firefox/firefox
    ╔═════════════════════════════════════════════════════════════════════════╗
    ║ Looks like Playwright Test or Playwright was just installed or updated. ║
    ║ Please run the following command to download new browsers:              ║
    ║                                                                         ║
    ║     npx playwright install                                              ║
    ║                                                                         ║
    ║ <3 Playwright Team                                                      ║
    ╚═════════════════════════════════════════════════════════════════════════╝
]]>
</failure>
</testcase>
<testcase name="Full System Integration Tests › error recovery and resilience" classname="tests/07-integration.spec.ts" time="0.003">
<failure message="07-integration.spec.ts:140:7 error recovery and resilience" type="FAILURE">
<![CDATA[  [firefox] › tests/07-integration.spec.ts:140:7 › Full System Integration Tests › error recovery and resilience 

    Error: browserType.launch: Executable doesn't exist at /home/beano/.cache/ms-playwright/firefox-1490/firefox/firefox
    ╔═════════════════════════════════════════════════════════════════════════╗
    ║ Looks like Playwright Test or Playwright was just installed or updated. ║
    ║ Please run the following command to download new browsers:              ║
    ║                                                                         ║
    ║     npx playwright install                                              ║
    ║                                                                         ║
    ║ <3 Playwright Team                                                      ║
    ╚═════════════════════════════════════════════════════════════════════════╝
]]>
</failure>
</testcase>
<testcase name="Full System Integration Tests › data migration and backward compatibility" classname="tests/07-integration.spec.ts" time="0.003">
<failure message="07-integration.spec.ts:185:7 data migration and backward compatibility" type="FAILURE">
<![CDATA[  [firefox] › tests/07-integration.spec.ts:185:7 › Full System Integration Tests › data migration and backward compatibility 

    Error: browserType.launch: Executable doesn't exist at /home/beano/.cache/ms-playwright/firefox-1490/firefox/firefox
    ╔═════════════════════════════════════════════════════════════════════════╗
    ║ Looks like Playwright Test or Playwright was just installed or updated. ║
    ║ Please run the following command to download new browsers:              ║
    ║                                                                         ║
    ║     npx playwright install                                              ║
    ║                                                                         ║
    ║ <3 Playwright Team                                                      ║
    ╚═════════════════════════════════════════════════════════════════════════╝
]]>
</failure>
</testcase>
<testcase name="Full System Integration Tests › performance under load" classname="tests/07-integration.spec.ts" time="0.001">
<failure message="07-integration.spec.ts:212:7 performance under load" type="FAILURE">
<![CDATA[  [firefox] › tests/07-integration.spec.ts:212:7 › Full System Integration Tests › performance under load 

    Error: browserType.launch: Executable doesn't exist at /home/beano/.cache/ms-playwright/firefox-1490/firefox/firefox
    ╔═════════════════════════════════════════════════════════════════════════╗
    ║ Looks like Playwright Test or Playwright was just installed or updated. ║
    ║ Please run the following command to download new browsers:              ║
    ║                                                                         ║
    ║     npx playwright install                                              ║
    ║                                                                         ║
    ║ <3 Playwright Team                                                      ║
    ╚═════════════════════════════════════════════════════════════════════════╝
]]>
</failure>
</testcase>
<testcase name="Full System Integration Tests › cross-feature integration" classname="tests/07-integration.spec.ts" time="0.002">
<failure message="07-integration.spec.ts:248:7 cross-feature integration" type="FAILURE">
<![CDATA[  [firefox] › tests/07-integration.spec.ts:248:7 › Full System Integration Tests › cross-feature integration 

    Error: browserType.launch: Executable doesn't exist at /home/beano/.cache/ms-playwright/firefox-1490/firefox/firefox
    ╔═════════════════════════════════════════════════════════════════════════╗
    ║ Looks like Playwright Test or Playwright was just installed or updated. ║
    ║ Please run the following command to download new browsers:              ║
    ║                                                                         ║
    ║     npx playwright install                                              ║
    ║                                                                         ║
    ║ <3 Playwright Team                                                      ║
    ╚═════════════════════════════════════════════════════════════════════════╝
]]>
</failure>
</testcase>
</testsuite>
<testsuite name="tests/08-performance.spec.ts" timestamp="2025-09-10T19:16:53.435Z" hostname="firefox" tests="8" failures="8" skipped="0" time="0.017" errors="0">
<testcase name="Performance Regression Tests › page load performance metrics" classname="tests/08-performance.spec.ts" time="0.003">
<failure message="08-performance.spec.ts:4:7 page load performance metrics" type="FAILURE">
<![CDATA[  [firefox] › tests/08-performance.spec.ts:4:7 › Performance Regression Tests › page load performance metrics 

    Error: browserType.launch: Executable doesn't exist at /home/beano/.cache/ms-playwright/firefox-1490/firefox/firefox
    ╔═════════════════════════════════════════════════════════════════════════╗
    ║ Looks like Playwright Test or Playwright was just installed or updated. ║
    ║ Please run the following command to download new browsers:              ║
    ║                                                                         ║
    ║     npx playwright install                                              ║
    ║                                                                         ║
    ║ <3 Playwright Team                                                      ║
    ╚═════════════════════════════════════════════════════════════════════════╝
]]>
</failure>
</testcase>
<testcase name="Performance Regression Tests › API response time performance" classname="tests/08-performance.spec.ts" time="0.002">
<failure message="08-performance.spec.ts:25:7 API response time performance" type="FAILURE">
<![CDATA[  [firefox] › tests/08-performance.spec.ts:25:7 › Performance Regression Tests › API response time performance 

    Error: browserType.launch: Executable doesn't exist at /home/beano/.cache/ms-playwright/firefox-1490/firefox/firefox
    ╔═════════════════════════════════════════════════════════════════════════╗
    ║ Looks like Playwright Test or Playwright was just installed or updated. ║
    ║ Please run the following command to download new browsers:              ║
    ║                                                                         ║
    ║     npx playwright install                                              ║
    ║                                                                         ║
    ║ <3 Playwright Team                                                      ║
    ╚═════════════════════════════════════════════════════════════════════════╝
]]>
</failure>
</testcase>
<testcase name="Performance Regression Tests › review session performance" classname="tests/08-performance.spec.ts" time="0.002">
<failure message="08-performance.spec.ts:53:7 review session performance" type="FAILURE">
<![CDATA[  [firefox] › tests/08-performance.spec.ts:53:7 › Performance Regression Tests › review session performance 

    Error: browserType.launch: Executable doesn't exist at /home/beano/.cache/ms-playwright/firefox-1490/firefox/firefox
    ╔═════════════════════════════════════════════════════════════════════════╗
    ║ Looks like Playwright Test or Playwright was just installed or updated. ║
    ║ Please run the following command to download new browsers:              ║
    ║                                                                         ║
    ║     npx playwright install                                              ║
    ║                                                                         ║
    ║ <3 Playwright Team                                                      ║
    ╚═════════════════════════════════════════════════════════════════════════╝
]]>
</failure>
</testcase>
<testcase name="Performance Regression Tests › memory usage remains stable" classname="tests/08-performance.spec.ts" time="0.001">
<failure message="08-performance.spec.ts:94:7 memory usage remains stable" type="FAILURE">
<![CDATA[  [firefox] › tests/08-performance.spec.ts:94:7 › Performance Regression Tests › memory usage remains stable 

    Error: browserType.launch: Executable doesn't exist at /home/beano/.cache/ms-playwright/firefox-1490/firefox/firefox
    ╔═════════════════════════════════════════════════════════════════════════╗
    ║ Looks like Playwright Test or Playwright was just installed or updated. ║
    ║ Please run the following command to download new browsers:              ║
    ║                                                                         ║
    ║     npx playwright install                                              ║
    ║                                                                         ║
    ║ <3 Playwright Team                                                      ║
    ╚═════════════════════════════════════════════════════════════════════════╝
]]>
</failure>
</testcase>
<testcase name="Performance Regression Tests › bundle size and resource loading" classname="tests/08-performance.spec.ts" time="0.002">
<failure message="08-performance.spec.ts:144:7 bundle size and resource loading" type="FAILURE">
<![CDATA[  [firefox] › tests/08-performance.spec.ts:144:7 › Performance Regression Tests › bundle size and resource loading 

    Error: browserType.launch: Executable doesn't exist at /home/beano/.cache/ms-playwright/firefox-1490/firefox/firefox
    ╔═════════════════════════════════════════════════════════════════════════╗
    ║ Looks like Playwright Test or Playwright was just installed or updated. ║
    ║ Please run the following command to download new browsers:              ║
    ║                                                                         ║
    ║     npx playwright install                                              ║
    ║                                                                         ║
    ║ <3 Playwright Team                                                      ║
    ╚═════════════════════════════════════════════════════════════════════════╝
]]>
</failure>
</testcase>
<testcase name="Performance Regression Tests › database query performance" classname="tests/08-performance.spec.ts" time="0.001">
<failure message="08-performance.spec.ts:178:7 database query performance" type="FAILURE">
<![CDATA[  [firefox] › tests/08-performance.spec.ts:178:7 › Performance Regression Tests › database query performance 

    Error: browserType.launch: Executable doesn't exist at /home/beano/.cache/ms-playwright/firefox-1490/firefox/firefox
    ╔═════════════════════════════════════════════════════════════════════════╗
    ║ Looks like Playwright Test or Playwright was just installed or updated. ║
    ║ Please run the following command to download new browsers:              ║
    ║                                                                         ║
    ║     npx playwright install                                              ║
    ║                                                                         ║
    ║ <3 Playwright Team                                                      ║
    ╚═════════════════════════════════════════════════════════════════════════╝
]]>
</failure>
</testcase>
<testcase name="Performance Regression Tests › concurrent user load simulation" classname="tests/08-performance.spec.ts" time="0.003">
<failure message="08-performance.spec.ts:225:7 concurrent user load simulation" type="FAILURE">
<![CDATA[  [firefox] › tests/08-performance.spec.ts:225:7 › Performance Regression Tests › concurrent user load simulation 

    Error: browserType.launch: Executable doesn't exist at /home/beano/.cache/ms-playwright/firefox-1490/firefox/firefox
    ╔═════════════════════════════════════════════════════════════════════════╗
    ║ Looks like Playwright Test or Playwright was just installed or updated. ║
    ║ Please run the following command to download new browsers:              ║
    ║                                                                         ║
    ║     npx playwright install                                              ║
    ║                                                                         ║
    ║ <3 Playwright Team                                                      ║
    ╚═════════════════════════════════════════════════════════════════════════╝
]]>
</failure>
</testcase>
<testcase name="Performance Regression Tests › cache effectiveness" classname="tests/08-performance.spec.ts" time="0.003">
<failure message="08-performance.spec.ts:276:7 cache effectiveness" type="FAILURE">
<![CDATA[  [firefox] › tests/08-performance.spec.ts:276:7 › Performance Regression Tests › cache effectiveness 

    Error: browserType.launch: Executable doesn't exist at /home/beano/.cache/ms-playwright/firefox-1490/firefox/firefox
    ╔═════════════════════════════════════════════════════════════════════════╗
    ║ Looks like Playwright Test or Playwright was just installed or updated. ║
    ║ Please run the following command to download new browsers:              ║
    ║                                                                         ║
    ║     npx playwright install                                              ║
    ║                                                                         ║
    ║ <3 Playwright Team                                                      ║
    ╚═════════════════════════════════════════════════════════════════════════╝
]]>
</failure>
</testcase>
</testsuite>
<testsuite name="tests/01-onboarding.spec.ts" timestamp="2025-09-10T19:16:53.435Z" hostname="webkit" tests="4" failures="4" skipped="0" time="0.006" errors="0">
<testcase name="User Onboarding Flow › new user can complete full onboarding" classname="tests/01-onboarding.spec.ts" time="0.001">
<failure message="01-onboarding.spec.ts:4:7 new user can complete full onboarding" type="FAILURE">
<![CDATA[  [webkit] › tests/01-onboarding.spec.ts:4:7 › User Onboarding Flow › new user can complete full onboarding 

    Error: browserType.launch: Executable doesn't exist at /home/beano/.cache/ms-playwright/webkit-2203/pw_run.sh
    ╔═════════════════════════════════════════════════════════════════════════╗
    ║ Looks like Playwright Test or Playwright was just installed or updated. ║
    ║ Please run the following command to download new browsers:              ║
    ║                                                                         ║
    ║     npx playwright install                                              ║
    ║                                                                         ║
    ║ <3 Playwright Team                                                      ║
    ╚═════════════════════════════════════════════════════════════════════════╝
]]>
</failure>
</testcase>
<testcase name="User Onboarding Flow › existing user can login" classname="tests/01-onboarding.spec.ts" time="0.002">
<failure message="01-onboarding.spec.ts:54:7 existing user can login" type="FAILURE">
<![CDATA[  [webkit] › tests/01-onboarding.spec.ts:54:7 › User Onboarding Flow › existing user can login ─────

    Error: browserType.launch: Executable doesn't exist at /home/beano/.cache/ms-playwright/webkit-2203/pw_run.sh
    ╔═════════════════════════════════════════════════════════════════════════╗
    ║ Looks like Playwright Test or Playwright was just installed or updated. ║
    ║ Please run the following command to download new browsers:              ║
    ║                                                                         ║
    ║     npx playwright install                                              ║
    ║                                                                         ║
    ║ <3 Playwright Team                                                      ║
    ╚═════════════════════════════════════════════════════════════════════════╝
]]>
</failure>
</testcase>
<testcase name="User Onboarding Flow › password reset flow works" classname="tests/01-onboarding.spec.ts" time="0.002">
<failure message="01-onboarding.spec.ts:93:7 password reset flow works" type="FAILURE">
<![CDATA[  [webkit] › tests/01-onboarding.spec.ts:93:7 › User Onboarding Flow › password reset flow works ───

    Error: browserType.launch: Executable doesn't exist at /home/beano/.cache/ms-playwright/webkit-2203/pw_run.sh
    ╔═════════════════════════════════════════════════════════════════════════╗
    ║ Looks like Playwright Test or Playwright was just installed or updated. ║
    ║ Please run the following command to download new browsers:              ║
    ║                                                                         ║
    ║     npx playwright install                                              ║
    ║                                                                         ║
    ║ <3 Playwright Team                                                      ║
    ╚═════════════════════════════════════════════════════════════════════════╝
]]>
</failure>
</testcase>
<testcase name="User Onboarding Flow › validates signup form fields" classname="tests/01-onboarding.spec.ts" time="0.001">
<failure message="01-onboarding.spec.ts:109:7 validates signup form fields" type="FAILURE">
<![CDATA[  [webkit] › tests/01-onboarding.spec.ts:109:7 › User Onboarding Flow › validates signup form fields 

    Error: browserType.launch: Executable doesn't exist at /home/beano/.cache/ms-playwright/webkit-2203/pw_run.sh
    ╔═════════════════════════════════════════════════════════════════════════╗
    ║ Looks like Playwright Test or Playwright was just installed or updated. ║
    ║ Please run the following command to download new browsers:              ║
    ║                                                                         ║
    ║     npx playwright install                                              ║
    ║                                                                         ║
    ║ <3 Playwright Team                                                      ║
    ╚═════════════════════════════════════════════════════════════════════════╝
]]>
</failure>
</testcase>
</testsuite>
<testsuite name="tests/02-review-session.spec.ts" timestamp="2025-09-10T19:16:53.435Z" hostname="webkit" tests="5" failures="5" skipped="0" time="0.01" errors="0">
<testcase name="Review Session Flow › can start and complete a review session" classname="tests/02-review-session.spec.ts" time="0.002">
<failure message="02-review-session.spec.ts:10:7 can start and complete a review session" type="FAILURE">
<![CDATA[  [webkit] › tests/02-review-session.spec.ts:10:7 › Review Session Flow › can start and complete a review session 

    Error: browserType.launch: Executable doesn't exist at /home/beano/.cache/ms-playwright/webkit-2203/pw_run.sh
    ╔═════════════════════════════════════════════════════════════════════════╗
    ║ Looks like Playwright Test or Playwright was just installed or updated. ║
    ║ Please run the following command to download new browsers:              ║
    ║                                                                         ║
    ║     npx playwright install                                              ║
    ║                                                                         ║
    ║ <3 Playwright Team                                                      ║
    ╚═════════════════════════════════════════════════════════════════════════╝
]]>
</failure>
</testcase>
<testcase name="Review Session Flow › SRS algorithm updates intervals correctly" classname="tests/02-review-session.spec.ts" time="0.002">
<failure message="02-review-session.spec.ts:60:7 SRS algorithm updates intervals correctly" type="FAILURE">
<![CDATA[  [webkit] › tests/02-review-session.spec.ts:60:7 › Review Session Flow › SRS algorithm updates intervals correctly 

    Error: browserType.launch: Executable doesn't exist at /home/beano/.cache/ms-playwright/webkit-2203/pw_run.sh
    ╔═════════════════════════════════════════════════════════════════════════╗
    ║ Looks like Playwright Test or Playwright was just installed or updated. ║
    ║ Please run the following command to download new browsers:              ║
    ║                                                                         ║
    ║     npx playwright install                                              ║
    ║                                                                         ║
    ║ <3 Playwright Team                                                      ║
    ╚═════════════════════════════════════════════════════════════════════════╝
]]>
</failure>
</testcase>
<testcase name="Review Session Flow › review session persists progress" classname="tests/02-review-session.spec.ts" time="0.002">
<failure message="02-review-session.spec.ts:93:7 review session persists progress" type="FAILURE">
<![CDATA[  [webkit] › tests/02-review-session.spec.ts:93:7 › Review Session Flow › review session persists progress 

    Error: browserType.launch: Executable doesn't exist at /home/beano/.cache/ms-playwright/webkit-2203/pw_run.sh
    ╔═════════════════════════════════════════════════════════════════════════╗
    ║ Looks like Playwright Test or Playwright was just installed or updated. ║
    ║ Please run the following command to download new browsers:              ║
    ║                                                                         ║
    ║     npx playwright install                                              ║
    ║                                                                         ║
    ║ <3 Playwright Team                                                      ║
    ╚═════════════════════════════════════════════════════════════════════════╝
]]>
</failure>
</testcase>
<testcase name="Review Session Flow › handles empty review queue gracefully" classname="tests/02-review-session.spec.ts" time="0.002">
<failure message="02-review-session.spec.ts:135:7 handles empty review queue gracefully" type="FAILURE">
<![CDATA[  [webkit] › tests/02-review-session.spec.ts:135:7 › Review Session Flow › handles empty review queue gracefully 

    Error: browserType.launch: Executable doesn't exist at /home/beano/.cache/ms-playwright/webkit-2203/pw_run.sh
    ╔═════════════════════════════════════════════════════════════════════════╗
    ║ Looks like Playwright Test or Playwright was just installed or updated. ║
    ║ Please run the following command to download new browsers:              ║
    ║                                                                         ║
    ║     npx playwright install                                              ║
    ║                                                                         ║
    ║ <3 Playwright Team                                                      ║
    ╚═════════════════════════════════════════════════════════════════════════╝
]]>
</failure>
</testcase>
<testcase name="Review Session Flow › review statistics are tracked" classname="tests/02-review-session.spec.ts" time="0.002">
<failure message="02-review-session.spec.ts:149:7 review statistics are tracked" type="FAILURE">
<![CDATA[  [webkit] › tests/02-review-session.spec.ts:149:7 › Review Session Flow › review statistics are tracked 

    Error: browserType.launch: Executable doesn't exist at /home/beano/.cache/ms-playwright/webkit-2203/pw_run.sh
    ╔═════════════════════════════════════════════════════════════════════════╗
    ║ Looks like Playwright Test or Playwright was just installed or updated. ║
    ║ Please run the following command to download new browsers:              ║
    ║                                                                         ║
    ║     npx playwright install                                              ║
    ║                                                                         ║
    ║ <3 Playwright Team                                                      ║
    ╚═════════════════════════════════════════════════════════════════════════╝
]]>
</failure>
</testcase>
</testsuite>
<testsuite name="tests/03-offline-online.spec.ts" timestamp="2025-09-10T19:16:53.435Z" hostname="webkit" tests="5" failures="5" skipped="0" time="0.012" errors="0">
<testcase name="Offline/Online Transition › app works offline and syncs when back online" classname="tests/03-offline-online.spec.ts" time="0.002">
<failure message="03-offline-online.spec.ts:10:7 app works offline and syncs when back online" type="FAILURE">
<![CDATA[  [webkit] › tests/03-offline-online.spec.ts:10:7 › Offline/Online Transition › app works offline and syncs when back online 

    Error: browserType.launch: Executable doesn't exist at /home/beano/.cache/ms-playwright/webkit-2203/pw_run.sh
    ╔═════════════════════════════════════════════════════════════════════════╗
    ║ Looks like Playwright Test or Playwright was just installed or updated. ║
    ║ Please run the following command to download new browsers:              ║
    ║                                                                         ║
    ║     npx playwright install                                              ║
    ║                                                                         ║
    ║ <3 Playwright Team                                                      ║
    ╚═════════════════════════════════════════════════════════════════════════╝
]]>
</failure>
</testcase>
<testcase name="Offline/Online Transition › handles offline mode gracefully" classname="tests/03-offline-online.spec.ts" time="0.001">
<failure message="03-offline-online.spec.ts:75:7 handles offline mode gracefully" type="FAILURE">
<![CDATA[  [webkit] › tests/03-offline-online.spec.ts:75:7 › Offline/Online Transition › handles offline mode gracefully 

    Error: browserType.launch: Executable doesn't exist at /home/beano/.cache/ms-playwright/webkit-2203/pw_run.sh
    ╔═════════════════════════════════════════════════════════════════════════╗
    ║ Looks like Playwright Test or Playwright was just installed or updated. ║
    ║ Please run the following command to download new browsers:              ║
    ║                                                                         ║
    ║     npx playwright install                                              ║
    ║                                                                         ║
    ║ <3 Playwright Team                                                      ║
    ╚═════════════════════════════════════════════════════════════════════════╝
]]>
</failure>
</testcase>
<testcase name="Offline/Online Transition › queues actions while offline" classname="tests/03-offline-online.spec.ts" time="0.002">
<failure message="03-offline-online.spec.ts:100:7 queues actions while offline" type="FAILURE">
<![CDATA[  [webkit] › tests/03-offline-online.spec.ts:100:7 › Offline/Online Transition › queues actions while offline 

    Error: browserType.launch: Executable doesn't exist at /home/beano/.cache/ms-playwright/webkit-2203/pw_run.sh
    ╔═════════════════════════════════════════════════════════════════════════╗
    ║ Looks like Playwright Test or Playwright was just installed or updated. ║
    ║ Please run the following command to download new browsers:              ║
    ║                                                                         ║
    ║     npx playwright install                                              ║
    ║                                                                         ║
    ║ <3 Playwright Team                                                      ║
    ╚═════════════════════════════════════════════════════════════════════════╝
]]>
</failure>
</testcase>
<testcase name="Offline/Online Transition › service worker caches essential resources" classname="tests/03-offline-online.spec.ts" time="0.004">
<failure message="03-offline-online.spec.ts:153:7 service worker caches essential resources" type="FAILURE">
<![CDATA[  [webkit] › tests/03-offline-online.spec.ts:153:7 › Offline/Online Transition › service worker caches essential resources 

    Error: browserType.launch: Executable doesn't exist at /home/beano/.cache/ms-playwright/webkit-2203/pw_run.sh
    ╔═════════════════════════════════════════════════════════════════════════╗
    ║ Looks like Playwright Test or Playwright was just installed or updated. ║
    ║ Please run the following command to download new browsers:              ║
    ║                                                                         ║
    ║     npx playwright install                                              ║
    ║                                                                         ║
    ║ <3 Playwright Team                                                      ║
    ╚═════════════════════════════════════════════════════════════════════════╝
]]>
</failure>
</testcase>
<testcase name="Offline/Online Transition › conflict resolution when syncing" classname="tests/03-offline-online.spec.ts" time="0.003">
<failure message="03-offline-online.spec.ts:179:7 conflict resolution when syncing" type="FAILURE">
<![CDATA[  [webkit] › tests/03-offline-online.spec.ts:179:7 › Offline/Online Transition › conflict resolution when syncing 

    Error: browserType.launch: Executable doesn't exist at /home/beano/.cache/ms-playwright/webkit-2203/pw_run.sh
    ╔═════════════════════════════════════════════════════════════════════════╗
    ║ Looks like Playwright Test or Playwright was just installed or updated. ║
    ║ Please run the following command to download new browsers:              ║
    ║                                                                         ║
    ║     npx playwright install                                              ║
    ║                                                                         ║
    ║ <3 Playwright Team                                                      ║
    ╚═════════════════════════════════════════════════════════════════════════╝
]]>
</failure>
</testcase>
</testsuite>
<testsuite name="tests/04-payment-flow.spec.ts" timestamp="2025-09-10T19:16:53.435Z" hostname="webkit" tests="7" failures="7" skipped="0" time="0.016" errors="0">
<testcase name="Payment and Subscription Flow › can view subscription plans" classname="tests/04-payment-flow.spec.ts" time="0.002">
<failure message="04-payment-flow.spec.ts:10:7 can view subscription plans" type="FAILURE">
<![CDATA[  [webkit] › tests/04-payment-flow.spec.ts:10:7 › Payment and Subscription Flow › can view subscription plans 

    Error: browserType.launch: Executable doesn't exist at /home/beano/.cache/ms-playwright/webkit-2203/pw_run.sh
    ╔═════════════════════════════════════════════════════════════════════════╗
    ║ Looks like Playwright Test or Playwright was just installed or updated. ║
    ║ Please run the following command to download new browsers:              ║
    ║                                                                         ║
    ║     npx playwright install                                              ║
    ║                                                                         ║
    ║ <3 Playwright Team                                                      ║
    ╚═════════════════════════════════════════════════════════════════════════╝
]]>
</failure>
</testcase>
<testcase name="Payment and Subscription Flow › can initiate premium subscription" classname="tests/04-payment-flow.spec.ts" time="0.002">
<failure message="04-payment-flow.spec.ts:34:7 can initiate premium subscription" type="FAILURE">
<![CDATA[  [webkit] › tests/04-payment-flow.spec.ts:34:7 › Payment and Subscription Flow › can initiate premium subscription 

    Error: browserType.launch: Executable doesn't exist at /home/beano/.cache/ms-playwright/webkit-2203/pw_run.sh
    ╔═════════════════════════════════════════════════════════════════════════╗
    ║ Looks like Playwright Test or Playwright was just installed or updated. ║
    ║ Please run the following command to download new browsers:              ║
    ║                                                                         ║
    ║     npx playwright install                                              ║
    ║                                                                         ║
    ║ <3 Playwright Team                                                      ║
    ╚═════════════════════════════════════════════════════════════════════════╝
]]>
</failure>
</testcase>
<testcase name="Payment and Subscription Flow › test payment with test card" classname="tests/04-payment-flow.spec.ts" time="0.002">
<failure message="04-payment-flow.spec.ts:54:7 test payment with test card" type="FAILURE">
<![CDATA[  [webkit] › tests/04-payment-flow.spec.ts:54:7 › Payment and Subscription Flow › test payment with test card 

    Error: browserType.launch: Executable doesn't exist at /home/beano/.cache/ms-playwright/webkit-2203/pw_run.sh
    ╔═════════════════════════════════════════════════════════════════════════╗
    ║ Looks like Playwright Test or Playwright was just installed or updated. ║
    ║ Please run the following command to download new browsers:              ║
    ║                                                                         ║
    ║     npx playwright install                                              ║
    ║                                                                         ║
    ║ <3 Playwright Team                                                      ║
    ╚═════════════════════════════════════════════════════════════════════════╝
]]>
</failure>
</testcase>
<testcase name="Payment and Subscription Flow › subscription status is reflected in UI" classname="tests/04-payment-flow.spec.ts" time="0.003">
<failure message="04-payment-flow.spec.ts:91:7 subscription status is reflected in UI" type="FAILURE">
<![CDATA[  [webkit] › tests/04-payment-flow.spec.ts:91:7 › Payment and Subscription Flow › subscription status is reflected in UI 

    Error: browserType.launch: Executable doesn't exist at /home/beano/.cache/ms-playwright/webkit-2203/pw_run.sh
    ╔═════════════════════════════════════════════════════════════════════════╗
    ║ Looks like Playwright Test or Playwright was just installed or updated. ║
    ║ Please run the following command to download new browsers:              ║
    ║                                                                         ║
    ║     npx playwright install                                              ║
    ║                                                                         ║
    ║ <3 Playwright Team                                                      ║
    ╚═════════════════════════════════════════════════════════════════════════╝
]]>
</failure>
</testcase>
<testcase name="Payment and Subscription Flow › can manage subscription" classname="tests/04-payment-flow.spec.ts" time="0.003">
<failure message="04-payment-flow.spec.ts:109:7 can manage subscription" type="FAILURE">
<![CDATA[  [webkit] › tests/04-payment-flow.spec.ts:109:7 › Payment and Subscription Flow › can manage subscription 

    Error: browserType.launch: Executable doesn't exist at /home/beano/.cache/ms-playwright/webkit-2203/pw_run.sh
    ╔═════════════════════════════════════════════════════════════════════════╗
    ║ Looks like Playwright Test or Playwright was just installed or updated. ║
    ║ Please run the following command to download new browsers:              ║
    ║                                                                         ║
    ║     npx playwright install                                              ║
    ║                                                                         ║
    ║ <3 Playwright Team                                                      ║
    ╚═════════════════════════════════════════════════════════════════════════╝
]]>
</failure>
</testcase>
<testcase name="Payment and Subscription Flow › handles payment errors gracefully" classname="tests/04-payment-flow.spec.ts" time="0.002">
<failure message="04-payment-flow.spec.ts:123:7 handles payment errors gracefully" type="FAILURE">
<![CDATA[  [webkit] › tests/04-payment-flow.spec.ts:123:7 › Payment and Subscription Flow › handles payment errors gracefully 

    Error: browserType.launch: Executable doesn't exist at /home/beano/.cache/ms-playwright/webkit-2203/pw_run.sh
    ╔═════════════════════════════════════════════════════════════════════════╗
    ║ Looks like Playwright Test or Playwright was just installed or updated. ║
    ║ Please run the following command to download new browsers:              ║
    ║                                                                         ║
    ║     npx playwright install                                              ║
    ║                                                                         ║
    ║ <3 Playwright Team                                                      ║
    ╚═════════════════════════════════════════════════════════════════════════╝
]]>
</failure>
</testcase>
<testcase name="Payment and Subscription Flow › premium features are accessible after subscription" classname="tests/04-payment-flow.spec.ts" time="0.002">
<failure message="04-payment-flow.spec.ts:157:7 premium features are accessible after subscription" type="FAILURE">
<![CDATA[  [webkit] › tests/04-payment-flow.spec.ts:157:7 › Payment and Subscription Flow › premium features are accessible after subscription 

    Error: browserType.launch: Executable doesn't exist at /home/beano/.cache/ms-playwright/webkit-2203/pw_run.sh
    ╔═════════════════════════════════════════════════════════════════════════╗
    ║ Looks like Playwright Test or Playwright was just installed or updated. ║
    ║ Please run the following command to download new browsers:              ║
    ║                                                                         ║
    ║     npx playwright install                                              ║
    ║                                                                         ║
    ║ <3 Playwright Team                                                      ║
    ╚═════════════════════════════════════════════════════════════════════════╝
]]>
</failure>
</testcase>
</testsuite>
<testsuite name="tests/05-accessibility.spec.ts" timestamp="2025-09-10T19:16:53.435Z" hostname="webkit" tests="10" failures="10" skipped="0" time="0.02" errors="0">
<testcase name="Accessibility Tests (WCAG 2.1 AA) › homepage meets WCAG 2.1 AA standards" classname="tests/05-accessibility.spec.ts" time="0.001">
<failure message="05-accessibility.spec.ts:5:7 homepage meets WCAG 2.1 AA standards" type="FAILURE">
<![CDATA[  [webkit] › tests/05-accessibility.spec.ts:5:7 › Accessibility Tests (WCAG 2.1 AA) › homepage meets WCAG 2.1 AA standards 

    Error: browserType.launch: Executable doesn't exist at /home/beano/.cache/ms-playwright/webkit-2203/pw_run.sh
    ╔═════════════════════════════════════════════════════════════════════════╗
    ║ Looks like Playwright Test or Playwright was just installed or updated. ║
    ║ Please run the following command to download new browsers:              ║
    ║                                                                         ║
    ║     npx playwright install                                              ║
    ║                                                                         ║
    ║ <3 Playwright Team                                                      ║
    ╚═════════════════════════════════════════════════════════════════════════╝
]]>
</failure>
</testcase>
<testcase name="Accessibility Tests (WCAG 2.1 AA) › authentication pages are accessible" classname="tests/05-accessibility.spec.ts" time="0.002">
<failure message="05-accessibility.spec.ts:15:7 authentication pages are accessible" type="FAILURE">
<![CDATA[  [webkit] › tests/05-accessibility.spec.ts:15:7 › Accessibility Tests (WCAG 2.1 AA) › authentication pages are accessible 

    Error: browserType.launch: Executable doesn't exist at /home/beano/.cache/ms-playwright/webkit-2203/pw_run.sh
    ╔═════════════════════════════════════════════════════════════════════════╗
    ║ Looks like Playwright Test or Playwright was just installed or updated. ║
    ║ Please run the following command to download new browsers:              ║
    ║                                                                         ║
    ║     npx playwright install                                              ║
    ║                                                                         ║
    ║ <3 Playwright Team                                                      ║
    ╚═════════════════════════════════════════════════════════════════════════╝
]]>
</failure>
</testcase>
<testcase name="Accessibility Tests (WCAG 2.1 AA) › keyboard navigation works throughout the app" classname="tests/05-accessibility.spec.ts" time="0.003">
<failure message="05-accessibility.spec.ts:35:7 keyboard navigation works throughout the app" type="FAILURE">
<![CDATA[  [webkit] › tests/05-accessibility.spec.ts:35:7 › Accessibility Tests (WCAG 2.1 AA) › keyboard navigation works throughout the app 

    Error: browserType.launch: Executable doesn't exist at /home/beano/.cache/ms-playwright/webkit-2203/pw_run.sh
    ╔═════════════════════════════════════════════════════════════════════════╗
    ║ Looks like Playwright Test or Playwright was just installed or updated. ║
    ║ Please run the following command to download new browsers:              ║
    ║                                                                         ║
    ║     npx playwright install                                              ║
    ║                                                                         ║
    ║ <3 Playwright Team                                                      ║
    ╚═════════════════════════════════════════════════════════════════════════╝
]]>
</failure>
</testcase>
<testcase name="Accessibility Tests (WCAG 2.1 AA) › ARIA labels and roles are properly implemented" classname="tests/05-accessibility.spec.ts" time="0.001">
<failure message="05-accessibility.spec.ts:74:7 ARIA labels and roles are properly implemented" type="FAILURE">
<![CDATA[  [webkit] › tests/05-accessibility.spec.ts:74:7 › Accessibility Tests (WCAG 2.1 AA) › ARIA labels and roles are properly implemented 

    Error: browserType.launch: Executable doesn't exist at /home/beano/.cache/ms-playwright/webkit-2203/pw_run.sh
    ╔═════════════════════════════════════════════════════════════════════════╗
    ║ Looks like Playwright Test or Playwright was just installed or updated. ║
    ║ Please run the following command to download new browsers:              ║
    ║                                                                         ║
    ║     npx playwright install                                              ║
    ║                                                                         ║
    ║ <3 Playwright Team                                                      ║
    ╚═════════════════════════════════════════════════════════════════════════╝
]]>
</failure>
</testcase>
<testcase name="Accessibility Tests (WCAG 2.1 AA) › color contrast meets WCAG standards" classname="tests/05-accessibility.spec.ts" time="0.002">
<failure message="05-accessibility.spec.ts:112:7 color contrast meets WCAG standards" type="FAILURE">
<![CDATA[  [webkit] › tests/05-accessibility.spec.ts:112:7 › Accessibility Tests (WCAG 2.1 AA) › color contrast meets WCAG standards 

    Error: browserType.launch: Executable doesn't exist at /home/beano/.cache/ms-playwright/webkit-2203/pw_run.sh
    ╔═════════════════════════════════════════════════════════════════════════╗
    ║ Looks like Playwright Test or Playwright was just installed or updated. ║
    ║ Please run the following command to download new browsers:              ║
    ║                                                                         ║
    ║     npx playwright install                                              ║
    ║                                                                         ║
    ║ <3 Playwright Team                                                      ║
    ╚═════════════════════════════════════════════════════════════════════════╝
]]>
</failure>
</testcase>
<testcase name="Accessibility Tests (WCAG 2.1 AA) › images have alt text" classname="tests/05-accessibility.spec.ts" time="0.002">
<failure message="05-accessibility.spec.ts:128:7 images have alt text" type="FAILURE">
<![CDATA[  [webkit] › tests/05-accessibility.spec.ts:128:7 › Accessibility Tests (WCAG 2.1 AA) › images have alt text 

    Error: browserType.launch: Executable doesn't exist at /home/beano/.cache/ms-playwright/webkit-2203/pw_run.sh
    ╔═════════════════════════════════════════════════════════════════════════╗
    ║ Looks like Playwright Test or Playwright was just installed or updated. ║
    ║ Please run the following command to download new browsers:              ║
    ║                                                                         ║
    ║     npx playwright install                                              ║
    ║                                                                         ║
    ║ <3 Playwright Team                                                      ║
    ╚═════════════════════════════════════════════════════════════════════════╝
]]>
</failure>
</testcase>
<testcase name="Accessibility Tests (WCAG 2.1 AA) › focus management in modals and overlays" classname="tests/05-accessibility.spec.ts" time="0.002">
<failure message="05-accessibility.spec.ts:139:7 focus management in modals and overlays" type="FAILURE">
<![CDATA[  [webkit] › tests/05-accessibility.spec.ts:139:7 › Accessibility Tests (WCAG 2.1 AA) › focus management in modals and overlays 

    Error: browserType.launch: Executable doesn't exist at /home/beano/.cache/ms-playwright/webkit-2203/pw_run.sh
    ╔═════════════════════════════════════════════════════════════════════════╗
    ║ Looks like Playwright Test or Playwright was just installed or updated. ║
    ║ Please run the following command to download new browsers:              ║
    ║                                                                         ║
    ║     npx playwright install                                              ║
    ║                                                                         ║
    ║ <3 Playwright Team                                                      ║
    ╚═════════════════════════════════════════════════════════════════════════╝
]]>
</failure>
</testcase>
<testcase name="Accessibility Tests (WCAG 2.1 AA) › screen reader announcements for dynamic content" classname="tests/05-accessibility.spec.ts" time="0.003">
<failure message="05-accessibility.spec.ts:182:7 screen reader announcements for dynamic content" type="FAILURE">
<![CDATA[  [webkit] › tests/05-accessibility.spec.ts:182:7 › Accessibility Tests (WCAG 2.1 AA) › screen reader announcements for dynamic content 

    Error: browserType.launch: Executable doesn't exist at /home/beano/.cache/ms-playwright/webkit-2203/pw_run.sh
    ╔═════════════════════════════════════════════════════════════════════════╗
    ║ Looks like Playwright Test or Playwright was just installed or updated. ║
    ║ Please run the following command to download new browsers:              ║
    ║                                                                         ║
    ║     npx playwright install                                              ║
    ║                                                                         ║
    ║ <3 Playwright Team                                                      ║
    ╚═════════════════════════════════════════════════════════════════════════╝
]]>
</failure>
</testcase>
<testcase name="Accessibility Tests (WCAG 2.1 AA) › form validation messages are accessible" classname="tests/05-accessibility.spec.ts" time="0.002">
<failure message="05-accessibility.spec.ts:204:7 form validation messages are accessible" type="FAILURE">
<![CDATA[  [webkit] › tests/05-accessibility.spec.ts:204:7 › Accessibility Tests (WCAG 2.1 AA) › form validation messages are accessible 

    Error: browserType.launch: Executable doesn't exist at /home/beano/.cache/ms-playwright/webkit-2203/pw_run.sh
    ╔═════════════════════════════════════════════════════════════════════════╗
    ║ Looks like Playwright Test or Playwright was just installed or updated. ║
    ║ Please run the following command to download new browsers:              ║
    ║                                                                         ║
    ║     npx playwright install                                              ║
    ║                                                                         ║
    ║ <3 Playwright Team                                                      ║
    ╚═════════════════════════════════════════════════════════════════════════╝
]]>
</failure>
</testcase>
<testcase name="Accessibility Tests (WCAG 2.1 AA) › responsive design maintains accessibility" classname="tests/05-accessibility.spec.ts" time="0.002">
<failure message="05-accessibility.spec.ts:227:7 responsive design maintains accessibility" type="FAILURE">
<![CDATA[  [webkit] › tests/05-accessibility.spec.ts:227:7 › Accessibility Tests (WCAG 2.1 AA) › responsive design maintains accessibility 

    Error: browserType.launch: Executable doesn't exist at /home/beano/.cache/ms-playwright/webkit-2203/pw_run.sh
    ╔═════════════════════════════════════════════════════════════════════════╗
    ║ Looks like Playwright Test or Playwright was just installed or updated. ║
    ║ Please run the following command to download new browsers:              ║
    ║                                                                         ║
    ║     npx playwright install                                              ║
    ║                                                                         ║
    ║ <3 Playwright Team                                                      ║
    ╚═════════════════════════════════════════════════════════════════════════╝
]]>
</failure>
</testcase>
</testsuite>
<testsuite name="tests/06-security.spec.ts" timestamp="2025-09-10T19:16:53.435Z" hostname="webkit" tests="11" failures="11" skipped="0" time="0.019" errors="0">
<testcase name="Security Tests - OWASP Top 10 › protects against XSS attacks" classname="tests/06-security.spec.ts" time="0.002">
<failure message="06-security.spec.ts:4:7 protects against XSS attacks" type="FAILURE">
<![CDATA[  [webkit] › tests/06-security.spec.ts:4:7 › Security Tests - OWASP Top 10 › protects against XSS attacks 

    Error: browserType.launch: Executable doesn't exist at /home/beano/.cache/ms-playwright/webkit-2203/pw_run.sh
    ╔═════════════════════════════════════════════════════════════════════════╗
    ║ Looks like Playwright Test or Playwright was just installed or updated. ║
    ║ Please run the following command to download new browsers:              ║
    ║                                                                         ║
    ║     npx playwright install                                              ║
    ║                                                                         ║
    ║ <3 Playwright Team                                                      ║
    ╚═════════════════════════════════════════════════════════════════════════╝
]]>
</failure>
</testcase>
<testcase name="Security Tests - OWASP Top 10 › prevents SQL injection attempts" classname="tests/06-security.spec.ts" time="0.001">
<failure message="06-security.spec.ts:35:7 prevents SQL injection attempts" type="FAILURE">
<![CDATA[  [webkit] › tests/06-security.spec.ts:35:7 › Security Tests - OWASP Top 10 › prevents SQL injection attempts 

    Error: browserType.launch: Executable doesn't exist at /home/beano/.cache/ms-playwright/webkit-2203/pw_run.sh
    ╔═════════════════════════════════════════════════════════════════════════╗
    ║ Looks like Playwright Test or Playwright was just installed or updated. ║
    ║ Please run the following command to download new browsers:              ║
    ║                                                                         ║
    ║     npx playwright install                                              ║
    ║                                                                         ║
    ║ <3 Playwright Team                                                      ║
    ╚═════════════════════════════════════════════════════════════════════════╝
]]>
</failure>
</testcase>
<testcase name="Security Tests - OWASP Top 10 › implements proper authentication" classname="tests/06-security.spec.ts" time="0.001">
<failure message="06-security.spec.ts:60:7 implements proper authentication" type="FAILURE">
<![CDATA[  [webkit] › tests/06-security.spec.ts:60:7 › Security Tests - OWASP Top 10 › implements proper authentication 

    Error: browserType.launch: Executable doesn't exist at /home/beano/.cache/ms-playwright/webkit-2203/pw_run.sh
    ╔═════════════════════════════════════════════════════════════════════════╗
    ║ Looks like Playwright Test or Playwright was just installed or updated. ║
    ║ Please run the following command to download new browsers:              ║
    ║                                                                         ║
    ║     npx playwright install                                              ║
    ║                                                                         ║
    ║ <3 Playwright Team                                                      ║
    ╚═════════════════════════════════════════════════════════════════════════╝
]]>
</failure>
</testcase>
<testcase name="Security Tests - OWASP Top 10 › implements CSRF protection" classname="tests/06-security.spec.ts" time="0.001">
<failure message="06-security.spec.ts:84:7 implements CSRF protection" type="FAILURE">
<![CDATA[  [webkit] › tests/06-security.spec.ts:84:7 › Security Tests - OWASP Top 10 › implements CSRF protection 

    Error: browserType.launch: Executable doesn't exist at /home/beano/.cache/ms-playwright/webkit-2203/pw_run.sh
    ╔═════════════════════════════════════════════════════════════════════════╗
    ║ Looks like Playwright Test or Playwright was just installed or updated. ║
    ║ Please run the following command to download new browsers:              ║
    ║                                                                         ║
    ║     npx playwright install                                              ║
    ║                                                                         ║
    ║ <3 Playwright Team                                                      ║
    ╚═════════════════════════════════════════════════════════════════════════╝
]]>
</failure>
</testcase>
<testcase name="Security Tests - OWASP Top 10 › enforces secure headers" classname="tests/06-security.spec.ts" time="0.002">
<failure message="06-security.spec.ts:106:7 enforces secure headers" type="FAILURE">
<![CDATA[  [webkit] › tests/06-security.spec.ts:106:7 › Security Tests - OWASP Top 10 › enforces secure headers 

    Error: browserType.launch: Executable doesn't exist at /home/beano/.cache/ms-playwright/webkit-2203/pw_run.sh
    ╔═════════════════════════════════════════════════════════════════════════╗
    ║ Looks like Playwright Test or Playwright was just installed or updated. ║
    ║ Please run the following command to download new browsers:              ║
    ║                                                                         ║
    ║     npx playwright install                                              ║
    ║                                                                         ║
    ║ <3 Playwright Team                                                      ║
    ╚═════════════════════════════════════════════════════════════════════════╝
]]>
</failure>
</testcase>
<testcase name="Security Tests - OWASP Top 10 › rate limiting is implemented" classname="tests/06-security.spec.ts" time="0.002">
<failure message="06-security.spec.ts:139:7 rate limiting is implemented" type="FAILURE">
<![CDATA[  [webkit] › tests/06-security.spec.ts:139:7 › Security Tests - OWASP Top 10 › rate limiting is implemented 

    Error: browserType.launch: Executable doesn't exist at /home/beano/.cache/ms-playwright/webkit-2203/pw_run.sh
    ╔═════════════════════════════════════════════════════════════════════════╗
    ║ Looks like Playwright Test or Playwright was just installed or updated. ║
    ║ Please run the following command to download new browsers:              ║
    ║                                                                         ║
    ║     npx playwright install                                              ║
    ║                                                                         ║
    ║ <3 Playwright Team                                                      ║
    ╚═════════════════════════════════════════════════════════════════════════╝
]]>
</failure>
</testcase>
<testcase name="Security Tests - OWASP Top 10 › sensitive data is not exposed in responses" classname="tests/06-security.spec.ts" time="0.001">
<failure message="06-security.spec.ts:167:7 sensitive data is not exposed in responses" type="FAILURE">
<![CDATA[  [webkit] › tests/06-security.spec.ts:167:7 › Security Tests - OWASP Top 10 › sensitive data is not exposed in responses 

    Error: browserType.launch: Executable doesn't exist at /home/beano/.cache/ms-playwright/webkit-2203/pw_run.sh
    ╔═════════════════════════════════════════════════════════════════════════╗
    ║ Looks like Playwright Test or Playwright was just installed or updated. ║
    ║ Please run the following command to download new browsers:              ║
    ║                                                                         ║
    ║     npx playwright install                                              ║
    ║                                                                         ║
    ║ <3 Playwright Team                                                      ║
    ╚═════════════════════════════════════════════════════════════════════════╝
]]>
</failure>
</testcase>
<testcase name="Security Tests - OWASP Top 10 › implements secure password requirements" classname="tests/06-security.spec.ts" time="0.003">
<failure message="06-security.spec.ts:206:7 implements secure password requirements" type="FAILURE">
<![CDATA[  [webkit] › tests/06-security.spec.ts:206:7 › Security Tests - OWASP Top 10 › implements secure password requirements 

    Error: browserType.launch: Executable doesn't exist at /home/beano/.cache/ms-playwright/webkit-2203/pw_run.sh
    ╔═════════════════════════════════════════════════════════════════════════╗
    ║ Looks like Playwright Test or Playwright was just installed or updated. ║
    ║ Please run the following command to download new browsers:              ║
    ║                                                                         ║
    ║     npx playwright install                                              ║
    ║                                                                         ║
    ║ <3 Playwright Team                                                      ║
    ╚═════════════════════════════════════════════════════════════════════════╝
]]>
</failure>
</testcase>
<testcase name="Security Tests - OWASP Top 10 › prevents path traversal attacks" classname="tests/06-security.spec.ts" time="0.001">
<failure message="06-security.spec.ts:234:7 prevents path traversal attacks" type="FAILURE">
<![CDATA[  [webkit] › tests/06-security.spec.ts:234:7 › Security Tests - OWASP Top 10 › prevents path traversal attacks 

    Error: browserType.launch: Executable doesn't exist at /home/beano/.cache/ms-playwright/webkit-2203/pw_run.sh
    ╔═════════════════════════════════════════════════════════════════════════╗
    ║ Looks like Playwright Test or Playwright was just installed or updated. ║
    ║ Please run the following command to download new browsers:              ║
    ║                                                                         ║
    ║     npx playwright install                                              ║
    ║                                                                         ║
    ║ <3 Playwright Team                                                      ║
    ╚═════════════════════════════════════════════════════════════════════════╝
]]>
</failure>
</testcase>
<testcase name="Security Tests - OWASP Top 10 › validates and sanitizes all inputs" classname="tests/06-security.spec.ts" time="0.003">
<failure message="06-security.spec.ts:255:7 validates and sanitizes all inputs" type="FAILURE">
<![CDATA[  [webkit] › tests/06-security.spec.ts:255:7 › Security Tests - OWASP Top 10 › validates and sanitizes all inputs 

    Error: browserType.launch: Executable doesn't exist at /home/beano/.cache/ms-playwright/webkit-2203/pw_run.sh
    ╔═════════════════════════════════════════════════════════════════════════╗
    ║ Looks like Playwright Test or Playwright was just installed or updated. ║
    ║ Please run the following command to download new browsers:              ║
    ║                                                                         ║
    ║     npx playwright install                                              ║
    ║                                                                         ║
    ║ <3 Playwright Team                                                      ║
    ╚═════════════════════════════════════════════════════════════════════════╝
]]>
</failure>
</testcase>
<testcase name="Security Tests - OWASP Top 10 › implements secure session management" classname="tests/06-security.spec.ts" time="0.002">
<failure message="06-security.spec.ts:286:7 implements secure session management" type="FAILURE">
<![CDATA[  [webkit] › tests/06-security.spec.ts:286:7 › Security Tests - OWASP Top 10 › implements secure session management 

    Error: browserType.launch: Executable doesn't exist at /home/beano/.cache/ms-playwright/webkit-2203/pw_run.sh
    ╔═════════════════════════════════════════════════════════════════════════╗
    ║ Looks like Playwright Test or Playwright was just installed or updated. ║
    ║ Please run the following command to download new browsers:              ║
    ║                                                                         ║
    ║     npx playwright install                                              ║
    ║                                                                         ║
    ║ <3 Playwright Team                                                      ║
    ╚═════════════════════════════════════════════════════════════════════════╝
]]>
</failure>
</testcase>
</testsuite>
<testsuite name="tests/07-integration.spec.ts" timestamp="2025-09-10T19:16:53.435Z" hostname="webkit" tests="6" failures="6" skipped="0" time="0.011" errors="0">
<testcase name="Full System Integration Tests › complete user journey from signup to premium" classname="tests/07-integration.spec.ts" time="0.001">
<failure message="07-integration.spec.ts:4:7 complete user journey from signup to premium" type="FAILURE">
<![CDATA[  [webkit] › tests/07-integration.spec.ts:4:7 › Full System Integration Tests › complete user journey from signup to premium 

    Error: browserType.launch: Executable doesn't exist at /home/beano/.cache/ms-playwright/webkit-2203/pw_run.sh
    ╔═════════════════════════════════════════════════════════════════════════╗
    ║ Looks like Playwright Test or Playwright was just installed or updated. ║
    ║ Please run the following command to download new browsers:              ║
    ║                                                                         ║
    ║     npx playwright install                                              ║
    ║                                                                         ║
    ║ <3 Playwright Team                                                      ║
    ╚═════════════════════════════════════════════════════════════════════════╝
]]>
</failure>
</testcase>
<testcase name="Full System Integration Tests › API and frontend synchronization" classname="tests/07-integration.spec.ts" time="0.002">
<failure message="07-integration.spec.ts:97:7 API and frontend synchronization" type="FAILURE">
<![CDATA[  [webkit] › tests/07-integration.spec.ts:97:7 › Full System Integration Tests › API and frontend synchronization 

    Error: browserType.launch: Executable doesn't exist at /home/beano/.cache/ms-playwright/webkit-2203/pw_run.sh
    ╔═════════════════════════════════════════════════════════════════════════╗
    ║ Looks like Playwright Test or Playwright was just installed or updated. ║
    ║ Please run the following command to download new browsers:              ║
    ║                                                                         ║
    ║     npx playwright install                                              ║
    ║                                                                         ║
    ║ <3 Playwright Team                                                      ║
    ╚═════════════════════════════════════════════════════════════════════════╝
]]>
</failure>
</testcase>
<testcase name="Full System Integration Tests › error recovery and resilience" classname="tests/07-integration.spec.ts" time="0.002">
<failure message="07-integration.spec.ts:140:7 error recovery and resilience" type="FAILURE">
<![CDATA[  [webkit] › tests/07-integration.spec.ts:140:7 › Full System Integration Tests › error recovery and resilience 

    Error: browserType.launch: Executable doesn't exist at /home/beano/.cache/ms-playwright/webkit-2203/pw_run.sh
    ╔═════════════════════════════════════════════════════════════════════════╗
    ║ Looks like Playwright Test or Playwright was just installed or updated. ║
    ║ Please run the following command to download new browsers:              ║
    ║                                                                         ║
    ║     npx playwright install                                              ║
    ║                                                                         ║
    ║ <3 Playwright Team                                                      ║
    ╚═════════════════════════════════════════════════════════════════════════╝
]]>
</failure>
</testcase>
<testcase name="Full System Integration Tests › data migration and backward compatibility" classname="tests/07-integration.spec.ts" time="0.002">
<failure message="07-integration.spec.ts:185:7 data migration and backward compatibility" type="FAILURE">
<![CDATA[  [webkit] › tests/07-integration.spec.ts:185:7 › Full System Integration Tests › data migration and backward compatibility 

    Error: browserType.launch: Executable doesn't exist at /home/beano/.cache/ms-playwright/webkit-2203/pw_run.sh
    ╔═════════════════════════════════════════════════════════════════════════╗
    ║ Looks like Playwright Test or Playwright was just installed or updated. ║
    ║ Please run the following command to download new browsers:              ║
    ║                                                                         ║
    ║     npx playwright install                                              ║
    ║                                                                         ║
    ║ <3 Playwright Team                                                      ║
    ╚═════════════════════════════════════════════════════════════════════════╝
]]>
</failure>
</testcase>
<testcase name="Full System Integration Tests › performance under load" classname="tests/07-integration.spec.ts" time="0.003">
<failure message="07-integration.spec.ts:212:7 performance under load" type="FAILURE">
<![CDATA[  [webkit] › tests/07-integration.spec.ts:212:7 › Full System Integration Tests › performance under load 

    Error: browserType.launch: Executable doesn't exist at /home/beano/.cache/ms-playwright/webkit-2203/pw_run.sh
    ╔═════════════════════════════════════════════════════════════════════════╗
    ║ Looks like Playwright Test or Playwright was just installed or updated. ║
    ║ Please run the following command to download new browsers:              ║
    ║                                                                         ║
    ║     npx playwright install                                              ║
    ║                                                                         ║
    ║ <3 Playwright Team                                                      ║
    ╚═════════════════════════════════════════════════════════════════════════╝
]]>
</failure>
</testcase>
<testcase name="Full System Integration Tests › cross-feature integration" classname="tests/07-integration.spec.ts" time="0.001">
<failure message="07-integration.spec.ts:248:7 cross-feature integration" type="FAILURE">
<![CDATA[  [webkit] › tests/07-integration.spec.ts:248:7 › Full System Integration Tests › cross-feature integration 

    Error: browserType.launch: Executable doesn't exist at /home/beano/.cache/ms-playwright/webkit-2203/pw_run.sh
    ╔═════════════════════════════════════════════════════════════════════════╗
    ║ Looks like Playwright Test or Playwright was just installed or updated. ║
    ║ Please run the following command to download new browsers:              ║
    ║                                                                         ║
    ║     npx playwright install                                              ║
    ║                                                                         ║
    ║ <3 Playwright Team                                                      ║
    ╚═════════════════════════════════════════════════════════════════════════╝
]]>
</failure>
</testcase>
</testsuite>
<testsuite name="tests/08-performance.spec.ts" timestamp="2025-09-10T19:16:53.435Z" hostname="webkit" tests="8" failures="8" skipped="0" time="0.016" errors="0">
<testcase name="Performance Regression Tests › page load performance metrics" classname="tests/08-performance.spec.ts" time="0.001">
<failure message="08-performance.spec.ts:4:7 page load performance metrics" type="FAILURE">
<![CDATA[  [webkit] › tests/08-performance.spec.ts:4:7 › Performance Regression Tests › page load performance metrics 

    Error: browserType.launch: Executable doesn't exist at /home/beano/.cache/ms-playwright/webkit-2203/pw_run.sh
    ╔═════════════════════════════════════════════════════════════════════════╗
    ║ Looks like Playwright Test or Playwright was just installed or updated. ║
    ║ Please run the following command to download new browsers:              ║
    ║                                                                         ║
    ║     npx playwright install                                              ║
    ║                                                                         ║
    ║ <3 Playwright Team                                                      ║
    ╚═════════════════════════════════════════════════════════════════════════╝
]]>
</failure>
</testcase>
<testcase name="Performance Regression Tests › API response time performance" classname="tests/08-performance.spec.ts" time="0.001">
<failure message="08-performance.spec.ts:25:7 API response time performance" type="FAILURE">
<![CDATA[  [webkit] › tests/08-performance.spec.ts:25:7 › Performance Regression Tests › API response time performance 

    Error: browserType.launch: Executable doesn't exist at /home/beano/.cache/ms-playwright/webkit-2203/pw_run.sh
    ╔═════════════════════════════════════════════════════════════════════════╗
    ║ Looks like Playwright Test or Playwright was just installed or updated. ║
    ║ Please run the following command to download new browsers:              ║
    ║                                                                         ║
    ║     npx playwright install                                              ║
    ║                                                                         ║
    ║ <3 Playwright Team                                                      ║
    ╚═════════════════════════════════════════════════════════════════════════╝
]]>
</failure>
</testcase>
<testcase name="Performance Regression Tests › review session performance" classname="tests/08-performance.spec.ts" time="0.002">
<failure message="08-performance.spec.ts:53:7 review session performance" type="FAILURE">
<![CDATA[  [webkit] › tests/08-performance.spec.ts:53:7 › Performance Regression Tests › review session performance 

    Error: browserType.launch: Executable doesn't exist at /home/beano/.cache/ms-playwright/webkit-2203/pw_run.sh
    ╔═════════════════════════════════════════════════════════════════════════╗
    ║ Looks like Playwright Test or Playwright was just installed or updated. ║
    ║ Please run the following command to download new browsers:              ║
    ║                                                                         ║
    ║     npx playwright install                                              ║
    ║                                                                         ║
    ║ <3 Playwright Team                                                      ║
    ╚═════════════════════════════════════════════════════════════════════════╝
]]>
</failure>
</testcase>
<testcase name="Performance Regression Tests › memory usage remains stable" classname="tests/08-performance.spec.ts" time="0.004">
<failure message="08-performance.spec.ts:94:7 memory usage remains stable" type="FAILURE">
<![CDATA[  [webkit] › tests/08-performance.spec.ts:94:7 › Performance Regression Tests › memory usage remains stable 

    Error: browserType.launch: Executable doesn't exist at /home/beano/.cache/ms-playwright/webkit-2203/pw_run.sh
    ╔═════════════════════════════════════════════════════════════════════════╗
    ║ Looks like Playwright Test or Playwright was just installed or updated. ║
    ║ Please run the following command to download new browsers:              ║
    ║                                                                         ║
    ║     npx playwright install                                              ║
    ║                                                                         ║
    ║ <3 Playwright Team                                                      ║
    ╚═════════════════════════════════════════════════════════════════════════╝
]]>
</failure>
</testcase>
<testcase name="Performance Regression Tests › bundle size and resource loading" classname="tests/08-performance.spec.ts" time="0.001">
<failure message="08-performance.spec.ts:144:7 bundle size and resource loading" type="FAILURE">
<![CDATA[  [webkit] › tests/08-performance.spec.ts:144:7 › Performance Regression Tests › bundle size and resource loading 

    Error: browserType.launch: Executable doesn't exist at /home/beano/.cache/ms-playwright/webkit-2203/pw_run.sh
    ╔═════════════════════════════════════════════════════════════════════════╗
    ║ Looks like Playwright Test or Playwright was just installed or updated. ║
    ║ Please run the following command to download new browsers:              ║
    ║                                                                         ║
    ║     npx playwright install                                              ║
    ║                                                                         ║
    ║ <3 Playwright Team                                                      ║
    ╚═════════════════════════════════════════════════════════════════════════╝
]]>
</failure>
</testcase>
<testcase name="Performance Regression Tests › database query performance" classname="tests/08-performance.spec.ts" time="0.003">
<failure message="08-performance.spec.ts:178:7 database query performance" type="FAILURE">
<![CDATA[  [webkit] › tests/08-performance.spec.ts:178:7 › Performance Regression Tests › database query performance 

    Error: browserType.launch: Executable doesn't exist at /home/beano/.cache/ms-playwright/webkit-2203/pw_run.sh
    ╔═════════════════════════════════════════════════════════════════════════╗
    ║ Looks like Playwright Test or Playwright was just installed or updated. ║
    ║ Please run the following command to download new browsers:              ║
    ║                                                                         ║
    ║     npx playwright install                                              ║
    ║                                                                         ║
    ║ <3 Playwright Team                                                      ║
    ╚═════════════════════════════════════════════════════════════════════════╝
]]>
</failure>
</testcase>
<testcase name="Performance Regression Tests › concurrent user load simulation" classname="tests/08-performance.spec.ts" time="0.001">
<failure message="08-performance.spec.ts:225:7 concurrent user load simulation" type="FAILURE">
<![CDATA[  [webkit] › tests/08-performance.spec.ts:225:7 › Performance Regression Tests › concurrent user load simulation 

    Error: browserType.launch: Executable doesn't exist at /home/beano/.cache/ms-playwright/webkit-2203/pw_run.sh
    ╔═════════════════════════════════════════════════════════════════════════╗
    ║ Looks like Playwright Test or Playwright was just installed or updated. ║
    ║ Please run the following command to download new browsers:              ║
    ║                                                                         ║
    ║     npx playwright install                                              ║
    ║                                                                         ║
    ║ <3 Playwright Team                                                      ║
    ╚═════════════════════════════════════════════════════════════════════════╝
]]>
</failure>
</testcase>
<testcase name="Performance Regression Tests › cache effectiveness" classname="tests/08-performance.spec.ts" time="0.003">
<failure message="08-performance.spec.ts:276:7 cache effectiveness" type="FAILURE">
<![CDATA[  [webkit] › tests/08-performance.spec.ts:276:7 › Performance Regression Tests › cache effectiveness 

    Error: browserType.launch: Executable doesn't exist at /home/beano/.cache/ms-playwright/webkit-2203/pw_run.sh
    ╔═════════════════════════════════════════════════════════════════════════╗
    ║ Looks like Playwright Test or Playwright was just installed or updated. ║
    ║ Please run the following command to download new browsers:              ║
    ║                                                                         ║
    ║     npx playwright install                                              ║
    ║                                                                         ║
    ║ <3 Playwright Team                                                      ║
    ╚═════════════════════════════════════════════════════════════════════════╝
]]>
</failure>
</testcase>
</testsuite>
<testsuite name="tests/01-onboarding.spec.ts" timestamp="2025-09-10T19:16:53.435Z" hostname="Mobile Chrome" tests="4" failures="4" skipped="0" time="44.048" errors="0">
<testcase name="User Onboarding Flow › new user can complete full onboarding" classname="tests/01-onboarding.spec.ts" time="5.415">
<failure message="01-onboarding.spec.ts:4:7 new user can complete full onboarding" type="FAILURE">
<![CDATA[  [Mobile Chrome] › tests/01-onboarding.spec.ts:4:7 › User Onboarding Flow › new user can complete full onboarding 

    Error: expect(locator).toBeVisible() failed

    Locator:  getByRole('heading', { name: /Welcome to Moshimoshi/i })
    Expected: visible
    Received: <element(s) not found>
    Timeout:  5000ms

    Call log:
      - Expect "toBeVisible" with timeout 5000ms
      - waiting for getByRole('heading', { name: /Welcome to Moshimoshi/i })


       7 |     
       8 |     // Check landing page elements
    >  9 |     await expect(page.getByRole('heading', { name: /Welcome to Moshimoshi/i })).toBeVisible();
         |                                                                                 ^
      10 |     await expect(page.getByRole('link', { name: /Get Started/i })).toBeVisible();
      11 |     
      12 |     // Navigate to signup
        at /home/beano/DevProjects/next_js/moshimoshi/e2e/tests/01-onboarding.spec.ts:9:81

    attachment #1: screenshot (image/png) ──────────────────────────────────────────────────────────
    ../test-results/tests-01-onboarding-User-O-9b3e3-an-complete-full-onboarding-Mobile-Chrome/test-failed-1.png
    ────────────────────────────────────────────────────────────────────────────────────────────────

    attachment #2: video (video/webm) ──────────────────────────────────────────────────────────────
    ../test-results/tests-01-onboarding-User-O-9b3e3-an-complete-full-onboarding-Mobile-Chrome/video.webm
    ────────────────────────────────────────────────────────────────────────────────────────────────

    Error Context: ../test-results/tests-01-onboarding-User-O-9b3e3-an-complete-full-onboarding-Mobile-Chrome/error-context.md
]]>
</failure>
<system-out>
<![CDATA[
[[ATTACHMENT|tests-01-onboarding-User-O-9b3e3-an-complete-full-onboarding-Mobile-Chrome/test-failed-1.png]]

[[ATTACHMENT|tests-01-onboarding-User-O-9b3e3-an-complete-full-onboarding-Mobile-Chrome/video.webm]]

[[ATTACHMENT|tests-01-onboarding-User-O-9b3e3-an-complete-full-onboarding-Mobile-Chrome/error-context.md]]
]]>
</system-out>
</testcase>
<testcase name="User Onboarding Flow › existing user can login" classname="tests/01-onboarding.spec.ts" time="16.109">
<failure message="01-onboarding.spec.ts:54:7 existing user can login" type="FAILURE">
<![CDATA[  [Mobile Chrome] › tests/01-onboarding.spec.ts:54:7 › User Onboarding Flow › existing user can login 

    TimeoutError: page.fill: Timeout 15000ms exceeded.
    Call log:
      - waiting for locator('input[name="password"]')


      59 |     
      60 |     await page.fill('input[name="email"]', testEmail);
    > 61 |     await page.fill('input[name="password"]', testPassword);
         |                ^
      62 |     await page.fill('input[name="confirmPassword"]', testPassword);
      63 |     
      64 |     const termsCheckbox = page.locator('input[type="checkbox"][name="terms"]');
        at /home/beano/DevProjects/next_js/moshimoshi/e2e/tests/01-onboarding.spec.ts:61:16

    attachment #1: screenshot (image/png) ──────────────────────────────────────────────────────────
    ../test-results/tests-01-onboarding-User-O-5b3b1-low-existing-user-can-login-Mobile-Chrome/test-failed-1.png
    ────────────────────────────────────────────────────────────────────────────────────────────────

    attachment #2: video (video/webm) ──────────────────────────────────────────────────────────────
    ../test-results/tests-01-onboarding-User-O-5b3b1-low-existing-user-can-login-Mobile-Chrome/video.webm
    ────────────────────────────────────────────────────────────────────────────────────────────────

    Error Context: ../test-results/tests-01-onboarding-User-O-5b3b1-low-existing-user-can-login-Mobile-Chrome/error-context.md
]]>
</failure>
<system-out>
<![CDATA[
[[ATTACHMENT|tests-01-onboarding-User-O-5b3b1-low-existing-user-can-login-Mobile-Chrome/test-failed-1.png]]

[[ATTACHMENT|tests-01-onboarding-User-O-5b3b1-low-existing-user-can-login-Mobile-Chrome/video.webm]]

[[ATTACHMENT|tests-01-onboarding-User-O-5b3b1-low-existing-user-can-login-Mobile-Chrome/error-context.md]]
]]>
</system-out>
</testcase>
<testcase name="User Onboarding Flow › password reset flow works" classname="tests/01-onboarding.spec.ts" time="15.937">
<failure message="01-onboarding.spec.ts:93:7 password reset flow works" type="FAILURE">
<![CDATA[  [Mobile Chrome] › tests/01-onboarding.spec.ts:93:7 › User Onboarding Flow › password reset flow works 

    TimeoutError: page.click: Timeout 15000ms exceeded.
    Call log:
      - waiting for locator('text=Forgot password')


       95 |     
       96 |     // Click forgot password
    >  97 |     await page.click('text=Forgot password');
          |                ^
       98 |     await expect(page).toHaveURL(/\/auth\/forgot-password/);
       99 |     
      100 |     // Enter email
        at /home/beano/DevProjects/next_js/moshimoshi/e2e/tests/01-onboarding.spec.ts:97:16

    attachment #1: screenshot (image/png) ──────────────────────────────────────────────────────────
    ../test-results/tests-01-onboarding-User-O-15728-w-password-reset-flow-works-Mobile-Chrome/test-failed-1.png
    ────────────────────────────────────────────────────────────────────────────────────────────────

    attachment #2: video (video/webm) ──────────────────────────────────────────────────────────────
    ../test-results/tests-01-onboarding-User-O-15728-w-password-reset-flow-works-Mobile-Chrome/video.webm
    ────────────────────────────────────────────────────────────────────────────────────────────────

    Error Context: ../test-results/tests-01-onboarding-User-O-15728-w-password-reset-flow-works-Mobile-Chrome/error-context.md
]]>
</failure>
<system-out>
<![CDATA[
[[ATTACHMENT|tests-01-onboarding-User-O-15728-w-password-reset-flow-works-Mobile-Chrome/test-failed-1.png]]

[[ATTACHMENT|tests-01-onboarding-User-O-15728-w-password-reset-flow-works-Mobile-Chrome/video.webm]]

[[ATTACHMENT|tests-01-onboarding-User-O-15728-w-password-reset-flow-works-Mobile-Chrome/error-context.md]]
]]>
</system-out>
</testcase>
<testcase name="User Onboarding Flow › validates signup form fields" classname="tests/01-onboarding.spec.ts" time="6.587">
<failure message="01-onboarding.spec.ts:109:7 validates signup form fields" type="FAILURE">
<![CDATA[  [Mobile Chrome] › tests/01-onboarding.spec.ts:109:7 › User Onboarding Flow › validates signup form fields 

    Error: expect(locator).toBeVisible() failed

    Locator:  getByText(/email.*required/i)
    Expected: visible
    Received: <element(s) not found>
    Timeout:  5000ms

    Call log:
      - Expect "toBeVisible" with timeout 5000ms
      - waiting for getByText(/email.*required/i)


      114 |     
      115 |     // Check for validation errors
    > 116 |     await expect(page.getByText(/email.*required/i)).toBeVisible();
          |                                                      ^
      117 |     await expect(page.getByText(/password.*required/i)).toBeVisible();
      118 |     
      119 |     // Test invalid email
        at /home/beano/DevProjects/next_js/moshimoshi/e2e/tests/01-onboarding.spec.ts:116:54

    attachment #1: screenshot (image/png) ──────────────────────────────────────────────────────────
    ../test-results/tests-01-onboarding-User-O-dfae6-alidates-signup-form-fields-Mobile-Chrome/test-failed-1.png
    ────────────────────────────────────────────────────────────────────────────────────────────────

    attachment #2: video (video/webm) ──────────────────────────────────────────────────────────────
    ../test-results/tests-01-onboarding-User-O-dfae6-alidates-signup-form-fields-Mobile-Chrome/video.webm
    ────────────────────────────────────────────────────────────────────────────────────────────────

    Error Context: ../test-results/tests-01-onboarding-User-O-dfae6-alidates-signup-form-fields-Mobile-Chrome/error-context.md
]]>
</failure>
<system-out>
<![CDATA[
[[ATTACHMENT|tests-01-onboarding-User-O-dfae6-alidates-signup-form-fields-Mobile-Chrome/test-failed-1.png]]

[[ATTACHMENT|tests-01-onboarding-User-O-dfae6-alidates-signup-form-fields-Mobile-Chrome/video.webm]]

[[ATTACHMENT|tests-01-onboarding-User-O-dfae6-alidates-signup-form-fields-Mobile-Chrome/error-context.md]]
]]>
</system-out>
</testcase>
</testsuite>
<testsuite name="tests/02-review-session.spec.ts" timestamp="2025-09-10T19:16:53.435Z" hostname="Mobile Chrome" tests="5" failures="5" skipped="0" time="82.998" errors="0">
<testcase name="Review Session Flow › can start and complete a review session" classname="tests/02-review-session.spec.ts" time="16.42">
<failure message="02-review-session.spec.ts:10:7 can start and complete a review session" type="FAILURE">
<![CDATA[  [Mobile Chrome] › tests/02-review-session.spec.ts:10:7 › Review Session Flow › can start and complete a review session 

    TimeoutError: page.fill: Timeout 15000ms exceeded.
    Call log:
      - waiting for locator('input[name="password"]')


       at helpers/test-user.ts:14

      12 |     await this.page.goto('/signup');
      13 |     await this.page.fill('input[name="email"]', testEmail);
    > 14 |     await this.page.fill('input[name="password"]', testPassword);
         |                     ^
      15 |     await this.page.fill('input[name="confirmPassword"]', testPassword);
      16 |     await this.page.click('button[type="submit"]');
      17 |     
        at TestUser.signUp (/home/beano/DevProjects/next_js/moshimoshi/e2e/helpers/test-user.ts:14:21)
        at /home/beano/DevProjects/next_js/moshimoshi/e2e/tests/02-review-session.spec.ts:6:33

    attachment #1: screenshot (image/png) ──────────────────────────────────────────────────────────
    ../test-results/tests-02-review-session-Re-42260-d-complete-a-review-session-Mobile-Chrome/test-failed-1.png
    ────────────────────────────────────────────────────────────────────────────────────────────────

    attachment #2: video (video/webm) ──────────────────────────────────────────────────────────────
    ../test-results/tests-02-review-session-Re-42260-d-complete-a-review-session-Mobile-Chrome/video.webm
    ────────────────────────────────────────────────────────────────────────────────────────────────

    Error Context: ../test-results/tests-02-review-session-Re-42260-d-complete-a-review-session-Mobile-Chrome/error-context.md
]]>
</failure>
<system-out>
<![CDATA[
[[ATTACHMENT|tests-02-review-session-Re-42260-d-complete-a-review-session-Mobile-Chrome/test-failed-1.png]]

[[ATTACHMENT|tests-02-review-session-Re-42260-d-complete-a-review-session-Mobile-Chrome/video.webm]]

[[ATTACHMENT|tests-02-review-session-Re-42260-d-complete-a-review-session-Mobile-Chrome/error-context.md]]
]]>
</system-out>
</testcase>
<testcase name="Review Session Flow › SRS algorithm updates intervals correctly" classname="tests/02-review-session.spec.ts" time="16.731">
<failure message="02-review-session.spec.ts:60:7 SRS algorithm updates intervals correctly" type="FAILURE">
<![CDATA[  [Mobile Chrome] › tests/02-review-session.spec.ts:60:7 › Review Session Flow › SRS algorithm updates intervals correctly 

    TimeoutError: page.fill: Timeout 15000ms exceeded.
    Call log:
      - waiting for locator('input[name="password"]')


       at helpers/test-user.ts:14

      12 |     await this.page.goto('/signup');
      13 |     await this.page.fill('input[name="email"]', testEmail);
    > 14 |     await this.page.fill('input[name="password"]', testPassword);
         |                     ^
      15 |     await this.page.fill('input[name="confirmPassword"]', testPassword);
      16 |     await this.page.click('button[type="submit"]');
      17 |     
        at TestUser.signUp (/home/beano/DevProjects/next_js/moshimoshi/e2e/helpers/test-user.ts:14:21)
        at /home/beano/DevProjects/next_js/moshimoshi/e2e/tests/02-review-session.spec.ts:6:33

    attachment #1: screenshot (image/png) ──────────────────────────────────────────────────────────
    ../test-results/tests-02-review-session-Re-9f255-updates-intervals-correctly-Mobile-Chrome/test-failed-1.png
    ────────────────────────────────────────────────────────────────────────────────────────────────

    attachment #2: video (video/webm) ──────────────────────────────────────────────────────────────
    ../test-results/tests-02-review-session-Re-9f255-updates-intervals-correctly-Mobile-Chrome/video.webm
    ────────────────────────────────────────────────────────────────────────────────────────────────

    Error Context: ../test-results/tests-02-review-session-Re-9f255-updates-intervals-correctly-Mobile-Chrome/error-context.md
]]>
</failure>
<system-out>
<![CDATA[
[[ATTACHMENT|tests-02-review-session-Re-9f255-updates-intervals-correctly-Mobile-Chrome/test-failed-1.png]]

[[ATTACHMENT|tests-02-review-session-Re-9f255-updates-intervals-correctly-Mobile-Chrome/video.webm]]

[[ATTACHMENT|tests-02-review-session-Re-9f255-updates-intervals-correctly-Mobile-Chrome/error-context.md]]
]]>
</system-out>
</testcase>
<testcase name="Review Session Flow › review session persists progress" classname="tests/02-review-session.spec.ts" time="16.815">
<failure message="02-review-session.spec.ts:93:7 review session persists progress" type="FAILURE">
<![CDATA[  [Mobile Chrome] › tests/02-review-session.spec.ts:93:7 › Review Session Flow › review session persists progress 

    TimeoutError: page.fill: Timeout 15000ms exceeded.
    Call log:
      - waiting for locator('input[name="password"]')


       at helpers/test-user.ts:14

      12 |     await this.page.goto('/signup');
      13 |     await this.page.fill('input[name="email"]', testEmail);
    > 14 |     await this.page.fill('input[name="password"]', testPassword);
         |                     ^
      15 |     await this.page.fill('input[name="confirmPassword"]', testPassword);
      16 |     await this.page.click('button[type="submit"]');
      17 |     
        at TestUser.signUp (/home/beano/DevProjects/next_js/moshimoshi/e2e/helpers/test-user.ts:14:21)
        at /home/beano/DevProjects/next_js/moshimoshi/e2e/tests/02-review-session.spec.ts:6:33

    attachment #1: screenshot (image/png) ──────────────────────────────────────────────────────────
    ../test-results/tests-02-review-session-Re-705a2-w-session-persists-progress-Mobile-Chrome/test-failed-1.png
    ────────────────────────────────────────────────────────────────────────────────────────────────

    attachment #2: video (video/webm) ──────────────────────────────────────────────────────────────
    ../test-results/tests-02-review-session-Re-705a2-w-session-persists-progress-Mobile-Chrome/video.webm
    ────────────────────────────────────────────────────────────────────────────────────────────────

    Error Context: ../test-results/tests-02-review-session-Re-705a2-w-session-persists-progress-Mobile-Chrome/error-context.md
]]>
</failure>
<system-out>
<![CDATA[
[[ATTACHMENT|tests-02-review-session-Re-705a2-w-session-persists-progress-Mobile-Chrome/test-failed-1.png]]

[[ATTACHMENT|tests-02-review-session-Re-705a2-w-session-persists-progress-Mobile-Chrome/video.webm]]

[[ATTACHMENT|tests-02-review-session-Re-705a2-w-session-persists-progress-Mobile-Chrome/error-context.md]]
]]>
</system-out>
</testcase>
<testcase name="Review Session Flow › handles empty review queue gracefully" classname="tests/02-review-session.spec.ts" time="16.529">
<failure message="02-review-session.spec.ts:135:7 handles empty review queue gracefully" type="FAILURE">
<![CDATA[  [Mobile Chrome] › tests/02-review-session.spec.ts:135:7 › Review Session Flow › handles empty review queue gracefully 

    TimeoutError: page.fill: Timeout 15000ms exceeded.
    Call log:
      - waiting for locator('input[name="password"]')


       at helpers/test-user.ts:14

      12 |     await this.page.goto('/signup');
      13 |     await this.page.fill('input[name="email"]', testEmail);
    > 14 |     await this.page.fill('input[name="password"]', testPassword);
         |                     ^
      15 |     await this.page.fill('input[name="confirmPassword"]', testPassword);
      16 |     await this.page.click('button[type="submit"]');
      17 |     
        at TestUser.signUp (/home/beano/DevProjects/next_js/moshimoshi/e2e/helpers/test-user.ts:14:21)
        at /home/beano/DevProjects/next_js/moshimoshi/e2e/tests/02-review-session.spec.ts:6:33

    attachment #1: screenshot (image/png) ──────────────────────────────────────────────────────────
    ../test-results/tests-02-review-session-Re-851ef-pty-review-queue-gracefully-Mobile-Chrome/test-failed-1.png
    ────────────────────────────────────────────────────────────────────────────────────────────────

    attachment #2: video (video/webm) ──────────────────────────────────────────────────────────────
    ../test-results/tests-02-review-session-Re-851ef-pty-review-queue-gracefully-Mobile-Chrome/video.webm
    ────────────────────────────────────────────────────────────────────────────────────────────────

    Error Context: ../test-results/tests-02-review-session-Re-851ef-pty-review-queue-gracefully-Mobile-Chrome/error-context.md
]]>
</failure>
<system-out>
<![CDATA[
[[ATTACHMENT|tests-02-review-session-Re-851ef-pty-review-queue-gracefully-Mobile-Chrome/test-failed-1.png]]

[[ATTACHMENT|tests-02-review-session-Re-851ef-pty-review-queue-gracefully-Mobile-Chrome/video.webm]]

[[ATTACHMENT|tests-02-review-session-Re-851ef-pty-review-queue-gracefully-Mobile-Chrome/error-context.md]]
]]>
</system-out>
</testcase>
<testcase name="Review Session Flow › review statistics are tracked" classname="tests/02-review-session.spec.ts" time="16.503">
<failure message="02-review-session.spec.ts:149:7 review statistics are tracked" type="FAILURE">
<![CDATA[  [Mobile Chrome] › tests/02-review-session.spec.ts:149:7 › Review Session Flow › review statistics are tracked 

    TimeoutError: page.fill: Timeout 15000ms exceeded.
    Call log:
      - waiting for locator('input[name="password"]')


       at helpers/test-user.ts:14

      12 |     await this.page.goto('/signup');
      13 |     await this.page.fill('input[name="email"]', testEmail);
    > 14 |     await this.page.fill('input[name="password"]', testPassword);
         |                     ^
      15 |     await this.page.fill('input[name="confirmPassword"]', testPassword);
      16 |     await this.page.click('button[type="submit"]');
      17 |     
        at TestUser.signUp (/home/beano/DevProjects/next_js/moshimoshi/e2e/helpers/test-user.ts:14:21)
        at /home/beano/DevProjects/next_js/moshimoshi/e2e/tests/02-review-session.spec.ts:6:33

    attachment #1: screenshot (image/png) ──────────────────────────────────────────────────────────
    ../test-results/tests-02-review-session-Re-71ae7-view-statistics-are-tracked-Mobile-Chrome/test-failed-1.png
    ────────────────────────────────────────────────────────────────────────────────────────────────

    attachment #2: video (video/webm) ──────────────────────────────────────────────────────────────
    ../test-results/tests-02-review-session-Re-71ae7-view-statistics-are-tracked-Mobile-Chrome/video.webm
    ────────────────────────────────────────────────────────────────────────────────────────────────

    Error Context: ../test-results/tests-02-review-session-Re-71ae7-view-statistics-are-tracked-Mobile-Chrome/error-context.md
]]>
</failure>
<system-out>
<![CDATA[
[[ATTACHMENT|tests-02-review-session-Re-71ae7-view-statistics-are-tracked-Mobile-Chrome/test-failed-1.png]]

[[ATTACHMENT|tests-02-review-session-Re-71ae7-view-statistics-are-tracked-Mobile-Chrome/video.webm]]

[[ATTACHMENT|tests-02-review-session-Re-71ae7-view-statistics-are-tracked-Mobile-Chrome/error-context.md]]
]]>
</system-out>
</testcase>
</testsuite>
<testsuite name="tests/03-offline-online.spec.ts" timestamp="2025-09-10T19:16:53.435Z" hostname="Mobile Chrome" tests="5" failures="5" skipped="0" time="79.214" errors="0">
<testcase name="Offline/Online Transition › app works offline and syncs when back online" classname="tests/03-offline-online.spec.ts" time="16.697">
<failure message="03-offline-online.spec.ts:10:7 app works offline and syncs when back online" type="FAILURE">
<![CDATA[  [Mobile Chrome] › tests/03-offline-online.spec.ts:10:7 › Offline/Online Transition › app works offline and syncs when back online 

    TimeoutError: page.fill: Timeout 15000ms exceeded.
    Call log:
      - waiting for locator('input[name="password"]')


       at helpers/test-user.ts:14

      12 |     await this.page.goto('/signup');
      13 |     await this.page.fill('input[name="email"]', testEmail);
    > 14 |     await this.page.fill('input[name="password"]', testPassword);
         |                     ^
      15 |     await this.page.fill('input[name="confirmPassword"]', testPassword);
      16 |     await this.page.click('button[type="submit"]');
      17 |     
        at TestUser.signUp (/home/beano/DevProjects/next_js/moshimoshi/e2e/helpers/test-user.ts:14:21)
        at /home/beano/DevProjects/next_js/moshimoshi/e2e/tests/03-offline-online.spec.ts:6:33

    attachment #1: screenshot (image/png) ──────────────────────────────────────────────────────────
    ../test-results/tests-03-offline-online-Of-baaca--and-syncs-when-back-online-Mobile-Chrome/test-failed-1.png
    ────────────────────────────────────────────────────────────────────────────────────────────────

    attachment #2: video (video/webm) ──────────────────────────────────────────────────────────────
    ../test-results/tests-03-offline-online-Of-baaca--and-syncs-when-back-online-Mobile-Chrome/video.webm
    ────────────────────────────────────────────────────────────────────────────────────────────────

    Error Context: ../test-results/tests-03-offline-online-Of-baaca--and-syncs-when-back-online-Mobile-Chrome/error-context.md
]]>
</failure>
<system-out>
<![CDATA[
[[ATTACHMENT|tests-03-offline-online-Of-baaca--and-syncs-when-back-online-Mobile-Chrome/test-failed-1.png]]

[[ATTACHMENT|tests-03-offline-online-Of-baaca--and-syncs-when-back-online-Mobile-Chrome/video.webm]]

[[ATTACHMENT|tests-03-offline-online-Of-baaca--and-syncs-when-back-online-Mobile-Chrome/error-context.md]]
]]>
</system-out>
</testcase>
<testcase name="Offline/Online Transition › handles offline mode gracefully" classname="tests/03-offline-online.spec.ts" time="16.185">
<failure message="03-offline-online.spec.ts:75:7 handles offline mode gracefully" type="FAILURE">
<![CDATA[  [Mobile Chrome] › tests/03-offline-online.spec.ts:75:7 › Offline/Online Transition › handles offline mode gracefully 

    TimeoutError: page.fill: Timeout 15000ms exceeded.
    Call log:
      - waiting for locator('input[name="password"]')


       at helpers/test-user.ts:14

      12 |     await this.page.goto('/signup');
      13 |     await this.page.fill('input[name="email"]', testEmail);
    > 14 |     await this.page.fill('input[name="password"]', testPassword);
         |                     ^
      15 |     await this.page.fill('input[name="confirmPassword"]', testPassword);
      16 |     await this.page.click('button[type="submit"]');
      17 |     
        at TestUser.signUp (/home/beano/DevProjects/next_js/moshimoshi/e2e/helpers/test-user.ts:14:21)
        at /home/beano/DevProjects/next_js/moshimoshi/e2e/tests/03-offline-online.spec.ts:6:33

    attachment #1: screenshot (image/png) ──────────────────────────────────────────────────────────
    ../test-results/tests-03-offline-online-Of-62653-les-offline-mode-gracefully-Mobile-Chrome/test-failed-1.png
    ────────────────────────────────────────────────────────────────────────────────────────────────

    attachment #2: video (video/webm) ──────────────────────────────────────────────────────────────
    ../test-results/tests-03-offline-online-Of-62653-les-offline-mode-gracefully-Mobile-Chrome/video.webm
    ────────────────────────────────────────────────────────────────────────────────────────────────

    Error Context: ../test-results/tests-03-offline-online-Of-62653-les-offline-mode-gracefully-Mobile-Chrome/error-context.md
]]>
</failure>
<system-out>
<![CDATA[
[[ATTACHMENT|tests-03-offline-online-Of-62653-les-offline-mode-gracefully-Mobile-Chrome/test-failed-1.png]]

[[ATTACHMENT|tests-03-offline-online-Of-62653-les-offline-mode-gracefully-Mobile-Chrome/video.webm]]

[[ATTACHMENT|tests-03-offline-online-Of-62653-les-offline-mode-gracefully-Mobile-Chrome/error-context.md]]
]]>
</system-out>
</testcase>
<testcase name="Offline/Online Transition › queues actions while offline" classname="tests/03-offline-online.spec.ts" time="15.444">
<failure message="03-offline-online.spec.ts:100:7 queues actions while offline" type="FAILURE">
<![CDATA[  [Mobile Chrome] › tests/03-offline-online.spec.ts:100:7 › Offline/Online Transition › queues actions while offline 

    TimeoutError: page.fill: Timeout 15000ms exceeded.
    Call log:
      - waiting for locator('input[name="password"]')


       at helpers/test-user.ts:14

      12 |     await this.page.goto('/signup');
      13 |     await this.page.fill('input[name="email"]', testEmail);
    > 14 |     await this.page.fill('input[name="password"]', testPassword);
         |                     ^
      15 |     await this.page.fill('input[name="confirmPassword"]', testPassword);
      16 |     await this.page.click('button[type="submit"]');
      17 |     
        at TestUser.signUp (/home/beano/DevProjects/next_js/moshimoshi/e2e/helpers/test-user.ts:14:21)
        at /home/beano/DevProjects/next_js/moshimoshi/e2e/tests/03-offline-online.spec.ts:6:33

    attachment #1: screenshot (image/png) ──────────────────────────────────────────────────────────
    ../test-results/tests-03-offline-online-Of-1ff09-ueues-actions-while-offline-Mobile-Chrome/test-failed-1.png
    ────────────────────────────────────────────────────────────────────────────────────────────────

    attachment #2: video (video/webm) ──────────────────────────────────────────────────────────────
    ../test-results/tests-03-offline-online-Of-1ff09-ueues-actions-while-offline-Mobile-Chrome/video.webm
    ────────────────────────────────────────────────────────────────────────────────────────────────

    Error Context: ../test-results/tests-03-offline-online-Of-1ff09-ueues-actions-while-offline-Mobile-Chrome/error-context.md
]]>
</failure>
<system-out>
<![CDATA[
[[ATTACHMENT|tests-03-offline-online-Of-1ff09-ueues-actions-while-offline-Mobile-Chrome/test-failed-1.png]]

[[ATTACHMENT|tests-03-offline-online-Of-1ff09-ueues-actions-while-offline-Mobile-Chrome/video.webm]]

[[ATTACHMENT|tests-03-offline-online-Of-1ff09-ueues-actions-while-offline-Mobile-Chrome/error-context.md]]
]]>
</system-out>
</testcase>
<testcase name="Offline/Online Transition › service worker caches essential resources" classname="tests/03-offline-online.spec.ts" time="15.453">
<failure message="03-offline-online.spec.ts:153:7 service worker caches essential resources" type="FAILURE">
<![CDATA[  [Mobile Chrome] › tests/03-offline-online.spec.ts:153:7 › Offline/Online Transition › service worker caches essential resources 

    TimeoutError: page.fill: Timeout 15000ms exceeded.
    Call log:
      - waiting for locator('input[name="password"]')


       at helpers/test-user.ts:14

      12 |     await this.page.goto('/signup');
      13 |     await this.page.fill('input[name="email"]', testEmail);
    > 14 |     await this.page.fill('input[name="password"]', testPassword);
         |                     ^
      15 |     await this.page.fill('input[name="confirmPassword"]', testPassword);
      16 |     await this.page.click('button[type="submit"]');
      17 |     
        at TestUser.signUp (/home/beano/DevProjects/next_js/moshimoshi/e2e/helpers/test-user.ts:14:21)
        at /home/beano/DevProjects/next_js/moshimoshi/e2e/tests/03-offline-online.spec.ts:6:33

    attachment #1: screenshot (image/png) ──────────────────────────────────────────────────────────
    ../test-results/tests-03-offline-online-Of-703c8--caches-essential-resources-Mobile-Chrome/test-failed-1.png
    ────────────────────────────────────────────────────────────────────────────────────────────────

    attachment #2: video (video/webm) ──────────────────────────────────────────────────────────────
    ../test-results/tests-03-offline-online-Of-703c8--caches-essential-resources-Mobile-Chrome/video.webm
    ────────────────────────────────────────────────────────────────────────────────────────────────

    Error Context: ../test-results/tests-03-offline-online-Of-703c8--caches-essential-resources-Mobile-Chrome/error-context.md
]]>
</failure>
<system-out>
<![CDATA[
[[ATTACHMENT|tests-03-offline-online-Of-703c8--caches-essential-resources-Mobile-Chrome/test-failed-1.png]]

[[ATTACHMENT|tests-03-offline-online-Of-703c8--caches-essential-resources-Mobile-Chrome/video.webm]]

[[ATTACHMENT|tests-03-offline-online-Of-703c8--caches-essential-resources-Mobile-Chrome/error-context.md]]
]]>
</system-out>
</testcase>
<testcase name="Offline/Online Transition › conflict resolution when syncing" classname="tests/03-offline-online.spec.ts" time="15.435">
<failure message="03-offline-online.spec.ts:179:7 conflict resolution when syncing" type="FAILURE">
<![CDATA[  [Mobile Chrome] › tests/03-offline-online.spec.ts:179:7 › Offline/Online Transition › conflict resolution when syncing 

    TimeoutError: page.fill: Timeout 15000ms exceeded.
    Call log:
      - waiting for locator('input[name="password"]')


       at helpers/test-user.ts:14

      12 |     await this.page.goto('/signup');
      13 |     await this.page.fill('input[name="email"]', testEmail);
    > 14 |     await this.page.fill('input[name="password"]', testPassword);
         |                     ^
      15 |     await this.page.fill('input[name="confirmPassword"]', testPassword);
      16 |     await this.page.click('button[type="submit"]');
      17 |     
        at TestUser.signUp (/home/beano/DevProjects/next_js/moshimoshi/e2e/helpers/test-user.ts:14:21)
        at /home/beano/DevProjects/next_js/moshimoshi/e2e/tests/03-offline-online.spec.ts:6:33

    attachment #1: screenshot (image/png) ──────────────────────────────────────────────────────────
    ../test-results/tests-03-offline-online-Of-b04fc-ict-resolution-when-syncing-Mobile-Chrome/test-failed-1.png
    ────────────────────────────────────────────────────────────────────────────────────────────────

    attachment #2: video (video/webm) ──────────────────────────────────────────────────────────────
    ../test-results/tests-03-offline-online-Of-b04fc-ict-resolution-when-syncing-Mobile-Chrome/video.webm
    ────────────────────────────────────────────────────────────────────────────────────────────────

    Error Context: ../test-results/tests-03-offline-online-Of-b04fc-ict-resolution-when-syncing-Mobile-Chrome/error-context.md
]]>
</failure>
<system-out>
<![CDATA[
[[ATTACHMENT|tests-03-offline-online-Of-b04fc-ict-resolution-when-syncing-Mobile-Chrome/test-failed-1.png]]

[[ATTACHMENT|tests-03-offline-online-Of-b04fc-ict-resolution-when-syncing-Mobile-Chrome/video.webm]]

[[ATTACHMENT|tests-03-offline-online-Of-b04fc-ict-resolution-when-syncing-Mobile-Chrome/error-context.md]]
]]>
</system-out>
</testcase>
</testsuite>
<testsuite name="tests/04-payment-flow.spec.ts" timestamp="2025-09-10T19:16:53.435Z" hostname="Mobile Chrome" tests="7" failures="7" skipped="0" time="108.484" errors="0">
<testcase name="Payment and Subscription Flow › can view subscription plans" classname="tests/04-payment-flow.spec.ts" time="15.439">
<failure message="04-payment-flow.spec.ts:10:7 can view subscription plans" type="FAILURE">
<![CDATA[  [Mobile Chrome] › tests/04-payment-flow.spec.ts:10:7 › Payment and Subscription Flow › can view subscription plans 

    TimeoutError: page.fill: Timeout 15000ms exceeded.
    Call log:
      - waiting for locator('input[name="password"]')


       at helpers/test-user.ts:14

      12 |     await this.page.goto('/signup');
      13 |     await this.page.fill('input[name="email"]', testEmail);
    > 14 |     await this.page.fill('input[name="password"]', testPassword);
         |                     ^
      15 |     await this.page.fill('input[name="confirmPassword"]', testPassword);
      16 |     await this.page.click('button[type="submit"]');
      17 |     
        at TestUser.signUp (/home/beano/DevProjects/next_js/moshimoshi/e2e/helpers/test-user.ts:14:21)
        at /home/beano/DevProjects/next_js/moshimoshi/e2e/tests/04-payment-flow.spec.ts:6:33

    attachment #1: screenshot (image/png) ──────────────────────────────────────────────────────────
    ../test-results/tests-04-payment-flow-Paym-543d1-can-view-subscription-plans-Mobile-Chrome/test-failed-1.png
    ────────────────────────────────────────────────────────────────────────────────────────────────

    attachment #2: video (video/webm) ──────────────────────────────────────────────────────────────
    ../test-results/tests-04-payment-flow-Paym-543d1-can-view-subscription-plans-Mobile-Chrome/video.webm
    ────────────────────────────────────────────────────────────────────────────────────────────────

    Error Context: ../test-results/tests-04-payment-flow-Paym-543d1-can-view-subscription-plans-Mobile-Chrome/error-context.md
]]>
</failure>
<system-out>
<![CDATA[
[[ATTACHMENT|tests-04-payment-flow-Paym-543d1-can-view-subscription-plans-Mobile-Chrome/test-failed-1.png]]

[[ATTACHMENT|tests-04-payment-flow-Paym-543d1-can-view-subscription-plans-Mobile-Chrome/video.webm]]

[[ATTACHMENT|tests-04-payment-flow-Paym-543d1-can-view-subscription-plans-Mobile-Chrome/error-context.md]]
]]>
</system-out>
</testcase>
<testcase name="Payment and Subscription Flow › can initiate premium subscription" classname="tests/04-payment-flow.spec.ts" time="15.465">
<failure message="04-payment-flow.spec.ts:34:7 can initiate premium subscription" type="FAILURE">
<![CDATA[  [Mobile Chrome] › tests/04-payment-flow.spec.ts:34:7 › Payment and Subscription Flow › can initiate premium subscription 

    TimeoutError: page.fill: Timeout 15000ms exceeded.
    Call log:
      - waiting for locator('input[name="password"]')


       at helpers/test-user.ts:14

      12 |     await this.page.goto('/signup');
      13 |     await this.page.fill('input[name="email"]', testEmail);
    > 14 |     await this.page.fill('input[name="password"]', testPassword);
         |                     ^
      15 |     await this.page.fill('input[name="confirmPassword"]', testPassword);
      16 |     await this.page.click('button[type="submit"]');
      17 |     
        at TestUser.signUp (/home/beano/DevProjects/next_js/moshimoshi/e2e/helpers/test-user.ts:14:21)
        at /home/beano/DevProjects/next_js/moshimoshi/e2e/tests/04-payment-flow.spec.ts:6:33

    attachment #1: screenshot (image/png) ──────────────────────────────────────────────────────────
    ../test-results/tests-04-payment-flow-Paym-2fd78-itiate-premium-subscription-Mobile-Chrome/test-failed-1.png
    ────────────────────────────────────────────────────────────────────────────────────────────────

    attachment #2: video (video/webm) ──────────────────────────────────────────────────────────────
    ../test-results/tests-04-payment-flow-Paym-2fd78-itiate-premium-subscription-Mobile-Chrome/video.webm
    ────────────────────────────────────────────────────────────────────────────────────────────────

    Error Context: ../test-results/tests-04-payment-flow-Paym-2fd78-itiate-premium-subscription-Mobile-Chrome/error-context.md
]]>
</failure>
<system-out>
<![CDATA[
[[ATTACHMENT|tests-04-payment-flow-Paym-2fd78-itiate-premium-subscription-Mobile-Chrome/test-failed-1.png]]

[[ATTACHMENT|tests-04-payment-flow-Paym-2fd78-itiate-premium-subscription-Mobile-Chrome/video.webm]]

[[ATTACHMENT|tests-04-payment-flow-Paym-2fd78-itiate-premium-subscription-Mobile-Chrome/error-context.md]]
]]>
</system-out>
</testcase>
<testcase name="Payment and Subscription Flow › test payment with test card" classname="tests/04-payment-flow.spec.ts" time="15.471">
<failure message="04-payment-flow.spec.ts:54:7 test payment with test card" type="FAILURE">
<![CDATA[  [Mobile Chrome] › tests/04-payment-flow.spec.ts:54:7 › Payment and Subscription Flow › test payment with test card 

    TimeoutError: page.fill: Timeout 15000ms exceeded.
    Call log:
      - waiting for locator('input[name="password"]')


       at helpers/test-user.ts:14

      12 |     await this.page.goto('/signup');
      13 |     await this.page.fill('input[name="email"]', testEmail);
    > 14 |     await this.page.fill('input[name="password"]', testPassword);
         |                     ^
      15 |     await this.page.fill('input[name="confirmPassword"]', testPassword);
      16 |     await this.page.click('button[type="submit"]');
      17 |     
        at TestUser.signUp (/home/beano/DevProjects/next_js/moshimoshi/e2e/helpers/test-user.ts:14:21)
        at /home/beano/DevProjects/next_js/moshimoshi/e2e/tests/04-payment-flow.spec.ts:6:33

    attachment #1: screenshot (image/png) ──────────────────────────────────────────────────────────
    ../test-results/tests-04-payment-flow-Paym-3347c-test-payment-with-test-card-Mobile-Chrome/test-failed-1.png
    ────────────────────────────────────────────────────────────────────────────────────────────────

    attachment #2: video (video/webm) ──────────────────────────────────────────────────────────────
    ../test-results/tests-04-payment-flow-Paym-3347c-test-payment-with-test-card-Mobile-Chrome/video.webm
    ────────────────────────────────────────────────────────────────────────────────────────────────

    Error Context: ../test-results/tests-04-payment-flow-Paym-3347c-test-payment-with-test-card-Mobile-Chrome/error-context.md
]]>
</failure>
<system-out>
<![CDATA[
[[ATTACHMENT|tests-04-payment-flow-Paym-3347c-test-payment-with-test-card-Mobile-Chrome/test-failed-1.png]]

[[ATTACHMENT|tests-04-payment-flow-Paym-3347c-test-payment-with-test-card-Mobile-Chrome/video.webm]]

[[ATTACHMENT|tests-04-payment-flow-Paym-3347c-test-payment-with-test-card-Mobile-Chrome/error-context.md]]
]]>
</system-out>
</testcase>
<testcase name="Payment and Subscription Flow › subscription status is reflected in UI" classname="tests/04-payment-flow.spec.ts" time="15.452">
<failure message="04-payment-flow.spec.ts:91:7 subscription status is reflected in UI" type="FAILURE">
<![CDATA[  [Mobile Chrome] › tests/04-payment-flow.spec.ts:91:7 › Payment and Subscription Flow › subscription status is reflected in UI 

    TimeoutError: page.fill: Timeout 15000ms exceeded.
    Call log:
      - waiting for locator('input[name="password"]')


       at helpers/test-user.ts:14

      12 |     await this.page.goto('/signup');
      13 |     await this.page.fill('input[name="email"]', testEmail);
    > 14 |     await this.page.fill('input[name="password"]', testPassword);
         |                     ^
      15 |     await this.page.fill('input[name="confirmPassword"]', testPassword);
      16 |     await this.page.click('button[type="submit"]');
      17 |     
        at TestUser.signUp (/home/beano/DevProjects/next_js/moshimoshi/e2e/helpers/test-user.ts:14:21)
        at /home/beano/DevProjects/next_js/moshimoshi/e2e/tests/04-payment-flow.spec.ts:6:33

    attachment #1: screenshot (image/png) ──────────────────────────────────────────────────────────
    ../test-results/tests-04-payment-flow-Paym-3e8e1-n-status-is-reflected-in-UI-Mobile-Chrome/test-failed-1.png
    ────────────────────────────────────────────────────────────────────────────────────────────────

    attachment #2: video (video/webm) ──────────────────────────────────────────────────────────────
    ../test-results/tests-04-payment-flow-Paym-3e8e1-n-status-is-reflected-in-UI-Mobile-Chrome/video.webm
    ────────────────────────────────────────────────────────────────────────────────────────────────

    Error Context: ../test-results/tests-04-payment-flow-Paym-3e8e1-n-status-is-reflected-in-UI-Mobile-Chrome/error-context.md
]]>
</failure>
<system-out>
<![CDATA[
[[ATTACHMENT|tests-04-payment-flow-Paym-3e8e1-n-status-is-reflected-in-UI-Mobile-Chrome/test-failed-1.png]]

[[ATTACHMENT|tests-04-payment-flow-Paym-3e8e1-n-status-is-reflected-in-UI-Mobile-Chrome/video.webm]]

[[ATTACHMENT|tests-04-payment-flow-Paym-3e8e1-n-status-is-reflected-in-UI-Mobile-Chrome/error-context.md]]
]]>
</system-out>
</testcase>
<testcase name="Payment and Subscription Flow › can manage subscription" classname="tests/04-payment-flow.spec.ts" time="15.605">
<failure message="04-payment-flow.spec.ts:109:7 can manage subscription" type="FAILURE">
<![CDATA[  [Mobile Chrome] › tests/04-payment-flow.spec.ts:109:7 › Payment and Subscription Flow › can manage subscription 

    TimeoutError: page.fill: Timeout 15000ms exceeded.
    Call log:
      - waiting for locator('input[name="password"]')


       at helpers/test-user.ts:14

      12 |     await this.page.goto('/signup');
      13 |     await this.page.fill('input[name="email"]', testEmail);
    > 14 |     await this.page.fill('input[name="password"]', testPassword);
         |                     ^
      15 |     await this.page.fill('input[name="confirmPassword"]', testPassword);
      16 |     await this.page.click('button[type="submit"]');
      17 |     
        at TestUser.signUp (/home/beano/DevProjects/next_js/moshimoshi/e2e/helpers/test-user.ts:14:21)
        at /home/beano/DevProjects/next_js/moshimoshi/e2e/tests/04-payment-flow.spec.ts:6:33

    attachment #1: screenshot (image/png) ──────────────────────────────────────────────────────────
    ../test-results/tests-04-payment-flow-Paym-09bcc-low-can-manage-subscription-Mobile-Chrome/test-failed-1.png
    ────────────────────────────────────────────────────────────────────────────────────────────────

    attachment #2: video (video/webm) ──────────────────────────────────────────────────────────────
    ../test-results/tests-04-payment-flow-Paym-09bcc-low-can-manage-subscription-Mobile-Chrome/video.webm
    ────────────────────────────────────────────────────────────────────────────────────────────────

    Error Context: ../test-results/tests-04-payment-flow-Paym-09bcc-low-can-manage-subscription-Mobile-Chrome/error-context.md
]]>
</failure>
<system-out>
<![CDATA[
[[ATTACHMENT|tests-04-payment-flow-Paym-09bcc-low-can-manage-subscription-Mobile-Chrome/test-failed-1.png]]

[[ATTACHMENT|tests-04-payment-flow-Paym-09bcc-low-can-manage-subscription-Mobile-Chrome/video.webm]]

[[ATTACHMENT|tests-04-payment-flow-Paym-09bcc-low-can-manage-subscription-Mobile-Chrome/error-context.md]]
]]>
</system-out>
</testcase>
<testcase name="Payment and Subscription Flow › handles payment errors gracefully" classname="tests/04-payment-flow.spec.ts" time="15.603">
<failure message="04-payment-flow.spec.ts:123:7 handles payment errors gracefully" type="FAILURE">
<![CDATA[  [Mobile Chrome] › tests/04-payment-flow.spec.ts:123:7 › Payment and Subscription Flow › handles payment errors gracefully 

    TimeoutError: page.fill: Timeout 15000ms exceeded.
    Call log:
      - waiting for locator('input[name="password"]')


       at helpers/test-user.ts:14

      12 |     await this.page.goto('/signup');
      13 |     await this.page.fill('input[name="email"]', testEmail);
    > 14 |     await this.page.fill('input[name="password"]', testPassword);
         |                     ^
      15 |     await this.page.fill('input[name="confirmPassword"]', testPassword);
      16 |     await this.page.click('button[type="submit"]');
      17 |     
        at TestUser.signUp (/home/beano/DevProjects/next_js/moshimoshi/e2e/helpers/test-user.ts:14:21)
        at /home/beano/DevProjects/next_js/moshimoshi/e2e/tests/04-payment-flow.spec.ts:6:33

    attachment #1: screenshot (image/png) ──────────────────────────────────────────────────────────
    ../test-results/tests-04-payment-flow-Paym-1ce9d-s-payment-errors-gracefully-Mobile-Chrome/test-failed-1.png
    ────────────────────────────────────────────────────────────────────────────────────────────────

    attachment #2: video (video/webm) ──────────────────────────────────────────────────────────────
    ../test-results/tests-04-payment-flow-Paym-1ce9d-s-payment-errors-gracefully-Mobile-Chrome/video.webm
    ────────────────────────────────────────────────────────────────────────────────────────────────

    Error Context: ../test-results/tests-04-payment-flow-Paym-1ce9d-s-payment-errors-gracefully-Mobile-Chrome/error-context.md
]]>
</failure>
<system-out>
<![CDATA[
[[ATTACHMENT|tests-04-payment-flow-Paym-1ce9d-s-payment-errors-gracefully-Mobile-Chrome/test-failed-1.png]]

[[ATTACHMENT|tests-04-payment-flow-Paym-1ce9d-s-payment-errors-gracefully-Mobile-Chrome/video.webm]]

[[ATTACHMENT|tests-04-payment-flow-Paym-1ce9d-s-payment-errors-gracefully-Mobile-Chrome/error-context.md]]
]]>
</system-out>
</testcase>
<testcase name="Payment and Subscription Flow › premium features are accessible after subscription" classname="tests/04-payment-flow.spec.ts" time="15.449">
<failure message="04-payment-flow.spec.ts:157:7 premium features are accessible after subscription" type="FAILURE">
<![CDATA[  [Mobile Chrome] › tests/04-payment-flow.spec.ts:157:7 › Payment and Subscription Flow › premium features are accessible after subscription 

    TimeoutError: page.fill: Timeout 15000ms exceeded.
    Call log:
      - waiting for locator('input[name="password"]')


       at helpers/test-user.ts:14

      12 |     await this.page.goto('/signup');
      13 |     await this.page.fill('input[name="email"]', testEmail);
    > 14 |     await this.page.fill('input[name="password"]', testPassword);
         |                     ^
      15 |     await this.page.fill('input[name="confirmPassword"]', testPassword);
      16 |     await this.page.click('button[type="submit"]');
      17 |     
        at TestUser.signUp (/home/beano/DevProjects/next_js/moshimoshi/e2e/helpers/test-user.ts:14:21)
        at /home/beano/DevProjects/next_js/moshimoshi/e2e/tests/04-payment-flow.spec.ts:6:33

    attachment #1: screenshot (image/png) ──────────────────────────────────────────────────────────
    ../test-results/tests-04-payment-flow-Paym-42542-cessible-after-subscription-Mobile-Chrome/test-failed-1.png
    ────────────────────────────────────────────────────────────────────────────────────────────────

    attachment #2: video (video/webm) ──────────────────────────────────────────────────────────────
    ../test-results/tests-04-payment-flow-Paym-42542-cessible-after-subscription-Mobile-Chrome/video.webm
    ────────────────────────────────────────────────────────────────────────────────────────────────

    Error Context: ../test-results/tests-04-payment-flow-Paym-42542-cessible-after-subscription-Mobile-Chrome/error-context.md
]]>
</failure>
<system-out>
<![CDATA[
[[ATTACHMENT|tests-04-payment-flow-Paym-42542-cessible-after-subscription-Mobile-Chrome/test-failed-1.png]]

[[ATTACHMENT|tests-04-payment-flow-Paym-42542-cessible-after-subscription-Mobile-Chrome/video.webm]]

[[ATTACHMENT|tests-04-payment-flow-Paym-42542-cessible-after-subscription-Mobile-Chrome/error-context.md]]
]]>
</system-out>
</testcase>
</testsuite>
<testsuite name="tests/05-accessibility.spec.ts" timestamp="2025-09-10T19:16:53.435Z" hostname="Mobile Chrome" tests="10" failures="9" skipped="0" time="42.986" errors="0">
<testcase name="Accessibility Tests (WCAG 2.1 AA) › homepage meets WCAG 2.1 AA standards" classname="tests/05-accessibility.spec.ts" time="0.962">
<failure message="05-accessibility.spec.ts:5:7 homepage meets WCAG 2.1 AA standards" type="FAILURE">
<![CDATA[  [Mobile Chrome] › tests/05-accessibility.spec.ts:5:7 › Accessibility Tests (WCAG 2.1 AA) › homepage meets WCAG 2.1 AA standards 

    Error: expect(received).toEqual(expected) // deep equality

    - Expected  -   1
    + Received  + 122

    - Array []
    + Array [
    +   Object {
    +     "description": "Ensure <img> elements have alternative text or a role of none or presentation",
    +     "help": "Images must have alternative text",
    +     "helpUrl": "https://dequeuniversity.com/rules/axe/4.10/image-alt?application=playwright",
    +     "id": "image-alt",
    +     "impact": "critical",
    +     "nodes": Array [
    +       Object {
    +         "all": Array [],
    +         "any": Array [
    +           Object {
    +             "data": null,
    +             "id": "has-alt",
    +             "impact": "critical",
    +             "message": "Element does not have an alt attribute",
    +             "relatedNodes": Array [],
    +           },
    +           Object {
    +             "data": null,
    +             "id": "aria-label",
    +             "impact": "critical",
    +             "message": "aria-label attribute does not exist or is empty",
    +             "relatedNodes": Array [],
    +           },
    +           Object {
    +             "data": null,
    +             "id": "aria-labelledby",
    +             "impact": "critical",
    +             "message": "aria-labelledby attribute does not exist, references elements that do not exist or references elements that are empty",
    +             "relatedNodes": Array [],
    +           },
    +           Object {
    +             "data": Object {
    +               "messageKey": "noAttr",
    +             },
    +             "id": "non-empty-title",
    +             "impact": "critical",
    +             "message": "Element has no title attribute",
    +             "relatedNodes": Array [],
    +           },
    +           Object {
    +             "data": null,
    +             "id": "presentational-role",
    +             "impact": "critical",
    +             "message": "Element's default semantics were not overridden with role=\"none\" or role=\"presentation\"",
    +             "relatedNodes": Array [],
    +           },
    +         ],
    +         "failureSummary": "Fix any of the following:
    +   Element does not have an alt attribute
    +   aria-label attribute does not exist or is empty
    +   aria-labelledby attribute does not exist, references elements that do not exist or references elements that are empty
    +   Element has no title attribute
    +   Element's default semantics were not overridden with role=\"none\" or role=\"presentation\"",
    +         "html": "<img id=\"logo\" style=\"
    + 					position: absolute;
    + 					width: auto;
    + 					height: 6rem;
    + 					top: 44%;
    + 					left: 50%;
    + 					transform: translateX(-50%);
    + 				\" src=\"/static/splash.png\">",
    +         "impact": "critical",
    +         "none": Array [],
    +         "target": Array [
    +           "#logo",
    +         ],
    +       },
    +     ],
    +     "tags": Array [
    +       "cat.text-alternatives",
    +       "wcag2a",
    +       "wcag111",
    +       "section508",
    +       "section508.22.a",
    +       "TTv5",
    +       "TT7.a",
    +       "TT7.b",
    +       "EN-301-549",
    +       "EN-9.1.1.1",
    +       "ACT",
    +     ],
    +   },
    +   Object {
    +     "description": "Ensure <meta name=\"viewport\"> does not disable text scaling and zooming",
    +     "help": "Zooming and scaling must not be disabled",
    +     "helpUrl": "https://dequeuniversity.com/rules/axe/4.10/meta-viewport?application=playwright",
    +     "id": "meta-viewport",
    +     "impact": "critical",
    +     "nodes": Array [
    +       Object {
    +         "all": Array [],
    +         "any": Array [
    +           Object {
    +             "data": "maximum-scale",
    +             "id": "meta-viewport",
    +             "impact": "critical",
    +             "message": "maximum-scale on <meta> tag disables zooming on mobile devices",
    +             "relatedNodes": Array [],
    +           },
    +         ],
    +         "failureSummary": "Fix any of the following:
    +   maximum-scale on <meta> tag disables zooming on mobile devices",
    +         "html": "<meta name=\"viewport\" content=\"width=device-width, initial-scale=1, maximum-scale=1, viewport-fit=cover\">",
    +         "impact": "critical",
    +         "none": Array [],
    +         "target": Array [
    +           "meta[name=\"viewport\"]",
    +         ],
    +       },
    +     ],
    +     "tags": Array [
    +       "cat.sensory-and-visual-cues",
    +       "wcag2aa",
    +       "wcag144",
    +       "EN-301-549",
    +       "EN-9.1.4.4",
    +       "ACT",
    +     ],
    +   },
    + ]

      10 |       .analyze();
      11 |     
    > 12 |     expect(accessibilityScanResults.violations).toEqual([]);
         |                                                 ^
      13 |   });
      14 |
      15 |   test('authentication pages are accessible', async ({ page }) => {
        at /home/beano/DevProjects/next_js/moshimoshi/e2e/tests/05-accessibility.spec.ts:12:49

    attachment #1: screenshot (image/png) ──────────────────────────────────────────────────────────
    ../test-results/tests-05-accessibility-Acc-f4c59-meets-WCAG-2-1-AA-standards-Mobile-Chrome/test-failed-1.png
    ────────────────────────────────────────────────────────────────────────────────────────────────

    attachment #2: video (video/webm) ──────────────────────────────────────────────────────────────
    ../test-results/tests-05-accessibility-Acc-f4c59-meets-WCAG-2-1-AA-standards-Mobile-Chrome/video-1.webm
    ────────────────────────────────────────────────────────────────────────────────────────────────

    attachment #3: video (video/webm) ──────────────────────────────────────────────────────────────
    ../test-results/tests-05-accessibility-Acc-f4c59-meets-WCAG-2-1-AA-standards-Mobile-Chrome/video.webm
    ────────────────────────────────────────────────────────────────────────────────────────────────

    Error Context: ../test-results/tests-05-accessibility-Acc-f4c59-meets-WCAG-2-1-AA-standards-Mobile-Chrome/error-context.md
]]>
</failure>
<system-out>
<![CDATA[
[[ATTACHMENT|tests-05-accessibility-Acc-f4c59-meets-WCAG-2-1-AA-standards-Mobile-Chrome/test-failed-1.png]]

[[ATTACHMENT|tests-05-accessibility-Acc-f4c59-meets-WCAG-2-1-AA-standards-Mobile-Chrome/video-1.webm]]

[[ATTACHMENT|tests-05-accessibility-Acc-f4c59-meets-WCAG-2-1-AA-standards-Mobile-Chrome/video.webm]]

[[ATTACHMENT|tests-05-accessibility-Acc-f4c59-meets-WCAG-2-1-AA-standards-Mobile-Chrome/error-context.md]]
]]>
</system-out>
</testcase>
<testcase name="Accessibility Tests (WCAG 2.1 AA) › authentication pages are accessible" classname="tests/05-accessibility.spec.ts" time="0.788">
<failure message="05-accessibility.spec.ts:15:7 authentication pages are accessible" type="FAILURE">
<![CDATA[  [Mobile Chrome] › tests/05-accessibility.spec.ts:15:7 › Accessibility Tests (WCAG 2.1 AA) › authentication pages are accessible 

    Error: expect(received).toEqual(expected) // deep equality

    - Expected  -   1
    + Received  + 122

    - Array []
    + Array [
    +   Object {
    +     "description": "Ensure <img> elements have alternative text or a role of none or presentation",
    +     "help": "Images must have alternative text",
    +     "helpUrl": "https://dequeuniversity.com/rules/axe/4.10/image-alt?application=playwright",
    +     "id": "image-alt",
    +     "impact": "critical",
    +     "nodes": Array [
    +       Object {
    +         "all": Array [],
    +         "any": Array [
    +           Object {
    +             "data": null,
    +             "id": "has-alt",
    +             "impact": "critical",
    +             "message": "Element does not have an alt attribute",
    +             "relatedNodes": Array [],
    +           },
    +           Object {
    +             "data": null,
    +             "id": "aria-label",
    +             "impact": "critical",
    +             "message": "aria-label attribute does not exist or is empty",
    +             "relatedNodes": Array [],
    +           },
    +           Object {
    +             "data": null,
    +             "id": "aria-labelledby",
    +             "impact": "critical",
    +             "message": "aria-labelledby attribute does not exist, references elements that do not exist or references elements that are empty",
    +             "relatedNodes": Array [],
    +           },
    +           Object {
    +             "data": Object {
    +               "messageKey": "noAttr",
    +             },
    +             "id": "non-empty-title",
    +             "impact": "critical",
    +             "message": "Element has no title attribute",
    +             "relatedNodes": Array [],
    +           },
    +           Object {
    +             "data": null,
    +             "id": "presentational-role",
    +             "impact": "critical",
    +             "message": "Element's default semantics were not overridden with role=\"none\" or role=\"presentation\"",
    +             "relatedNodes": Array [],
    +           },
    +         ],
    +         "failureSummary": "Fix any of the following:
    +   Element does not have an alt attribute
    +   aria-label attribute does not exist or is empty
    +   aria-labelledby attribute does not exist, references elements that do not exist or references elements that are empty
    +   Element has no title attribute
    +   Element's default semantics were not overridden with role=\"none\" or role=\"presentation\"",
    +         "html": "<img id=\"logo\" style=\"
    + 					position: absolute;
    + 					width: auto;
    + 					height: 6rem;
    + 					top: 44%;
    + 					left: 50%;
    + 					transform: translateX(-50%);
    + 				\" src=\"/static/splash.png\">",
    +         "impact": "critical",
    +         "none": Array [],
    +         "target": Array [
    +           "#logo",
    +         ],
    +       },
    +     ],
    +     "tags": Array [
    +       "cat.text-alternatives",
    +       "wcag2a",
    +       "wcag111",
    +       "section508",
    +       "section508.22.a",
    +       "TTv5",
    +       "TT7.a",
    +       "TT7.b",
    +       "EN-301-549",
    +       "EN-9.1.1.1",
    +       "ACT",
    +     ],
    +   },
    +   Object {
    +     "description": "Ensure <meta name=\"viewport\"> does not disable text scaling and zooming",
    +     "help": "Zooming and scaling must not be disabled",
    +     "helpUrl": "https://dequeuniversity.com/rules/axe/4.10/meta-viewport?application=playwright",
    +     "id": "meta-viewport",
    +     "impact": "critical",
    +     "nodes": Array [
    +       Object {
    +         "all": Array [],
    +         "any": Array [
    +           Object {
    +             "data": "maximum-scale",
    +             "id": "meta-viewport",
    +             "impact": "critical",
    +             "message": "maximum-scale on <meta> tag disables zooming on mobile devices",
    +             "relatedNodes": Array [],
    +           },
    +         ],
    +         "failureSummary": "Fix any of the following:
    +   maximum-scale on <meta> tag disables zooming on mobile devices",
    +         "html": "<meta name=\"viewport\" content=\"width=device-width, initial-scale=1, maximum-scale=1, viewport-fit=cover\">",
    +         "impact": "critical",
    +         "none": Array [],
    +         "target": Array [
    +           "meta[name=\"viewport\"]",
    +         ],
    +       },
    +     ],
    +     "tags": Array [
    +       "cat.sensory-and-visual-cues",
    +       "wcag2aa",
    +       "wcag144",
    +       "EN-301-549",
    +       "EN-9.1.4.4",
    +       "ACT",
    +     ],
    +   },
    + ]

      21 |       .analyze();
      22 |     
    > 23 |     expect(loginScan.violations).toEqual([]);
         |                                  ^
      24 |     
      25 |     // Test signup page
      26 |     await page.goto('/auth/signup');
        at /home/beano/DevProjects/next_js/moshimoshi/e2e/tests/05-accessibility.spec.ts:23:34

    attachment #1: screenshot (image/png) ──────────────────────────────────────────────────────────
    ../test-results/tests-05-accessibility-Acc-7cb0d-cation-pages-are-accessible-Mobile-Chrome/test-failed-1.png
    ────────────────────────────────────────────────────────────────────────────────────────────────

    attachment #2: video (video/webm) ──────────────────────────────────────────────────────────────
    ../test-results/tests-05-accessibility-Acc-7cb0d-cation-pages-are-accessible-Mobile-Chrome/video-1.webm
    ────────────────────────────────────────────────────────────────────────────────────────────────

    attachment #3: video (video/webm) ──────────────────────────────────────────────────────────────
    ../test-results/tests-05-accessibility-Acc-7cb0d-cation-pages-are-accessible-Mobile-Chrome/video.webm
    ────────────────────────────────────────────────────────────────────────────────────────────────

    Error Context: ../test-results/tests-05-accessibility-Acc-7cb0d-cation-pages-are-accessible-Mobile-Chrome/error-context.md
]]>
</failure>
<system-out>
<![CDATA[
[[ATTACHMENT|tests-05-accessibility-Acc-7cb0d-cation-pages-are-accessible-Mobile-Chrome/test-failed-1.png]]

[[ATTACHMENT|tests-05-accessibility-Acc-7cb0d-cation-pages-are-accessible-Mobile-Chrome/video-1.webm]]

[[ATTACHMENT|tests-05-accessibility-Acc-7cb0d-cation-pages-are-accessible-Mobile-Chrome/video.webm]]

[[ATTACHMENT|tests-05-accessibility-Acc-7cb0d-cation-pages-are-accessible-Mobile-Chrome/error-context.md]]
]]>
</system-out>
</testcase>
<testcase name="Accessibility Tests (WCAG 2.1 AA) › keyboard navigation works throughout the app" classname="tests/05-accessibility.spec.ts" time="1.562">
</testcase>
<testcase name="Accessibility Tests (WCAG 2.1 AA) › ARIA labels and roles are properly implemented" classname="tests/05-accessibility.spec.ts" time="5.509">
<failure message="05-accessibility.spec.ts:74:7 ARIA labels and roles are properly implemented" type="FAILURE">
<![CDATA[  [Mobile Chrome] › tests/05-accessibility.spec.ts:74:7 › Accessibility Tests (WCAG 2.1 AA) › ARIA labels and roles are properly implemented 

    Error: expect(locator).toBeVisible() failed

    Locator:  locator('nav[role="navigation"], nav[aria-label]').first()
    Expected: visible
    Received: <element(s) not found>
    Timeout:  5000ms

    Call log:
      - Expect "toBeVisible" with timeout 5000ms
      - waiting for locator('nav[role="navigation"], nav[aria-label]').first()


      77 |     // Check for main navigation landmark
      78 |     const nav = page.locator('nav[role="navigation"], nav[aria-label]');
    > 79 |     await expect(nav.first()).toBeVisible();
         |                               ^
      80 |     
      81 |     // Check for main content landmark
      82 |     const main = page.locator('main, [role="main"]');
        at /home/beano/DevProjects/next_js/moshimoshi/e2e/tests/05-accessibility.spec.ts:79:31

    attachment #1: screenshot (image/png) ──────────────────────────────────────────────────────────
    ../test-results/tests-05-accessibility-Acc-b44c8-es-are-properly-implemented-Mobile-Chrome/test-failed-1.png
    ────────────────────────────────────────────────────────────────────────────────────────────────

    attachment #2: video (video/webm) ──────────────────────────────────────────────────────────────
    ../test-results/tests-05-accessibility-Acc-b44c8-es-are-properly-implemented-Mobile-Chrome/video.webm
    ────────────────────────────────────────────────────────────────────────────────────────────────

    Error Context: ../test-results/tests-05-accessibility-Acc-b44c8-es-are-properly-implemented-Mobile-Chrome/error-context.md
]]>
</failure>
<system-out>
<![CDATA[
[[ATTACHMENT|tests-05-accessibility-Acc-b44c8-es-are-properly-implemented-Mobile-Chrome/test-failed-1.png]]

[[ATTACHMENT|tests-05-accessibility-Acc-b44c8-es-are-properly-implemented-Mobile-Chrome/video.webm]]

[[ATTACHMENT|tests-05-accessibility-Acc-b44c8-es-are-properly-implemented-Mobile-Chrome/error-context.md]]
]]>
</system-out>
</testcase>
<testcase name="Accessibility Tests (WCAG 2.1 AA) › color contrast meets WCAG standards" classname="tests/05-accessibility.spec.ts" time="0.457">
<failure message="05-accessibility.spec.ts:112:7 color contrast meets WCAG standards" type="FAILURE">
<![CDATA[  [Mobile Chrome] › tests/05-accessibility.spec.ts:112:7 › Accessibility Tests (WCAG 2.1 AA) › color contrast meets WCAG standards 

    Error: frame.evaluate: Error: No elements found for include in page Context
        at validateContext (eval at evaluate (:291:30), <anonymous>:18811:15)
        at new Context (eval at evaluate (:291:30), <anonymous>:18792:7)
        at Object._getFrameContexts (eval at evaluate (:291:30), <anonymous>:18833:22)
        at eval (eval at evaluate (:291:30), <anonymous>:4:27)
        at UtilityScript.evaluate (<anonymous>:293:16)
        at UtilityScript.<anonymous> (<anonymous>:1:44)
        at validateContext (eval at evaluate (:291:30), <anonymous>:18811:15)
        at Context (eval at evaluate (:291:30), <anonymous>:18792:7)
        at Object._getFrameContexts (eval at evaluate (:291:30), <anonymous>:18833:22)
        at eval (eval at evaluate (:291:30), <anonymous>:4:27)
        at UtilityScript.evaluate (<anonymous>:293:16)
        at UtilityScript.<anonymous> (<anonymous>:1:44)
        at AxeBuilder.runPartialRecursive (/home/beano/DevProjects/next_js/moshimoshi/node_modules/@axe-core/playwright/dist/index.js:315:39)
        at AxeBuilder.analyze (/home/beano/DevProjects/next_js/moshimoshi/node_modules/@axe-core/playwright/dist/index.js:245:39)
        at /home/beano/DevProjects/next_js/moshimoshi/e2e/tests/05-accessibility.spec.ts:116:29

    attachment #1: screenshot (image/png) ──────────────────────────────────────────────────────────
    ../test-results/tests-05-accessibility-Acc-aab81-ntrast-meets-WCAG-standards-Mobile-Chrome/test-failed-1.png
    ────────────────────────────────────────────────────────────────────────────────────────────────

    attachment #2: video (video/webm) ──────────────────────────────────────────────────────────────
    ../test-results/tests-05-accessibility-Acc-aab81-ntrast-meets-WCAG-standards-Mobile-Chrome/video.webm
    ────────────────────────────────────────────────────────────────────────────────────────────────

    Error Context: ../test-results/tests-05-accessibility-Acc-aab81-ntrast-meets-WCAG-standards-Mobile-Chrome/error-context.md
]]>
</failure>
<system-out>
<![CDATA[
[[ATTACHMENT|tests-05-accessibility-Acc-aab81-ntrast-meets-WCAG-standards-Mobile-Chrome/test-failed-1.png]]

[[ATTACHMENT|tests-05-accessibility-Acc-aab81-ntrast-meets-WCAG-standards-Mobile-Chrome/video.webm]]

[[ATTACHMENT|tests-05-accessibility-Acc-aab81-ntrast-meets-WCAG-standards-Mobile-Chrome/error-context.md]]
]]>
</system-out>
</testcase>
<testcase name="Accessibility Tests (WCAG 2.1 AA) › images have alt text" classname="tests/05-accessibility.spec.ts" time="0.506">
<failure message="05-accessibility.spec.ts:128:7 images have alt text" type="FAILURE">
<![CDATA[  [Mobile Chrome] › tests/05-accessibility.spec.ts:128:7 › Accessibility Tests (WCAG 2.1 AA) › images have alt text 

    Error: expect(received).toBeTruthy()

    Received: null

      132 |     for (const img of images) {
      133 |       const altText = await img.getAttribute('alt');
    > 134 |       expect(altText).toBeTruthy();
          |                       ^
      135 |       expect(altText.length).toBeGreaterThan(0);
      136 |     }
      137 |   });
        at /home/beano/DevProjects/next_js/moshimoshi/e2e/tests/05-accessibility.spec.ts:134:23

    attachment #1: screenshot (image/png) ──────────────────────────────────────────────────────────
    ../test-results/tests-05-accessibility-Acc-16471-2-1-AA-images-have-alt-text-Mobile-Chrome/test-failed-1.png
    ────────────────────────────────────────────────────────────────────────────────────────────────

    attachment #2: video (video/webm) ──────────────────────────────────────────────────────────────
    ../test-results/tests-05-accessibility-Acc-16471-2-1-AA-images-have-alt-text-Mobile-Chrome/video.webm
    ────────────────────────────────────────────────────────────────────────────────────────────────

    Error Context: ../test-results/tests-05-accessibility-Acc-16471-2-1-AA-images-have-alt-text-Mobile-Chrome/error-context.md
]]>
</failure>
<system-out>
<![CDATA[
[[ATTACHMENT|tests-05-accessibility-Acc-16471-2-1-AA-images-have-alt-text-Mobile-Chrome/test-failed-1.png]]

[[ATTACHMENT|tests-05-accessibility-Acc-16471-2-1-AA-images-have-alt-text-Mobile-Chrome/video.webm]]

[[ATTACHMENT|tests-05-accessibility-Acc-16471-2-1-AA-images-have-alt-text-Mobile-Chrome/error-context.md]]
]]>
</system-out>
</testcase>
<testcase name="Accessibility Tests (WCAG 2.1 AA) › focus management in modals and overlays" classname="tests/05-accessibility.spec.ts" time="15.616">
<failure message="05-accessibility.spec.ts:139:7 focus management in modals and overlays" type="FAILURE">
<![CDATA[  [Mobile Chrome] › tests/05-accessibility.spec.ts:139:7 › Accessibility Tests (WCAG 2.1 AA) › focus management in modals and overlays 

    TimeoutError: page.fill: Timeout 15000ms exceeded.
    Call log:
      - waiting for locator('input[name="password"]')


       at helpers/test-user.ts:14

      12 |     await this.page.goto('/signup');
      13 |     await this.page.fill('input[name="email"]', testEmail);
    > 14 |     await this.page.fill('input[name="password"]', testPassword);
         |                     ^
      15 |     await this.page.fill('input[name="confirmPassword"]', testPassword);
      16 |     await this.page.click('button[type="submit"]');
      17 |     
        at TestUser.signUp (/home/beano/DevProjects/next_js/moshimoshi/e2e/helpers/test-user.ts:14:21)
        at /home/beano/DevProjects/next_js/moshimoshi/e2e/tests/05-accessibility.spec.ts:140:33

    attachment #1: screenshot (image/png) ──────────────────────────────────────────────────────────
    ../test-results/tests-05-accessibility-Acc-8f469-ment-in-modals-and-overlays-Mobile-Chrome/test-failed-1.png
    ────────────────────────────────────────────────────────────────────────────────────────────────

    attachment #2: video (video/webm) ──────────────────────────────────────────────────────────────
    ../test-results/tests-05-accessibility-Acc-8f469-ment-in-modals-and-overlays-Mobile-Chrome/video.webm
    ────────────────────────────────────────────────────────────────────────────────────────────────

    Error Context: ../test-results/tests-05-accessibility-Acc-8f469-ment-in-modals-and-overlays-Mobile-Chrome/error-context.md
]]>
</failure>
<system-out>
<![CDATA[
[[ATTACHMENT|tests-05-accessibility-Acc-8f469-ment-in-modals-and-overlays-Mobile-Chrome/test-failed-1.png]]

[[ATTACHMENT|tests-05-accessibility-Acc-8f469-ment-in-modals-and-overlays-Mobile-Chrome/video.webm]]

[[ATTACHMENT|tests-05-accessibility-Acc-8f469-ment-in-modals-and-overlays-Mobile-Chrome/error-context.md]]
]]>
</system-out>
</testcase>
<testcase name="Accessibility Tests (WCAG 2.1 AA) › screen reader announcements for dynamic content" classname="tests/05-accessibility.spec.ts" time="16.104">
<failure message="05-accessibility.spec.ts:182:7 screen reader announcements for dynamic content" type="FAILURE">
<![CDATA[  [Mobile Chrome] › tests/05-accessibility.spec.ts:182:7 › Accessibility Tests (WCAG 2.1 AA) › screen reader announcements for dynamic content 

    TimeoutError: page.fill: Timeout 15000ms exceeded.
    Call log:
      - waiting for locator('input[name="password"]')


       at helpers/test-user.ts:14

      12 |     await this.page.goto('/signup');
      13 |     await this.page.fill('input[name="email"]', testEmail);
    > 14 |     await this.page.fill('input[name="password"]', testPassword);
         |                     ^
      15 |     await this.page.fill('input[name="confirmPassword"]', testPassword);
      16 |     await this.page.click('button[type="submit"]');
      17 |     
        at TestUser.signUp (/home/beano/DevProjects/next_js/moshimoshi/e2e/helpers/test-user.ts:14:21)
        at /home/beano/DevProjects/next_js/moshimoshi/e2e/tests/05-accessibility.spec.ts:183:33

    attachment #1: screenshot (image/png) ──────────────────────────────────────────────────────────
    ../test-results/tests-05-accessibility-Acc-5a4a0-cements-for-dynamic-content-Mobile-Chrome/test-failed-1.png
    ────────────────────────────────────────────────────────────────────────────────────────────────

    attachment #2: video (video/webm) ──────────────────────────────────────────────────────────────
    ../test-results/tests-05-accessibility-Acc-5a4a0-cements-for-dynamic-content-Mobile-Chrome/video.webm
    ────────────────────────────────────────────────────────────────────────────────────────────────

    Error Context: ../test-results/tests-05-accessibility-Acc-5a4a0-cements-for-dynamic-content-Mobile-Chrome/error-context.md
]]>
</failure>
<system-out>
<![CDATA[
[[ATTACHMENT|tests-05-accessibility-Acc-5a4a0-cements-for-dynamic-content-Mobile-Chrome/test-failed-1.png]]

[[ATTACHMENT|tests-05-accessibility-Acc-5a4a0-cements-for-dynamic-content-Mobile-Chrome/video.webm]]

[[ATTACHMENT|tests-05-accessibility-Acc-5a4a0-cements-for-dynamic-content-Mobile-Chrome/error-context.md]]
]]>
</system-out>
</testcase>
<testcase name="Accessibility Tests (WCAG 2.1 AA) › form validation messages are accessible" classname="tests/05-accessibility.spec.ts" time="0.739">
<failure message="05-accessibility.spec.ts:204:7 form validation messages are accessible" type="FAILURE">
<![CDATA[  [Mobile Chrome] › tests/05-accessibility.spec.ts:204:7 › Accessibility Tests (WCAG 2.1 AA) › form validation messages are accessible 

    Error: expect(received).toBeGreaterThan(expected)

    Expected: > 0
    Received:   0

      210 |     // Check for accessible error messages
      211 |     const errors = await page.locator('[role="alert"], [aria-invalid="true"]').all();
    > 212 |     expect(errors.length).toBeGreaterThan(0);
          |                           ^
      213 |     
      214 |     // Check error messages are associated with inputs
      215 |     const emailInput = page.locator('input[name="email"]');
        at /home/beano/DevProjects/next_js/moshimoshi/e2e/tests/05-accessibility.spec.ts:212:27

    attachment #1: screenshot (image/png) ──────────────────────────────────────────────────────────
    ../test-results/tests-05-accessibility-Acc-4f45f-ion-messages-are-accessible-Mobile-Chrome/test-failed-1.png
    ────────────────────────────────────────────────────────────────────────────────────────────────

    attachment #2: video (video/webm) ──────────────────────────────────────────────────────────────
    ../test-results/tests-05-accessibility-Acc-4f45f-ion-messages-are-accessible-Mobile-Chrome/video.webm
    ────────────────────────────────────────────────────────────────────────────────────────────────

    Error Context: ../test-results/tests-05-accessibility-Acc-4f45f-ion-messages-are-accessible-Mobile-Chrome/error-context.md
]]>
</failure>
<system-out>
<![CDATA[
[[ATTACHMENT|tests-05-accessibility-Acc-4f45f-ion-messages-are-accessible-Mobile-Chrome/test-failed-1.png]]

[[ATTACHMENT|tests-05-accessibility-Acc-4f45f-ion-messages-are-accessible-Mobile-Chrome/video.webm]]

[[ATTACHMENT|tests-05-accessibility-Acc-4f45f-ion-messages-are-accessible-Mobile-Chrome/error-context.md]]
]]>
</system-out>
</testcase>
<testcase name="Accessibility Tests (WCAG 2.1 AA) › responsive design maintains accessibility" classname="tests/05-accessibility.spec.ts" time="0.743">
<failure message="05-accessibility.spec.ts:227:7 responsive design maintains accessibility" type="FAILURE">
<![CDATA[  [Mobile Chrome] › tests/05-accessibility.spec.ts:227:7 › Accessibility Tests (WCAG 2.1 AA) › responsive design maintains accessibility 

    Error: expect(received).toEqual(expected) // deep equality

    - Expected  -   1
    + Received  + 122

    - Array []
    + Array [
    +   Object {
    +     "description": "Ensure <img> elements have alternative text or a role of none or presentation",
    +     "help": "Images must have alternative text",
    +     "helpUrl": "https://dequeuniversity.com/rules/axe/4.10/image-alt?application=playwright",
    +     "id": "image-alt",
    +     "impact": "critical",
    +     "nodes": Array [
    +       Object {
    +         "all": Array [],
    +         "any": Array [
    +           Object {
    +             "data": null,
    +             "id": "has-alt",
    +             "impact": "critical",
    +             "message": "Element does not have an alt attribute",
    +             "relatedNodes": Array [],
    +           },
    +           Object {
    +             "data": null,
    +             "id": "aria-label",
    +             "impact": "critical",
    +             "message": "aria-label attribute does not exist or is empty",
    +             "relatedNodes": Array [],
    +           },
    +           Object {
    +             "data": null,
    +             "id": "aria-labelledby",
    +             "impact": "critical",
    +             "message": "aria-labelledby attribute does not exist, references elements that do not exist or references elements that are empty",
    +             "relatedNodes": Array [],
    +           },
    +           Object {
    +             "data": Object {
    +               "messageKey": "noAttr",
    +             },
    +             "id": "non-empty-title",
    +             "impact": "critical",
    +             "message": "Element has no title attribute",
    +             "relatedNodes": Array [],
    +           },
    +           Object {
    +             "data": null,
    +             "id": "presentational-role",
    +             "impact": "critical",
    +             "message": "Element's default semantics were not overridden with role=\"none\" or role=\"presentation\"",
    +             "relatedNodes": Array [],
    +           },
    +         ],
    +         "failureSummary": "Fix any of the following:
    +   Element does not have an alt attribute
    +   aria-label attribute does not exist or is empty
    +   aria-labelledby attribute does not exist, references elements that do not exist or references elements that are empty
    +   Element has no title attribute
    +   Element's default semantics were not overridden with role=\"none\" or role=\"presentation\"",
    +         "html": "<img id=\"logo\" style=\"
    + 					position: absolute;
    + 					width: auto;
    + 					height: 6rem;
    + 					top: 44%;
    + 					left: 50%;
    + 					transform: translateX(-50%);
    + 				\" src=\"/static/splash.png\">",
    +         "impact": "critical",
    +         "none": Array [],
    +         "target": Array [
    +           "#logo",
    +         ],
    +       },
    +     ],
    +     "tags": Array [
    +       "cat.text-alternatives",
    +       "wcag2a",
    +       "wcag111",
    +       "section508",
    +       "section508.22.a",
    +       "TTv5",
    +       "TT7.a",
    +       "TT7.b",
    +       "EN-301-549",
    +       "EN-9.1.1.1",
    +       "ACT",
    +     ],
    +   },
    +   Object {
    +     "description": "Ensure <meta name=\"viewport\"> does not disable text scaling and zooming",
    +     "help": "Zooming and scaling must not be disabled",
    +     "helpUrl": "https://dequeuniversity.com/rules/axe/4.10/meta-viewport?application=playwright",
    +     "id": "meta-viewport",
    +     "impact": "critical",
    +     "nodes": Array [
    +       Object {
    +         "all": Array [],
    +         "any": Array [
    +           Object {
    +             "data": "maximum-scale",
    +             "id": "meta-viewport",
    +             "impact": "critical",
    +             "message": "maximum-scale on <meta> tag disables zooming on mobile devices",
    +             "relatedNodes": Array [],
    +           },
    +         ],
    +         "failureSummary": "Fix any of the following:
    +   maximum-scale on <meta> tag disables zooming on mobile devices",
    +         "html": "<meta name=\"viewport\" content=\"width=device-width, initial-scale=1, maximum-scale=1, viewport-fit=cover\">",
    +         "impact": "critical",
    +         "none": Array [],
    +         "target": Array [
    +           "meta[name=\"viewport\"]",
    +         ],
    +       },
    +     ],
    +     "tags": Array [
    +       "cat.sensory-and-visual-cues",
    +       "wcag2aa",
    +       "wcag144",
    +       "EN-301-549",
    +       "EN-9.1.4.4",
    +       "ACT",
    +     ],
    +   },
    + ]

      234 |       .analyze();
      235 |     
    > 236 |     expect(mobileScan.violations).toEqual([]);
          |                                   ^
      237 |     
      238 |     // Test tablet viewport
      239 |     await page.setViewportSize({ width: 768, height: 1024 });
        at /home/beano/DevProjects/next_js/moshimoshi/e2e/tests/05-accessibility.spec.ts:236:35

    attachment #1: screenshot (image/png) ──────────────────────────────────────────────────────────
    ../test-results/tests-05-accessibility-Acc-7465e-ign-maintains-accessibility-Mobile-Chrome/test-failed-1.png
    ────────────────────────────────────────────────────────────────────────────────────────────────

    attachment #2: video (video/webm) ──────────────────────────────────────────────────────────────
    ../test-results/tests-05-accessibility-Acc-7465e-ign-maintains-accessibility-Mobile-Chrome/video.webm
    ────────────────────────────────────────────────────────────────────────────────────────────────

    attachment #3: video (video/webm) ──────────────────────────────────────────────────────────────
    ../test-results/tests-05-accessibility-Acc-7465e-ign-maintains-accessibility-Mobile-Chrome/video-1.webm
    ────────────────────────────────────────────────────────────────────────────────────────────────

    Error Context: ../test-results/tests-05-accessibility-Acc-7465e-ign-maintains-accessibility-Mobile-Chrome/error-context.md
]]>
</failure>
<system-out>
<![CDATA[
[[ATTACHMENT|tests-05-accessibility-Acc-7465e-ign-maintains-accessibility-Mobile-Chrome/test-failed-1.png]]

[[ATTACHMENT|tests-05-accessibility-Acc-7465e-ign-maintains-accessibility-Mobile-Chrome/video.webm]]

[[ATTACHMENT|tests-05-accessibility-Acc-7465e-ign-maintains-accessibility-Mobile-Chrome/video-1.webm]]

[[ATTACHMENT|tests-05-accessibility-Acc-7465e-ign-maintains-accessibility-Mobile-Chrome/error-context.md]]
]]>
</system-out>
</testcase>
</testsuite>
<testsuite name="tests/06-security.spec.ts" timestamp="2025-09-10T19:16:53.435Z" hostname="Mobile Chrome" tests="11" failures="9" skipped="0" time="84.318" errors="0">
<testcase name="Security Tests - OWASP Top 10 › protects against XSS attacks" classname="tests/06-security.spec.ts" time="15.564">
<failure message="06-security.spec.ts:4:7 protects against XSS attacks" type="FAILURE">
<![CDATA[  [Mobile Chrome] › tests/06-security.spec.ts:4:7 › Security Tests - OWASP Top 10 › protects against XSS attacks 

    TimeoutError: page.fill: Timeout 15000ms exceeded.
    Call log:
      - waiting for locator('input[name="password"]')


       8 |     const xssPayload = '<script>alert("XSS")</script>';
       9 |     await page.fill('input[name="email"]', xssPayload);
    > 10 |     await page.fill('input[name="password"]', 'password123');
         |                ^
      11 |     await page.click('button[type="submit"]');
      12 |     
      13 |     // Check that script is not executed
        at /home/beano/DevProjects/next_js/moshimoshi/e2e/tests/06-security.spec.ts:10:16

    attachment #1: screenshot (image/png) ──────────────────────────────────────────────────────────
    ../test-results/tests-06-security-Security-a7e89-rotects-against-XSS-attacks-Mobile-Chrome/test-failed-1.png
    ────────────────────────────────────────────────────────────────────────────────────────────────

    attachment #2: video (video/webm) ──────────────────────────────────────────────────────────────
    ../test-results/tests-06-security-Security-a7e89-rotects-against-XSS-attacks-Mobile-Chrome/video.webm
    ────────────────────────────────────────────────────────────────────────────────────────────────

    Error Context: ../test-results/tests-06-security-Security-a7e89-rotects-against-XSS-attacks-Mobile-Chrome/error-context.md
]]>
</failure>
<system-out>
<![CDATA[
[[ATTACHMENT|tests-06-security-Security-a7e89-rotects-against-XSS-attacks-Mobile-Chrome/test-failed-1.png]]

[[ATTACHMENT|tests-06-security-Security-a7e89-rotects-against-XSS-attacks-Mobile-Chrome/video.webm]]

[[ATTACHMENT|tests-06-security-Security-a7e89-rotects-against-XSS-attacks-Mobile-Chrome/error-context.md]]
]]>
</system-out>
</testcase>
<testcase name="Security Tests - OWASP Top 10 › prevents SQL injection attempts" classname="tests/06-security.spec.ts" time="15.437">
<failure message="06-security.spec.ts:35:7 prevents SQL injection attempts" type="FAILURE">
<![CDATA[  [Mobile Chrome] › tests/06-security.spec.ts:35:7 › Security Tests - OWASP Top 10 › prevents SQL injection attempts 

    TimeoutError: page.fill: Timeout 15000ms exceeded.
    Call log:
      - waiting for locator('input[name="password"]')


      46 |     for (const payload of sqlPayloads) {
      47 |       await page.fill('input[name="email"]', payload);
    > 48 |       await page.fill('input[name="password"]', payload);
         |                  ^
      49 |       await page.click('button[type="submit"]');
      50 |       
      51 |       // Should show validation error, not database error
        at /home/beano/DevProjects/next_js/moshimoshi/e2e/tests/06-security.spec.ts:48:18

    attachment #1: screenshot (image/png) ──────────────────────────────────────────────────────────
    ../test-results/tests-06-security-Security-cd7e9-ents-SQL-injection-attempts-Mobile-Chrome/test-failed-1.png
    ────────────────────────────────────────────────────────────────────────────────────────────────

    attachment #2: video (video/webm) ──────────────────────────────────────────────────────────────
    ../test-results/tests-06-security-Security-cd7e9-ents-SQL-injection-attempts-Mobile-Chrome/video.webm
    ────────────────────────────────────────────────────────────────────────────────────────────────

    Error Context: ../test-results/tests-06-security-Security-cd7e9-ents-SQL-injection-attempts-Mobile-Chrome/error-context.md
]]>
</failure>
<system-out>
<![CDATA[
[[ATTACHMENT|tests-06-security-Security-cd7e9-ents-SQL-injection-attempts-Mobile-Chrome/test-failed-1.png]]

[[ATTACHMENT|tests-06-security-Security-cd7e9-ents-SQL-injection-attempts-Mobile-Chrome/video.webm]]

[[ATTACHMENT|tests-06-security-Security-cd7e9-ents-SQL-injection-attempts-Mobile-Chrome/error-context.md]]
]]>
</system-out>
</testcase>
<testcase name="Security Tests - OWASP Top 10 › implements proper authentication" classname="tests/06-security.spec.ts" time="0.342">
</testcase>
<testcase name="Security Tests - OWASP Top 10 › implements CSRF protection" classname="tests/06-security.spec.ts" time="15.359">
<failure message="06-security.spec.ts:84:7 implements CSRF protection" type="FAILURE">
<![CDATA[  [Mobile Chrome] › tests/06-security.spec.ts:84:7 › Security Tests - OWASP Top 10 › implements CSRF protection 

    TimeoutError: page.fill: Timeout 15000ms exceeded.
    Call log:
      - waiting for locator('input[name="password"]')


       at helpers/test-user.ts:14

      12 |     await this.page.goto('/signup');
      13 |     await this.page.fill('input[name="email"]', testEmail);
    > 14 |     await this.page.fill('input[name="password"]', testPassword);
         |                     ^
      15 |     await this.page.fill('input[name="confirmPassword"]', testPassword);
      16 |     await this.page.click('button[type="submit"]');
      17 |     
        at TestUser.signUp (/home/beano/DevProjects/next_js/moshimoshi/e2e/helpers/test-user.ts:14:21)
        at /home/beano/DevProjects/next_js/moshimoshi/e2e/tests/06-security.spec.ts:85:33

    attachment #1: screenshot (image/png) ──────────────────────────────────────────────────────────
    ../test-results/tests-06-security-Security-d88ab--implements-CSRF-protection-Mobile-Chrome/test-failed-1.png
    ────────────────────────────────────────────────────────────────────────────────────────────────

    attachment #2: video (video/webm) ──────────────────────────────────────────────────────────────
    ../test-results/tests-06-security-Security-d88ab--implements-CSRF-protection-Mobile-Chrome/video.webm
    ────────────────────────────────────────────────────────────────────────────────────────────────

    Error Context: ../test-results/tests-06-security-Security-d88ab--implements-CSRF-protection-Mobile-Chrome/error-context.md
]]>
</failure>
<system-out>
<![CDATA[
[[ATTACHMENT|tests-06-security-Security-d88ab--implements-CSRF-protection-Mobile-Chrome/test-failed-1.png]]

[[ATTACHMENT|tests-06-security-Security-d88ab--implements-CSRF-protection-Mobile-Chrome/video.webm]]

[[ATTACHMENT|tests-06-security-Security-d88ab--implements-CSRF-protection-Mobile-Chrome/error-context.md]]
]]>
</system-out>
</testcase>
<testcase name="Security Tests - OWASP Top 10 › enforces secure headers" classname="tests/06-security.spec.ts" time="0.222">
</testcase>
<testcase name="Security Tests - OWASP Top 10 › rate limiting is implemented" classname="tests/06-security.spec.ts" time="0.272">
<failure message="06-security.spec.ts:139:7 rate limiting is implemented" type="FAILURE">
<![CDATA[  [Mobile Chrome] › tests/06-security.spec.ts:139:7 › Security Tests - OWASP Top 10 › rate limiting is implemented 

    Error: expect(received).toBeTruthy()

    Received: false

      162 |     // Should see rate limiting (429) after multiple attempts
      163 |     const rateLimited = results.some(status => status === 429);
    > 164 |     expect(rateLimited).toBeTruthy();
          |                         ^
      165 |   });
      166 |
      167 |   test('sensitive data is not exposed in responses', async ({ page }) => {
        at /home/beano/DevProjects/next_js/moshimoshi/e2e/tests/06-security.spec.ts:164:25

    attachment #1: screenshot (image/png) ──────────────────────────────────────────────────────────
    ../test-results/tests-06-security-Security-a3c49-ate-limiting-is-implemented-Mobile-Chrome/test-failed-1.png
    ────────────────────────────────────────────────────────────────────────────────────────────────

    attachment #2: video (video/webm) ──────────────────────────────────────────────────────────────
    ../test-results/tests-06-security-Security-a3c49-ate-limiting-is-implemented-Mobile-Chrome/video.webm
    ────────────────────────────────────────────────────────────────────────────────────────────────

    Error Context: ../test-results/tests-06-security-Security-a3c49-ate-limiting-is-implemented-Mobile-Chrome/error-context.md
]]>
</failure>
<system-out>
<![CDATA[
[[ATTACHMENT|tests-06-security-Security-a3c49-ate-limiting-is-implemented-Mobile-Chrome/test-failed-1.png]]

[[ATTACHMENT|tests-06-security-Security-a3c49-ate-limiting-is-implemented-Mobile-Chrome/video.webm]]

[[ATTACHMENT|tests-06-security-Security-a3c49-ate-limiting-is-implemented-Mobile-Chrome/error-context.md]]
]]>
</system-out>
</testcase>
<testcase name="Security Tests - OWASP Top 10 › sensitive data is not exposed in responses" classname="tests/06-security.spec.ts" time="0.227">
<failure message="06-security.spec.ts:167:7 sensitive data is not exposed in responses" type="FAILURE">
<![CDATA[  [Mobile Chrome] › tests/06-security.spec.ts:167:7 › Security Tests - OWASP Top 10 › sensitive data is not exposed in responses 

    ReferenceError: testUser is not defined

      167 |   test('sensitive data is not exposed in responses', async ({ page }) => {
      168 |     // Create a test user and login
    > 169 |     const { email, password } = await testUser.signUp();
          |                                 ^
      170 |     
      171 |     // Intercept API responses
      172 |     const apiResponses: any[] = [];
        at /home/beano/DevProjects/next_js/moshimoshi/e2e/tests/06-security.spec.ts:169:33

    attachment #1: screenshot (image/png) ──────────────────────────────────────────────────────────
    ../test-results/tests-06-security-Security-b1cfd-is-not-exposed-in-responses-Mobile-Chrome/test-failed-1.png
    ────────────────────────────────────────────────────────────────────────────────────────────────

    attachment #2: video (video/webm) ──────────────────────────────────────────────────────────────
    ../test-results/tests-06-security-Security-b1cfd-is-not-exposed-in-responses-Mobile-Chrome/video.webm
    ────────────────────────────────────────────────────────────────────────────────────────────────
]]>
</failure>
<system-out>
<![CDATA[
[[ATTACHMENT|tests-06-security-Security-b1cfd-is-not-exposed-in-responses-Mobile-Chrome/test-failed-1.png]]

[[ATTACHMENT|tests-06-security-Security-b1cfd-is-not-exposed-in-responses-Mobile-Chrome/video.webm]]
]]>
</system-out>
</testcase>
<testcase name="Security Tests - OWASP Top 10 › implements secure password requirements" classname="tests/06-security.spec.ts" time="15.629">
<failure message="06-security.spec.ts:206:7 implements secure password requirements" type="FAILURE">
<![CDATA[  [Mobile Chrome] › tests/06-security.spec.ts:206:7 › Security Tests - OWASP Top 10 › implements secure password requirements 

    TimeoutError: page.fill: Timeout 15000ms exceeded.
    Call log:
      - waiting for locator('input[name="password"]')


      217 |     
      218 |     for (const weakPassword of weakPasswords) {
    > 219 |       await page.fill('input[name="password"]', weakPassword);
          |                  ^
      220 |       await page.fill('input[name="confirmPassword"]', weakPassword);
      221 |       
      222 |       // Trigger validation
        at /home/beano/DevProjects/next_js/moshimoshi/e2e/tests/06-security.spec.ts:219:18

    attachment #1: screenshot (image/png) ──────────────────────────────────────────────────────────
    ../test-results/tests-06-security-Security-80336-ecure-password-requirements-Mobile-Chrome/test-failed-1.png
    ────────────────────────────────────────────────────────────────────────────────────────────────

    attachment #2: video (video/webm) ──────────────────────────────────────────────────────────────
    ../test-results/tests-06-security-Security-80336-ecure-password-requirements-Mobile-Chrome/video.webm
    ────────────────────────────────────────────────────────────────────────────────────────────────

    Error Context: ../test-results/tests-06-security-Security-80336-ecure-password-requirements-Mobile-Chrome/error-context.md
]]>
</failure>
<system-out>
<![CDATA[
[[ATTACHMENT|tests-06-security-Security-80336-ecure-password-requirements-Mobile-Chrome/test-failed-1.png]]

[[ATTACHMENT|tests-06-security-Security-80336-ecure-password-requirements-Mobile-Chrome/video.webm]]

[[ATTACHMENT|tests-06-security-Security-80336-ecure-password-requirements-Mobile-Chrome/error-context.md]]
]]>
</system-out>
</testcase>
<testcase name="Security Tests - OWASP Top 10 › prevents path traversal attacks" classname="tests/06-security.spec.ts" time="0.26">
<failure message="06-security.spec.ts:234:7 prevents path traversal attacks" type="FAILURE">
<![CDATA[  [Mobile Chrome] › tests/06-security.spec.ts:234:7 › Security Tests - OWASP Top 10 › prevents path traversal attacks 

    Error: expect(received).toContain(expected) // indexOf

    Expected value: 200
    Received array: [400, 404, 403]

      245 |       
      246 |       // Should return 400 or 404, not file contents
    > 247 |       expect([400, 404, 403]).toContain(response.status());
          |                               ^
      248 |       
      249 |       const text = await response.text();
      250 |       expect(text).not.toContain('root:');
        at /home/beano/DevProjects/next_js/moshimoshi/e2e/tests/06-security.spec.ts:247:31

    attachment #1: screenshot (image/png) ──────────────────────────────────────────────────────────
    ../test-results/tests-06-security-Security-efc07-ents-path-traversal-attacks-Mobile-Chrome/test-failed-1.png
    ────────────────────────────────────────────────────────────────────────────────────────────────

    attachment #2: video (video/webm) ──────────────────────────────────────────────────────────────
    ../test-results/tests-06-security-Security-efc07-ents-path-traversal-attacks-Mobile-Chrome/video.webm
    ────────────────────────────────────────────────────────────────────────────────────────────────
]]>
</failure>
<system-out>
<![CDATA[
[[ATTACHMENT|tests-06-security-Security-efc07-ents-path-traversal-attacks-Mobile-Chrome/test-failed-1.png]]

[[ATTACHMENT|tests-06-security-Security-efc07-ents-path-traversal-attacks-Mobile-Chrome/video.webm]]
]]>
</system-out>
</testcase>
<testcase name="Security Tests - OWASP Top 10 › validates and sanitizes all inputs" classname="tests/06-security.spec.ts" time="5.499">
<failure message="06-security.spec.ts:255:7 validates and sanitizes all inputs" type="FAILURE">
<![CDATA[  [Mobile Chrome] › tests/06-security.spec.ts:255:7 › Security Tests - OWASP Top 10 › validates and sanitizes all inputs 

    Error: expect(locator).toBeVisible() failed

    Locator:  locator('[role="alert"], .error').first()
    Expected: visible
    Received: <element(s) not found>
    Timeout:  5000ms

    Call log:
      - Expect "toBeVisible" with timeout 5000ms
      - waiting for locator('[role="alert"], .error').first()


      274 |       // Should show validation error
      275 |       const error = await page.locator('[role="alert"], .error').first();
    > 276 |       await expect(error).toBeVisible();
          |                           ^
      277 |       
      278 |       // Error should not execute or render malicious content
      279 |       const errorHtml = await error.innerHTML();
        at /home/beano/DevProjects/next_js/moshimoshi/e2e/tests/06-security.spec.ts:276:27

    attachment #1: screenshot (image/png) ──────────────────────────────────────────────────────────
    ../test-results/tests-06-security-Security-fa15a-es-and-sanitizes-all-inputs-Mobile-Chrome/test-failed-1.png
    ────────────────────────────────────────────────────────────────────────────────────────────────

    attachment #2: video (video/webm) ──────────────────────────────────────────────────────────────
    ../test-results/tests-06-security-Security-fa15a-es-and-sanitizes-all-inputs-Mobile-Chrome/video.webm
    ────────────────────────────────────────────────────────────────────────────────────────────────

    Error Context: ../test-results/tests-06-security-Security-fa15a-es-and-sanitizes-all-inputs-Mobile-Chrome/error-context.md
]]>
</failure>
<system-out>
<![CDATA[
[[ATTACHMENT|tests-06-security-Security-fa15a-es-and-sanitizes-all-inputs-Mobile-Chrome/test-failed-1.png]]

[[ATTACHMENT|tests-06-security-Security-fa15a-es-and-sanitizes-all-inputs-Mobile-Chrome/video.webm]]

[[ATTACHMENT|tests-06-security-Security-fa15a-es-and-sanitizes-all-inputs-Mobile-Chrome/error-context.md]]
]]>
</system-out>
</testcase>
<testcase name="Security Tests - OWASP Top 10 › implements secure session management" classname="tests/06-security.spec.ts" time="15.507">
<failure message="06-security.spec.ts:286:7 implements secure session management" type="FAILURE">
<![CDATA[  [Mobile Chrome] › tests/06-security.spec.ts:286:7 › Security Tests - OWASP Top 10 › implements secure session management 

    TimeoutError: page.fill: Timeout 15000ms exceeded.
    Call log:
      - waiting for locator('input[name="password"]')


       at helpers/test-user.ts:14

      12 |     await this.page.goto('/signup');
      13 |     await this.page.fill('input[name="email"]', testEmail);
    > 14 |     await this.page.fill('input[name="password"]', testPassword);
         |                     ^
      15 |     await this.page.fill('input[name="confirmPassword"]', testPassword);
      16 |     await this.page.click('button[type="submit"]');
      17 |     
        at TestUser.signUp (/home/beano/DevProjects/next_js/moshimoshi/e2e/helpers/test-user.ts:14:21)
        at /home/beano/DevProjects/next_js/moshimoshi/e2e/tests/06-security.spec.ts:287:33

    attachment #1: screenshot (image/png) ──────────────────────────────────────────────────────────
    ../test-results/tests-06-security-Security-0a442-s-secure-session-management-Mobile-Chrome/test-failed-1.png
    ────────────────────────────────────────────────────────────────────────────────────────────────

    attachment #2: video (video/webm) ──────────────────────────────────────────────────────────────
    ../test-results/tests-06-security-Security-0a442-s-secure-session-management-Mobile-Chrome/video.webm
    ────────────────────────────────────────────────────────────────────────────────────────────────

    Error Context: ../test-results/tests-06-security-Security-0a442-s-secure-session-management-Mobile-Chrome/error-context.md
]]>
</failure>
<system-out>
<![CDATA[
[[ATTACHMENT|tests-06-security-Security-0a442-s-secure-session-management-Mobile-Chrome/test-failed-1.png]]

[[ATTACHMENT|tests-06-security-Security-0a442-s-secure-session-management-Mobile-Chrome/video.webm]]

[[ATTACHMENT|tests-06-security-Security-0a442-s-secure-session-management-Mobile-Chrome/error-context.md]]
]]>
</system-out>
</testcase>
</testsuite>
<testsuite name="tests/07-integration.spec.ts" timestamp="2025-09-10T19:16:53.435Z" hostname="Mobile Chrome" tests="6" failures="5" skipped="0" time="77.711" errors="0">
<testcase name="Full System Integration Tests › complete user journey from signup to premium" classname="tests/07-integration.spec.ts" time="15.527">
<failure message="07-integration.spec.ts:4:7 complete user journey from signup to premium" type="FAILURE">
<![CDATA[  [Mobile Chrome] › tests/07-integration.spec.ts:4:7 › Full System Integration Tests › complete user journey from signup to premium 

    TimeoutError: page.fill: Timeout 15000ms exceeded.
    Call log:
      - waiting for locator('input[name="password"]')


       9 |     await page.goto('/auth/signup');
      10 |     await page.fill('input[name="email"]', testEmail);
    > 11 |     await page.fill('input[name="password"]', testPassword);
         |                ^
      12 |     await page.fill('input[name="confirmPassword"]', testPassword);
      13 |     
      14 |     const termsCheckbox = page.locator('input[type="checkbox"][name="terms"]');
        at /home/beano/DevProjects/next_js/moshimoshi/e2e/tests/07-integration.spec.ts:11:16

    attachment #1: screenshot (image/png) ──────────────────────────────────────────────────────────
    ../test-results/tests-07-integration-Full--f833e-rney-from-signup-to-premium-Mobile-Chrome/test-failed-1.png
    ────────────────────────────────────────────────────────────────────────────────────────────────

    attachment #2: video (video/webm) ──────────────────────────────────────────────────────────────
    ../test-results/tests-07-integration-Full--f833e-rney-from-signup-to-premium-Mobile-Chrome/video.webm
    ────────────────────────────────────────────────────────────────────────────────────────────────

    Error Context: ../test-results/tests-07-integration-Full--f833e-rney-from-signup-to-premium-Mobile-Chrome/error-context.md
]]>
</failure>
<system-out>
<![CDATA[
[[ATTACHMENT|tests-07-integration-Full--f833e-rney-from-signup-to-premium-Mobile-Chrome/test-failed-1.png]]

[[ATTACHMENT|tests-07-integration-Full--f833e-rney-from-signup-to-premium-Mobile-Chrome/video.webm]]

[[ATTACHMENT|tests-07-integration-Full--f833e-rney-from-signup-to-premium-Mobile-Chrome/error-context.md]]
]]>
</system-out>
</testcase>
<testcase name="Full System Integration Tests › API and frontend synchronization" classname="tests/07-integration.spec.ts" time="15.448">
<failure message="07-integration.spec.ts:97:7 API and frontend synchronization" type="FAILURE">
<![CDATA[  [Mobile Chrome] › tests/07-integration.spec.ts:97:7 › Full System Integration Tests › API and frontend synchronization 

    TimeoutError: page.fill: Timeout 15000ms exceeded.
    Call log:
      - waiting for locator('input[name="password"]')


       at helpers/test-user.ts:14

      12 |     await this.page.goto('/signup');
      13 |     await this.page.fill('input[name="email"]', testEmail);
    > 14 |     await this.page.fill('input[name="password"]', testPassword);
         |                     ^
      15 |     await this.page.fill('input[name="confirmPassword"]', testPassword);
      16 |     await this.page.click('button[type="submit"]');
      17 |     
        at TestUser.signUp (/home/beano/DevProjects/next_js/moshimoshi/e2e/helpers/test-user.ts:14:21)
        at /home/beano/DevProjects/next_js/moshimoshi/e2e/tests/07-integration.spec.ts:98:33

    attachment #1: screenshot (image/png) ──────────────────────────────────────────────────────────
    ../test-results/tests-07-integration-Full--ba121-nd-frontend-synchronization-Mobile-Chrome/test-failed-1.png
    ────────────────────────────────────────────────────────────────────────────────────────────────

    attachment #2: video (video/webm) ──────────────────────────────────────────────────────────────
    ../test-results/tests-07-integration-Full--ba121-nd-frontend-synchronization-Mobile-Chrome/video.webm
    ────────────────────────────────────────────────────────────────────────────────────────────────

    Error Context: ../test-results/tests-07-integration-Full--ba121-nd-frontend-synchronization-Mobile-Chrome/error-context.md
]]>
</failure>
<system-out>
<![CDATA[
[[ATTACHMENT|tests-07-integration-Full--ba121-nd-frontend-synchronization-Mobile-Chrome/test-failed-1.png]]

[[ATTACHMENT|tests-07-integration-Full--ba121-nd-frontend-synchronization-Mobile-Chrome/video.webm]]

[[ATTACHMENT|tests-07-integration-Full--ba121-nd-frontend-synchronization-Mobile-Chrome/error-context.md]]
]]>
</system-out>
</testcase>
<testcase name="Full System Integration Tests › error recovery and resilience" classname="tests/07-integration.spec.ts" time="15.479">
<failure message="07-integration.spec.ts:140:7 error recovery and resilience" type="FAILURE">
<![CDATA[  [Mobile Chrome] › tests/07-integration.spec.ts:140:7 › Full System Integration Tests › error recovery and resilience 

    TimeoutError: page.fill: Timeout 15000ms exceeded.
    Call log:
      - waiting for locator('input[name="password"]')


       at helpers/test-user.ts:14

      12 |     await this.page.goto('/signup');
      13 |     await this.page.fill('input[name="email"]', testEmail);
    > 14 |     await this.page.fill('input[name="password"]', testPassword);
         |                     ^
      15 |     await this.page.fill('input[name="confirmPassword"]', testPassword);
      16 |     await this.page.click('button[type="submit"]');
      17 |     
        at TestUser.signUp (/home/beano/DevProjects/next_js/moshimoshi/e2e/helpers/test-user.ts:14:21)
        at /home/beano/DevProjects/next_js/moshimoshi/e2e/tests/07-integration.spec.ts:141:33

    attachment #1: screenshot (image/png) ──────────────────────────────────────────────────────────
    ../test-results/tests-07-integration-Full--19551-ror-recovery-and-resilience-Mobile-Chrome/test-failed-1.png
    ────────────────────────────────────────────────────────────────────────────────────────────────

    attachment #2: video (video/webm) ──────────────────────────────────────────────────────────────
    ../test-results/tests-07-integration-Full--19551-ror-recovery-and-resilience-Mobile-Chrome/video.webm
    ────────────────────────────────────────────────────────────────────────────────────────────────

    Error Context: ../test-results/tests-07-integration-Full--19551-ror-recovery-and-resilience-Mobile-Chrome/error-context.md
]]>
</failure>
<system-out>
<![CDATA[
[[ATTACHMENT|tests-07-integration-Full--19551-ror-recovery-and-resilience-Mobile-Chrome/test-failed-1.png]]

[[ATTACHMENT|tests-07-integration-Full--19551-ror-recovery-and-resilience-Mobile-Chrome/video.webm]]

[[ATTACHMENT|tests-07-integration-Full--19551-ror-recovery-and-resilience-Mobile-Chrome/error-context.md]]
]]>
</system-out>
</testcase>
<testcase name="Full System Integration Tests › data migration and backward compatibility" classname="tests/07-integration.spec.ts" time="0.304">
</testcase>
<testcase name="Full System Integration Tests › performance under load" classname="tests/07-integration.spec.ts" time="15.439">
<failure message="07-integration.spec.ts:212:7 performance under load" type="FAILURE">
<![CDATA[  [Mobile Chrome] › tests/07-integration.spec.ts:212:7 › Full System Integration Tests › performance under load 

    TimeoutError: page.fill: Timeout 15000ms exceeded.
    Call log:
      - waiting for locator('input[name="password"]')


       at helpers/test-user.ts:14

      12 |     await this.page.goto('/signup');
      13 |     await this.page.fill('input[name="email"]', testEmail);
    > 14 |     await this.page.fill('input[name="password"]', testPassword);
         |                     ^
      15 |     await this.page.fill('input[name="confirmPassword"]', testPassword);
      16 |     await this.page.click('button[type="submit"]');
      17 |     
        at TestUser.signUp (/home/beano/DevProjects/next_js/moshimoshi/e2e/helpers/test-user.ts:14:21)
        at /home/beano/DevProjects/next_js/moshimoshi/e2e/tests/07-integration.spec.ts:213:33

    attachment #1: screenshot (image/png) ──────────────────────────────────────────────────────────
    ../test-results/tests-07-integration-Full--feb1f-ests-performance-under-load-Mobile-Chrome/test-failed-1.png
    ────────────────────────────────────────────────────────────────────────────────────────────────

    attachment #2: video (video/webm) ──────────────────────────────────────────────────────────────
    ../test-results/tests-07-integration-Full--feb1f-ests-performance-under-load-Mobile-Chrome/video.webm
    ────────────────────────────────────────────────────────────────────────────────────────────────

    Error Context: ../test-results/tests-07-integration-Full--feb1f-ests-performance-under-load-Mobile-Chrome/error-context.md
]]>
</failure>
<system-out>
<![CDATA[
[[ATTACHMENT|tests-07-integration-Full--feb1f-ests-performance-under-load-Mobile-Chrome/test-failed-1.png]]

[[ATTACHMENT|tests-07-integration-Full--feb1f-ests-performance-under-load-Mobile-Chrome/video.webm]]

[[ATTACHMENT|tests-07-integration-Full--feb1f-ests-performance-under-load-Mobile-Chrome/error-context.md]]
]]>
</system-out>
</testcase>
<testcase name="Full System Integration Tests › cross-feature integration" classname="tests/07-integration.spec.ts" time="15.514">
<failure message="07-integration.spec.ts:248:7 cross-feature integration" type="FAILURE">
<![CDATA[  [Mobile Chrome] › tests/07-integration.spec.ts:248:7 › Full System Integration Tests › cross-feature integration 

    TimeoutError: page.fill: Timeout 15000ms exceeded.
    Call log:
      - waiting for locator('input[name="password"]')


       at helpers/test-user.ts:14

      12 |     await this.page.goto('/signup');
      13 |     await this.page.fill('input[name="email"]', testEmail);
    > 14 |     await this.page.fill('input[name="password"]', testPassword);
         |                     ^
      15 |     await this.page.fill('input[name="confirmPassword"]', testPassword);
      16 |     await this.page.click('button[type="submit"]');
      17 |     
        at TestUser.signUp (/home/beano/DevProjects/next_js/moshimoshi/e2e/helpers/test-user.ts:14:21)
        at /home/beano/DevProjects/next_js/moshimoshi/e2e/tests/07-integration.spec.ts:249:33

    attachment #1: screenshot (image/png) ──────────────────────────────────────────────────────────
    ../test-results/tests-07-integration-Full--65909-s-cross-feature-integration-Mobile-Chrome/test-failed-1.png
    ────────────────────────────────────────────────────────────────────────────────────────────────

    attachment #2: video (video/webm) ──────────────────────────────────────────────────────────────
    ../test-results/tests-07-integration-Full--65909-s-cross-feature-integration-Mobile-Chrome/video.webm
    ────────────────────────────────────────────────────────────────────────────────────────────────

    Error Context: ../test-results/tests-07-integration-Full--65909-s-cross-feature-integration-Mobile-Chrome/error-context.md
]]>
</failure>
<system-out>
<![CDATA[
[[ATTACHMENT|tests-07-integration-Full--65909-s-cross-feature-integration-Mobile-Chrome/test-failed-1.png]]

[[ATTACHMENT|tests-07-integration-Full--65909-s-cross-feature-integration-Mobile-Chrome/video.webm]]

[[ATTACHMENT|tests-07-integration-Full--65909-s-cross-feature-integration-Mobile-Chrome/error-context.md]]
]]>
</system-out>
</testcase>
</testsuite>
<testsuite name="tests/08-performance.spec.ts" timestamp="2025-09-10T19:16:53.435Z" hostname="Mobile Chrome" tests="8" failures="7" skipped="0" time="95.088" errors="0">
<testcase name="Performance Regression Tests › page load performance metrics" classname="tests/08-performance.spec.ts" time="1.14">
</testcase>
<testcase name="Performance Regression Tests › API response time performance" classname="tests/08-performance.spec.ts" time="15.265">
<failure message="08-performance.spec.ts:25:7 API response time performance" type="FAILURE">
<![CDATA[  [Mobile Chrome] › tests/08-performance.spec.ts:25:7 › Performance Regression Tests › API response time performance 

    TimeoutError: page.fill: Timeout 15000ms exceeded.
    Call log:
      - waiting for locator('input[name="password"]')


       at helpers/test-user.ts:14

      12 |     await this.page.goto('/signup');
      13 |     await this.page.fill('input[name="email"]', testEmail);
    > 14 |     await this.page.fill('input[name="password"]', testPassword);
         |                     ^
      15 |     await this.page.fill('input[name="confirmPassword"]', testPassword);
      16 |     await this.page.click('button[type="submit"]');
      17 |     
        at TestUser.signUp (/home/beano/DevProjects/next_js/moshimoshi/e2e/helpers/test-user.ts:14:21)
        at /home/beano/DevProjects/next_js/moshimoshi/e2e/tests/08-performance.spec.ts:26:33

    attachment #1: screenshot (image/png) ──────────────────────────────────────────────────────────
    ../test-results/tests-08-performance-Perfo-6fc1b-I-response-time-performance-Mobile-Chrome/test-failed-1.png
    ────────────────────────────────────────────────────────────────────────────────────────────────

    attachment #2: video (video/webm) ──────────────────────────────────────────────────────────────
    ../test-results/tests-08-performance-Perfo-6fc1b-I-response-time-performance-Mobile-Chrome/video.webm
    ────────────────────────────────────────────────────────────────────────────────────────────────

    Error Context: ../test-results/tests-08-performance-Perfo-6fc1b-I-response-time-performance-Mobile-Chrome/error-context.md
]]>
</failure>
<system-out>
<![CDATA[
[[ATTACHMENT|tests-08-performance-Perfo-6fc1b-I-response-time-performance-Mobile-Chrome/test-failed-1.png]]

[[ATTACHMENT|tests-08-performance-Perfo-6fc1b-I-response-time-performance-Mobile-Chrome/video.webm]]

[[ATTACHMENT|tests-08-performance-Perfo-6fc1b-I-response-time-performance-Mobile-Chrome/error-context.md]]
]]>
</system-out>
</testcase>
<testcase name="Performance Regression Tests › review session performance" classname="tests/08-performance.spec.ts" time="15.45">
<failure message="08-performance.spec.ts:53:7 review session performance" type="FAILURE">
<![CDATA[  [Mobile Chrome] › tests/08-performance.spec.ts:53:7 › Performance Regression Tests › review session performance 

    TimeoutError: page.fill: Timeout 15000ms exceeded.
    Call log:
      - waiting for locator('input[name="password"]')


       at helpers/test-user.ts:14

      12 |     await this.page.goto('/signup');
      13 |     await this.page.fill('input[name="email"]', testEmail);
    > 14 |     await this.page.fill('input[name="password"]', testPassword);
         |                     ^
      15 |     await this.page.fill('input[name="confirmPassword"]', testPassword);
      16 |     await this.page.click('button[type="submit"]');
      17 |     
        at TestUser.signUp (/home/beano/DevProjects/next_js/moshimoshi/e2e/helpers/test-user.ts:14:21)
        at /home/beano/DevProjects/next_js/moshimoshi/e2e/tests/08-performance.spec.ts:54:33

    attachment #1: screenshot (image/png) ──────────────────────────────────────────────────────────
    ../test-results/tests-08-performance-Perfo-d8fad--review-session-performance-Mobile-Chrome/test-failed-1.png
    ────────────────────────────────────────────────────────────────────────────────────────────────

    attachment #2: video (video/webm) ──────────────────────────────────────────────────────────────
    ../test-results/tests-08-performance-Perfo-d8fad--review-session-performance-Mobile-Chrome/video.webm
    ────────────────────────────────────────────────────────────────────────────────────────────────

    Error Context: ../test-results/tests-08-performance-Perfo-d8fad--review-session-performance-Mobile-Chrome/error-context.md
]]>
</failure>
<system-out>
<![CDATA[
[[ATTACHMENT|tests-08-performance-Perfo-d8fad--review-session-performance-Mobile-Chrome/test-failed-1.png]]

[[ATTACHMENT|tests-08-performance-Perfo-d8fad--review-session-performance-Mobile-Chrome/video.webm]]

[[ATTACHMENT|tests-08-performance-Perfo-d8fad--review-session-performance-Mobile-Chrome/error-context.md]]
]]>
</system-out>
</testcase>
<testcase name="Performance Regression Tests › memory usage remains stable" classname="tests/08-performance.spec.ts" time="15.488">
<failure message="08-performance.spec.ts:94:7 memory usage remains stable" type="FAILURE">
<![CDATA[  [Mobile Chrome] › tests/08-performance.spec.ts:94:7 › Performance Regression Tests › memory usage remains stable 

    TimeoutError: page.fill: Timeout 15000ms exceeded.
    Call log:
      - waiting for locator('input[name="password"]')


       at helpers/test-user.ts:14

      12 |     await this.page.goto('/signup');
      13 |     await this.page.fill('input[name="email"]', testEmail);
    > 14 |     await this.page.fill('input[name="password"]', testPassword);
         |                     ^
      15 |     await this.page.fill('input[name="confirmPassword"]', testPassword);
      16 |     await this.page.click('button[type="submit"]');
      17 |     
        at TestUser.signUp (/home/beano/DevProjects/next_js/moshimoshi/e2e/helpers/test-user.ts:14:21)
        at /home/beano/DevProjects/next_js/moshimoshi/e2e/tests/08-performance.spec.ts:95:33

    attachment #1: screenshot (image/png) ──────────────────────────────────────────────────────────
    ../test-results/tests-08-performance-Perfo-4211c-memory-usage-remains-stable-Mobile-Chrome/test-failed-1.png
    ────────────────────────────────────────────────────────────────────────────────────────────────

    attachment #2: video (video/webm) ──────────────────────────────────────────────────────────────
    ../test-results/tests-08-performance-Perfo-4211c-memory-usage-remains-stable-Mobile-Chrome/video.webm
    ────────────────────────────────────────────────────────────────────────────────────────────────

    Error Context: ../test-results/tests-08-performance-Perfo-4211c-memory-usage-remains-stable-Mobile-Chrome/error-context.md
]]>
</failure>
<system-out>
<![CDATA[
[[ATTACHMENT|tests-08-performance-Perfo-4211c-memory-usage-remains-stable-Mobile-Chrome/test-failed-1.png]]

[[ATTACHMENT|tests-08-performance-Perfo-4211c-memory-usage-remains-stable-Mobile-Chrome/video.webm]]

[[ATTACHMENT|tests-08-performance-Perfo-4211c-memory-usage-remains-stable-Mobile-Chrome/error-context.md]]
]]>
</system-out>
</testcase>
<testcase name="Performance Regression Tests › bundle size and resource loading" classname="tests/08-performance.spec.ts" time="1.241">
<failure message="08-performance.spec.ts:144:7 bundle size and resource loading" type="FAILURE">
<![CDATA[  [Mobile Chrome] › tests/08-performance.spec.ts:144:7 › Performance Regression Tests › bundle size and resource loading 

    Error: expect(received).toBeLessThan(expected)

    Expected: < 512000
    Received:   9773587

      168 |     
      169 |     // Bundle size limits (in bytes)
    > 170 |     expect(jsSize).toBeLessThan(500 * 1024); // JS under 500KB
          |                    ^
      171 |     expect(cssSize).toBeLessThan(100 * 1024); // CSS under 100KB
      172 |     
      173 |     // Check for code splitting (should have multiple JS chunks)
        at /home/beano/DevProjects/next_js/moshimoshi/e2e/tests/08-performance.spec.ts:170:20

    attachment #1: screenshot (image/png) ──────────────────────────────────────────────────────────
    ../test-results/tests-08-performance-Perfo-baf53-e-size-and-resource-loading-Mobile-Chrome/test-failed-1.png
    ────────────────────────────────────────────────────────────────────────────────────────────────

    attachment #2: video (video/webm) ──────────────────────────────────────────────────────────────
    ../test-results/tests-08-performance-Perfo-baf53-e-size-and-resource-loading-Mobile-Chrome/video.webm
    ────────────────────────────────────────────────────────────────────────────────────────────────

    Error Context: ../test-results/tests-08-performance-Perfo-baf53-e-size-and-resource-loading-Mobile-Chrome/error-context.md
]]>
</failure>
<system-out>
<![CDATA[
[[ATTACHMENT|tests-08-performance-Perfo-baf53-e-size-and-resource-loading-Mobile-Chrome/test-failed-1.png]]

[[ATTACHMENT|tests-08-performance-Perfo-baf53-e-size-and-resource-loading-Mobile-Chrome/video.webm]]

[[ATTACHMENT|tests-08-performance-Perfo-baf53-e-size-and-resource-loading-Mobile-Chrome/error-context.md]]
]]>
</system-out>
</testcase>
<testcase name="Performance Regression Tests › database query performance" classname="tests/08-performance.spec.ts" time="15.552">
<failure message="08-performance.spec.ts:178:7 database query performance" type="FAILURE">
<![CDATA[  [Mobile Chrome] › tests/08-performance.spec.ts:178:7 › Performance Regression Tests › database query performance 

    TimeoutError: page.fill: Timeout 15000ms exceeded.
    Call log:
      - waiting for locator('input[name="password"]')


       at helpers/test-user.ts:14

      12 |     await this.page.goto('/signup');
      13 |     await this.page.fill('input[name="email"]', testEmail);
    > 14 |     await this.page.fill('input[name="password"]', testPassword);
         |                     ^
      15 |     await this.page.fill('input[name="confirmPassword"]', testPassword);
      16 |     await this.page.click('button[type="submit"]');
      17 |     
        at TestUser.signUp (/home/beano/DevProjects/next_js/moshimoshi/e2e/helpers/test-user.ts:14:21)
        at /home/beano/DevProjects/next_js/moshimoshi/e2e/tests/08-performance.spec.ts:179:33

    attachment #1: screenshot (image/png) ──────────────────────────────────────────────────────────
    ../test-results/tests-08-performance-Perfo-86725--database-query-performance-Mobile-Chrome/test-failed-1.png
    ────────────────────────────────────────────────────────────────────────────────────────────────

    attachment #2: video (video/webm) ──────────────────────────────────────────────────────────────
    ../test-results/tests-08-performance-Perfo-86725--database-query-performance-Mobile-Chrome/video.webm
    ────────────────────────────────────────────────────────────────────────────────────────────────

    Error Context: ../test-results/tests-08-performance-Perfo-86725--database-query-performance-Mobile-Chrome/error-context.md
]]>
</failure>
<system-out>
<![CDATA[
[[ATTACHMENT|tests-08-performance-Perfo-86725--database-query-performance-Mobile-Chrome/test-failed-1.png]]

[[ATTACHMENT|tests-08-performance-Perfo-86725--database-query-performance-Mobile-Chrome/video.webm]]

[[ATTACHMENT|tests-08-performance-Perfo-86725--database-query-performance-Mobile-Chrome/error-context.md]]
]]>
</system-out>
</testcase>
<testcase name="Performance Regression Tests › concurrent user load simulation" classname="tests/08-performance.spec.ts" time="15.559">
<failure message="08-performance.spec.ts:225:7 concurrent user load simulation" type="FAILURE">
<![CDATA[  [Mobile Chrome] › tests/08-performance.spec.ts:225:7 › Performance Regression Tests › concurrent user load simulation 

    TimeoutError: page.fill: Timeout 15000ms exceeded.
    Call log:
      - waiting for locator('input[name="password"]')


       at helpers/test-user.ts:14

      12 |     await this.page.goto('/signup');
      13 |     await this.page.fill('input[name="email"]', testEmail);
    > 14 |     await this.page.fill('input[name="password"]', testPassword);
         |                     ^
      15 |     await this.page.fill('input[name="confirmPassword"]', testPassword);
      16 |     await this.page.click('button[type="submit"]');
      17 |     
        at TestUser.signUp (/home/beano/DevProjects/next_js/moshimoshi/e2e/helpers/test-user.ts:14:21)
        at /home/beano/DevProjects/next_js/moshimoshi/e2e/tests/08-performance.spec.ts:226:33

    attachment #1: screenshot (image/png) ──────────────────────────────────────────────────────────
    ../test-results/tests-08-performance-Perfo-a86ee-urrent-user-load-simulation-Mobile-Chrome/test-failed-1.png
    ────────────────────────────────────────────────────────────────────────────────────────────────

    attachment #2: video (video/webm) ──────────────────────────────────────────────────────────────
    ../test-results/tests-08-performance-Perfo-a86ee-urrent-user-load-simulation-Mobile-Chrome/video.webm
    ────────────────────────────────────────────────────────────────────────────────────────────────

    Error Context: ../test-results/tests-08-performance-Perfo-a86ee-urrent-user-load-simulation-Mobile-Chrome/error-context.md
]]>
</failure>
<system-out>
<![CDATA[
[[ATTACHMENT|tests-08-performance-Perfo-a86ee-urrent-user-load-simulation-Mobile-Chrome/test-failed-1.png]]

[[ATTACHMENT|tests-08-performance-Perfo-a86ee-urrent-user-load-simulation-Mobile-Chrome/video.webm]]

[[ATTACHMENT|tests-08-performance-Perfo-a86ee-urrent-user-load-simulation-Mobile-Chrome/error-context.md]]
]]>
</system-out>
</testcase>
<testcase name="Performance Regression Tests › cache effectiveness" classname="tests/08-performance.spec.ts" time="15.393">
<failure message="08-performance.spec.ts:276:7 cache effectiveness" type="FAILURE">
<![CDATA[  [Mobile Chrome] › tests/08-performance.spec.ts:276:7 › Performance Regression Tests › cache effectiveness 

    TimeoutError: page.fill: Timeout 15000ms exceeded.
    Call log:
      - waiting for locator('input[name="password"]')


       at helpers/test-user.ts:14

      12 |     await this.page.goto('/signup');
      13 |     await this.page.fill('input[name="email"]', testEmail);
    > 14 |     await this.page.fill('input[name="password"]', testPassword);
         |                     ^
      15 |     await this.page.fill('input[name="confirmPassword"]', testPassword);
      16 |     await this.page.click('button[type="submit"]');
      17 |     
        at TestUser.signUp (/home/beano/DevProjects/next_js/moshimoshi/e2e/helpers/test-user.ts:14:21)
        at /home/beano/DevProjects/next_js/moshimoshi/e2e/tests/08-performance.spec.ts:277:33

    attachment #1: screenshot (image/png) ──────────────────────────────────────────────────────────
    ../test-results/tests-08-performance-Perfo-0f20c-n-Tests-cache-effectiveness-Mobile-Chrome/test-failed-1.png
    ────────────────────────────────────────────────────────────────────────────────────────────────

    attachment #2: video (video/webm) ──────────────────────────────────────────────────────────────
    ../test-results/tests-08-performance-Perfo-0f20c-n-Tests-cache-effectiveness-Mobile-Chrome/video.webm
    ────────────────────────────────────────────────────────────────────────────────────────────────

    Error Context: ../test-results/tests-08-performance-Perfo-0f20c-n-Tests-cache-effectiveness-Mobile-Chrome/error-context.md
]]>
</failure>
<system-out>
<![CDATA[
[[ATTACHMENT|tests-08-performance-Perfo-0f20c-n-Tests-cache-effectiveness-Mobile-Chrome/test-failed-1.png]]

[[ATTACHMENT|tests-08-performance-Perfo-0f20c-n-Tests-cache-effectiveness-Mobile-Chrome/video.webm]]

[[ATTACHMENT|tests-08-performance-Perfo-0f20c-n-Tests-cache-effectiveness-Mobile-Chrome/error-context.md]]
]]>
</system-out>
</testcase>
</testsuite>
<testsuite name="tests/01-onboarding.spec.ts" timestamp="2025-09-10T19:16:53.435Z" hostname="Mobile Safari" tests="4" failures="4" skipped="0" time="0.004" errors="0">
<testcase name="User Onboarding Flow › new user can complete full onboarding" classname="tests/01-onboarding.spec.ts" time="0.001">
<failure message="01-onboarding.spec.ts:4:7 new user can complete full onboarding" type="FAILURE">
<![CDATA[  [Mobile Safari] › tests/01-onboarding.spec.ts:4:7 › User Onboarding Flow › new user can complete full onboarding 

    Error: browserType.launch: Executable doesn't exist at /home/beano/.cache/ms-playwright/webkit-2203/pw_run.sh
    ╔═════════════════════════════════════════════════════════════════════════╗
    ║ Looks like Playwright Test or Playwright was just installed or updated. ║
    ║ Please run the following command to download new browsers:              ║
    ║                                                                         ║
    ║     npx playwright install                                              ║
    ║                                                                         ║
    ║ <3 Playwright Team                                                      ║
    ╚═════════════════════════════════════════════════════════════════════════╝
]]>
</failure>
</testcase>
<testcase name="User Onboarding Flow › existing user can login" classname="tests/01-onboarding.spec.ts" time="0.001">
<failure message="01-onboarding.spec.ts:54:7 existing user can login" type="FAILURE">
<![CDATA[  [Mobile Safari] › tests/01-onboarding.spec.ts:54:7 › User Onboarding Flow › existing user can login 

    Error: browserType.launch: Executable doesn't exist at /home/beano/.cache/ms-playwright/webkit-2203/pw_run.sh
    ╔═════════════════════════════════════════════════════════════════════════╗
    ║ Looks like Playwright Test or Playwright was just installed or updated. ║
    ║ Please run the following command to download new browsers:              ║
    ║                                                                         ║
    ║     npx playwright install                                              ║
    ║                                                                         ║
    ║ <3 Playwright Team                                                      ║
    ╚═════════════════════════════════════════════════════════════════════════╝
]]>
</failure>
</testcase>
<testcase name="User Onboarding Flow › password reset flow works" classname="tests/01-onboarding.spec.ts" time="0.001">
<failure message="01-onboarding.spec.ts:93:7 password reset flow works" type="FAILURE">
<![CDATA[  [Mobile Safari] › tests/01-onboarding.spec.ts:93:7 › User Onboarding Flow › password reset flow works 

    Error: browserType.launch: Executable doesn't exist at /home/beano/.cache/ms-playwright/webkit-2203/pw_run.sh
    ╔═════════════════════════════════════════════════════════════════════════╗
    ║ Looks like Playwright Test or Playwright was just installed or updated. ║
    ║ Please run the following command to download new browsers:              ║
    ║                                                                         ║
    ║     npx playwright install                                              ║
    ║                                                                         ║
    ║ <3 Playwright Team                                                      ║
    ╚═════════════════════════════════════════════════════════════════════════╝
]]>
</failure>
</testcase>
<testcase name="User Onboarding Flow › validates signup form fields" classname="tests/01-onboarding.spec.ts" time="0.001">
<failure message="01-onboarding.spec.ts:109:7 validates signup form fields" type="FAILURE">
<![CDATA[  [Mobile Safari] › tests/01-onboarding.spec.ts:109:7 › User Onboarding Flow › validates signup form fields 

    Error: browserType.launch: Executable doesn't exist at /home/beano/.cache/ms-playwright/webkit-2203/pw_run.sh
    ╔═════════════════════════════════════════════════════════════════════════╗
    ║ Looks like Playwright Test or Playwright was just installed or updated. ║
    ║ Please run the following command to download new browsers:              ║
    ║                                                                         ║
    ║     npx playwright install                                              ║
    ║                                                                         ║
    ║ <3 Playwright Team                                                      ║
    ╚═════════════════════════════════════════════════════════════════════════╝
]]>
</failure>
</testcase>
</testsuite>
<testsuite name="tests/02-review-session.spec.ts" timestamp="2025-09-10T19:16:53.435Z" hostname="Mobile Safari" tests="5" failures="5" skipped="0" time="0.005" errors="0">
<testcase name="Review Session Flow › can start and complete a review session" classname="tests/02-review-session.spec.ts" time="0.001">
<failure message="02-review-session.spec.ts:10:7 can start and complete a review session" type="FAILURE">
<![CDATA[  [Mobile Safari] › tests/02-review-session.spec.ts:10:7 › Review Session Flow › can start and complete a review session 

    Error: browserType.launch: Executable doesn't exist at /home/beano/.cache/ms-playwright/webkit-2203/pw_run.sh
    ╔═════════════════════════════════════════════════════════════════════════╗
    ║ Looks like Playwright Test or Playwright was just installed or updated. ║
    ║ Please run the following command to download new browsers:              ║
    ║                                                                         ║
    ║     npx playwright install                                              ║
    ║                                                                         ║
    ║ <3 Playwright Team                                                      ║
    ╚═════════════════════════════════════════════════════════════════════════╝
]]>
</failure>
</testcase>
<testcase name="Review Session Flow › SRS algorithm updates intervals correctly" classname="tests/02-review-session.spec.ts" time="0.001">
<failure message="02-review-session.spec.ts:60:7 SRS algorithm updates intervals correctly" type="FAILURE">
<![CDATA[  [Mobile Safari] › tests/02-review-session.spec.ts:60:7 › Review Session Flow › SRS algorithm updates intervals correctly 

    Error: browserType.launch: Executable doesn't exist at /home/beano/.cache/ms-playwright/webkit-2203/pw_run.sh
    ╔═════════════════════════════════════════════════════════════════════════╗
    ║ Looks like Playwright Test or Playwright was just installed or updated. ║
    ║ Please run the following command to download new browsers:              ║
    ║                                                                         ║
    ║     npx playwright install                                              ║
    ║                                                                         ║
    ║ <3 Playwright Team                                                      ║
    ╚═════════════════════════════════════════════════════════════════════════╝
]]>
</failure>
</testcase>
<testcase name="Review Session Flow › review session persists progress" classname="tests/02-review-session.spec.ts" time="0.001">
<failure message="02-review-session.spec.ts:93:7 review session persists progress" type="FAILURE">
<![CDATA[  [Mobile Safari] › tests/02-review-session.spec.ts:93:7 › Review Session Flow › review session persists progress 

    Error: browserType.launch: Executable doesn't exist at /home/beano/.cache/ms-playwright/webkit-2203/pw_run.sh
    ╔═════════════════════════════════════════════════════════════════════════╗
    ║ Looks like Playwright Test or Playwright was just installed or updated. ║
    ║ Please run the following command to download new browsers:              ║
    ║                                                                         ║
    ║     npx playwright install                                              ║
    ║                                                                         ║
    ║ <3 Playwright Team                                                      ║
    ╚═════════════════════════════════════════════════════════════════════════╝
]]>
</failure>
</testcase>
<testcase name="Review Session Flow › handles empty review queue gracefully" classname="tests/02-review-session.spec.ts" time="0.001">
<failure message="02-review-session.spec.ts:135:7 handles empty review queue gracefully" type="FAILURE">
<![CDATA[  [Mobile Safari] › tests/02-review-session.spec.ts:135:7 › Review Session Flow › handles empty review queue gracefully 

    Error: browserType.launch: Executable doesn't exist at /home/beano/.cache/ms-playwright/webkit-2203/pw_run.sh
    ╔═════════════════════════════════════════════════════════════════════════╗
    ║ Looks like Playwright Test or Playwright was just installed or updated. ║
    ║ Please run the following command to download new browsers:              ║
    ║                                                                         ║
    ║     npx playwright install                                              ║
    ║                                                                         ║
    ║ <3 Playwright Team                                                      ║
    ╚═════════════════════════════════════════════════════════════════════════╝
]]>
</failure>
</testcase>
<testcase name="Review Session Flow › review statistics are tracked" classname="tests/02-review-session.spec.ts" time="0.001">
<failure message="02-review-session.spec.ts:149:7 review statistics are tracked" type="FAILURE">
<![CDATA[  [Mobile Safari] › tests/02-review-session.spec.ts:149:7 › Review Session Flow › review statistics are tracked 

    Error: browserType.launch: Executable doesn't exist at /home/beano/.cache/ms-playwright/webkit-2203/pw_run.sh
    ╔═════════════════════════════════════════════════════════════════════════╗
    ║ Looks like Playwright Test or Playwright was just installed or updated. ║
    ║ Please run the following command to download new browsers:              ║
    ║                                                                         ║
    ║     npx playwright install                                              ║
    ║                                                                         ║
    ║ <3 Playwright Team                                                      ║
    ╚═════════════════════════════════════════════════════════════════════════╝
]]>
</failure>
</testcase>
</testsuite>
<testsuite name="tests/03-offline-online.spec.ts" timestamp="2025-09-10T19:16:53.435Z" hostname="Mobile Safari" tests="5" failures="5" skipped="0" time="0.008" errors="0">
<testcase name="Offline/Online Transition › app works offline and syncs when back online" classname="tests/03-offline-online.spec.ts" time="0.001">
<failure message="03-offline-online.spec.ts:10:7 app works offline and syncs when back online" type="FAILURE">
<![CDATA[  [Mobile Safari] › tests/03-offline-online.spec.ts:10:7 › Offline/Online Transition › app works offline and syncs when back online 

    Error: browserType.launch: Executable doesn't exist at /home/beano/.cache/ms-playwright/webkit-2203/pw_run.sh
    ╔═════════════════════════════════════════════════════════════════════════╗
    ║ Looks like Playwright Test or Playwright was just installed or updated. ║
    ║ Please run the following command to download new browsers:              ║
    ║                                                                         ║
    ║     npx playwright install                                              ║
    ║                                                                         ║
    ║ <3 Playwright Team                                                      ║
    ╚═════════════════════════════════════════════════════════════════════════╝
]]>
</failure>
</testcase>
<testcase name="Offline/Online Transition › handles offline mode gracefully" classname="tests/03-offline-online.spec.ts" time="0.001">
<failure message="03-offline-online.spec.ts:75:7 handles offline mode gracefully" type="FAILURE">
<![CDATA[  [Mobile Safari] › tests/03-offline-online.spec.ts:75:7 › Offline/Online Transition › handles offline mode gracefully 

    Error: browserType.launch: Executable doesn't exist at /home/beano/.cache/ms-playwright/webkit-2203/pw_run.sh
    ╔═════════════════════════════════════════════════════════════════════════╗
    ║ Looks like Playwright Test or Playwright was just installed or updated. ║
    ║ Please run the following command to download new browsers:              ║
    ║                                                                         ║
    ║     npx playwright install                                              ║
    ║                                                                         ║
    ║ <3 Playwright Team                                                      ║
    ╚═════════════════════════════════════════════════════════════════════════╝
]]>
</failure>
</testcase>
<testcase name="Offline/Online Transition › queues actions while offline" classname="tests/03-offline-online.spec.ts" time="0.002">
<failure message="03-offline-online.spec.ts:100:7 queues actions while offline" type="FAILURE">
<![CDATA[  [Mobile Safari] › tests/03-offline-online.spec.ts:100:7 › Offline/Online Transition › queues actions while offline 

    Error: browserType.launch: Executable doesn't exist at /home/beano/.cache/ms-playwright/webkit-2203/pw_run.sh
    ╔═════════════════════════════════════════════════════════════════════════╗
    ║ Looks like Playwright Test or Playwright was just installed or updated. ║
    ║ Please run the following command to download new browsers:              ║
    ║                                                                         ║
    ║     npx playwright install                                              ║
    ║                                                                         ║
    ║ <3 Playwright Team                                                      ║
    ╚═════════════════════════════════════════════════════════════════════════╝
]]>
</failure>
</testcase>
<testcase name="Offline/Online Transition › service worker caches essential resources" classname="tests/03-offline-online.spec.ts" time="0.002">
<failure message="03-offline-online.spec.ts:153:7 service worker caches essential resources" type="FAILURE">
<![CDATA[  [Mobile Safari] › tests/03-offline-online.spec.ts:153:7 › Offline/Online Transition › service worker caches essential resources 

    Error: browserType.launch: Executable doesn't exist at /home/beano/.cache/ms-playwright/webkit-2203/pw_run.sh
    ╔═════════════════════════════════════════════════════════════════════════╗
    ║ Looks like Playwright Test or Playwright was just installed or updated. ║
    ║ Please run the following command to download new browsers:              ║
    ║                                                                         ║
    ║     npx playwright install                                              ║
    ║                                                                         ║
    ║ <3 Playwright Team                                                      ║
    ╚═════════════════════════════════════════════════════════════════════════╝
]]>
</failure>
</testcase>
<testcase name="Offline/Online Transition › conflict resolution when syncing" classname="tests/03-offline-online.spec.ts" time="0.002">
<failure message="03-offline-online.spec.ts:179:7 conflict resolution when syncing" type="FAILURE">
<![CDATA[  [Mobile Safari] › tests/03-offline-online.spec.ts:179:7 › Offline/Online Transition › conflict resolution when syncing 

    Error: browserType.launch: Executable doesn't exist at /home/beano/.cache/ms-playwright/webkit-2203/pw_run.sh
    ╔═════════════════════════════════════════════════════════════════════════╗
    ║ Looks like Playwright Test or Playwright was just installed or updated. ║
    ║ Please run the following command to download new browsers:              ║
    ║                                                                         ║
    ║     npx playwright install                                              ║
    ║                                                                         ║
    ║ <3 Playwright Team                                                      ║
    ╚═════════════════════════════════════════════════════════════════════════╝
]]>
</failure>
</testcase>
</testsuite>
<testsuite name="tests/04-payment-flow.spec.ts" timestamp="2025-09-10T19:16:53.435Z" hostname="Mobile Safari" tests="7" failures="7" skipped="0" time="0.011" errors="0">
<testcase name="Payment and Subscription Flow › can view subscription plans" classname="tests/04-payment-flow.spec.ts" time="0.001">
<failure message="04-payment-flow.spec.ts:10:7 can view subscription plans" type="FAILURE">
<![CDATA[  [Mobile Safari] › tests/04-payment-flow.spec.ts:10:7 › Payment and Subscription Flow › can view subscription plans 

    Error: browserType.launch: Executable doesn't exist at /home/beano/.cache/ms-playwright/webkit-2203/pw_run.sh
    ╔═════════════════════════════════════════════════════════════════════════╗
    ║ Looks like Playwright Test or Playwright was just installed or updated. ║
    ║ Please run the following command to download new browsers:              ║
    ║                                                                         ║
    ║     npx playwright install                                              ║
    ║                                                                         ║
    ║ <3 Playwright Team                                                      ║
    ╚═════════════════════════════════════════════════════════════════════════╝
]]>
</failure>
</testcase>
<testcase name="Payment and Subscription Flow › can initiate premium subscription" classname="tests/04-payment-flow.spec.ts" time="0.001">
<failure message="04-payment-flow.spec.ts:34:7 can initiate premium subscription" type="FAILURE">
<![CDATA[  [Mobile Safari] › tests/04-payment-flow.spec.ts:34:7 › Payment and Subscription Flow › can initiate premium subscription 

    Error: browserType.launch: Executable doesn't exist at /home/beano/.cache/ms-playwright/webkit-2203/pw_run.sh
    ╔═════════════════════════════════════════════════════════════════════════╗
    ║ Looks like Playwright Test or Playwright was just installed or updated. ║
    ║ Please run the following command to download new browsers:              ║
    ║                                                                         ║
    ║     npx playwright install                                              ║
    ║                                                                         ║
    ║ <3 Playwright Team                                                      ║
    ╚═════════════════════════════════════════════════════════════════════════╝
]]>
</failure>
</testcase>
<testcase name="Payment and Subscription Flow › test payment with test card" classname="tests/04-payment-flow.spec.ts" time="0.002">
<failure message="04-payment-flow.spec.ts:54:7 test payment with test card" type="FAILURE">
<![CDATA[  [Mobile Safari] › tests/04-payment-flow.spec.ts:54:7 › Payment and Subscription Flow › test payment with test card 

    Error: browserType.launch: Executable doesn't exist at /home/beano/.cache/ms-playwright/webkit-2203/pw_run.sh
    ╔═════════════════════════════════════════════════════════════════════════╗
    ║ Looks like Playwright Test or Playwright was just installed or updated. ║
    ║ Please run the following command to download new browsers:              ║
    ║                                                                         ║
    ║     npx playwright install                                              ║
    ║                                                                         ║
    ║ <3 Playwright Team                                                      ║
    ╚═════════════════════════════════════════════════════════════════════════╝
]]>
</failure>
</testcase>
<testcase name="Payment and Subscription Flow › subscription status is reflected in UI" classname="tests/04-payment-flow.spec.ts" time="0.001">
<failure message="04-payment-flow.spec.ts:91:7 subscription status is reflected in UI" type="FAILURE">
<![CDATA[  [Mobile Safari] › tests/04-payment-flow.spec.ts:91:7 › Payment and Subscription Flow › subscription status is reflected in UI 

    Error: browserType.launch: Executable doesn't exist at /home/beano/.cache/ms-playwright/webkit-2203/pw_run.sh
    ╔═════════════════════════════════════════════════════════════════════════╗
    ║ Looks like Playwright Test or Playwright was just installed or updated. ║
    ║ Please run the following command to download new browsers:              ║
    ║                                                                         ║
    ║     npx playwright install                                              ║
    ║                                                                         ║
    ║ <3 Playwright Team                                                      ║
    ╚═════════════════════════════════════════════════════════════════════════╝
]]>
</failure>
</testcase>
<testcase name="Payment and Subscription Flow › can manage subscription" classname="tests/04-payment-flow.spec.ts" time="0.002">
<failure message="04-payment-flow.spec.ts:109:7 can manage subscription" type="FAILURE">
<![CDATA[  [Mobile Safari] › tests/04-payment-flow.spec.ts:109:7 › Payment and Subscription Flow › can manage subscription 

    Error: browserType.launch: Executable doesn't exist at /home/beano/.cache/ms-playwright/webkit-2203/pw_run.sh
    ╔═════════════════════════════════════════════════════════════════════════╗
    ║ Looks like Playwright Test or Playwright was just installed or updated. ║
    ║ Please run the following command to download new browsers:              ║
    ║                                                                         ║
    ║     npx playwright install                                              ║
    ║                                                                         ║
    ║ <3 Playwright Team                                                      ║
    ╚═════════════════════════════════════════════════════════════════════════╝
]]>
</failure>
</testcase>
<testcase name="Payment and Subscription Flow › handles payment errors gracefully" classname="tests/04-payment-flow.spec.ts" time="0.002">
<failure message="04-payment-flow.spec.ts:123:7 handles payment errors gracefully" type="FAILURE">
<![CDATA[  [Mobile Safari] › tests/04-payment-flow.spec.ts:123:7 › Payment and Subscription Flow › handles payment errors gracefully 

    Error: browserType.launch: Executable doesn't exist at /home/beano/.cache/ms-playwright/webkit-2203/pw_run.sh
    ╔═════════════════════════════════════════════════════════════════════════╗
    ║ Looks like Playwright Test or Playwright was just installed or updated. ║
    ║ Please run the following command to download new browsers:              ║
    ║                                                                         ║
    ║     npx playwright install                                              ║
    ║                                                                         ║
    ║ <3 Playwright Team                                                      ║
    ╚═════════════════════════════════════════════════════════════════════════╝
]]>
</failure>
</testcase>
<testcase name="Payment and Subscription Flow › premium features are accessible after subscription" classname="tests/04-payment-flow.spec.ts" time="0.002">
<failure message="04-payment-flow.spec.ts:157:7 premium features are accessible after subscription" type="FAILURE">
<![CDATA[  [Mobile Safari] › tests/04-payment-flow.spec.ts:157:7 › Payment and Subscription Flow › premium features are accessible after subscription 

    Error: browserType.launch: Executable doesn't exist at /home/beano/.cache/ms-playwright/webkit-2203/pw_run.sh
    ╔═════════════════════════════════════════════════════════════════════════╗
    ║ Looks like Playwright Test or Playwright was just installed or updated. ║
    ║ Please run the following command to download new browsers:              ║
    ║                                                                         ║
    ║     npx playwright install                                              ║
    ║                                                                         ║
    ║ <3 Playwright Team                                                      ║
    ╚═════════════════════════════════════════════════════════════════════════╝
]]>
</failure>
</testcase>
</testsuite>
<testsuite name="tests/05-accessibility.spec.ts" timestamp="2025-09-10T19:16:53.435Z" hostname="Mobile Safari" tests="10" failures="10" skipped="0" time="0.017" errors="0">
<testcase name="Accessibility Tests (WCAG 2.1 AA) › homepage meets WCAG 2.1 AA standards" classname="tests/05-accessibility.spec.ts" time="0.002">
<failure message="05-accessibility.spec.ts:5:7 homepage meets WCAG 2.1 AA standards" type="FAILURE">
<![CDATA[  [Mobile Safari] › tests/05-accessibility.spec.ts:5:7 › Accessibility Tests (WCAG 2.1 AA) › homepage meets WCAG 2.1 AA standards 

    Error: browserType.launch: Executable doesn't exist at /home/beano/.cache/ms-playwright/webkit-2203/pw_run.sh
    ╔═════════════════════════════════════════════════════════════════════════╗
    ║ Looks like Playwright Test or Playwright was just installed or updated. ║
    ║ Please run the following command to download new browsers:              ║
    ║                                                                         ║
    ║     npx playwright install                                              ║
    ║                                                                         ║
    ║ <3 Playwright Team                                                      ║
    ╚═════════════════════════════════════════════════════════════════════════╝
]]>
</failure>
</testcase>
<testcase name="Accessibility Tests (WCAG 2.1 AA) › authentication pages are accessible" classname="tests/05-accessibility.spec.ts" time="0.002">
<failure message="05-accessibility.spec.ts:15:7 authentication pages are accessible" type="FAILURE">
<![CDATA[  [Mobile Safari] › tests/05-accessibility.spec.ts:15:7 › Accessibility Tests (WCAG 2.1 AA) › authentication pages are accessible 

    Error: browserType.launch: Executable doesn't exist at /home/beano/.cache/ms-playwright/webkit-2203/pw_run.sh
    ╔═════════════════════════════════════════════════════════════════════════╗
    ║ Looks like Playwright Test or Playwright was just installed or updated. ║
    ║ Please run the following command to download new browsers:              ║
    ║                                                                         ║
    ║     npx playwright install                                              ║
    ║                                                                         ║
    ║ <3 Playwright Team                                                      ║
    ╚═════════════════════════════════════════════════════════════════════════╝
]]>
</failure>
</testcase>
<testcase name="Accessibility Tests (WCAG 2.1 AA) › keyboard navigation works throughout the app" classname="tests/05-accessibility.spec.ts" time="0.002">
<failure message="05-accessibility.spec.ts:35:7 keyboard navigation works throughout the app" type="FAILURE">
<![CDATA[  [Mobile Safari] › tests/05-accessibility.spec.ts:35:7 › Accessibility Tests (WCAG 2.1 AA) › keyboard navigation works throughout the app 

    Error: browserType.launch: Executable doesn't exist at /home/beano/.cache/ms-playwright/webkit-2203/pw_run.sh
    ╔═════════════════════════════════════════════════════════════════════════╗
    ║ Looks like Playwright Test or Playwright was just installed or updated. ║
    ║ Please run the following command to download new browsers:              ║
    ║                                                                         ║
    ║     npx playwright install                                              ║
    ║                                                                         ║
    ║ <3 Playwright Team                                                      ║
    ╚═════════════════════════════════════════════════════════════════════════╝
]]>
</failure>
</testcase>
<testcase name="Accessibility Tests (WCAG 2.1 AA) › ARIA labels and roles are properly implemented" classname="tests/05-accessibility.spec.ts" time="0.002">
<failure message="05-accessibility.spec.ts:74:7 ARIA labels and roles are properly implemented" type="FAILURE">
<![CDATA[  [Mobile Safari] › tests/05-accessibility.spec.ts:74:7 › Accessibility Tests (WCAG 2.1 AA) › ARIA labels and roles are properly implemented 

    Error: browserType.launch: Executable doesn't exist at /home/beano/.cache/ms-playwright/webkit-2203/pw_run.sh
    ╔═════════════════════════════════════════════════════════════════════════╗
    ║ Looks like Playwright Test or Playwright was just installed or updated. ║
    ║ Please run the following command to download new browsers:              ║
    ║                                                                         ║
    ║     npx playwright install                                              ║
    ║                                                                         ║
    ║ <3 Playwright Team                                                      ║
    ╚═════════════════════════════════════════════════════════════════════════╝
]]>
</failure>
</testcase>
<testcase name="Accessibility Tests (WCAG 2.1 AA) › color contrast meets WCAG standards" classname="tests/05-accessibility.spec.ts" time="0.001">
<failure message="05-accessibility.spec.ts:112:7 color contrast meets WCAG standards" type="FAILURE">
<![CDATA[  [Mobile Safari] › tests/05-accessibility.spec.ts:112:7 › Accessibility Tests (WCAG 2.1 AA) › color contrast meets WCAG standards 

    Error: browserType.launch: Executable doesn't exist at /home/beano/.cache/ms-playwright/webkit-2203/pw_run.sh
    ╔═════════════════════════════════════════════════════════════════════════╗
    ║ Looks like Playwright Test or Playwright was just installed or updated. ║
    ║ Please run the following command to download new browsers:              ║
    ║                                                                         ║
    ║     npx playwright install                                              ║
    ║                                                                         ║
    ║ <3 Playwright Team                                                      ║
    ╚═════════════════════════════════════════════════════════════════════════╝
]]>
</failure>
</testcase>
<testcase name="Accessibility Tests (WCAG 2.1 AA) › images have alt text" classname="tests/05-accessibility.spec.ts" time="0.001">
<failure message="05-accessibility.spec.ts:128:7 images have alt text" type="FAILURE">
<![CDATA[  [Mobile Safari] › tests/05-accessibility.spec.ts:128:7 › Accessibility Tests (WCAG 2.1 AA) › images have alt text 

    Error: browserType.launch: Executable doesn't exist at /home/beano/.cache/ms-playwright/webkit-2203/pw_run.sh
    ╔═════════════════════════════════════════════════════════════════════════╗
    ║ Looks like Playwright Test or Playwright was just installed or updated. ║
    ║ Please run the following command to download new browsers:              ║
    ║                                                                         ║
    ║     npx playwright install                                              ║
    ║                                                                         ║
    ║ <3 Playwright Team                                                      ║
    ╚═════════════════════════════════════════════════════════════════════════╝
]]>
</failure>
</testcase>
<testcase name="Accessibility Tests (WCAG 2.1 AA) › focus management in modals and overlays" classname="tests/05-accessibility.spec.ts" time="0.001">
<failure message="05-accessibility.spec.ts:139:7 focus management in modals and overlays" type="FAILURE">
<![CDATA[  [Mobile Safari] › tests/05-accessibility.spec.ts:139:7 › Accessibility Tests (WCAG 2.1 AA) › focus management in modals and overlays 

    Error: browserType.launch: Executable doesn't exist at /home/beano/.cache/ms-playwright/webkit-2203/pw_run.sh
    ╔═════════════════════════════════════════════════════════════════════════╗
    ║ Looks like Playwright Test or Playwright was just installed or updated. ║
    ║ Please run the following command to download new browsers:              ║
    ║                                                                         ║
    ║     npx playwright install                                              ║
    ║                                                                         ║
    ║ <3 Playwright Team                                                      ║
    ╚═════════════════════════════════════════════════════════════════════════╝
]]>
</failure>
</testcase>
<testcase name="Accessibility Tests (WCAG 2.1 AA) › screen reader announcements for dynamic content" classname="tests/05-accessibility.spec.ts" time="0.002">
<failure message="05-accessibility.spec.ts:182:7 screen reader announcements for dynamic content" type="FAILURE">
<![CDATA[  [Mobile Safari] › tests/05-accessibility.spec.ts:182:7 › Accessibility Tests (WCAG 2.1 AA) › screen reader announcements for dynamic content 

    Error: browserType.launch: Executable doesn't exist at /home/beano/.cache/ms-playwright/webkit-2203/pw_run.sh
    ╔═════════════════════════════════════════════════════════════════════════╗
    ║ Looks like Playwright Test or Playwright was just installed or updated. ║
    ║ Please run the following command to download new browsers:              ║
    ║                                                                         ║
    ║     npx playwright install                                              ║
    ║                                                                         ║
    ║ <3 Playwright Team                                                      ║
    ╚═════════════════════════════════════════════════════════════════════════╝
]]>
</failure>
</testcase>
<testcase name="Accessibility Tests (WCAG 2.1 AA) › form validation messages are accessible" classname="tests/05-accessibility.spec.ts" time="0.002">
<failure message="05-accessibility.spec.ts:204:7 form validation messages are accessible" type="FAILURE">
<![CDATA[  [Mobile Safari] › tests/05-accessibility.spec.ts:204:7 › Accessibility Tests (WCAG 2.1 AA) › form validation messages are accessible 

    Error: browserType.launch: Executable doesn't exist at /home/beano/.cache/ms-playwright/webkit-2203/pw_run.sh
    ╔═════════════════════════════════════════════════════════════════════════╗
    ║ Looks like Playwright Test or Playwright was just installed or updated. ║
    ║ Please run the following command to download new browsers:              ║
    ║                                                                         ║
    ║     npx playwright install                                              ║
    ║                                                                         ║
    ║ <3 Playwright Team                                                      ║
    ╚═════════════════════════════════════════════════════════════════════════╝
]]>
</failure>
</testcase>
<testcase name="Accessibility Tests (WCAG 2.1 AA) › responsive design maintains accessibility" classname="tests/05-accessibility.spec.ts" time="0.002">
<failure message="05-accessibility.spec.ts:227:7 responsive design maintains accessibility" type="FAILURE">
<![CDATA[  [Mobile Safari] › tests/05-accessibility.spec.ts:227:7 › Accessibility Tests (WCAG 2.1 AA) › responsive design maintains accessibility 

    Error: browserType.launch: Executable doesn't exist at /home/beano/.cache/ms-playwright/webkit-2203/pw_run.sh
    ╔═════════════════════════════════════════════════════════════════════════╗
    ║ Looks like Playwright Test or Playwright was just installed or updated. ║
    ║ Please run the following command to download new browsers:              ║
    ║                                                                         ║
    ║     npx playwright install                                              ║
    ║                                                                         ║
    ║ <3 Playwright Team                                                      ║
    ╚═════════════════════════════════════════════════════════════════════════╝
]]>
</failure>
</testcase>
</testsuite>
<testsuite name="tests/06-security.spec.ts" timestamp="2025-09-10T19:16:53.435Z" hostname="Mobile Safari" tests="11" failures="11" skipped="0" time="0.02" errors="0">
<testcase name="Security Tests - OWASP Top 10 › protects against XSS attacks" classname="tests/06-security.spec.ts" time="0.001">
<failure message="06-security.spec.ts:4:7 protects against XSS attacks" type="FAILURE">
<![CDATA[  [Mobile Safari] › tests/06-security.spec.ts:4:7 › Security Tests - OWASP Top 10 › protects against XSS attacks 

    Error: browserType.launch: Executable doesn't exist at /home/beano/.cache/ms-playwright/webkit-2203/pw_run.sh
    ╔═════════════════════════════════════════════════════════════════════════╗
    ║ Looks like Playwright Test or Playwright was just installed or updated. ║
    ║ Please run the following command to download new browsers:              ║
    ║                                                                         ║
    ║     npx playwright install                                              ║
    ║                                                                         ║
    ║ <3 Playwright Team                                                      ║
    ╚═════════════════════════════════════════════════════════════════════════╝
]]>
</failure>
</testcase>
<testcase name="Security Tests - OWASP Top 10 › prevents SQL injection attempts" classname="tests/06-security.spec.ts" time="0.002">
<failure message="06-security.spec.ts:35:7 prevents SQL injection attempts" type="FAILURE">
<![CDATA[  [Mobile Safari] › tests/06-security.spec.ts:35:7 › Security Tests - OWASP Top 10 › prevents SQL injection attempts 

    Error: browserType.launch: Executable doesn't exist at /home/beano/.cache/ms-playwright/webkit-2203/pw_run.sh
    ╔═════════════════════════════════════════════════════════════════════════╗
    ║ Looks like Playwright Test or Playwright was just installed or updated. ║
    ║ Please run the following command to download new browsers:              ║
    ║                                                                         ║
    ║     npx playwright install                                              ║
    ║                                                                         ║
    ║ <3 Playwright Team                                                      ║
    ╚═════════════════════════════════════════════════════════════════════════╝
]]>
</failure>
</testcase>
<testcase name="Security Tests - OWASP Top 10 › implements proper authentication" classname="tests/06-security.spec.ts" time="0.001">
<failure message="06-security.spec.ts:60:7 implements proper authentication" type="FAILURE">
<![CDATA[  [Mobile Safari] › tests/06-security.spec.ts:60:7 › Security Tests - OWASP Top 10 › implements proper authentication 

    Error: browserType.launch: Executable doesn't exist at /home/beano/.cache/ms-playwright/webkit-2203/pw_run.sh
    ╔═════════════════════════════════════════════════════════════════════════╗
    ║ Looks like Playwright Test or Playwright was just installed or updated. ║
    ║ Please run the following command to download new browsers:              ║
    ║                                                                         ║
    ║     npx playwright install                                              ║
    ║                                                                         ║
    ║ <3 Playwright Team                                                      ║
    ╚═════════════════════════════════════════════════════════════════════════╝
]]>
</failure>
</testcase>
<testcase name="Security Tests - OWASP Top 10 › implements CSRF protection" classname="tests/06-security.spec.ts" time="0.002">
<failure message="06-security.spec.ts:84:7 implements CSRF protection" type="FAILURE">
<![CDATA[  [Mobile Safari] › tests/06-security.spec.ts:84:7 › Security Tests - OWASP Top 10 › implements CSRF protection 

    Error: browserType.launch: Executable doesn't exist at /home/beano/.cache/ms-playwright/webkit-2203/pw_run.sh
    ╔═════════════════════════════════════════════════════════════════════════╗
    ║ Looks like Playwright Test or Playwright was just installed or updated. ║
    ║ Please run the following command to download new browsers:              ║
    ║                                                                         ║
    ║     npx playwright install                                              ║
    ║                                                                         ║
    ║ <3 Playwright Team                                                      ║
    ╚═════════════════════════════════════════════════════════════════════════╝
]]>
</failure>
</testcase>
<testcase name="Security Tests - OWASP Top 10 › enforces secure headers" classname="tests/06-security.spec.ts" time="0.001">
<failure message="06-security.spec.ts:106:7 enforces secure headers" type="FAILURE">
<![CDATA[  [Mobile Safari] › tests/06-security.spec.ts:106:7 › Security Tests - OWASP Top 10 › enforces secure headers 

    Error: browserType.launch: Executable doesn't exist at /home/beano/.cache/ms-playwright/webkit-2203/pw_run.sh
    ╔═════════════════════════════════════════════════════════════════════════╗
    ║ Looks like Playwright Test or Playwright was just installed or updated. ║
    ║ Please run the following command to download new browsers:              ║
    ║                                                                         ║
    ║     npx playwright install                                              ║
    ║                                                                         ║
    ║ <3 Playwright Team                                                      ║
    ╚═════════════════════════════════════════════════════════════════════════╝
]]>
</failure>
</testcase>
<testcase name="Security Tests - OWASP Top 10 › rate limiting is implemented" classname="tests/06-security.spec.ts" time="0.003">
<failure message="06-security.spec.ts:139:7 rate limiting is implemented" type="FAILURE">
<![CDATA[  [Mobile Safari] › tests/06-security.spec.ts:139:7 › Security Tests - OWASP Top 10 › rate limiting is implemented 

    Error: browserType.launch: Executable doesn't exist at /home/beano/.cache/ms-playwright/webkit-2203/pw_run.sh
    ╔═════════════════════════════════════════════════════════════════════════╗
    ║ Looks like Playwright Test or Playwright was just installed or updated. ║
    ║ Please run the following command to download new browsers:              ║
    ║                                                                         ║
    ║     npx playwright install                                              ║
    ║                                                                         ║
    ║ <3 Playwright Team                                                      ║
    ╚═════════════════════════════════════════════════════════════════════════╝
]]>
</failure>
</testcase>
<testcase name="Security Tests - OWASP Top 10 › sensitive data is not exposed in responses" classname="tests/06-security.spec.ts" time="0.001">
<failure message="06-security.spec.ts:167:7 sensitive data is not exposed in responses" type="FAILURE">
<![CDATA[  [Mobile Safari] › tests/06-security.spec.ts:167:7 › Security Tests - OWASP Top 10 › sensitive data is not exposed in responses 

    Error: browserType.launch: Executable doesn't exist at /home/beano/.cache/ms-playwright/webkit-2203/pw_run.sh
    ╔═════════════════════════════════════════════════════════════════════════╗
    ║ Looks like Playwright Test or Playwright was just installed or updated. ║
    ║ Please run the following command to download new browsers:              ║
    ║                                                                         ║
    ║     npx playwright install                                              ║
    ║                                                                         ║
    ║ <3 Playwright Team                                                      ║
    ╚═════════════════════════════════════════════════════════════════════════╝
]]>
</failure>
</testcase>
<testcase name="Security Tests - OWASP Top 10 › implements secure password requirements" classname="tests/06-security.spec.ts" time="0.002">
<failure message="06-security.spec.ts:206:7 implements secure password requirements" type="FAILURE">
<![CDATA[  [Mobile Safari] › tests/06-security.spec.ts:206:7 › Security Tests - OWASP Top 10 › implements secure password requirements 

    Error: browserType.launch: Executable doesn't exist at /home/beano/.cache/ms-playwright/webkit-2203/pw_run.sh
    ╔═════════════════════════════════════════════════════════════════════════╗
    ║ Looks like Playwright Test or Playwright was just installed or updated. ║
    ║ Please run the following command to download new browsers:              ║
    ║                                                                         ║
    ║     npx playwright install                                              ║
    ║                                                                         ║
    ║ <3 Playwright Team                                                      ║
    ╚═════════════════════════════════════════════════════════════════════════╝
]]>
</failure>
</testcase>
<testcase name="Security Tests - OWASP Top 10 › prevents path traversal attacks" classname="tests/06-security.spec.ts" time="0.001">
<failure message="06-security.spec.ts:234:7 prevents path traversal attacks" type="FAILURE">
<![CDATA[  [Mobile Safari] › tests/06-security.spec.ts:234:7 › Security Tests - OWASP Top 10 › prevents path traversal attacks 

    Error: browserType.launch: Executable doesn't exist at /home/beano/.cache/ms-playwright/webkit-2203/pw_run.sh
    ╔═════════════════════════════════════════════════════════════════════════╗
    ║ Looks like Playwright Test or Playwright was just installed or updated. ║
    ║ Please run the following command to download new browsers:              ║
    ║                                                                         ║
    ║     npx playwright install                                              ║
    ║                                                                         ║
    ║ <3 Playwright Team                                                      ║
    ╚═════════════════════════════════════════════════════════════════════════╝
]]>
</failure>
</testcase>
<testcase name="Security Tests - OWASP Top 10 › validates and sanitizes all inputs" classname="tests/06-security.spec.ts" time="0.003">
<failure message="06-security.spec.ts:255:7 validates and sanitizes all inputs" type="FAILURE">
<![CDATA[  [Mobile Safari] › tests/06-security.spec.ts:255:7 › Security Tests - OWASP Top 10 › validates and sanitizes all inputs 

    Error: browserType.launch: Executable doesn't exist at /home/beano/.cache/ms-playwright/webkit-2203/pw_run.sh
    ╔═════════════════════════════════════════════════════════════════════════╗
    ║ Looks like Playwright Test or Playwright was just installed or updated. ║
    ║ Please run the following command to download new browsers:              ║
    ║                                                                         ║
    ║     npx playwright install                                              ║
    ║                                                                         ║
    ║ <3 Playwright Team                                                      ║
    ╚═════════════════════════════════════════════════════════════════════════╝
]]>
</failure>
</testcase>
<testcase name="Security Tests - OWASP Top 10 › implements secure session management" classname="tests/06-security.spec.ts" time="0.003">
<failure message="06-security.spec.ts:286:7 implements secure session management" type="FAILURE">
<![CDATA[  [Mobile Safari] › tests/06-security.spec.ts:286:7 › Security Tests - OWASP Top 10 › implements secure session management 

    Error: browserType.launch: Executable doesn't exist at /home/beano/.cache/ms-playwright/webkit-2203/pw_run.sh
    ╔═════════════════════════════════════════════════════════════════════════╗
    ║ Looks like Playwright Test or Playwright was just installed or updated. ║
    ║ Please run the following command to download new browsers:              ║
    ║                                                                         ║
    ║     npx playwright install                                              ║
    ║                                                                         ║
    ║ <3 Playwright Team                                                      ║
    ╚═════════════════════════════════════════════════════════════════════════╝
]]>
</failure>
</testcase>
</testsuite>
<testsuite name="tests/07-integration.spec.ts" timestamp="2025-09-10T19:16:53.435Z" hostname="Mobile Safari" tests="6" failures="6" skipped="0" time="0.01" errors="0">
<testcase name="Full System Integration Tests › complete user journey from signup to premium" classname="tests/07-integration.spec.ts" time="0.002">
<failure message="07-integration.spec.ts:4:7 complete user journey from signup to premium" type="FAILURE">
<![CDATA[  [Mobile Safari] › tests/07-integration.spec.ts:4:7 › Full System Integration Tests › complete user journey from signup to premium 

    Error: browserType.launch: Executable doesn't exist at /home/beano/.cache/ms-playwright/webkit-2203/pw_run.sh
    ╔═════════════════════════════════════════════════════════════════════════╗
    ║ Looks like Playwright Test or Playwright was just installed or updated. ║
    ║ Please run the following command to download new browsers:              ║
    ║                                                                         ║
    ║     npx playwright install                                              ║
    ║                                                                         ║
    ║ <3 Playwright Team                                                      ║
    ╚═════════════════════════════════════════════════════════════════════════╝
]]>
</failure>
</testcase>
<testcase name="Full System Integration Tests › API and frontend synchronization" classname="tests/07-integration.spec.ts" time="0.001">
<failure message="07-integration.spec.ts:97:7 API and frontend synchronization" type="FAILURE">
<![CDATA[  [Mobile Safari] › tests/07-integration.spec.ts:97:7 › Full System Integration Tests › API and frontend synchronization 

    Error: browserType.launch: Executable doesn't exist at /home/beano/.cache/ms-playwright/webkit-2203/pw_run.sh
    ╔═════════════════════════════════════════════════════════════════════════╗
    ║ Looks like Playwright Test or Playwright was just installed or updated. ║
    ║ Please run the following command to download new browsers:              ║
    ║                                                                         ║
    ║     npx playwright install                                              ║
    ║                                                                         ║
    ║ <3 Playwright Team                                                      ║
    ╚═════════════════════════════════════════════════════════════════════════╝
]]>
</failure>
</testcase>
<testcase name="Full System Integration Tests › error recovery and resilience" classname="tests/07-integration.spec.ts" time="0.002">
<failure message="07-integration.spec.ts:140:7 error recovery and resilience" type="FAILURE">
<![CDATA[  [Mobile Safari] › tests/07-integration.spec.ts:140:7 › Full System Integration Tests › error recovery and resilience 

    Error: browserType.launch: Executable doesn't exist at /home/beano/.cache/ms-playwright/webkit-2203/pw_run.sh
    ╔═════════════════════════════════════════════════════════════════════════╗
    ║ Looks like Playwright Test or Playwright was just installed or updated. ║
    ║ Please run the following command to download new browsers:              ║
    ║                                                                         ║
    ║     npx playwright install                                              ║
    ║                                                                         ║
    ║ <3 Playwright Team                                                      ║
    ╚═════════════════════════════════════════════════════════════════════════╝
]]>
</failure>
</testcase>
<testcase name="Full System Integration Tests › data migration and backward compatibility" classname="tests/07-integration.spec.ts" time="0.001">
<failure message="07-integration.spec.ts:185:7 data migration and backward compatibility" type="FAILURE">
<![CDATA[  [Mobile Safari] › tests/07-integration.spec.ts:185:7 › Full System Integration Tests › data migration and backward compatibility 

    Error: browserType.launch: Executable doesn't exist at /home/beano/.cache/ms-playwright/webkit-2203/pw_run.sh
    ╔═════════════════════════════════════════════════════════════════════════╗
    ║ Looks like Playwright Test or Playwright was just installed or updated. ║
    ║ Please run the following command to download new browsers:              ║
    ║                                                                         ║
    ║     npx playwright install                                              ║
    ║                                                                         ║
    ║ <3 Playwright Team                                                      ║
    ╚═════════════════════════════════════════════════════════════════════════╝
]]>
</failure>
</testcase>
<testcase name="Full System Integration Tests › performance under load" classname="tests/07-integration.spec.ts" time="0.001">
<failure message="07-integration.spec.ts:212:7 performance under load" type="FAILURE">
<![CDATA[  [Mobile Safari] › tests/07-integration.spec.ts:212:7 › Full System Integration Tests › performance under load 

    Error: browserType.launch: Executable doesn't exist at /home/beano/.cache/ms-playwright/webkit-2203/pw_run.sh
    ╔═════════════════════════════════════════════════════════════════════════╗
    ║ Looks like Playwright Test or Playwright was just installed or updated. ║
    ║ Please run the following command to download new browsers:              ║
    ║                                                                         ║
    ║     npx playwright install                                              ║
    ║                                                                         ║
    ║ <3 Playwright Team                                                      ║
    ╚═════════════════════════════════════════════════════════════════════════╝
]]>
</failure>
</testcase>
<testcase name="Full System Integration Tests › cross-feature integration" classname="tests/07-integration.spec.ts" time="0.003">
<failure message="07-integration.spec.ts:248:7 cross-feature integration" type="FAILURE">
<![CDATA[  [Mobile Safari] › tests/07-integration.spec.ts:248:7 › Full System Integration Tests › cross-feature integration 

    Error: browserType.launch: Executable doesn't exist at /home/beano/.cache/ms-playwright/webkit-2203/pw_run.sh
    ╔═════════════════════════════════════════════════════════════════════════╗
    ║ Looks like Playwright Test or Playwright was just installed or updated. ║
    ║ Please run the following command to download new browsers:              ║
    ║                                                                         ║
    ║     npx playwright install                                              ║
    ║                                                                         ║
    ║ <3 Playwright Team                                                      ║
    ╚═════════════════════════════════════════════════════════════════════════╝
]]>
</failure>
</testcase>
</testsuite>
<testsuite name="tests/08-performance.spec.ts" timestamp="2025-09-10T19:16:53.435Z" hostname="Mobile Safari" tests="8" failures="8" skipped="0" time="0.011" errors="0">
<testcase name="Performance Regression Tests › page load performance metrics" classname="tests/08-performance.spec.ts" time="0.001">
<failure message="08-performance.spec.ts:4:7 page load performance metrics" type="FAILURE">
<![CDATA[  [Mobile Safari] › tests/08-performance.spec.ts:4:7 › Performance Regression Tests › page load performance metrics 

    Error: browserType.launch: Executable doesn't exist at /home/beano/.cache/ms-playwright/webkit-2203/pw_run.sh
    ╔═════════════════════════════════════════════════════════════════════════╗
    ║ Looks like Playwright Test or Playwright was just installed or updated. ║
    ║ Please run the following command to download new browsers:              ║
    ║                                                                         ║
    ║     npx playwright install                                              ║
    ║                                                                         ║
    ║ <3 Playwright Team                                                      ║
    ╚═════════════════════════════════════════════════════════════════════════╝
]]>
</failure>
</testcase>
<testcase name="Performance Regression Tests › API response time performance" classname="tests/08-performance.spec.ts" time="0.003">
<failure message="08-performance.spec.ts:25:7 API response time performance" type="FAILURE">
<![CDATA[  [Mobile Safari] › tests/08-performance.spec.ts:25:7 › Performance Regression Tests › API response time performance 

    Error: browserType.launch: Executable doesn't exist at /home/beano/.cache/ms-playwright/webkit-2203/pw_run.sh
    ╔═════════════════════════════════════════════════════════════════════════╗
    ║ Looks like Playwright Test or Playwright was just installed or updated. ║
    ║ Please run the following command to download new browsers:              ║
    ║                                                                         ║
    ║     npx playwright install                                              ║
    ║                                                                         ║
    ║ <3 Playwright Team                                                      ║
    ╚═════════════════════════════════════════════════════════════════════════╝
]]>
</failure>
</testcase>
<testcase name="Performance Regression Tests › review session performance" classname="tests/08-performance.spec.ts" time="0.001">
<failure message="08-performance.spec.ts:53:7 review session performance" type="FAILURE">
<![CDATA[  [Mobile Safari] › tests/08-performance.spec.ts:53:7 › Performance Regression Tests › review session performance 

    Error: browserType.launch: Executable doesn't exist at /home/beano/.cache/ms-playwright/webkit-2203/pw_run.sh
    ╔═════════════════════════════════════════════════════════════════════════╗
    ║ Looks like Playwright Test or Playwright was just installed or updated. ║
    ║ Please run the following command to download new browsers:              ║
    ║                                                                         ║
    ║     npx playwright install                                              ║
    ║                                                                         ║
    ║ <3 Playwright Team                                                      ║
    ╚═════════════════════════════════════════════════════════════════════════╝
]]>
</failure>
</testcase>
<testcase name="Performance Regression Tests › memory usage remains stable" classname="tests/08-performance.spec.ts" time="0.002">
<failure message="08-performance.spec.ts:94:7 memory usage remains stable" type="FAILURE">
<![CDATA[  [Mobile Safari] › tests/08-performance.spec.ts:94:7 › Performance Regression Tests › memory usage remains stable 

    Error: browserType.launch: Executable doesn't exist at /home/beano/.cache/ms-playwright/webkit-2203/pw_run.sh
    ╔═════════════════════════════════════════════════════════════════════════╗
    ║ Looks like Playwright Test or Playwright was just installed or updated. ║
    ║ Please run the following command to download new browsers:              ║
    ║                                                                         ║
    ║     npx playwright install                                              ║
    ║                                                                         ║
    ║ <3 Playwright Team                                                      ║
    ╚═════════════════════════════════════════════════════════════════════════╝
]]>
</failure>
</testcase>
<testcase name="Performance Regression Tests › bundle size and resource loading" classname="tests/08-performance.spec.ts" time="0.001">
<failure message="08-performance.spec.ts:144:7 bundle size and resource loading" type="FAILURE">
<![CDATA[  [Mobile Safari] › tests/08-performance.spec.ts:144:7 › Performance Regression Tests › bundle size and resource loading 

    Error: browserType.launch: Executable doesn't exist at /home/beano/.cache/ms-playwright/webkit-2203/pw_run.sh
    ╔═════════════════════════════════════════════════════════════════════════╗
    ║ Looks like Playwright Test or Playwright was just installed or updated. ║
    ║ Please run the following command to download new browsers:              ║
    ║                                                                         ║
    ║     npx playwright install                                              ║
    ║                                                                         ║
    ║ <3 Playwright Team                                                      ║
    ╚═════════════════════════════════════════════════════════════════════════╝
]]>
</failure>
</testcase>
<testcase name="Performance Regression Tests › database query performance" classname="tests/08-performance.spec.ts" time="0.001">
<failure message="08-performance.spec.ts:178:7 database query performance" type="FAILURE">
<![CDATA[  [Mobile Safari] › tests/08-performance.spec.ts:178:7 › Performance Regression Tests › database query performance 

    Error: browserType.launch: Executable doesn't exist at /home/beano/.cache/ms-playwright/webkit-2203/pw_run.sh
    ╔═════════════════════════════════════════════════════════════════════════╗
    ║ Looks like Playwright Test or Playwright was just installed or updated. ║
    ║ Please run the following command to download new browsers:              ║
    ║                                                                         ║
    ║     npx playwright install                                              ║
    ║                                                                         ║
    ║ <3 Playwright Team                                                      ║
    ╚═════════════════════════════════════════════════════════════════════════╝
]]>
</failure>
</testcase>
<testcase name="Performance Regression Tests › concurrent user load simulation" classname="tests/08-performance.spec.ts" time="0.001">
<failure message="08-performance.spec.ts:225:7 concurrent user load simulation" type="FAILURE">
<![CDATA[  [Mobile Safari] › tests/08-performance.spec.ts:225:7 › Performance Regression Tests › concurrent user load simulation 

    Error: browserType.launch: Executable doesn't exist at /home/beano/.cache/ms-playwright/webkit-2203/pw_run.sh
    ╔═════════════════════════════════════════════════════════════════════════╗
    ║ Looks like Playwright Test or Playwright was just installed or updated. ║
    ║ Please run the following command to download new browsers:              ║
    ║                                                                         ║
    ║     npx playwright install                                              ║
    ║                                                                         ║
    ║ <3 Playwright Team                                                      ║
    ╚═════════════════════════════════════════════════════════════════════════╝
]]>
</failure>
</testcase>
<testcase name="Performance Regression Tests › cache effectiveness" classname="tests/08-performance.spec.ts" time="0.001">
<failure message="08-performance.spec.ts:276:7 cache effectiveness" type="FAILURE">
<![CDATA[  [Mobile Safari] › tests/08-performance.spec.ts:276:7 › Performance Regression Tests › cache effectiveness 

    Error: browserType.launch: Executable doesn't exist at /home/beano/.cache/ms-playwright/webkit-2203/pw_run.sh
    ╔═════════════════════════════════════════════════════════════════════════╗
    ║ Looks like Playwright Test or Playwright was just installed or updated. ║
    ║ Please run the following command to download new browsers:              ║
    ║                                                                         ║
    ║     npx playwright install                                              ║
    ║                                                                         ║
    ║ <3 Playwright Team                                                      ║
    ╚═════════════════════════════════════════════════════════════════════════╝
]]>
</failure>
</testcase>
</testsuite>
</testsuites>